2023-10-13 17:39:14,110 [INFO] MainUpdater:2868 - connection check result : 10
2023-10-13 17:39:14,125 [INFO] McuFinderGlobals:76 - Set McuFinderConnectedMode to true
2023-10-13 17:39:14,652 [INFO] ServerAccessManage:473 - Download File mcusAds.json._tmp_
2023-10-13 17:39:14,791 [INFO] LoadUrlFilesThread:156 - End of LoadUrlFiles Thread
2023-10-13 17:39:14,975 [INFO] ServerAccessManage:473 - Download File cube-finder-db.zip
2023-10-13 17:39:25,902 [INFO] FileExtend:240 - Unzip File : cube-finder-db.zip
2023-10-13 17:39:25,903 [INFO] FileExtend:255 - Standard Zip Deflate
2023-10-13 17:39:26,996 [INFO] LoadUrlFilesThread:156 - End of LoadUrlFiles Thread
2023-10-13 17:39:27,568 [INFO] ServerAccessManage:473 - Download File crdb.zip
2023-10-13 17:39:28,002 [INFO] FileExtend:240 - Unzip File : crdb.zip
2023-10-13 17:39:28,003 [INFO] FileExtend:255 - Standard Zip Deflate
2023-10-13 17:39:28,139 [INFO] LoadUrlFilesThread:156 - End of LoadUrlFiles Thread
2023-10-13 17:39:28,257 [INFO] ServerAccessManage:473 - Download File tutoVideoDB.zip
2023-10-13 17:39:28,309 [INFO] FileExtend:240 - Unzip File : tutoVideoDB.zip
2023-10-13 17:39:28,310 [INFO] FileExtend:255 - Standard Zip Deflate
2023-10-13 17:39:28,439 [INFO] LoadUrlFilesThread:156 - End of LoadUrlFiles Thread
2023-10-13 17:39:28,442 [WARN] DbFile:41 - Overriding database path with different value: C:\Users\e0162112\.stmcufinder\plugins\mcufinder/ => C:\Users\e0162112\.stmcufinder\plugins\mcufinder
2023-10-13 17:39:28,629 [INFO] ServerAccessManage:473 - Download File api_config.json
2023-10-13 17:39:28,758 [INFO] LoadUrlFilesThread:156 - End of LoadUrlFiles Thread
2023-10-13 17:39:28,760 [INFO] DbMcusAds:53 - JSON generation date=Tue Mar 07 10:50:55 EET 2023 (1678179055335)
2023-10-13 17:39:28,774 [INFO] ApiDb:448 - Save user favorites file C:\Users\e0162112/.stm32cubeide/favorites.mcus.txt: 0 item(s)
2023-10-13 17:39:28,775 [INFO] ApiDb:452 - User favorites MCUs=[]
2023-10-13 17:39:28,807 [INFO] ApiDb:581 - Connected to CubeFinder SQLite database (C:\Users\e0162112\.stmcufinder\plugins\mcufinder\mcu\cube-finder-db.db)
2023-10-13 17:39:28,854 [INFO] ApiDb:668 - CubeFinder database Data Model version=2.1
2023-10-13 17:39:28,854 [INFO] ApiDb:669 - CubeFinder database Configuration version=3.0.37
2023-10-13 17:39:28,854 [INFO] ApiDb:670 - CubeFinder database generation date=2023-08-09 (1691586011)
2023-10-13 17:39:28,854 [INFO] ApiDb:671 - CubeFinder database FW Pack versions=[FP-ATR-ASTRA1_V2.0.0, FP-SNS-FLIGHT1_V5.0.1, FP-SNS-FLIGHT1_V5.0.2, FP-SNS-MOTENV1_V4.3.1, FP-SNS-MOTENV1_V4.3.2, STM32Cube_FW_C0_V1.1.0, STM32Cube_FW_F4_V1.27.1, STM32Cube_FW_F7_V1.17.0, STM32Cube_FW_G0_V1.6.1, STM32Cube_FW_G4_V1.5.1, STM32Cube_FW_H5_V0.5.1, STM32Cube_FW_H5_V1.1.0, STM32Cube_FW_H7_V1.11.0, STM32Cube_FW_L0_V1.12.2, STM32Cube_FW_L5_V1.5.0, STM32Cube_FW_U5_V1.3.0, STM32Cube_FW_U5_V1.3.0RC4, STM32Cube_FW_WBA_V1.0.0RC1, STM32Cube_FW_WBA_V1.1.0, STM32Cube_FW_WBA_V1.1.0RC1, STM32Cube_FW_WB_V1.15.0RC1, STM32Cube_FW_WB_V1.16.0, STM32Cube_FW_WB_V1.16.0RC2, STM32Cube_FW_WB_V1.17.0, STM32Cube_FW_WL_V1.3.0, X-CUBE-ALGOBUILD_V1.3.0, X-CUBE-ALS_V1.0.1, X-CUBE-AZRTOS-F4_V1.1.0, X-CUBE-AZRTOS-F7_V1.1.0, X-CUBE-AZRTOS-G0_V1.1.0, X-CUBE-AZRTOS-G4_V2.0.0, X-CUBE-AZRTOS-H7_V3.1.0, X-CUBE-AZRTOS-L4_V1.0.0, X-CUBE-AZRTOS-L4_V2.0.0, X-CUBE-AZRTOS-L5_V1.1.0, X-CUBE-AZRTOS-WB_V1.1.0, X-CUBE-AZRTOS-WL_V2.0.0, X-CUBE-BLE1_V7.0.0, X-CUBE-BLE2_V3.3.0, X-CUBE-BLEMGR_V2.0.0, X-CUBE-EEPRMA1_V4.1.0, X-CUBE-FREERTOS_V1.1.0, X-CUBE-GNSS1_V6.0.0, X-CUBE-MEMS1_V9.1.0, X-CUBE-MEMS1_V9.4.0, X-CUBE-MEMS1_V9.6.0, X-CUBE-NFC4_V3.0.0, X-CUBE-NFC7_V1.0.0, X-CUBE-SFXS2LP1_V4.0.0, X-CUBE-SUBG2_V5.0.0, X-CUBE-TOF1_V3.3.1]
2023-10-13 17:39:30,156 [INFO] ApiDb:240 - Found 323 in-development CPN: [B-G473E-ZEST1S, B-WB1M-WPAN1, B-WL5M-SUBG1, NUCLEO-C031C6, NUCLEO-H503RB, NUCLEO-H563ZI, NUCLEO-U545RE-Q, NUCLEO-U5A5ZJ-Q, NUCLEO-WBA52CG, STEVAL-PROTEUS1, STEVAL-SMARTAG2, STEVAL-STWINBX1, STM320518-EVAL, STM32C0116-DK, STM32C011D6Y3TR, STM32C011D6Y6TR, STM32C011F4P3, STM32C011F4P6, STM32C011F4U3, STM32C011F4U6TR, STM32C011F6P3, STM32C011F6P6, STM32C011F6U3, STM32C011F6U6TR, STM32C011J4M3, STM32C011J4M6, STM32C011J6M3, STM32C011J6M6, STM32C0316-DK, STM32C031C4T3, STM32C031C4T6, STM32C031C4U3, STM32C031C4U6, STM32C031C6T3, STM32C031C6T6, STM32C031C6U3, STM32C031C6U6, STM32C031F4P3, STM32C031F4P6, STM32C031F6P3, STM32C031F6P6, STM32C031G4U3, STM32C031G4U6, STM32C031G6U3, STM32C031G6U6, STM32C031K4T3, STM32C031K4T6, STM32C031K4U3, STM32C031K4U6, STM32C031K6T3, STM32C031K6T6, STM32C031K6U3, STM32C031K6U6, STM32G071K8TXN, STM32G071K8UXN, STM32G081GBU6N, STM32G081KBT6N, STM32G081KBUXN, STM32G0B1CCT6N, STM32G0B1KCT6, STM32G0B1NEY6TR, STM32G0B1RCT6N, STM32G0C1CCT6, STM32G0C1CCT6N, STM32G0C1CCU6N, STM32G0C1CET6N, STM32G0C1CEU6N, STM32G0C1KCT6, STM32G0C1NEY6TR, STM32G0C1RCI6N, STM32G0C1RCT6N, STM32G0C1REI6N, STM32G0C1RET6N, STM32G0C1VCI6, STM32G0C1VEI6, STM32G471CCT6, STM32G471CCU6, STM32G471CET3, STM32G471CET6, STM32G471CEU3, STM32G471CEU6, STM32G471MCT6, STM32G471MET3, STM32G471MET6, STM32G471MEY6TR, STM32G471QCT6, STM32G471QET3, STM32G471RCT6, STM32G471RET3, STM32G471RET6, STM32G471VCH6, STM32G471VCI6, STM32G471VCT6, STM32G471VEH3, STM32G471VEH6, STM32G471VEI3, STM32G471VEI6, STM32G471VET3, STM32G471VET6, STM32G474CCT6, STM32H503CBT6, STM32H503CBU6, STM32H503EBY6TR, STM32H503KBU6, STM32H503RBT6, STM32H562AGI6, STM32H562AII6, STM32H562IGK6, STM32H562IGT6, STM32H562IIK6, STM32H562IIT6, STM32H562RGT6, STM32H562RGV6, STM32H562RIT6, STM32H562RIV6, STM32H562VGT6, STM32H562VIT6, STM32H562ZGT6, STM32H562ZIT6, STM32H563AGI6, STM32H563AII3Q, STM32H563AII6, STM32H563IGK6, STM32H563IGT6, STM32H563IIK3Q, STM32H563IIK6, STM32H563IIT3Q, STM32H563IIT6, STM32H563MIY3QTR, STM32H563RGT6, STM32H563RGV6, STM32H563RIT6, STM32H563RIV6, STM32H563VGT6, STM32H563VIT3Q, STM32H563VIT6, STM32H563ZGT6, STM32H563ZIT3Q, STM32H563ZIT6, STM32H573AII3Q, STM32H573AII6, STM32H573I-DK, STM32H573IIK3Q, STM32H573IIK6, STM32H573IIT3Q, STM32H573IIT6, STM32H573MIY3QTR, STM32H573RIT6, STM32H573RIV6, STM32H573VIT3Q, STM32H573VIT6, STM32H573ZIT3Q, STM32H573ZIT6, STM32L4R5QGI6STR, STM32MP131AAE3, STM32MP131AAF3, STM32MP131AAG3, STM32MP131CAE3, STM32MP131CAF3, STM32MP131CAG3, STM32MP131DAE7, STM32MP131DAF7, STM32MP131DAG7, STM32MP131FAE7, STM32MP131FAF7, STM32MP131FAG7, STM32MP133AAE3, STM32MP133AAF3, STM32MP133AAG3, STM32MP133CAE3, STM32MP133CAF3, STM32MP133CAG3, STM32MP133DAE7, STM32MP133DAF7, STM32MP133DAG7, STM32MP133FAE7, STM32MP133FAF7, STM32MP133FAG7, STM32MP135AAE3, STM32MP135AAF3, STM32MP135AAG3, STM32MP135CAE3, STM32MP135CAF3, STM32MP135CAG3, STM32MP135DAE7, STM32MP135DAF7, STM32MP135DAG7, STM32MP135F-DK, STM32MP135FAE7, STM32MP135FAF7, STM32MP135FAF7T, STM32MP135FAF7U, STM32MP135FAG7, STM32U535CBT6, STM32U535CBT6Q, STM32U535CBU6, STM32U535CBU6Q, STM32U535CCT6, STM32U535CCT6Q, STM32U535CCU6, STM32U535CCU6Q, STM32U535CET6, STM32U535CET6Q, STM32U535CEU6, STM32U535CEU6Q, STM32U535JEY6QTR, STM32U535NCY6QTR, STM32U535NEY6QTR, STM32U535RBI6, STM32U535RBI6Q, STM32U535RBT6, STM32U535RBT6Q, STM32U535RCI6, STM32U535RCI6Q, STM32U535RCT6, STM32U535RCT6Q, STM32U535REI6, STM32U535REI6Q, STM32U535RET6, STM32U535RET6Q, STM32U535VCI6, STM32U535VCI6Q, STM32U535VCT6, STM32U535VCT6Q, STM32U535VEI6, STM32U535VEI6Q, STM32U535VET6, STM32U535VET6Q, STM32U545CET6, STM32U545CET6Q, STM32U545CEU6, STM32U545CEU6Q, STM32U545JEY6QTR, STM32U545NEY6QTR, STM32U545REI6, STM32U545REI6Q, STM32U545RET6, STM32U545RET6Q, STM32U545VEI6, STM32U545VEI6Q, STM32U545VET6, STM32U545VET6Q, STM32U595AIH6, STM32U595AIH6Q, STM32U595AJH6, STM32U595AJH6Q, STM32U595QII6, STM32U595QII6Q, STM32U595QJI6, STM32U595QJI6Q, STM32U595RIT6, STM32U595RIT6Q, STM32U595RJT6, STM32U595RJT6Q, STM32U595VIT6, STM32U595VIT6Q, STM32U595VJT6, STM32U595VJT6Q, STM32U595ZIT6, STM32U595ZIT6Q, STM32U595ZIY6QTR, STM32U595ZJT6, STM32U595ZJT6Q, STM32U595ZJY6QTR, STM32U599BJY6QTR, STM32U599NIH6Q, STM32U599NJH6Q, STM32U599VIT6Q, STM32U599VJT6, STM32U599VJT6Q, STM32U599ZIT6Q, STM32U599ZIY6QTR, STM32U599ZJT6Q, STM32U599ZJY6QTR, STM32U5A5AJH6, STM32U5A5AJH6Q, STM32U5A5QJI6, STM32U5A5QJI6Q, STM32U5A5RJT6, STM32U5A5RJT6Q, STM32U5A5VJT6, STM32U5A5VJT6Q, STM32U5A5ZJT6, STM32U5A5ZJT6Q, STM32U5A5ZJY6QTR, STM32U5A9BJY6QTR, STM32U5A9J-DK, STM32U5A9NJH6Q, STM32U5A9VJT6Q, STM32U5A9ZJT6Q, STM32U5A9ZJY6QTR, STM32U5F7VIT6, STM32U5F7VIT6Q, STM32U5F7VJT6, STM32U5F7VJT6Q, STM32U5F9BJY6QTR, STM32U5F9NJH6Q, STM32U5F9VIT6Q, STM32U5F9VJT6Q, STM32U5F9ZIJ6QTR, STM32U5F9ZIT6Q, STM32U5F9ZJJ6QTR, STM32U5F9ZJT6Q, STM32U5G7VJT6, STM32U5G7VJT6Q, STM32U5G9BJY6QTR, STM32U5G9J-DK1, STM32U5G9J-DK2, STM32U5G9NJH6Q, STM32U5G9VJT6Q, STM32U5G9ZJJ6QTR, STM32U5G9ZJT6Q, STM32WB1MMCH6, STM32WBA52CEU6, STM32WBA52CEU6T, STM32WBA52CGU6, STM32WBA52CGU6T, STM32WBA52KEU6, STM32WBA52KEU6T, STM32WBA52KGU6, STM32WBA52KGU6T, STM32WL5MOCH6, STM32WL5MOCH6TR]
2023-10-13 17:39:30,158 [INFO] DbMcus:217 - Found 3848 MCUs, 3848 are supported
2023-10-13 17:39:30,159 [INFO] ApiDb:423 - Load user favorites file C:\Users\e0162112/.stm32cubeide/favorites.mcus.txt: 0 item(s)
2023-10-13 17:39:30,159 [INFO] ApiDb:427 - User favorites MCUs=[]
2023-10-13 17:39:30,159 [INFO] DbMcus:223 - Set 0 / 0 favorites MCUs
2023-10-13 17:39:30,359 [INFO] LoadUrlFilesThread:185 - End of LoadServerUrlFiles without Thread
2023-10-13 17:39:30,359 [INFO] TargetSelectorAdapter:259 - Refresh data is successful
2023-10-13 17:39:30,363 [INFO] ApiDb:668 - CubeFinder database Data Model version=2.1
2023-10-13 17:39:30,364 [INFO] ApiDb:669 - CubeFinder database Configuration version=3.0.37
2023-10-13 17:39:30,364 [INFO] ApiDb:670 - CubeFinder database generation date=2023-08-09 (1691586011)
2023-10-13 17:39:30,364 [INFO] ApiDb:671 - CubeFinder database FW Pack versions=[FP-ATR-ASTRA1_V2.0.0, FP-SNS-FLIGHT1_V5.0.1, FP-SNS-FLIGHT1_V5.0.2, FP-SNS-MOTENV1_V4.3.1, FP-SNS-MOTENV1_V4.3.2, STM32Cube_FW_C0_V1.1.0, STM32Cube_FW_F4_V1.27.1, STM32Cube_FW_F7_V1.17.0, STM32Cube_FW_G0_V1.6.1, STM32Cube_FW_G4_V1.5.1, STM32Cube_FW_H5_V0.5.1, STM32Cube_FW_H5_V1.1.0, STM32Cube_FW_H7_V1.11.0, STM32Cube_FW_L0_V1.12.2, STM32Cube_FW_L5_V1.5.0, STM32Cube_FW_U5_V1.3.0, STM32Cube_FW_U5_V1.3.0RC4, STM32Cube_FW_WBA_V1.0.0RC1, STM32Cube_FW_WBA_V1.1.0, STM32Cube_FW_WBA_V1.1.0RC1, STM32Cube_FW_WB_V1.15.0RC1, STM32Cube_FW_WB_V1.16.0, STM32Cube_FW_WB_V1.16.0RC2, STM32Cube_FW_WB_V1.17.0, STM32Cube_FW_WL_V1.3.0, X-CUBE-ALGOBUILD_V1.3.0, X-CUBE-ALS_V1.0.1, X-CUBE-AZRTOS-F4_V1.1.0, X-CUBE-AZRTOS-F7_V1.1.0, X-CUBE-AZRTOS-G0_V1.1.0, X-CUBE-AZRTOS-G4_V2.0.0, X-CUBE-AZRTOS-H7_V3.1.0, X-CUBE-AZRTOS-L4_V1.0.0, X-CUBE-AZRTOS-L4_V2.0.0, X-CUBE-AZRTOS-L5_V1.1.0, X-CUBE-AZRTOS-WB_V1.1.0, X-CUBE-AZRTOS-WL_V2.0.0, X-CUBE-BLE1_V7.0.0, X-CUBE-BLE2_V3.3.0, X-CUBE-BLEMGR_V2.0.0, X-CUBE-EEPRMA1_V4.1.0, X-CUBE-FREERTOS_V1.1.0, X-CUBE-GNSS1_V6.0.0, X-CUBE-MEMS1_V9.1.0, X-CUBE-MEMS1_V9.4.0, X-CUBE-MEMS1_V9.6.0, X-CUBE-NFC4_V3.0.0, X-CUBE-NFC7_V1.0.0, X-CUBE-SFXS2LP1_V4.0.0, X-CUBE-SUBG2_V5.0.0, X-CUBE-TOF1_V3.3.1]
2023-10-13 17:39:30,413 [INFO] DbBoardsSqlite:226 - include board P-NUCLEO-WB55-NUCLEO as a kit item of type 'Nucleo-64'
2023-10-13 17:39:30,413 [INFO] DbBoardsSqlite:226 - include board P-NUCLEO-WB55-USBDONGLE as a kit item of type 'Nucleo USB Dongle'
2023-10-13 17:39:30,413 [INFO] DbBoardsSqlite:226 - include board STEVAL-IDP005V1 as a kit item of type 'Evaluation Board'
2023-10-13 17:39:30,414 [INFO] DbBoardsSqlite:226 - include board STEVAL-IDP005V2 as a kit item of type 'Evaluation Board'
2023-10-13 17:39:30,453 [INFO] ApiDb:240 - Found 323 in-development CPN: [B-G473E-ZEST1S, B-WB1M-WPAN1, B-WL5M-SUBG1, NUCLEO-C031C6, NUCLEO-H503RB, NUCLEO-H563ZI, NUCLEO-U545RE-Q, NUCLEO-U5A5ZJ-Q, NUCLEO-WBA52CG, STEVAL-PROTEUS1, STEVAL-SMARTAG2, STEVAL-STWINBX1, STM320518-EVAL, STM32C0116-DK, STM32C011D6Y3TR, STM32C011D6Y6TR, STM32C011F4P3, STM32C011F4P6, STM32C011F4U3, STM32C011F4U6TR, STM32C011F6P3, STM32C011F6P6, STM32C011F6U3, STM32C011F6U6TR, STM32C011J4M3, STM32C011J4M6, STM32C011J6M3, STM32C011J6M6, STM32C0316-DK, STM32C031C4T3, STM32C031C4T6, STM32C031C4U3, STM32C031C4U6, STM32C031C6T3, STM32C031C6T6, STM32C031C6U3, STM32C031C6U6, STM32C031F4P3, STM32C031F4P6, STM32C031F6P3, STM32C031F6P6, STM32C031G4U3, STM32C031G4U6, STM32C031G6U3, STM32C031G6U6, STM32C031K4T3, STM32C031K4T6, STM32C031K4U3, STM32C031K4U6, STM32C031K6T3, STM32C031K6T6, STM32C031K6U3, STM32C031K6U6, STM32G071K8TXN, STM32G071K8UXN, STM32G081GBU6N, STM32G081KBT6N, STM32G081KBUXN, STM32G0B1CCT6N, STM32G0B1KCT6, STM32G0B1NEY6TR, STM32G0B1RCT6N, STM32G0C1CCT6, STM32G0C1CCT6N, STM32G0C1CCU6N, STM32G0C1CET6N, STM32G0C1CEU6N, STM32G0C1KCT6, STM32G0C1NEY6TR, STM32G0C1RCI6N, STM32G0C1RCT6N, STM32G0C1REI6N, STM32G0C1RET6N, STM32G0C1VCI6, STM32G0C1VEI6, STM32G471CCT6, STM32G471CCU6, STM32G471CET3, STM32G471CET6, STM32G471CEU3, STM32G471CEU6, STM32G471MCT6, STM32G471MET3, STM32G471MET6, STM32G471MEY6TR, STM32G471QCT6, STM32G471QET3, STM32G471RCT6, STM32G471RET3, STM32G471RET6, STM32G471VCH6, STM32G471VCI6, STM32G471VCT6, STM32G471VEH3, STM32G471VEH6, STM32G471VEI3, STM32G471VEI6, STM32G471VET3, STM32G471VET6, STM32G474CCT6, STM32H503CBT6, STM32H503CBU6, STM32H503EBY6TR, STM32H503KBU6, STM32H503RBT6, STM32H562AGI6, STM32H562AII6, STM32H562IGK6, STM32H562IGT6, STM32H562IIK6, STM32H562IIT6, STM32H562RGT6, STM32H562RGV6, STM32H562RIT6, STM32H562RIV6, STM32H562VGT6, STM32H562VIT6, STM32H562ZGT6, STM32H562ZIT6, STM32H563AGI6, STM32H563AII3Q, STM32H563AII6, STM32H563IGK6, STM32H563IGT6, STM32H563IIK3Q, STM32H563IIK6, STM32H563IIT3Q, STM32H563IIT6, STM32H563MIY3QTR, STM32H563RGT6, STM32H563RGV6, STM32H563RIT6, STM32H563RIV6, STM32H563VGT6, STM32H563VIT3Q, STM32H563VIT6, STM32H563ZGT6, STM32H563ZIT3Q, STM32H563ZIT6, STM32H573AII3Q, STM32H573AII6, STM32H573I-DK, STM32H573IIK3Q, STM32H573IIK6, STM32H573IIT3Q, STM32H573IIT6, STM32H573MIY3QTR, STM32H573RIT6, STM32H573RIV6, STM32H573VIT3Q, STM32H573VIT6, STM32H573ZIT3Q, STM32H573ZIT6, STM32L4R5QGI6STR, STM32MP131AAE3, STM32MP131AAF3, STM32MP131AAG3, STM32MP131CAE3, STM32MP131CAF3, STM32MP131CAG3, STM32MP131DAE7, STM32MP131DAF7, STM32MP131DAG7, STM32MP131FAE7, STM32MP131FAF7, STM32MP131FAG7, STM32MP133AAE3, STM32MP133AAF3, STM32MP133AAG3, STM32MP133CAE3, STM32MP133CAF3, STM32MP133CAG3, STM32MP133DAE7, STM32MP133DAF7, STM32MP133DAG7, STM32MP133FAE7, STM32MP133FAF7, STM32MP133FAG7, STM32MP135AAE3, STM32MP135AAF3, STM32MP135AAG3, STM32MP135CAE3, STM32MP135CAF3, STM32MP135CAG3, STM32MP135DAE7, STM32MP135DAF7, STM32MP135DAG7, STM32MP135F-DK, STM32MP135FAE7, STM32MP135FAF7, STM32MP135FAF7T, STM32MP135FAF7U, STM32MP135FAG7, STM32U535CBT6, STM32U535CBT6Q, STM32U535CBU6, STM32U535CBU6Q, STM32U535CCT6, STM32U535CCT6Q, STM32U535CCU6, STM32U535CCU6Q, STM32U535CET6, STM32U535CET6Q, STM32U535CEU6, STM32U535CEU6Q, STM32U535JEY6QTR, STM32U535NCY6QTR, STM32U535NEY6QTR, STM32U535RBI6, STM32U535RBI6Q, STM32U535RBT6, STM32U535RBT6Q, STM32U535RCI6, STM32U535RCI6Q, STM32U535RCT6, STM32U535RCT6Q, STM32U535REI6, STM32U535REI6Q, STM32U535RET6, STM32U535RET6Q, STM32U535VCI6, STM32U535VCI6Q, STM32U535VCT6, STM32U535VCT6Q, STM32U535VEI6, STM32U535VEI6Q, STM32U535VET6, STM32U535VET6Q, STM32U545CET6, STM32U545CET6Q, STM32U545CEU6, STM32U545CEU6Q, STM32U545JEY6QTR, STM32U545NEY6QTR, STM32U545REI6, STM32U545REI6Q, STM32U545RET6, STM32U545RET6Q, STM32U545VEI6, STM32U545VEI6Q, STM32U545VET6, STM32U545VET6Q, STM32U595AIH6, STM32U595AIH6Q, STM32U595AJH6, STM32U595AJH6Q, STM32U595QII6, STM32U595QII6Q, STM32U595QJI6, STM32U595QJI6Q, STM32U595RIT6, STM32U595RIT6Q, STM32U595RJT6, STM32U595RJT6Q, STM32U595VIT6, STM32U595VIT6Q, STM32U595VJT6, STM32U595VJT6Q, STM32U595ZIT6, STM32U595ZIT6Q, STM32U595ZIY6QTR, STM32U595ZJT6, STM32U595ZJT6Q, STM32U595ZJY6QTR, STM32U599BJY6QTR, STM32U599NIH6Q, STM32U599NJH6Q, STM32U599VIT6Q, STM32U599VJT6, STM32U599VJT6Q, STM32U599ZIT6Q, STM32U599ZIY6QTR, STM32U599ZJT6Q, STM32U599ZJY6QTR, STM32U5A5AJH6, STM32U5A5AJH6Q, STM32U5A5QJI6, STM32U5A5QJI6Q, STM32U5A5RJT6, STM32U5A5RJT6Q, STM32U5A5VJT6, STM32U5A5VJT6Q, STM32U5A5ZJT6, STM32U5A5ZJT6Q, STM32U5A5ZJY6QTR, STM32U5A9BJY6QTR, STM32U5A9J-DK, STM32U5A9NJH6Q, STM32U5A9VJT6Q, STM32U5A9ZJT6Q, STM32U5A9ZJY6QTR, STM32U5F7VIT6, STM32U5F7VIT6Q, STM32U5F7VJT6, STM32U5F7VJT6Q, STM32U5F9BJY6QTR, STM32U5F9NJH6Q, STM32U5F9VIT6Q, STM32U5F9VJT6Q, STM32U5F9ZIJ6QTR, STM32U5F9ZIT6Q, STM32U5F9ZJJ6QTR, STM32U5F9ZJT6Q, STM32U5G7VJT6, STM32U5G7VJT6Q, STM32U5G9BJY6QTR, STM32U5G9J-DK1, STM32U5G9J-DK2, STM32U5G9NJH6Q, STM32U5G9VJT6Q, STM32U5G9ZJJ6QTR, STM32U5G9ZJT6Q, STM32WB1MMCH6, STM32WBA52CEU6, STM32WBA52CEU6T, STM32WBA52CGU6, STM32WBA52CGU6T, STM32WBA52KEU6, STM32WBA52KEU6T, STM32WBA52KGU6, STM32WBA52KGU6T, STM32WL5MOCH6, STM32WL5MOCH6TR]
2023-10-13 17:39:30,659 [INFO] BoardInfo:880 - No configuration file found for board P-NUCLEO-WB55
2023-10-13 17:39:30,659 [INFO] DbBoards:157 - Kit is not supported: P-NUCLEO-WB55
2023-10-13 17:39:30,675 [INFO] BoardInfo:880 - No configuration file found for board STEVAL-BFA001V1B
2023-10-13 17:39:30,675 [INFO] DbBoards:157 - Kit is not supported: STEVAL-BFA001V1B
2023-10-13 17:39:30,678 [INFO] BoardInfo:880 - No configuration file found for board STEVAL-BFA001V2B
2023-10-13 17:39:30,678 [INFO] DbBoards:157 - Kit is not supported: STEVAL-BFA001V2B
2023-10-13 17:39:31,030 [INFO] DbBoards:161 - Found 190 boards, 187 are supported
2023-10-13 17:39:31,034 [INFO] ApiDb:423 - Load user favorites file C:\Users\e0162112/.stm32cubeide/favorites.boards.txt: 0 item(s)
2023-10-13 17:39:31,034 [INFO] ApiDb:427 - User favorites Boards=[]
2023-10-13 17:39:31,034 [INFO] DbBoards:190 - Set 0 / 0 favorites Boards
2023-10-13 17:39:31,036 [INFO] ApiDb:668 - CubeFinder database Data Model version=2.1
2023-10-13 17:39:31,037 [INFO] ApiDb:669 - CubeFinder database Configuration version=3.0.37
2023-10-13 17:39:31,037 [INFO] ApiDb:670 - CubeFinder database generation date=2023-08-09 (1691586011)
2023-10-13 17:39:31,037 [INFO] ApiDb:671 - CubeFinder database FW Pack versions=[FP-ATR-ASTRA1_V2.0.0, FP-SNS-FLIGHT1_V5.0.1, FP-SNS-FLIGHT1_V5.0.2, FP-SNS-MOTENV1_V4.3.1, FP-SNS-MOTENV1_V4.3.2, STM32Cube_FW_C0_V1.1.0, STM32Cube_FW_F4_V1.27.1, STM32Cube_FW_F7_V1.17.0, STM32Cube_FW_G0_V1.6.1, STM32Cube_FW_G4_V1.5.1, STM32Cube_FW_H5_V0.5.1, STM32Cube_FW_H5_V1.1.0, STM32Cube_FW_H7_V1.11.0, STM32Cube_FW_L0_V1.12.2, STM32Cube_FW_L5_V1.5.0, STM32Cube_FW_U5_V1.3.0, STM32Cube_FW_U5_V1.3.0RC4, STM32Cube_FW_WBA_V1.0.0RC1, STM32Cube_FW_WBA_V1.1.0, STM32Cube_FW_WBA_V1.1.0RC1, STM32Cube_FW_WB_V1.15.0RC1, STM32Cube_FW_WB_V1.16.0, STM32Cube_FW_WB_V1.16.0RC2, STM32Cube_FW_WB_V1.17.0, STM32Cube_FW_WL_V1.3.0, X-CUBE-ALGOBUILD_V1.3.0, X-CUBE-ALS_V1.0.1, X-CUBE-AZRTOS-F4_V1.1.0, X-CUBE-AZRTOS-F7_V1.1.0, X-CUBE-AZRTOS-G0_V1.1.0, X-CUBE-AZRTOS-G4_V2.0.0, X-CUBE-AZRTOS-H7_V3.1.0, X-CUBE-AZRTOS-L4_V1.0.0, X-CUBE-AZRTOS-L4_V2.0.0, X-CUBE-AZRTOS-L5_V1.1.0, X-CUBE-AZRTOS-WB_V1.1.0, X-CUBE-AZRTOS-WL_V2.0.0, X-CUBE-BLE1_V7.0.0, X-CUBE-BLE2_V3.3.0, X-CUBE-BLEMGR_V2.0.0, X-CUBE-EEPRMA1_V4.1.0, X-CUBE-FREERTOS_V1.1.0, X-CUBE-GNSS1_V6.0.0, X-CUBE-MEMS1_V9.1.0, X-CUBE-MEMS1_V9.4.0, X-CUBE-MEMS1_V9.6.0, X-CUBE-NFC4_V3.0.0, X-CUBE-NFC7_V1.0.0, X-CUBE-SFXS2LP1_V4.0.0, X-CUBE-SUBG2_V5.0.0, X-CUBE-TOF1_V3.3.1]
2023-10-13 17:39:31,717 [INFO] DbExamplesSqlite:395 - Ignored 27 examples not supported by CubeIDE
2023-10-13 17:39:31,717 [INFO] DbExamplesSqlite:396 - Found 7231 examples active
2023-10-13 17:39:31,717 [INFO] DbExamplesSqlite:397 - Found 677 examples obsolete
2023-10-13 17:39:31,717 [INFO] DbExamplesSqlite:398 - Found 0 examples under development
2023-10-13 17:39:31,717 [INFO] DbExamplesSqlite:399 - Found 74 examples not building
2023-10-13 17:39:31,719 [INFO] DbExamples:125 - Found 7278 examples
2023-10-13 17:39:31,728 [INFO] DbExamples:222 - Found 92 boards with related examples
2023-10-13 17:39:31,729 [INFO] DbExamples:235 - Found 78 MCUs with related examples
2023-10-13 17:39:31,748 [INFO] ApiDb:423 - Load user favorites file C:\Users\e0162112/.stm32cubeide/favorites.examples.txt: 0 item(s)
2023-10-13 17:39:31,749 [INFO] ApiDb:427 - User favorites Examples=[]
2023-10-13 17:39:31,749 [INFO] DbExamples:250 - Set 0 / 0 favorites Examples
2023-10-13 17:39:31,919 [INFO] McuFinderGlobals:76 - Set McuFinderConnectedMode to true
2023-10-13 17:39:31,932 [INFO] MultiScanPanel:200 - Auto-refresh data requested => check proxy status ongoing
2023-10-13 17:39:31,938 [INFO] FinderPluginLoader:95 - Searching for filters in installed packs
2023-10-13 17:39:33,412 [INFO] LoadUrlFilesThread:185 - End of LoadServerUrlFiles without Thread
2023-10-13 17:39:33,471 [INFO] DetailPanel:341 - Set advertising image to C:/Users/e0162112/STM32Cube/Repository/\en.prom-stm32h5-mcu-finder.jpg
2023-10-13 17:42:39,859 [INFO] MainUpdater:2868 - connection check result : 10
2023-10-13 17:42:39,859 [INFO] MainUpdater:2868 - connection check result : 10
2023-10-13 17:42:39,913 [INFO] MicroXplorer:468 - Change Database Path : 
2023-10-13 17:42:39,913 [INFO] MicroXplorer:498 - Change Database Version : DB.6.0.90
2023-10-13 17:42:39,938 [WARN] ThirdParty:871 - waiting for thirdparty lock release [close project]
2023-10-13 17:42:39,939 [INFO] ThirdParty:873 - entering critical section [close project]
2023-10-13 17:42:39,939 [INFO] ThirdParty:883 - exiting critical section [close project]
2023-10-13 17:42:39,940 [INFO] PinOutPanel:1499 - setPackage(No Configuration,No Configuration)
2023-10-13 17:42:39,951 [INFO] UtilMem:75 - Begin LoadConfig() Used Memory: 712144648 Bytes (1073741824)
2023-10-13 17:42:39,952 [INFO] MicroXplorer:468 - Change Database Path : 
2023-10-13 17:42:39,952 [INFO] MicroXplorer:498 - Change Database Version : DB.6.0.90
2023-10-13 17:42:39,952 [INFO] OpenFileManager:308 - Change cursor
2023-10-13 17:42:39,970 [INFO] RulesReader:64 - Compatibility file has been processed (293 Rules)
2023-10-13 17:42:39,984 [INFO] Mcu:1946 - Initializing MCU STM32F103C8Tx STM32F103C8Tx STM32F103C8T6
2023-10-13 17:42:40,484 [INFO] Context:659 - Trying to add GPIOservice into a context  which must be forbidden
2023-10-13 17:42:40,639 [INFO] ImportTextPane:194 - (OptionalMessage_ERROR) Unable to find key (Mcu.ThirdPartyNb) in loaded IOC file
2023-10-13 17:42:40,639 [INFO] ImportTextPane:194 - (OptionalMessage_ERROR) Unable to find key (Mcu.PinsNb) in loaded IOC file
2023-10-13 17:42:40,639 [INFO] ImportTextPane:194 - (OptionalMessage_ERROR) Unable to find key (Mcu.IPNb) in loaded IOC file
2023-10-13 17:42:40,778 [INFO] RtosManager:555 - Registered RTOS mode: class=CMSIS, group=RTOS, mode=CMSIS_V1, owner=FREERTOS
2023-10-13 17:42:40,778 [INFO] RtosManager:555 - Registered RTOS mode: class=CMSIS, group=RTOS2, mode=CMSIS_V2, owner=FREERTOS
2023-10-13 17:42:40,778 [INFO] RtosManager:555 - Registered RTOS mode: class=RTOS, group=Core, mode=CMSIS_V1, owner=FREERTOS
2023-10-13 17:42:40,778 [INFO] RtosManager:555 - Registered RTOS mode: class=RTOS, group=Core, mode=CMSIS_V2, owner=FREERTOS
2023-10-13 17:42:40,778 [WARN] ModelIntegratedComponent:184 - Missing modes for component STMicroelectronics:FreeRTOS:0.0.1:STMicroelectronics:RTOS:FreeRTOS:Core:::10.2.0:
2023-10-13 17:42:40,810 [WARN] ModelIntegratedComponent:63 - No mode defined for component null
2023-10-13 17:42:40,811 [WARN] ModelIntegratedComponent:63 - No mode defined for component null
2023-10-13 17:42:40,811 [WARN] ModelIntegratedComponent:63 - No mode defined for component null
2023-10-13 17:42:40,811 [WARN] ModelIntegratedComponent:63 - No mode defined for component null
2023-10-13 17:42:40,811 [WARN] ModelIntegratedComponent:63 - No mode defined for component null
2023-10-13 17:42:40,811 [WARN] ModelIntegratedComponent:63 - No mode defined for component null
2023-10-13 17:42:40,811 [WARN] ModelIntegratedComponent:63 - No mode defined for component null
2023-10-13 17:42:40,811 [WARN] ModelIntegratedComponent:63 - No mode defined for component null
2023-10-13 17:42:40,811 [WARN] ModelIntegratedComponent:63 - No mode defined for component null
2023-10-13 17:42:40,811 [WARN] ModelIntegratedComponent:63 - No mode defined for component null
2023-10-13 17:42:40,811 [WARN] ModelIntegratedComponent:63 - No mode defined for component null
2023-10-13 17:42:40,811 [WARN] ModelIntegratedComponent:63 - No mode defined for component null
2023-10-13 17:42:40,811 [WARN] ModelIntegratedComponent:63 - No mode defined for component null
2023-10-13 17:42:40,811 [WARN] ModelIntegratedComponent:63 - No mode defined for component null
2023-10-13 17:42:40,811 [WARN] ModelIntegratedComponent:63 - No mode defined for component null
2023-10-13 17:42:40,811 [WARN] ModelIntegratedComponent:63 - No mode defined for component null
2023-10-13 17:42:40,811 [WARN] ModelIntegratedComponent:63 - No mode defined for component null
2023-10-13 17:42:40,811 [WARN] ModelIntegratedComponent:63 - No mode defined for component null
2023-10-13 17:42:40,811 [WARN] ModelIntegratedComponent:63 - No mode defined for component null
2023-10-13 17:42:40,811 [WARN] ModelIntegratedComponent:63 - No mode defined for component null
2023-10-13 17:42:40,811 [WARN] ModelIntegratedComponent:63 - No mode defined for component null
2023-10-13 17:42:40,812 [WARN] ModelIntegratedComponent:63 - No mode defined for component null
2023-10-13 17:42:40,812 [WARN] ModelIntegratedComponent:63 - No mode defined for component null
2023-10-13 17:42:40,812 [WARN] ModelIntegratedComponent:63 - No mode defined for component null
2023-10-13 17:42:40,812 [WARN] ModelIntegratedComponent:63 - No mode defined for component null
2023-10-13 17:42:40,812 [WARN] ModelIntegratedComponent:63 - No mode defined for component null
2023-10-13 17:42:40,812 [WARN] ModelIntegratedComponent:63 - No mode defined for component null
2023-10-13 17:42:40,812 [WARN] ModelIntegratedComponent:63 - No mode defined for component null
2023-10-13 17:42:40,812 [WARN] ModelIntegratedComponent:63 - No mode defined for component null
2023-10-13 17:42:40,812 [WARN] ModelIntegratedComponent:63 - No mode defined for component null
2023-10-13 17:42:40,812 [WARN] ModelIntegratedComponent:63 - No mode defined for component null
2023-10-13 17:42:40,812 [WARN] ModelIntegratedComponent:63 - No mode defined for component null
2023-10-13 17:42:40,812 [WARN] ModelIntegratedComponent:63 - No mode defined for component null
2023-10-13 17:42:40,823 [INFO] ThirdPartyModel:298 - Start build external matchings
2023-10-13 17:42:41,148 [INFO] ThirdPartyModel:316 - End build external matchings
2023-10-13 17:42:41,301 [INFO] UtilMem:75 - End LoadConfig() Used Memory: 730595472 Bytes (1073741824)
2023-10-13 17:42:41,326 [WARN] ThirdParty:833 - waiting for thirdparty lock release [change project]
2023-10-13 17:42:41,327 [INFO] ThirdParty:835 - entering critical section [change project]
2023-10-13 17:42:41,327 [INFO] ThirdParty:1030 - CMSIS Pack Vendor :STMicroelectronics X-CUBE-ISPU 1.1.0
2023-10-13 17:42:41,327 [INFO] ThirdParty:1030 - CMSIS Pack Vendor :STMicroelectronics USBPD 4.1
2023-10-13 17:42:41,327 [INFO] ThirdParty:1030 - CMSIS Pack Vendor :STMicroelectronics X-CUBE-GNSS1 6.0.0
2023-10-13 17:42:41,327 [INFO] ThirdParty:1030 - CMSIS Pack Vendor :STMicroelectronics USB_HOST 2.0.0
2023-10-13 17:42:41,327 [INFO] ThirdParty:1030 - CMSIS Pack Vendor :STMicroelectronics X-CUBE-AZRTOS-F4 1.1.0
2023-10-13 17:42:41,327 [INFO] ThirdParty:1030 - CMSIS Pack Vendor :STMicroelectronics LIBJPEG 8.0.0
2023-10-13 17:42:41,327 [INFO] ThirdParty:1030 - CMSIS Pack Vendor :wolfSSL I-CUBE-wolfSSL 5.6.3
2023-10-13 17:42:41,327 [INFO] ThirdParty:1030 - CMSIS Pack Vendor :STMicroelectronics X-CUBE-SMBUS 2.1.0
2023-10-13 17:42:41,327 [INFO] ThirdParty:1030 - CMSIS Pack Vendor :STMicroelectronics USB_DEVICE 3.0.0
2023-10-13 17:42:41,327 [INFO] ThirdParty:1030 - CMSIS Pack Vendor :STMicroelectronics X-CUBE-AZRTOS-WB 2.0.0
2023-10-13 17:42:41,327 [INFO] ThirdParty:1030 - CMSIS Pack Vendor :STMicroelectronics X-CUBE-FREERTOS 1.0.1
2023-10-13 17:42:41,327 [INFO] ThirdParty:1030 - CMSIS Pack Vendor :STMicroelectronics X-CUBE-AZRTOS-F7 1.1.0
2023-10-13 17:42:41,327 [INFO] ThirdParty:1030 - CMSIS Pack Vendor :STMicroelectronics X-CUBE-AZRTOS-L5 2.0.0
2023-10-13 17:42:41,327 [INFO] ThirdParty:1030 - CMSIS Pack Vendor :STMicroelectronics USB_DEVICE 2.0.0
2023-10-13 17:42:41,327 [INFO] ThirdParty:1030 - CMSIS Pack Vendor :STMicroelectronics X-CUBE-MEMS1 9.6.0
2023-10-13 17:42:41,327 [INFO] ThirdParty:1030 - CMSIS Pack Vendor :STMicroelectronics FP-SNS-MOTENV1 4.3.2
2023-10-13 17:42:41,327 [INFO] ThirdParty:1030 - CMSIS Pack Vendor :STMicroelectronics X-CUBE-ALGOBUILD 1.3.0
2023-10-13 17:42:41,328 [INFO] ThirdParty:1030 - CMSIS Pack Vendor :STMicroelectronics X-CUBE-BLE1 6.2.4
2023-10-13 17:42:41,328 [INFO] ThirdParty:1030 - CMSIS Pack Vendor :STMicroelectronics X-CUBE-AZRTOS-L5 1.1.0
2023-10-13 17:42:41,328 [INFO] ThirdParty:1030 - CMSIS Pack Vendor :STMicroelectronics FreeRTOS 0.0.1
2023-10-13 17:42:41,328 [INFO] ThirdParty:1030 - CMSIS Pack Vendor :STMicroelectronics X-CUBE-AZRTOS-G0 1.1.0
2023-10-13 17:42:41,328 [INFO] ThirdParty:1030 - CMSIS Pack Vendor :STMicroelectronics X-CUBE-BLEMGR 2.0.0
2023-10-13 17:42:41,328 [INFO] ThirdParty:1030 - CMSIS Pack Vendor :STMicroelectronics X-CUBE-AI 8.0.1
2023-10-13 17:42:41,328 [INFO] ThirdParty:1030 - CMSIS Pack Vendor :STMicroelectronics X-CUBE-NFC4 3.0.0
2023-10-13 17:42:41,328 [INFO] ThirdParty:1030 - CMSIS Pack Vendor :STMicroelectronics X-CUBE-SUBG2 5.0.0
2023-10-13 17:42:41,328 [INFO] ThirdParty:1030 - CMSIS Pack Vendor :STMicroelectronics STM32_WPAN 1.0.0
2023-10-13 17:42:41,328 [INFO] ThirdParty:1030 - CMSIS Pack Vendor :STMicroelectronics lwIP 2.0.3
2023-10-13 17:42:41,328 [INFO] ThirdParty:1030 - CMSIS Pack Vendor :STMicroelectronics FP-SNS-FLIGHT1 5.0.2
2023-10-13 17:42:41,328 [INFO] ThirdParty:1030 - CMSIS Pack Vendor :STMicroelectronics USB_HOST 1.0.0
2023-10-13 17:42:41,328 [INFO] ThirdParty:1030 - CMSIS Pack Vendor :STMicroelectronics X-CUBE-TOF1 3.3.1
2023-10-13 17:42:41,328 [INFO] ThirdParty:1030 - CMSIS Pack Vendor :STMicroelectronics X-CUBE-AZRTOS-G4 2.0.0
2023-10-13 17:42:41,328 [INFO] ThirdParty:1030 - CMSIS Pack Vendor :STMicroelectronics PDM2PCM 3.1.0
2023-10-13 17:42:41,328 [INFO] ThirdParty:1030 - CMSIS Pack Vendor :STMicroelectronics X-CUBE-AZRTOS-H7 3.1.0
2023-10-13 17:42:41,328 [INFO] ThirdParty:1030 - CMSIS Pack Vendor :STMicroelectronics PDM2PCM 3.3.0
2023-10-13 17:42:41,328 [INFO] ThirdParty:1030 - CMSIS Pack Vendor :STMicroelectronics X-CUBE-DISPLAY 3.0.0
2023-10-13 17:42:41,328 [INFO] ThirdParty:1030 - CMSIS Pack Vendor :STMicroelectronics X-CUBE-BLE1 7.0.0
2023-10-13 17:42:41,328 [INFO] ThirdParty:1030 - CMSIS Pack Vendor :STMicroelectronics FP-ATR-SIGFOX1 3.2.0
2023-10-13 17:42:41,328 [INFO] ThirdParty:1030 - CMSIS Pack Vendor :STMicroelectronics HAL Drivers 0.0.0
2023-10-13 17:42:41,328 [INFO] ThirdParty:1030 - CMSIS Pack Vendor :STMicroelectronics MBEDTLS 2.16.2
2023-10-13 17:42:41,328 [INFO] ThirdParty:1030 - CMSIS Pack Vendor :emotas I-CUBE-CANOPEN 1.3.0
2023-10-13 17:42:41,328 [INFO] ThirdParty:1030 - CMSIS Pack Vendor :STMicroelectronics X-CUBE-FREERTOS 1.1.0
2023-10-13 17:42:41,328 [INFO] ThirdParty:1030 - CMSIS Pack Vendor :STMicroelectronics X-CUBE-TOUCHGFX 4.22.0
2023-10-13 17:42:41,328 [INFO] ThirdParty:1030 - CMSIS Pack Vendor :STMicroelectronics X-CUBE-NFC7 1.0.1
2023-10-13 17:42:41,329 [INFO] ThirdParty:1030 - CMSIS Pack Vendor :STMicroelectronics MBEDTLS 2.14.1
2023-10-13 17:42:41,329 [INFO] ThirdParty:1030 - CMSIS Pack Vendor :STMicroelectronics X-CUBE-NFC6 3.0.0
2023-10-13 17:42:41,329 [INFO] ThirdParty:1030 - CMSIS Pack Vendor :STMicroelectronics X-CUBE-EEPRMA1 4.1.0
2023-10-13 17:42:41,329 [INFO] ThirdParty:1030 - CMSIS Pack Vendor :portGmbH I-Cube-SoM-uGOAL 1.1.0
2023-10-13 17:42:41,329 [INFO] ThirdParty:1030 - CMSIS Pack Vendor :STMicroelectronics X-CUBE-ALS 1.0.1
2023-10-13 17:42:41,329 [INFO] ThirdParty:1030 - CMSIS Pack Vendor :STMicroelectronics ThreadX 1.0.0
2023-10-13 17:42:41,329 [INFO] ThirdParty:1030 - CMSIS Pack Vendor :STMicroelectronics FP-SNS-SMARTAG2 1.2.0
2023-10-13 17:42:41,329 [INFO] ThirdParty:1030 - CMSIS Pack Vendor :STMicroelectronics X-CUBE-AZRTOS-WB 1.1.0
2023-10-13 17:42:41,329 [INFO] ThirdParty:1030 - CMSIS Pack Vendor :STMicroelectronics X-CUBE-AZRTOS-WL 2.0.0
2023-10-13 17:42:41,329 [INFO] ThirdParty:1030 - CMSIS Pack Vendor :SEGGER I-CUBE-embOS 1.3.1
2023-10-13 17:42:41,329 [INFO] ThirdParty:1030 - CMSIS Pack Vendor :STMicroelectronics USB_DEVICE 1.0.0
2023-10-13 17:42:41,329 [INFO] ThirdParty:1030 - CMSIS Pack Vendor :STMicroelectronics X-CUBE-AI 8.1.0
2023-10-13 17:42:41,329 [INFO] ThirdParty:1030 - CMSIS Pack Vendor :STMicroelectronics X-CUBE-AZRTOS-L4 2.0.0
2023-10-13 17:42:41,329 [INFO] ThirdParty:1030 - CMSIS Pack Vendor :STMicroelectronics ThreadX 0.0.2
2023-10-13 17:42:41,329 [INFO] ThirdParty:1030 - CMSIS Pack Vendor :WES I-CUBE-Cesium 1.3.0
2023-10-13 17:42:41,329 [INFO] ThirdParty:1030 - CMSIS Pack Vendor :STMicroelectronics FP-ATR-ASTRA1 2.0.0
2023-10-13 17:42:41,329 [INFO] ThirdParty:1030 - CMSIS Pack Vendor :STMicroelectronics lwIP 2.1.2
2023-10-13 17:42:41,329 [INFO] ThirdParty:1030 - CMSIS Pack Vendor :STMicroelectronics X-CUBE-SFXS2LP1 4.0.0
2023-10-13 17:42:41,329 [INFO] ThirdParty:1030 - CMSIS Pack Vendor :STMicroelectronics X-CUBE-BLE2 3.3.0
2023-10-13 17:42:41,329 [INFO] ThirdParty:1030 - CMSIS Pack Vendor :STMicroelectronics PDM2PCM 3.2.0
2023-10-13 17:42:41,330 [INFO] ThirdParty:841 - exiting critical section [change project]
2023-10-13 17:42:41,425 [INFO] PinOutPanel:1499 - setPackage(No Configuration,No Configuration)
2023-10-13 17:42:41,427 [INFO] PinOutPanel:1499 - setPackage(STM32F103C8Tx,LQFP48)
2023-10-13 17:42:41,603 [INFO] UtilMem:75 - Before build in PCC Used Memory: 611960816 Bytes (1073741824)
2023-10-13 17:42:41,910 [INFO] UtilMem:75 - After build in PCC Used Memory: 653910016 Bytes (1073741824)
2023-10-13 17:42:41,931 [INFO] IPUIPlugin:80 - create IPUIPlugin
2023-10-13 17:42:41,931 [INFO] IPUIPlugin:80 - create IPUIPlugin
2023-10-13 17:42:41,931 [INFO] IPUIPlugin:80 - create IPUIPlugin
2023-10-13 17:42:41,932 [INFO] IPUIPlugin:80 - create IPUIPlugin
2023-10-13 17:42:41,932 [INFO] IPUIPlugin:80 - create IPUIPlugin
2023-10-13 17:42:41,932 [INFO] IPUIPlugin:80 - create IPUIPlugin
2023-10-13 17:42:41,932 [INFO] IPUIPlugin:80 - create IPUIPlugin
2023-10-13 17:42:41,932 [INFO] IPUIPlugin:80 - create IPUIPlugin
2023-10-13 17:42:41,932 [INFO] IPUIPlugin:80 - create IPUIPlugin
2023-10-13 17:42:41,932 [INFO] IPUIPlugin:80 - create IPUIPlugin
2023-10-13 17:42:41,932 [INFO] IPUIPlugin:80 - create IPUIPlugin
2023-10-13 17:42:41,933 [INFO] IPUIPlugin:80 - create IPUIPlugin
2023-10-13 17:42:41,933 [INFO] IPUIPlugin:80 - create IPUIPlugin
2023-10-13 17:42:41,933 [INFO] IPUIPlugin:80 - create IPUIPlugin
2023-10-13 17:42:41,933 [INFO] IPUIPlugin:80 - create IPUIPlugin
2023-10-13 17:42:41,934 [INFO] IPUIPlugin:80 - create IPUIPlugin
2023-10-13 17:42:41,934 [INFO] IPUIPlugin:80 - create IPUIPlugin
2023-10-13 17:42:41,934 [INFO] IPUIPlugin:80 - create IPUIPlugin
2023-10-13 17:42:41,934 [INFO] IPUIPlugin:80 - create IPUIPlugin
2023-10-13 17:42:41,935 [INFO] IPUIPlugin:80 - create IPUIPlugin
2023-10-13 17:42:41,935 [INFO] IPUIPlugin:80 - create IPUIPlugin
2023-10-13 17:42:41,935 [INFO] IPUIPlugin:80 - create IPUIPlugin
2023-10-13 17:42:41,936 [INFO] IPUIPlugin:80 - create IPUIPlugin
2023-10-13 17:42:41,936 [INFO] IPUIPlugin:80 - create IPUIPlugin
2023-10-13 17:42:41,936 [INFO] IPUIPlugin:80 - create IPUIPlugin
2023-10-13 17:42:41,937 [INFO] IPUIPlugin:80 - create IPUIPlugin
2023-10-13 17:42:41,937 [INFO] IPUIPlugin:80 - create IPUIPlugin
2023-10-13 17:42:41,968 [INFO] CADModel:165 - CPN selected for project levelSTM32F103C8T6
2023-10-13 17:42:41,969 [INFO] CADModel:114 - Register for checkConnection events
2023-10-13 17:42:42,020 [INFO] OpenFileManager:328 - Restore cursor
2023-10-13 17:42:42,407 [INFO] UtilMem:75 - End SaveConfig() Used Memory: 706538712 Bytes (1073741824)
2023-10-13 17:42:42,466 [INFO] UtilMem:75 - End SaveConfig() Used Memory: 718915568 Bytes (1073741824)
2023-10-13 17:42:42,618 [INFO] BlockDiagram:2759 - set Specific Code input for plugin: NVIC
2023-10-13 17:42:42,619 [INFO] BlockDiagram:2759 - set Specific Code input for plugin: RCC
2023-10-13 17:42:42,625 [INFO] CodeGenerator:799 - code generatio: config db path: C:\ST\STM32CubeIDE_1.13.0\STM32CubeIDE\plugins\com.st.stm32cube.common.mx_6.9.0.202307051724\\db\
2023-10-13 17:42:42,748 [INFO] CodeEngine:255 - oldGeneratedFile, C:\Users\e0162112\STM32CubeIDE\workspace_1.13.0\ARM-FreeRTOS\MXTmpFiles\license.tmp_save
2023-10-13 17:42:42,869 [INFO] CodeEngine:279 - Generated code: C:\Users\e0162112\STM32CubeIDE\workspace_1.13.0\ARM-FreeRTOS\MXTmpFiles\license.tmp
2023-10-13 17:42:42,902 [INFO] CodeEngine:255 - oldGeneratedFile, C:\Users\e0162112\STM32CubeIDE\workspace_1.13.0\ARM-FreeRTOS\Core\Src\stm32f1xx_it.c_save
2023-10-13 17:42:43,195 [INFO] CodeEngine:279 - Generated code: C:\Users\e0162112\STM32CubeIDE\workspace_1.13.0\ARM-FreeRTOS\Core\Src\stm32f1xx_it.c
2023-10-13 17:42:43,214 [INFO] CodeEngine:255 - oldGeneratedFile, C:\Users\e0162112\STM32CubeIDE\workspace_1.13.0\ARM-FreeRTOS\Core\Inc\stm32f1xx_it.h_save
2023-10-13 17:42:43,300 [INFO] CodeEngine:279 - Generated code: C:\Users\e0162112\STM32CubeIDE\workspace_1.13.0\ARM-FreeRTOS\Core\Inc\stm32f1xx_it.h
2023-10-13 17:42:43,347 [INFO] CodeEngine:255 - oldGeneratedFile, C:\Users\e0162112\STM32CubeIDE\workspace_1.13.0\ARM-FreeRTOS\Core\Src\stm32f1xx_hal_msp.c_save
2023-10-13 17:42:43,464 [INFO] CodeEngine:279 - Generated code: C:\Users\e0162112\STM32CubeIDE\workspace_1.13.0\ARM-FreeRTOS\Core\Src\stm32f1xx_hal_msp.c
2023-10-13 17:42:43,479 [INFO] CodeEngine:255 - oldGeneratedFile, C:\Users\e0162112\STM32CubeIDE\workspace_1.13.0\ARM-FreeRTOS\MXTmpFiles\system.tmp_save
2023-10-13 17:42:43,544 [INFO] CodeEngine:279 - Generated code: C:\Users\e0162112\STM32CubeIDE\workspace_1.13.0\ARM-FreeRTOS\MXTmpFiles\system.tmp
2023-10-13 17:42:43,574 [INFO] CodeEngine:311 - oldGeneratedFile, C:\Users\e0162112\STM32CubeIDE\workspace_1.13.0\ARM-FreeRTOS\Core\Inc\stm32f1xx_hal_conf.h_save
2023-10-13 17:42:43,687 [INFO] CodeEngine:335 - Generated code: C:\Users\e0162112\STM32CubeIDE\workspace_1.13.0\ARM-FreeRTOS\Core\Inc\stm32f1xx_hal_conf.h
2023-10-13 17:42:43,751 [INFO] CodeEngine:255 - oldGeneratedFile, C:\Users\e0162112\STM32CubeIDE\workspace_1.13.0\ARM-FreeRTOS\Core\Inc\main.h_save
2023-10-13 17:42:43,876 [INFO] CodeEngine:279 - Generated code: C:\Users\e0162112\STM32CubeIDE\workspace_1.13.0\ARM-FreeRTOS\Core\Inc\main.h
2023-10-13 17:42:43,894 [INFO] CodeEngine:255 - oldGeneratedFile, C:\Users\e0162112\STM32CubeIDE\workspace_1.13.0\ARM-FreeRTOS\Core\Src\main.c_save
2023-10-13 17:42:44,080 [INFO] CodeEngine:279 - Generated code: C:\Users\e0162112\STM32CubeIDE\workspace_1.13.0\ARM-FreeRTOS\Core\Src\main.c
2023-10-13 17:42:44,815 [INFO] ProjectBuilder:3064 - Time for Copy HAL[1] : 298mS.
2023-10-13 17:42:44,823 [INFO] ProjectBuilder:4404 - Project Generator version: 4.1.0
2023-10-13 17:42:45,026 [INFO] ConfigFileManager:1457 - The Die is : DIE410
2023-10-13 17:42:45,029 [INFO] ApiDbMcu:507 - Load IP Config File for FATFS
2023-10-13 17:42:45,033 [INFO] ApiDbMcu:507 - Load IP Config File for FREERTOS
2023-10-13 17:42:45,037 [INFO] ApiDbMcu:507 - Load IP Config File for USB_DEVICE
2023-10-13 17:42:48,670 [INFO] ProjectBuilder:4626 - Time for Generating toolchain IDE Files: 3846mS.
2023-10-13 17:42:48,672 [INFO] ProjectBuilder:2935 - Time for Copy CMSIS : 2mS.
2023-10-13 17:42:48,675 [INFO] ProjectBuilder:2935 - Time for Copy CMSIS : 0mS.
2023-10-13 17:42:49,609 [INFO] McuFinderGlobals:76 - Set McuFinderConnectedMode to true
2023-10-13 17:42:49,621 [INFO] ApiDb:448 - Save user favorites file C:\Users\e0162112/.stm32cubeide/favorites.mcus.txt: 0 item(s)
2023-10-13 17:42:49,622 [INFO] ApiDb:452 - User favorites MCUs=[]
2023-10-13 17:42:54,371 [INFO] NvicIntPanel:101 - NVIC parent = com.st.microxplorer.plugins.ip.nvic.MultiNvicIntPanel[,0,0,0x0,invalid,layout=javax.swing.BoxLayout,alignmentX=0.0,alignmentY=0.0,border=,flags=9,maximumSize=,minimumSize=,preferredSize=]
2023-10-13 17:42:57,205 [INFO] NvicIntPanel:101 - NVIC parent = com.st.microxplorer.plugins.ip.nvic.MultiNvicIntPanel[,0,0,0x0,invalid,layout=javax.swing.BoxLayout,alignmentX=0.0,alignmentY=0.0,border=,flags=9,maximumSize=,minimumSize=,preferredSize=]
2023-10-13 17:57:27,211 [INFO] UtilMem:75 - End SaveConfig() Used Memory: 822944040 Bytes (1073741824)
2023-10-13 17:57:27,998 [INFO] UtilMem:75 - End SaveConfig() Used Memory: 914851120 Bytes (1073741824)
2023-10-13 17:57:28,279 [INFO] BlockDiagram:2759 - set Specific Code input for plugin: NVIC
2023-10-13 17:57:28,279 [INFO] BlockDiagram:2759 - set Specific Code input for plugin: SYS
2023-10-13 17:57:28,279 [INFO] BlockDiagram:2759 - set Specific Code input for plugin: GPIO
2023-10-13 17:57:28,279 [INFO] BlockDiagram:2759 - set Specific Code input for plugin: RCC
2023-10-13 17:57:28,282 [INFO] CodeGenerator:799 - code generatio: config db path: C:\ST\STM32CubeIDE_1.13.0\STM32CubeIDE\plugins\com.st.stm32cube.common.mx_6.9.0.202307051724\\db\
2023-10-13 17:57:28,395 [INFO] CodeEngine:255 - oldGeneratedFile, C:\Users\e0162112\STM32CubeIDE\workspace_1.13.0\ARM-FreeRTOS\MXTmpFiles\license.tmp_save
2023-10-13 17:57:28,483 [INFO] CodeEngine:279 - Generated code: C:\Users\e0162112\STM32CubeIDE\workspace_1.13.0\ARM-FreeRTOS\MXTmpFiles\license.tmp
2023-10-13 17:57:28,508 [INFO] CodeEngine:255 - oldGeneratedFile, C:\Users\e0162112\STM32CubeIDE\workspace_1.13.0\ARM-FreeRTOS\MXTmpFiles\gpio.tmp_save
2023-10-13 17:57:28,576 [INFO] CodeEngine:279 - Generated code: C:\Users\e0162112\STM32CubeIDE\workspace_1.13.0\ARM-FreeRTOS\MXTmpFiles\gpio.tmp
2023-10-13 17:57:28,610 [INFO] CodeEngine:255 - oldGeneratedFile, C:\Users\e0162112\STM32CubeIDE\workspace_1.13.0\ARM-FreeRTOS\Core\Src\stm32f1xx_it.c_save
2023-10-13 17:57:28,781 [INFO] CodeEngine:279 - Generated code: C:\Users\e0162112\STM32CubeIDE\workspace_1.13.0\ARM-FreeRTOS\Core\Src\stm32f1xx_it.c
2023-10-13 17:57:28,803 [INFO] CodeEngine:255 - oldGeneratedFile, C:\Users\e0162112\STM32CubeIDE\workspace_1.13.0\ARM-FreeRTOS\Core\Inc\stm32f1xx_it.h_save
2023-10-13 17:57:28,926 [INFO] CodeEngine:279 - Generated code: C:\Users\e0162112\STM32CubeIDE\workspace_1.13.0\ARM-FreeRTOS\Core\Inc\stm32f1xx_it.h
2023-10-13 17:57:28,964 [INFO] CodeEngine:255 - oldGeneratedFile, C:\Users\e0162112\STM32CubeIDE\workspace_1.13.0\ARM-FreeRTOS\Core\Src\stm32f1xx_hal_msp.c_save
2023-10-13 17:57:29,271 [INFO] CodeEngine:279 - Generated code: C:\Users\e0162112\STM32CubeIDE\workspace_1.13.0\ARM-FreeRTOS\Core\Src\stm32f1xx_hal_msp.c
2023-10-13 17:57:29,294 [INFO] CodeEngine:255 - oldGeneratedFile, C:\Users\e0162112\STM32CubeIDE\workspace_1.13.0\ARM-FreeRTOS\MXTmpFiles\system.tmp_save
2023-10-13 17:57:29,389 [INFO] CodeEngine:279 - Generated code: C:\Users\e0162112\STM32CubeIDE\workspace_1.13.0\ARM-FreeRTOS\MXTmpFiles\system.tmp
2023-10-13 17:57:29,424 [INFO] CodeEngine:311 - oldGeneratedFile, C:\Users\e0162112\STM32CubeIDE\workspace_1.13.0\ARM-FreeRTOS\Core\Inc\stm32f1xx_hal_conf.h_save
2023-10-13 17:57:29,542 [INFO] CodeEngine:335 - Generated code: C:\Users\e0162112\STM32CubeIDE\workspace_1.13.0\ARM-FreeRTOS\Core\Inc\stm32f1xx_hal_conf.h
2023-10-13 17:57:29,587 [INFO] CodeEngine:255 - oldGeneratedFile, C:\Users\e0162112\STM32CubeIDE\workspace_1.13.0\ARM-FreeRTOS\Core\Inc\main.h_save
2023-10-13 17:57:29,661 [INFO] CodeEngine:279 - Generated code: C:\Users\e0162112\STM32CubeIDE\workspace_1.13.0\ARM-FreeRTOS\Core\Inc\main.h
2023-10-13 17:57:29,673 [INFO] CodeEngine:255 - oldGeneratedFile, C:\Users\e0162112\STM32CubeIDE\workspace_1.13.0\ARM-FreeRTOS\Core\Src\main.c_save
2023-10-13 17:57:29,754 [INFO] CodeEngine:279 - Generated code: C:\Users\e0162112\STM32CubeIDE\workspace_1.13.0\ARM-FreeRTOS\Core\Src\main.c
2023-10-13 17:57:30,281 [INFO] ProjectBuilder:3064 - Time for Copy HAL[1] : 242mS.
2023-10-13 17:57:30,285 [INFO] ProjectBuilder:4404 - Project Generator version: 4.1.0
2023-10-13 17:57:30,473 [INFO] ConfigFileManager:1457 - The Die is : DIE410
2023-10-13 17:57:31,871 [INFO] ProjectBuilder:4626 - Time for Generating toolchain IDE Files: 1586mS.
2023-10-13 17:57:31,873 [INFO] ProjectBuilder:2935 - Time for Copy CMSIS : 2mS.
2023-10-13 17:57:31,876 [INFO] ProjectBuilder:2935 - Time for Copy CMSIS : 0mS.
2023-10-13 18:26:36,303 [INFO] UtilMem:75 - End SaveConfig() Used Memory: 592367744 Bytes (1073741824)
2023-10-13 18:26:36,362 [INFO] UtilMem:75 - End SaveConfig() Used Memory: 605999232 Bytes (1073741824)
2023-10-13 18:26:36,780 [INFO] UtilMem:75 - End SaveConfig() Used Memory: 639553664 Bytes (1073741824)
2023-10-13 18:26:36,907 [INFO] BlockDiagram:2759 - set Specific Code input for plugin: NVIC
2023-10-13 18:26:36,907 [INFO] BlockDiagram:2759 - set Specific Code input for plugin: SYS
2023-10-13 18:26:36,907 [INFO] BlockDiagram:2759 - set Specific Code input for plugin: GPIO
2023-10-13 18:26:36,907 [INFO] BlockDiagram:2759 - set Specific Code input for plugin: RCC
2023-10-13 18:26:36,909 [INFO] CodeGenerator:799 - code generatio: config db path: C:\ST\STM32CubeIDE_1.13.0\STM32CubeIDE\plugins\com.st.stm32cube.common.mx_6.9.0.202307051724\\db\
2023-10-13 18:26:37,009 [INFO] CodeEngine:255 - oldGeneratedFile, C:\Users\e0162112\STM32CubeIDE\workspace_1.13.0\ARM-FreeRTOS\MXTmpFiles\license.tmp_save
2023-10-13 18:26:37,089 [INFO] CodeEngine:279 - Generated code: C:\Users\e0162112\STM32CubeIDE\workspace_1.13.0\ARM-FreeRTOS\MXTmpFiles\license.tmp
2023-10-13 18:26:37,111 [INFO] CodeEngine:255 - oldGeneratedFile, C:\Users\e0162112\STM32CubeIDE\workspace_1.13.0\ARM-FreeRTOS\MXTmpFiles\gpio.tmp_save
2023-10-13 18:26:37,163 [INFO] CodeEngine:279 - Generated code: C:\Users\e0162112\STM32CubeIDE\workspace_1.13.0\ARM-FreeRTOS\MXTmpFiles\gpio.tmp
2023-10-13 18:26:37,189 [INFO] CodeEngine:255 - oldGeneratedFile, C:\Users\e0162112\STM32CubeIDE\workspace_1.13.0\ARM-FreeRTOS\Core\Src\stm32f1xx_it.c_save
2023-10-13 18:26:37,389 [INFO] CodeEngine:279 - Generated code: C:\Users\e0162112\STM32CubeIDE\workspace_1.13.0\ARM-FreeRTOS\Core\Src\stm32f1xx_it.c
2023-10-13 18:26:37,406 [INFO] CodeEngine:255 - oldGeneratedFile, C:\Users\e0162112\STM32CubeIDE\workspace_1.13.0\ARM-FreeRTOS\Core\Inc\stm32f1xx_it.h_save
2023-10-13 18:26:37,487 [INFO] CodeEngine:279 - Generated code: C:\Users\e0162112\STM32CubeIDE\workspace_1.13.0\ARM-FreeRTOS\Core\Inc\stm32f1xx_it.h
2023-10-13 18:26:37,539 [INFO] CodeEngine:255 - oldGeneratedFile, C:\Users\e0162112\STM32CubeIDE\workspace_1.13.0\ARM-FreeRTOS\Core\Src\stm32f1xx_hal_msp.c_save
2023-10-13 18:26:37,788 [INFO] CodeEngine:279 - Generated code: C:\Users\e0162112\STM32CubeIDE\workspace_1.13.0\ARM-FreeRTOS\Core\Src\stm32f1xx_hal_msp.c
2023-10-13 18:26:37,804 [INFO] CodeEngine:255 - oldGeneratedFile, C:\Users\e0162112\STM32CubeIDE\workspace_1.13.0\ARM-FreeRTOS\MXTmpFiles\system.tmp_save
2023-10-13 18:26:37,911 [INFO] CodeEngine:279 - Generated code: C:\Users\e0162112\STM32CubeIDE\workspace_1.13.0\ARM-FreeRTOS\MXTmpFiles\system.tmp
2023-10-13 18:26:37,949 [INFO] CodeEngine:311 - oldGeneratedFile, C:\Users\e0162112\STM32CubeIDE\workspace_1.13.0\ARM-FreeRTOS\Core\Inc\stm32f1xx_hal_conf.h_save
2023-10-13 18:26:38,050 [INFO] CodeEngine:335 - Generated code: C:\Users\e0162112\STM32CubeIDE\workspace_1.13.0\ARM-FreeRTOS\Core\Inc\stm32f1xx_hal_conf.h
2023-10-13 18:26:38,093 [INFO] CodeEngine:255 - oldGeneratedFile, C:\Users\e0162112\STM32CubeIDE\workspace_1.13.0\ARM-FreeRTOS\Core\Inc\main.h_save
2023-10-13 18:26:38,163 [INFO] CodeEngine:279 - Generated code: C:\Users\e0162112\STM32CubeIDE\workspace_1.13.0\ARM-FreeRTOS\Core\Inc\main.h
2023-10-13 18:26:38,175 [INFO] CodeEngine:255 - oldGeneratedFile, C:\Users\e0162112\STM32CubeIDE\workspace_1.13.0\ARM-FreeRTOS\Core\Src\main.c_save
2023-10-13 18:26:38,248 [INFO] CodeEngine:279 - Generated code: C:\Users\e0162112\STM32CubeIDE\workspace_1.13.0\ARM-FreeRTOS\Core\Src\main.c
2023-10-13 18:26:38,841 [INFO] ProjectBuilder:3064 - Time for Copy HAL[1] : 317mS.
2023-10-13 18:26:38,845 [INFO] ProjectBuilder:4404 - Project Generator version: 4.1.0
2023-10-13 18:26:39,029 [INFO] ConfigFileManager:1457 - The Die is : DIE410
2023-10-13 18:26:40,541 [INFO] ProjectBuilder:4626 - Time for Generating toolchain IDE Files: 1696mS.
2023-10-13 18:26:40,543 [INFO] ProjectBuilder:2935 - Time for Copy CMSIS : 2mS.
2023-10-13 18:26:40,549 [INFO] ProjectBuilder:2935 - Time for Copy CMSIS : 0mS.
2023-10-13 18:32:22,361 [INFO] UtilMem:75 - End SaveConfig() Used Memory: 865569432 Bytes (1073741824)
2023-10-13 18:32:22,421 [INFO] UtilMem:75 - End SaveConfig() Used Memory: 878678680 Bytes (1073741824)
2023-10-13 18:32:22,837 [INFO] UtilMem:75 - End SaveConfig() Used Memory: 595431296 Bytes (1073741824)
2023-10-13 18:32:23,033 [INFO] BlockDiagram:2759 - set Specific Code input for plugin: NVIC
2023-10-13 18:32:23,033 [INFO] BlockDiagram:2759 - set Specific Code input for plugin: SYS
2023-10-13 18:32:23,034 [INFO] BlockDiagram:2759 - set Specific Code input for plugin: GPIO
2023-10-13 18:32:23,034 [INFO] BlockDiagram:2759 - set Specific Code input for plugin: RCC
2023-10-13 18:32:23,036 [INFO] CodeGenerator:799 - code generatio: config db path: C:\ST\STM32CubeIDE_1.13.0\STM32CubeIDE\plugins\com.st.stm32cube.common.mx_6.9.0.202307051724\\db\
2023-10-13 18:32:23,161 [INFO] CodeEngine:255 - oldGeneratedFile, C:\Users\e0162112\STM32CubeIDE\workspace_1.13.0\ARM-FreeRTOS\MXTmpFiles\license.tmp_save
2023-10-13 18:32:23,223 [INFO] CodeEngine:279 - Generated code: C:\Users\e0162112\STM32CubeIDE\workspace_1.13.0\ARM-FreeRTOS\MXTmpFiles\license.tmp
2023-10-13 18:32:23,251 [INFO] CodeEngine:255 - oldGeneratedFile, C:\Users\e0162112\STM32CubeIDE\workspace_1.13.0\ARM-FreeRTOS\MXTmpFiles\gpio.tmp_save
2023-10-13 18:32:23,309 [INFO] CodeEngine:279 - Generated code: C:\Users\e0162112\STM32CubeIDE\workspace_1.13.0\ARM-FreeRTOS\MXTmpFiles\gpio.tmp
2023-10-13 18:32:23,344 [INFO] CodeEngine:255 - oldGeneratedFile, C:\Users\e0162112\STM32CubeIDE\workspace_1.13.0\ARM-FreeRTOS\Core\Src\stm32f1xx_it.c_save
2023-10-13 18:32:23,451 [INFO] CodeEngine:279 - Generated code: C:\Users\e0162112\STM32CubeIDE\workspace_1.13.0\ARM-FreeRTOS\Core\Src\stm32f1xx_it.c
2023-10-13 18:32:23,465 [INFO] CodeEngine:255 - oldGeneratedFile, C:\Users\e0162112\STM32CubeIDE\workspace_1.13.0\ARM-FreeRTOS\Core\Inc\stm32f1xx_it.h_save
2023-10-13 18:32:23,650 [INFO] CodeEngine:279 - Generated code: C:\Users\e0162112\STM32CubeIDE\workspace_1.13.0\ARM-FreeRTOS\Core\Inc\stm32f1xx_it.h
2023-10-13 18:32:23,718 [INFO] CodeEngine:255 - oldGeneratedFile, C:\Users\e0162112\STM32CubeIDE\workspace_1.13.0\ARM-FreeRTOS\Core\Src\stm32f1xx_hal_msp.c_save
2023-10-13 18:32:23,879 [INFO] CodeEngine:279 - Generated code: C:\Users\e0162112\STM32CubeIDE\workspace_1.13.0\ARM-FreeRTOS\Core\Src\stm32f1xx_hal_msp.c
2023-10-13 18:32:23,901 [INFO] CodeEngine:255 - oldGeneratedFile, C:\Users\e0162112\STM32CubeIDE\workspace_1.13.0\ARM-FreeRTOS\MXTmpFiles\system.tmp_save
2023-10-13 18:32:23,990 [INFO] CodeEngine:279 - Generated code: C:\Users\e0162112\STM32CubeIDE\workspace_1.13.0\ARM-FreeRTOS\MXTmpFiles\system.tmp
2023-10-13 18:32:24,005 [INFO] CodeEngine:255 - oldGeneratedFile, C:\Users\e0162112\STM32CubeIDE\workspace_1.13.0\ARM-FreeRTOS\Core\Src\stm32f1xx_hal_timebase_tim.c_save
2023-10-13 18:32:24,082 [INFO] CodeEngine:279 - Generated code: C:\Users\e0162112\STM32CubeIDE\workspace_1.13.0\ARM-FreeRTOS\Core\Src\stm32f1xx_hal_timebase_tim.c
2023-10-13 18:32:24,109 [INFO] CodeEngine:311 - oldGeneratedFile, C:\Users\e0162112\STM32CubeIDE\workspace_1.13.0\ARM-FreeRTOS\Core\Inc\stm32f1xx_hal_conf.h_save
2023-10-13 18:32:24,181 [INFO] CodeEngine:335 - Generated code: C:\Users\e0162112\STM32CubeIDE\workspace_1.13.0\ARM-FreeRTOS\Core\Inc\stm32f1xx_hal_conf.h
2023-10-13 18:32:24,214 [INFO] CodeEngine:255 - oldGeneratedFile, C:\Users\e0162112\STM32CubeIDE\workspace_1.13.0\ARM-FreeRTOS\Core\Inc\main.h_save
2023-10-13 18:32:24,273 [INFO] CodeEngine:279 - Generated code: C:\Users\e0162112\STM32CubeIDE\workspace_1.13.0\ARM-FreeRTOS\Core\Inc\main.h
2023-10-13 18:32:24,284 [INFO] CodeEngine:255 - oldGeneratedFile, C:\Users\e0162112\STM32CubeIDE\workspace_1.13.0\ARM-FreeRTOS\Core\Src\main.c_save
2023-10-13 18:32:24,394 [INFO] CodeEngine:279 - Generated code: C:\Users\e0162112\STM32CubeIDE\workspace_1.13.0\ARM-FreeRTOS\Core\Src\main.c
2023-10-13 18:32:25,009 [INFO] ProjectBuilder:3064 - Time for Copy HAL[1] : 277mS.
2023-10-13 18:32:25,015 [INFO] ProjectBuilder:4404 - Project Generator version: 4.1.0
2023-10-13 18:32:25,252 [INFO] ConfigFileManager:1457 - The Die is : DIE410
2023-10-13 18:32:26,968 [INFO] ProjectBuilder:4626 - Time for Generating toolchain IDE Files: 1953mS.
2023-10-13 18:32:26,970 [INFO] ProjectBuilder:2935 - Time for Copy CMSIS : 2mS.
2023-10-13 18:32:26,974 [INFO] ProjectBuilder:2935 - Time for Copy CMSIS : 1mS.
2023-10-13 19:43:01,267 [INFO] UtilMem:75 - End SaveConfig() Used Memory: 711296784 Bytes (1073741824)
2023-10-13 19:43:01,671 [INFO] UtilMem:75 - End SaveConfig() Used Memory: 770543376 Bytes (1073741824)
2023-10-13 19:43:01,829 [INFO] BlockDiagram:2759 - set Specific Code input for plugin: NVIC
2023-10-13 19:43:01,829 [INFO] BlockDiagram:2759 - set Specific Code input for plugin: SYS
2023-10-13 19:43:01,829 [INFO] BlockDiagram:2759 - set Specific Code input for plugin: GPIO
2023-10-13 19:43:01,829 [INFO] BlockDiagram:2759 - set Specific Code input for plugin: RCC
2023-10-13 19:43:01,832 [INFO] CodeGenerator:799 - code generatio: config db path: C:\ST\STM32CubeIDE_1.13.0\STM32CubeIDE\plugins\com.st.stm32cube.common.mx_6.9.0.202307051724\\db\
2023-10-13 19:43:01,974 [INFO] CodeEngine:255 - oldGeneratedFile, C:\Users\e0162112\STM32CubeIDE\workspace_1.13.0\ARM-FreeRTOS\MXTmpFiles\license.tmp_save
2023-10-13 19:43:02,047 [INFO] CodeEngine:279 - Generated code: C:\Users\e0162112\STM32CubeIDE\workspace_1.13.0\ARM-FreeRTOS\MXTmpFiles\license.tmp
2023-10-13 19:43:02,088 [INFO] CodeEngine:255 - oldGeneratedFile, C:\Users\e0162112\STM32CubeIDE\workspace_1.13.0\ARM-FreeRTOS\MXTmpFiles\gpio.tmp_save
2023-10-13 19:43:02,171 [INFO] CodeEngine:279 - Generated code: C:\Users\e0162112\STM32CubeIDE\workspace_1.13.0\ARM-FreeRTOS\MXTmpFiles\gpio.tmp
2023-10-13 19:43:02,196 [INFO] CodeEngine:255 - oldGeneratedFile, C:\Users\e0162112\STM32CubeIDE\workspace_1.13.0\ARM-FreeRTOS\Core\Src\stm32f1xx_it.c_save
2023-10-13 19:43:02,298 [INFO] CodeEngine:279 - Generated code: C:\Users\e0162112\STM32CubeIDE\workspace_1.13.0\ARM-FreeRTOS\Core\Src\stm32f1xx_it.c
2023-10-13 19:43:02,309 [INFO] CodeEngine:255 - oldGeneratedFile, C:\Users\e0162112\STM32CubeIDE\workspace_1.13.0\ARM-FreeRTOS\Core\Inc\stm32f1xx_it.h_save
2023-10-13 19:43:02,367 [INFO] CodeEngine:279 - Generated code: C:\Users\e0162112\STM32CubeIDE\workspace_1.13.0\ARM-FreeRTOS\Core\Inc\stm32f1xx_it.h
2023-10-13 19:43:02,389 [INFO] CodeEngine:255 - oldGeneratedFile, C:\Users\e0162112\STM32CubeIDE\workspace_1.13.0\ARM-FreeRTOS\Core\Src\stm32f1xx_hal_msp.c_save
2023-10-13 19:43:02,520 [INFO] CodeEngine:279 - Generated code: C:\Users\e0162112\STM32CubeIDE\workspace_1.13.0\ARM-FreeRTOS\Core\Src\stm32f1xx_hal_msp.c
2023-10-13 19:43:02,533 [INFO] CodeEngine:255 - oldGeneratedFile, C:\Users\e0162112\STM32CubeIDE\workspace_1.13.0\ARM-FreeRTOS\MXTmpFiles\system.tmp_save
2023-10-13 19:43:02,616 [INFO] CodeEngine:279 - Generated code: C:\Users\e0162112\STM32CubeIDE\workspace_1.13.0\ARM-FreeRTOS\MXTmpFiles\system.tmp
2023-10-13 19:43:02,635 [INFO] CodeEngine:255 - oldGeneratedFile, C:\Users\e0162112\STM32CubeIDE\workspace_1.13.0\ARM-FreeRTOS\Core\Src\stm32f1xx_hal_timebase_tim.c_save
2023-10-13 19:43:02,733 [INFO] CodeEngine:279 - Generated code: C:\Users\e0162112\STM32CubeIDE\workspace_1.13.0\ARM-FreeRTOS\Core\Src\stm32f1xx_hal_timebase_tim.c
2023-10-13 19:43:02,763 [INFO] CodeEngine:311 - oldGeneratedFile, C:\Users\e0162112\STM32CubeIDE\workspace_1.13.0\ARM-FreeRTOS\Core\Inc\stm32f1xx_hal_conf.h_save
2023-10-13 19:43:02,821 [INFO] CodeEngine:335 - Generated code: C:\Users\e0162112\STM32CubeIDE\workspace_1.13.0\ARM-FreeRTOS\Core\Inc\stm32f1xx_hal_conf.h
2023-10-13 19:43:02,854 [INFO] CodeEngine:255 - oldGeneratedFile, C:\Users\e0162112\STM32CubeIDE\workspace_1.13.0\ARM-FreeRTOS\Core\Inc\main.h_save
2023-10-13 19:43:02,966 [INFO] CodeEngine:279 - Generated code: C:\Users\e0162112\STM32CubeIDE\workspace_1.13.0\ARM-FreeRTOS\Core\Inc\main.h
2023-10-13 19:43:02,978 [INFO] CodeEngine:255 - oldGeneratedFile, C:\Users\e0162112\STM32CubeIDE\workspace_1.13.0\ARM-FreeRTOS\Core\Src\main.c_save
2023-10-13 19:43:03,080 [INFO] CodeEngine:279 - Generated code: C:\Users\e0162112\STM32CubeIDE\workspace_1.13.0\ARM-FreeRTOS\Core\Src\main.c
2023-10-13 19:43:03,628 [INFO] ProjectBuilder:3064 - Time for Copy HAL[1] : 269mS.
2023-10-13 19:43:03,631 [INFO] ProjectBuilder:4404 - Project Generator version: 4.1.0
2023-10-13 19:43:03,744 [INFO] ConfigFileManager:1457 - The Die is : DIE410
2023-10-13 19:43:05,112 [INFO] ProjectBuilder:4626 - Time for Generating toolchain IDE Files: 1481mS.
2023-10-13 19:43:05,113 [INFO] ProjectBuilder:2935 - Time for Copy CMSIS : 1mS.
2023-10-13 19:43:05,117 [INFO] ProjectBuilder:2935 - Time for Copy CMSIS : 0mS.
