2023-08-19 12:28:57,533 [INFO] MainUpdater:2868 - connection check result : 10
2023-08-19 12:28:57,548 [INFO] MainUpdater:2868 - connection check result : 10
2023-08-19 12:28:57,950 [INFO] MicroXplorer:468 - Change Database Path : 
2023-08-19 12:28:57,950 [INFO] MicroXplorer:498 - Change Database Version : DB.6.0.90
2023-08-19 12:28:57,967 [WARN] ThirdParty:871 - waiting for thirdparty lock release [close project]
2023-08-19 12:28:57,967 [INFO] ThirdParty:873 - entering critical section [close project]
2023-08-19 12:28:57,967 [INFO] ThirdParty:883 - exiting critical section [close project]
2023-08-19 12:28:57,968 [INFO] PinOutPanel:1499 - setPackage(No Configuration,No Configuration)
2023-08-19 12:28:57,975 [WARN] IpParametersView:151 - Warning: This peripheral hasn't parameters
2023-08-19 12:28:57,981 [WARN] MainPanel:272 - <html><b><center>Warning: This peripheral has no parameters to be configured<br></b></html>
2023-08-19 12:28:57,986 [INFO] UtilMem:75 - Begin LoadConfig() Used Memory: 421553696 Bytes (566231040)
2023-08-19 12:28:57,987 [INFO] MicroXplorer:468 - Change Database Path : 
2023-08-19 12:28:57,987 [INFO] MicroXplorer:498 - Change Database Version : DB.6.0.90
2023-08-19 12:28:57,987 [INFO] OpenFileManager:308 - Change cursor
2023-08-19 12:28:58,028 [INFO] RulesReader:64 - Compatibility file has been processed (293 Rules)
2023-08-19 12:28:58,050 [INFO] Mcu:1946 - Initializing MCU STM32F103C(4-6)Tx STM32F103C6Tx STM32F103C6T6A
2023-08-19 12:28:58,423 [INFO] Context:659 - Trying to add GPIOservice into a context  which must be forbidden
2023-08-19 12:28:58,694 [INFO] RtosManager:555 - Registered RTOS mode: class=CMSIS, group=RTOS, mode=CMSIS_V1, owner=FREERTOS
2023-08-19 12:28:58,694 [INFO] RtosManager:555 - Registered RTOS mode: class=CMSIS, group=RTOS2, mode=CMSIS_V2, owner=FREERTOS
2023-08-19 12:28:58,694 [INFO] RtosManager:555 - Registered RTOS mode: class=RTOS, group=Core, mode=CMSIS_V1, owner=FREERTOS
2023-08-19 12:28:58,695 [INFO] RtosManager:555 - Registered RTOS mode: class=RTOS, group=Core, mode=CMSIS_V2, owner=FREERTOS
2023-08-19 12:28:58,695 [WARN] ModelIntegratedComponent:184 - Missing modes for component STMicroelectronics:FreeRTOS:0.0.1:STMicroelectronics:RTOS:FreeRTOS:Core:::10.2.0:
2023-08-19 12:28:58,702 [WARN] ModelIntegratedComponent:63 - No mode defined for component null
2023-08-19 12:28:58,702 [WARN] ModelIntegratedComponent:63 - No mode defined for component null
2023-08-19 12:28:58,702 [WARN] ModelIntegratedComponent:63 - No mode defined for component null
2023-08-19 12:28:58,702 [WARN] ModelIntegratedComponent:63 - No mode defined for component null
2023-08-19 12:28:58,702 [WARN] ModelIntegratedComponent:63 - No mode defined for component null
2023-08-19 12:28:58,702 [WARN] ModelIntegratedComponent:63 - No mode defined for component null
2023-08-19 12:28:58,702 [WARN] ModelIntegratedComponent:63 - No mode defined for component null
2023-08-19 12:28:58,703 [WARN] ModelIntegratedComponent:63 - No mode defined for component null
2023-08-19 12:28:58,703 [WARN] ModelIntegratedComponent:63 - No mode defined for component null
2023-08-19 12:28:58,703 [WARN] ModelIntegratedComponent:63 - No mode defined for component null
2023-08-19 12:28:58,703 [WARN] ModelIntegratedComponent:63 - No mode defined for component null
2023-08-19 12:28:58,703 [WARN] ModelIntegratedComponent:63 - No mode defined for component null
2023-08-19 12:28:58,703 [WARN] ModelIntegratedComponent:63 - No mode defined for component null
2023-08-19 12:28:58,703 [WARN] ModelIntegratedComponent:63 - No mode defined for component null
2023-08-19 12:28:58,703 [WARN] ModelIntegratedComponent:63 - No mode defined for component null
2023-08-19 12:28:58,703 [WARN] ModelIntegratedComponent:63 - No mode defined for component null
2023-08-19 12:28:58,703 [WARN] ModelIntegratedComponent:63 - No mode defined for component null
2023-08-19 12:28:58,703 [WARN] ModelIntegratedComponent:63 - No mode defined for component null
2023-08-19 12:28:58,703 [WARN] ModelIntegratedComponent:63 - No mode defined for component null
2023-08-19 12:28:58,703 [WARN] ModelIntegratedComponent:63 - No mode defined for component null
2023-08-19 12:28:58,703 [WARN] ModelIntegratedComponent:63 - No mode defined for component null
2023-08-19 12:28:58,703 [WARN] ModelIntegratedComponent:63 - No mode defined for component null
2023-08-19 12:28:58,703 [WARN] ModelIntegratedComponent:63 - No mode defined for component null
2023-08-19 12:28:58,704 [WARN] ModelIntegratedComponent:63 - No mode defined for component null
2023-08-19 12:28:58,704 [WARN] ModelIntegratedComponent:63 - No mode defined for component null
2023-08-19 12:28:58,704 [WARN] ModelIntegratedComponent:63 - No mode defined for component null
2023-08-19 12:28:58,704 [WARN] ModelIntegratedComponent:63 - No mode defined for component null
2023-08-19 12:28:58,704 [WARN] ModelIntegratedComponent:63 - No mode defined for component null
2023-08-19 12:28:58,704 [WARN] ModelIntegratedComponent:63 - No mode defined for component null
2023-08-19 12:28:58,704 [WARN] ModelIntegratedComponent:63 - No mode defined for component null
2023-08-19 12:28:58,704 [WARN] ModelIntegratedComponent:63 - No mode defined for component null
2023-08-19 12:28:58,704 [WARN] ModelIntegratedComponent:63 - No mode defined for component null
2023-08-19 12:28:58,704 [WARN] ModelIntegratedComponent:63 - No mode defined for component null
2023-08-19 12:28:58,715 [INFO] ThirdPartyModel:298 - Start build external matchings
2023-08-19 12:28:59,060 [INFO] ThirdPartyModel:316 - End build external matchings
2023-08-19 12:28:59,244 [INFO] UtilMem:75 - End LoadConfig() Used Memory: 311770224 Bytes (566231040)
2023-08-19 12:28:59,251 [INFO] ApiDb:581 - Connected to CubeFinder SQLite database (C:\Users\e0162112\.stmcufinder\plugins\mcufinder\mcu\cube-finder-db.db)
2023-08-19 12:28:59,467 [WARN] ThirdParty:833 - waiting for thirdparty lock release [change project]
2023-08-19 12:28:59,468 [INFO] ThirdParty:835 - entering critical section [change project]
2023-08-19 12:28:59,468 [INFO] ThirdParty:1030 - CMSIS Pack Vendor :STMicroelectronics X-CUBE-ISPU 1.1.0
2023-08-19 12:28:59,468 [INFO] ThirdParty:1030 - CMSIS Pack Vendor :STMicroelectronics USBPD 4.1
2023-08-19 12:28:59,468 [INFO] ThirdParty:1030 - CMSIS Pack Vendor :STMicroelectronics X-CUBE-GNSS1 6.0.0
2023-08-19 12:28:59,468 [INFO] ThirdParty:1030 - CMSIS Pack Vendor :STMicroelectronics USB_HOST 2.0.0
2023-08-19 12:28:59,468 [INFO] ThirdParty:1030 - CMSIS Pack Vendor :STMicroelectronics X-CUBE-AZRTOS-F4 1.1.0
2023-08-19 12:28:59,468 [INFO] ThirdParty:1030 - CMSIS Pack Vendor :STMicroelectronics LIBJPEG 8.0.0
2023-08-19 12:28:59,468 [INFO] ThirdParty:1030 - CMSIS Pack Vendor :wolfSSL I-CUBE-wolfSSL 5.6.3
2023-08-19 12:28:59,468 [INFO] ThirdParty:1030 - CMSIS Pack Vendor :STMicroelectronics X-CUBE-SMBUS 2.1.0
2023-08-19 12:28:59,468 [INFO] ThirdParty:1030 - CMSIS Pack Vendor :STMicroelectronics USB_DEVICE 3.0.0
2023-08-19 12:28:59,468 [INFO] ThirdParty:1030 - CMSIS Pack Vendor :STMicroelectronics X-CUBE-AZRTOS-WB 2.0.0
2023-08-19 12:28:59,468 [INFO] ThirdParty:1030 - CMSIS Pack Vendor :STMicroelectronics X-CUBE-FREERTOS 1.0.1
2023-08-19 12:28:59,468 [INFO] ThirdParty:1030 - CMSIS Pack Vendor :STMicroelectronics X-CUBE-AZRTOS-F7 1.1.0
2023-08-19 12:28:59,468 [INFO] ThirdParty:1030 - CMSIS Pack Vendor :STMicroelectronics X-CUBE-AZRTOS-L5 2.0.0
2023-08-19 12:28:59,468 [INFO] ThirdParty:1030 - CMSIS Pack Vendor :STMicroelectronics USB_DEVICE 2.0.0
2023-08-19 12:28:59,468 [INFO] ThirdParty:1030 - CMSIS Pack Vendor :STMicroelectronics X-CUBE-MEMS1 9.6.0
2023-08-19 12:28:59,468 [INFO] ThirdParty:1030 - CMSIS Pack Vendor :STMicroelectronics FP-SNS-MOTENV1 4.3.2
2023-08-19 12:28:59,468 [INFO] ThirdParty:1030 - CMSIS Pack Vendor :STMicroelectronics X-CUBE-ALGOBUILD 1.3.0
2023-08-19 12:28:59,468 [INFO] ThirdParty:1030 - CMSIS Pack Vendor :STMicroelectronics X-CUBE-BLE1 6.2.4
2023-08-19 12:28:59,468 [INFO] ThirdParty:1030 - CMSIS Pack Vendor :STMicroelectronics X-CUBE-AZRTOS-L5 1.1.0
2023-08-19 12:28:59,468 [INFO] ThirdParty:1030 - CMSIS Pack Vendor :STMicroelectronics FreeRTOS 0.0.1
2023-08-19 12:28:59,468 [INFO] ThirdParty:1030 - CMSIS Pack Vendor :STMicroelectronics X-CUBE-AZRTOS-G0 1.1.0
2023-08-19 12:28:59,468 [INFO] ThirdParty:1030 - CMSIS Pack Vendor :STMicroelectronics X-CUBE-BLEMGR 2.0.0
2023-08-19 12:28:59,468 [INFO] ThirdParty:1030 - CMSIS Pack Vendor :STMicroelectronics X-CUBE-AI 8.0.1
2023-08-19 12:28:59,468 [INFO] ThirdParty:1030 - CMSIS Pack Vendor :STMicroelectronics X-CUBE-NFC4 3.0.0
2023-08-19 12:28:59,468 [INFO] ThirdParty:1030 - CMSIS Pack Vendor :STMicroelectronics X-CUBE-SUBG2 5.0.0
2023-08-19 12:28:59,468 [INFO] ThirdParty:1030 - CMSIS Pack Vendor :STMicroelectronics STM32_WPAN 1.0.0
2023-08-19 12:28:59,469 [INFO] ThirdParty:1030 - CMSIS Pack Vendor :STMicroelectronics lwIP 2.0.3
2023-08-19 12:28:59,469 [INFO] ThirdParty:1030 - CMSIS Pack Vendor :STMicroelectronics FP-SNS-FLIGHT1 5.0.2
2023-08-19 12:28:59,469 [INFO] ThirdParty:1030 - CMSIS Pack Vendor :STMicroelectronics USB_HOST 1.0.0
2023-08-19 12:28:59,469 [INFO] ThirdParty:1030 - CMSIS Pack Vendor :STMicroelectronics X-CUBE-TOF1 3.3.1
2023-08-19 12:28:59,469 [INFO] ThirdParty:1030 - CMSIS Pack Vendor :STMicroelectronics X-CUBE-AZRTOS-G4 2.0.0
2023-08-19 12:28:59,469 [INFO] ThirdParty:1030 - CMSIS Pack Vendor :STMicroelectronics PDM2PCM 3.1.0
2023-08-19 12:28:59,469 [INFO] ThirdParty:1030 - CMSIS Pack Vendor :STMicroelectronics X-CUBE-AZRTOS-H7 3.1.0
2023-08-19 12:28:59,469 [INFO] ThirdParty:1030 - CMSIS Pack Vendor :STMicroelectronics PDM2PCM 3.3.0
2023-08-19 12:28:59,469 [INFO] ThirdParty:1030 - CMSIS Pack Vendor :STMicroelectronics X-CUBE-DISPLAY 3.0.0
2023-08-19 12:28:59,469 [INFO] ThirdParty:1030 - CMSIS Pack Vendor :STMicroelectronics X-CUBE-BLE1 7.0.0
2023-08-19 12:28:59,469 [INFO] ThirdParty:1030 - CMSIS Pack Vendor :STMicroelectronics FP-ATR-SIGFOX1 3.2.0
2023-08-19 12:28:59,469 [INFO] ThirdParty:1030 - CMSIS Pack Vendor :STMicroelectronics HAL Drivers 0.0.0
2023-08-19 12:28:59,469 [INFO] ThirdParty:1030 - CMSIS Pack Vendor :STMicroelectronics MBEDTLS 2.16.2
2023-08-19 12:28:59,469 [INFO] ThirdParty:1030 - CMSIS Pack Vendor :emotas I-CUBE-CANOPEN 1.3.0
2023-08-19 12:28:59,469 [INFO] ThirdParty:1030 - CMSIS Pack Vendor :STMicroelectronics X-CUBE-TOUCHGFX 4.22.0
2023-08-19 12:28:59,469 [INFO] ThirdParty:1030 - CMSIS Pack Vendor :STMicroelectronics X-CUBE-NFC7 1.0.1
2023-08-19 12:28:59,469 [INFO] ThirdParty:1030 - CMSIS Pack Vendor :STMicroelectronics MBEDTLS 2.14.1
2023-08-19 12:28:59,469 [INFO] ThirdParty:1030 - CMSIS Pack Vendor :STMicroelectronics X-CUBE-EEPRMA1 4.1.0
2023-08-19 12:28:59,469 [INFO] ThirdParty:1030 - CMSIS Pack Vendor :portGmbH I-Cube-SoM-uGOAL 1.1.0
2023-08-19 12:28:59,469 [INFO] ThirdParty:1030 - CMSIS Pack Vendor :STMicroelectronics X-CUBE-ALS 1.0.1
2023-08-19 12:28:59,469 [INFO] ThirdParty:1030 - CMSIS Pack Vendor :STMicroelectronics ThreadX 1.0.0
2023-08-19 12:28:59,469 [INFO] ThirdParty:1030 - CMSIS Pack Vendor :STMicroelectronics X-CUBE-AZRTOS-WB 1.1.0
2023-08-19 12:28:59,469 [INFO] ThirdParty:1030 - CMSIS Pack Vendor :STMicroelectronics X-CUBE-AZRTOS-WL 2.0.0
2023-08-19 12:28:59,469 [INFO] ThirdParty:1030 - CMSIS Pack Vendor :SEGGER I-CUBE-embOS 1.3.1
2023-08-19 12:28:59,469 [INFO] ThirdParty:1030 - CMSIS Pack Vendor :STMicroelectronics USB_DEVICE 1.0.0
2023-08-19 12:28:59,469 [INFO] ThirdParty:1030 - CMSIS Pack Vendor :STMicroelectronics X-CUBE-AI 8.1.0
2023-08-19 12:28:59,469 [INFO] ThirdParty:1030 - CMSIS Pack Vendor :STMicroelectronics X-CUBE-AZRTOS-L4 2.0.0
2023-08-19 12:28:59,469 [INFO] ThirdParty:1030 - CMSIS Pack Vendor :STMicroelectronics ThreadX 0.0.2
2023-08-19 12:28:59,469 [INFO] ThirdParty:1030 - CMSIS Pack Vendor :WES I-CUBE-Cesium 1.3.0
2023-08-19 12:28:59,469 [INFO] ThirdParty:1030 - CMSIS Pack Vendor :STMicroelectronics FP-ATR-ASTRA1 2.0.0
2023-08-19 12:28:59,469 [INFO] ThirdParty:1030 - CMSIS Pack Vendor :STMicroelectronics lwIP 2.1.2
2023-08-19 12:28:59,469 [INFO] ThirdParty:1030 - CMSIS Pack Vendor :STMicroelectronics X-CUBE-SFXS2LP1 4.0.0
2023-08-19 12:28:59,469 [INFO] ThirdParty:1030 - CMSIS Pack Vendor :STMicroelectronics X-CUBE-BLE2 3.3.0
2023-08-19 12:28:59,470 [INFO] ThirdParty:1030 - CMSIS Pack Vendor :STMicroelectronics PDM2PCM 3.2.0
2023-08-19 12:28:59,470 [INFO] ThirdParty:841 - exiting critical section [change project]
2023-08-19 12:28:59,579 [INFO] PinOutPanel:1499 - setPackage(No Configuration,No Configuration)
2023-08-19 12:28:59,580 [INFO] PinOutPanel:1499 - setPackage(STM32F103C6Tx,LQFP48)
2023-08-19 12:28:59,780 [INFO] UtilMem:75 - Before build in PCC Used Memory: 380828944 Bytes (566231040)
2023-08-19 12:29:00,072 [INFO] UtilMem:75 - After build in PCC Used Memory: 422245648 Bytes (566231040)
2023-08-19 12:29:00,094 [INFO] IPUIPlugin:80 - create IPUIPlugin
2023-08-19 12:29:00,095 [INFO] IPUIPlugin:80 - create IPUIPlugin
2023-08-19 12:29:00,095 [INFO] IPUIPlugin:80 - create IPUIPlugin
2023-08-19 12:29:00,095 [INFO] IPUIPlugin:80 - create IPUIPlugin
2023-08-19 12:29:00,095 [INFO] IPUIPlugin:80 - create IPUIPlugin
2023-08-19 12:29:00,095 [INFO] IPUIPlugin:80 - create IPUIPlugin
2023-08-19 12:29:00,095 [INFO] IPUIPlugin:80 - create IPUIPlugin
2023-08-19 12:29:00,095 [INFO] IPUIPlugin:80 - create IPUIPlugin
2023-08-19 12:29:00,095 [INFO] IPUIPlugin:80 - create IPUIPlugin
2023-08-19 12:29:00,095 [INFO] IPUIPlugin:80 - create IPUIPlugin
2023-08-19 12:29:00,096 [INFO] IPUIPlugin:80 - create IPUIPlugin
2023-08-19 12:29:00,096 [INFO] IPUIPlugin:80 - create IPUIPlugin
2023-08-19 12:29:00,096 [INFO] IPUIPlugin:80 - create IPUIPlugin
2023-08-19 12:29:00,096 [INFO] IPUIPlugin:80 - create IPUIPlugin
2023-08-19 12:29:00,096 [INFO] IPUIPlugin:80 - create IPUIPlugin
2023-08-19 12:29:00,096 [INFO] IPUIPlugin:80 - create IPUIPlugin
2023-08-19 12:29:00,096 [INFO] IPUIPlugin:80 - create IPUIPlugin
2023-08-19 12:29:00,096 [INFO] IPUIPlugin:80 - create IPUIPlugin
2023-08-19 12:29:00,097 [INFO] IPUIPlugin:80 - create IPUIPlugin
2023-08-19 12:29:00,097 [INFO] IPUIPlugin:80 - create IPUIPlugin
2023-08-19 12:29:00,097 [INFO] IPUIPlugin:80 - create IPUIPlugin
2023-08-19 12:29:00,097 [INFO] IPUIPlugin:80 - create IPUIPlugin
2023-08-19 12:29:00,097 [INFO] IPUIPlugin:80 - create IPUIPlugin
2023-08-19 12:29:00,138 [INFO] CADModel:165 - CPN selected for project levelSTM32F103C6T6A
2023-08-19 12:29:00,138 [INFO] CADModel:114 - Register for checkConnection events
2023-08-19 12:29:00,184 [INFO] OpenFileManager:328 - Restore cursor
2023-08-19 12:56:12,110 [INFO] NvicIntPanel:101 - NVIC parent = com.st.microxplorer.plugins.ip.nvic.MultiNvicIntPanel[,0,0,0x0,invalid,layout=javax.swing.BoxLayout,alignmentX=0.0,alignmentY=0.0,border=,flags=9,maximumSize=,minimumSize=,preferredSize=]
2023-08-19 12:57:02,366 [INFO] UtilMem:75 - End SaveConfig() Used Memory: 466362104 Bytes (625999872)
2023-08-19 12:57:09,899 [INFO] UtilMem:75 - End SaveConfig() Used Memory: 503062264 Bytes (625999872)
2023-08-19 12:57:10,287 [INFO] BlockDiagram:2759 - set Specific Code input for plugin: NVIC
2023-08-19 12:57:10,288 [INFO] BlockDiagram:2759 - set Specific Code input for plugin: SYS
2023-08-19 12:57:10,288 [INFO] BlockDiagram:2759 - set Specific Code input for plugin: GPIO
2023-08-19 12:57:10,288 [INFO] BlockDiagram:2759 - set Specific Code input for plugin: RCC
2023-08-19 12:57:10,293 [INFO] CodeGenerator:799 - code generatio: config db path: C:\ST\STM32CubeIDE_1.13.0\STM32CubeIDE\plugins\com.st.stm32cube.common.mx_6.9.0.202307051724\\db\
2023-08-19 12:57:10,489 [INFO] CodeEngine:255 - oldGeneratedFile, C:\Users\e0162112\STM32CubeIDE\workspace_1.13.0\test arm\MXTmpFiles\license.tmp_save
2023-08-19 12:57:10,801 [INFO] CodeEngine:279 - Generated code: C:\Users\e0162112\STM32CubeIDE\workspace_1.13.0\test arm\MXTmpFiles\license.tmp
2023-08-19 12:57:10,848 [INFO] CodeEngine:255 - oldGeneratedFile, C:\Users\e0162112\STM32CubeIDE\workspace_1.13.0\test arm\MXTmpFiles\gpio.tmp_save
2023-08-19 12:57:10,966 [INFO] CodeEngine:279 - Generated code: C:\Users\e0162112\STM32CubeIDE\workspace_1.13.0\test arm\MXTmpFiles\gpio.tmp
2023-08-19 12:57:11,001 [INFO] CodeEngine:255 - oldGeneratedFile, C:\Users\e0162112\STM32CubeIDE\workspace_1.13.0\test arm\Core\Src\stm32f1xx_it.c_save
2023-08-19 12:57:11,139 [INFO] CodeEngine:279 - Generated code: C:\Users\e0162112\STM32CubeIDE\workspace_1.13.0\test arm\Core\Src\stm32f1xx_it.c
2023-08-19 12:57:11,159 [INFO] CodeEngine:255 - oldGeneratedFile, C:\Users\e0162112\STM32CubeIDE\workspace_1.13.0\test arm\Core\Inc\stm32f1xx_it.h_save
2023-08-19 12:57:11,248 [INFO] CodeEngine:279 - Generated code: C:\Users\e0162112\STM32CubeIDE\workspace_1.13.0\test arm\Core\Inc\stm32f1xx_it.h
2023-08-19 12:57:11,280 [INFO] CodeEngine:255 - oldGeneratedFile, C:\Users\e0162112\STM32CubeIDE\workspace_1.13.0\test arm\Core\Src\stm32f1xx_hal_msp.c_save
2023-08-19 12:57:11,377 [INFO] CodeEngine:279 - Generated code: C:\Users\e0162112\STM32CubeIDE\workspace_1.13.0\test arm\Core\Src\stm32f1xx_hal_msp.c
2023-08-19 12:57:11,387 [INFO] CodeEngine:255 - oldGeneratedFile, C:\Users\e0162112\STM32CubeIDE\workspace_1.13.0\test arm\MXTmpFiles\system.tmp_save
2023-08-19 12:57:11,443 [INFO] CodeEngine:279 - Generated code: C:\Users\e0162112\STM32CubeIDE\workspace_1.13.0\test arm\MXTmpFiles\system.tmp
2023-08-19 12:57:11,466 [INFO] CodeEngine:311 - oldGeneratedFile, C:\Users\e0162112\STM32CubeIDE\workspace_1.13.0\test arm\Core\Inc\stm32f1xx_hal_conf.h_save
2023-08-19 12:57:11,544 [INFO] CodeEngine:335 - Generated code: C:\Users\e0162112\STM32CubeIDE\workspace_1.13.0\test arm\Core\Inc\stm32f1xx_hal_conf.h
2023-08-19 12:57:11,589 [INFO] CodeEngine:255 - oldGeneratedFile, C:\Users\e0162112\STM32CubeIDE\workspace_1.13.0\test arm\Core\Inc\main.h_save
2023-08-19 12:57:11,680 [INFO] CodeEngine:279 - Generated code: C:\Users\e0162112\STM32CubeIDE\workspace_1.13.0\test arm\Core\Inc\main.h
2023-08-19 12:57:11,696 [INFO] CodeEngine:255 - oldGeneratedFile, C:\Users\e0162112\STM32CubeIDE\workspace_1.13.0\test arm\Core\Src\main.c_save
2023-08-19 12:57:11,853 [INFO] CodeEngine:279 - Generated code: C:\Users\e0162112\STM32CubeIDE\workspace_1.13.0\test arm\Core\Src\main.c
2023-08-19 12:57:12,569 [INFO] ProjectBuilder:3064 - Time for Copy HAL[1] : 334mS.
2023-08-19 12:57:12,577 [INFO] ProjectBuilder:4404 - Project Generator version: 4.1.0
2023-08-19 12:57:12,707 [INFO] ConfigFileManager:1457 - The Die is : DIE412
2023-08-19 12:57:12,715 [INFO] ApiDbMcu:507 - Load IP Config File for FATFS
2023-08-19 12:57:12,758 [INFO] ApiDbMcu:507 - Load IP Config File for FREERTOS
2023-08-19 12:57:12,766 [INFO] ApiDbMcu:507 - Load IP Config File for USB_DEVICE
