2023-09-28 10:40:01,794 [INFO] MainUpdater:2868 - connection check result : 10
2023-09-28 10:40:01,803 [INFO] MainUpdater:2868 - connection check result : 10
2023-09-28 10:40:01,860 [INFO] MicroXplorer:468 - Change Database Path : 
2023-09-28 10:40:01,860 [INFO] MicroXplorer:498 - Change Database Version : DB.6.0.90
2023-09-28 10:40:01,888 [WARN] ThirdParty:871 - waiting for thirdparty lock release [close project]
2023-09-28 10:40:01,888 [INFO] ThirdParty:873 - entering critical section [close project]
2023-09-28 10:40:01,888 [INFO] ThirdParty:883 - exiting critical section [close project]
2023-09-28 10:40:01,890 [INFO] PinOutPanel:1499 - setPackage(No Configuration,No Configuration)
2023-09-28 10:40:01,893 [INFO] UtilMem:75 - Begin LoadConfig() Used Memory: 607504152 Bytes (1073741824)
2023-09-28 10:40:01,895 [INFO] MicroXplorer:468 - Change Database Path : 
2023-09-28 10:40:01,895 [INFO] MicroXplorer:498 - Change Database Version : DB.6.0.90
2023-09-28 10:40:01,895 [INFO] OpenFileManager:308 - Change cursor
2023-09-28 10:40:01,918 [INFO] RulesReader:64 - Compatibility file has been processed (293 Rules)
2023-09-28 10:40:01,922 [INFO] Mcu:1946 - Initializing MCU STM32F103C(8-B)Tx STM32F103C8Tx STM32F103C8T6
2023-09-28 10:40:02,389 [INFO] Context:659 - Trying to add GPIOservice into a context  which must be forbidden
2023-09-28 10:40:02,605 [INFO] RtosManager:555 - Registered RTOS mode: class=CMSIS, group=RTOS, mode=CMSIS_V1, owner=FREERTOS
2023-09-28 10:40:02,605 [INFO] RtosManager:555 - Registered RTOS mode: class=CMSIS, group=RTOS2, mode=CMSIS_V2, owner=FREERTOS
2023-09-28 10:40:02,605 [INFO] RtosManager:555 - Registered RTOS mode: class=RTOS, group=Core, mode=CMSIS_V1, owner=FREERTOS
2023-09-28 10:40:02,605 [INFO] RtosManager:555 - Registered RTOS mode: class=RTOS, group=Core, mode=CMSIS_V2, owner=FREERTOS
2023-09-28 10:40:02,605 [WARN] ModelIntegratedComponent:184 - Missing modes for component STMicroelectronics:FreeRTOS:0.0.1:STMicroelectronics:RTOS:FreeRTOS:Core:::10.2.0:
2023-09-28 10:40:02,613 [WARN] ModelIntegratedComponent:63 - No mode defined for component null
2023-09-28 10:40:02,613 [WARN] ModelIntegratedComponent:63 - No mode defined for component null
2023-09-28 10:40:02,613 [WARN] ModelIntegratedComponent:63 - No mode defined for component null
2023-09-28 10:40:02,613 [WARN] ModelIntegratedComponent:63 - No mode defined for component null
2023-09-28 10:40:02,613 [WARN] ModelIntegratedComponent:63 - No mode defined for component null
2023-09-28 10:40:02,613 [WARN] ModelIntegratedComponent:63 - No mode defined for component null
2023-09-28 10:40:02,613 [WARN] ModelIntegratedComponent:63 - No mode defined for component null
2023-09-28 10:40:02,613 [WARN] ModelIntegratedComponent:63 - No mode defined for component null
2023-09-28 10:40:02,613 [WARN] ModelIntegratedComponent:63 - No mode defined for component null
2023-09-28 10:40:02,613 [WARN] ModelIntegratedComponent:63 - No mode defined for component null
2023-09-28 10:40:02,613 [WARN] ModelIntegratedComponent:63 - No mode defined for component null
2023-09-28 10:40:02,613 [WARN] ModelIntegratedComponent:63 - No mode defined for component null
2023-09-28 10:40:02,613 [WARN] ModelIntegratedComponent:63 - No mode defined for component null
2023-09-28 10:40:02,613 [WARN] ModelIntegratedComponent:63 - No mode defined for component null
2023-09-28 10:40:02,613 [WARN] ModelIntegratedComponent:63 - No mode defined for component null
2023-09-28 10:40:02,613 [WARN] ModelIntegratedComponent:63 - No mode defined for component null
2023-09-28 10:40:02,613 [WARN] ModelIntegratedComponent:63 - No mode defined for component null
2023-09-28 10:40:02,613 [WARN] ModelIntegratedComponent:63 - No mode defined for component null
2023-09-28 10:40:02,613 [WARN] ModelIntegratedComponent:63 - No mode defined for component null
2023-09-28 10:40:02,613 [WARN] ModelIntegratedComponent:63 - No mode defined for component null
2023-09-28 10:40:02,613 [WARN] ModelIntegratedComponent:63 - No mode defined for component null
2023-09-28 10:40:02,613 [WARN] ModelIntegratedComponent:63 - No mode defined for component null
2023-09-28 10:40:02,614 [WARN] ModelIntegratedComponent:63 - No mode defined for component null
2023-09-28 10:40:02,614 [WARN] ModelIntegratedComponent:63 - No mode defined for component null
2023-09-28 10:40:02,614 [WARN] ModelIntegratedComponent:63 - No mode defined for component null
2023-09-28 10:40:02,614 [WARN] ModelIntegratedComponent:63 - No mode defined for component null
2023-09-28 10:40:02,614 [WARN] ModelIntegratedComponent:63 - No mode defined for component null
2023-09-28 10:40:02,614 [WARN] ModelIntegratedComponent:63 - No mode defined for component null
2023-09-28 10:40:02,614 [WARN] ModelIntegratedComponent:63 - No mode defined for component null
2023-09-28 10:40:02,614 [WARN] ModelIntegratedComponent:63 - No mode defined for component null
2023-09-28 10:40:02,614 [WARN] ModelIntegratedComponent:63 - No mode defined for component null
2023-09-28 10:40:02,614 [WARN] ModelIntegratedComponent:63 - No mode defined for component null
2023-09-28 10:40:02,614 [WARN] ModelIntegratedComponent:63 - No mode defined for component null
2023-09-28 10:40:02,622 [INFO] ThirdPartyModel:298 - Start build external matchings
2023-09-28 10:40:02,904 [INFO] ThirdPartyModel:316 - End build external matchings
2023-09-28 10:40:02,917 [INFO] ImportTextPane:194 - (OptionalMessage_ERROR) IP (RCC) : Invalid parameter (FamilyName)
2023-09-28 10:40:02,917 [INFO] ImportTextPane:194 - (OptionalMessage_ERROR) IP (RCC) : Parameter (MCOFreq_Value) has invalid value (72000000)
2023-09-28 10:40:02,917 [INFO] ImportTextPane:194 - (OptionalMessage_ERROR) IP (RCC) : Parameter (USBFreq_Value) has invalid value (72000000)
2023-09-28 10:40:03,097 [INFO] UtilMem:75 - End LoadConfig() Used Memory: 876093072 Bytes (1073741824)
2023-09-28 10:40:03,139 [WARN] ThirdParty:833 - waiting for thirdparty lock release [change project]
2023-09-28 10:40:03,139 [INFO] ThirdParty:835 - entering critical section [change project]
2023-09-28 10:40:03,139 [INFO] ThirdParty:1030 - CMSIS Pack Vendor :STMicroelectronics X-CUBE-ISPU 1.1.0
2023-09-28 10:40:03,139 [INFO] ThirdParty:1030 - CMSIS Pack Vendor :STMicroelectronics USBPD 4.1
2023-09-28 10:40:03,139 [INFO] ThirdParty:1030 - CMSIS Pack Vendor :STMicroelectronics X-CUBE-GNSS1 6.0.0
2023-09-28 10:40:03,139 [INFO] ThirdParty:1030 - CMSIS Pack Vendor :STMicroelectronics USB_HOST 2.0.0
2023-09-28 10:40:03,139 [INFO] ThirdParty:1030 - CMSIS Pack Vendor :STMicroelectronics X-CUBE-AZRTOS-F4 1.1.0
2023-09-28 10:40:03,139 [INFO] ThirdParty:1030 - CMSIS Pack Vendor :STMicroelectronics LIBJPEG 8.0.0
2023-09-28 10:40:03,139 [INFO] ThirdParty:1030 - CMSIS Pack Vendor :wolfSSL I-CUBE-wolfSSL 5.6.3
2023-09-28 10:40:03,139 [INFO] ThirdParty:1030 - CMSIS Pack Vendor :STMicroelectronics X-CUBE-SMBUS 2.1.0
2023-09-28 10:40:03,139 [INFO] ThirdParty:1030 - CMSIS Pack Vendor :STMicroelectronics USB_DEVICE 3.0.0
2023-09-28 10:40:03,139 [INFO] ThirdParty:1030 - CMSIS Pack Vendor :STMicroelectronics X-CUBE-AZRTOS-WB 2.0.0
2023-09-28 10:40:03,139 [INFO] ThirdParty:1030 - CMSIS Pack Vendor :STMicroelectronics X-CUBE-FREERTOS 1.0.1
2023-09-28 10:40:03,139 [INFO] ThirdParty:1030 - CMSIS Pack Vendor :STMicroelectronics X-CUBE-AZRTOS-F7 1.1.0
2023-09-28 10:40:03,139 [INFO] ThirdParty:1030 - CMSIS Pack Vendor :STMicroelectronics X-CUBE-AZRTOS-L5 2.0.0
2023-09-28 10:40:03,140 [INFO] ThirdParty:1030 - CMSIS Pack Vendor :STMicroelectronics USB_DEVICE 2.0.0
2023-09-28 10:40:03,140 [INFO] ThirdParty:1030 - CMSIS Pack Vendor :STMicroelectronics X-CUBE-MEMS1 9.6.0
2023-09-28 10:40:03,140 [INFO] ThirdParty:1030 - CMSIS Pack Vendor :STMicroelectronics FP-SNS-MOTENV1 4.3.2
2023-09-28 10:40:03,140 [INFO] ThirdParty:1030 - CMSIS Pack Vendor :STMicroelectronics X-CUBE-ALGOBUILD 1.3.0
2023-09-28 10:40:03,140 [INFO] ThirdParty:1030 - CMSIS Pack Vendor :STMicroelectronics X-CUBE-BLE1 6.2.4
2023-09-28 10:40:03,140 [INFO] ThirdParty:1030 - CMSIS Pack Vendor :STMicroelectronics X-CUBE-AZRTOS-L5 1.1.0
2023-09-28 10:40:03,140 [INFO] ThirdParty:1030 - CMSIS Pack Vendor :STMicroelectronics FreeRTOS 0.0.1
2023-09-28 10:40:03,140 [INFO] ThirdParty:1030 - CMSIS Pack Vendor :STMicroelectronics X-CUBE-AZRTOS-G0 1.1.0
2023-09-28 10:40:03,140 [INFO] ThirdParty:1030 - CMSIS Pack Vendor :STMicroelectronics X-CUBE-BLEMGR 2.0.0
2023-09-28 10:40:03,140 [INFO] ThirdParty:1030 - CMSIS Pack Vendor :STMicroelectronics X-CUBE-AI 8.0.1
2023-09-28 10:40:03,140 [INFO] ThirdParty:1030 - CMSIS Pack Vendor :STMicroelectronics X-CUBE-NFC4 3.0.0
2023-09-28 10:40:03,140 [INFO] ThirdParty:1030 - CMSIS Pack Vendor :STMicroelectronics X-CUBE-SUBG2 5.0.0
2023-09-28 10:40:03,140 [INFO] ThirdParty:1030 - CMSIS Pack Vendor :STMicroelectronics STM32_WPAN 1.0.0
2023-09-28 10:40:03,140 [INFO] ThirdParty:1030 - CMSIS Pack Vendor :STMicroelectronics lwIP 2.0.3
2023-09-28 10:40:03,140 [INFO] ThirdParty:1030 - CMSIS Pack Vendor :STMicroelectronics FP-SNS-FLIGHT1 5.0.2
2023-09-28 10:40:03,140 [INFO] ThirdParty:1030 - CMSIS Pack Vendor :STMicroelectronics USB_HOST 1.0.0
2023-09-28 10:40:03,140 [INFO] ThirdParty:1030 - CMSIS Pack Vendor :STMicroelectronics X-CUBE-TOF1 3.3.1
2023-09-28 10:40:03,140 [INFO] ThirdParty:1030 - CMSIS Pack Vendor :STMicroelectronics X-CUBE-AZRTOS-G4 2.0.0
2023-09-28 10:40:03,140 [INFO] ThirdParty:1030 - CMSIS Pack Vendor :STMicroelectronics PDM2PCM 3.1.0
2023-09-28 10:40:03,140 [INFO] ThirdParty:1030 - CMSIS Pack Vendor :STMicroelectronics X-CUBE-AZRTOS-H7 3.1.0
2023-09-28 10:40:03,140 [INFO] ThirdParty:1030 - CMSIS Pack Vendor :STMicroelectronics PDM2PCM 3.3.0
2023-09-28 10:40:03,140 [INFO] ThirdParty:1030 - CMSIS Pack Vendor :STMicroelectronics X-CUBE-DISPLAY 3.0.0
2023-09-28 10:40:03,140 [INFO] ThirdParty:1030 - CMSIS Pack Vendor :STMicroelectronics X-CUBE-BLE1 7.0.0
2023-09-28 10:40:03,140 [INFO] ThirdParty:1030 - CMSIS Pack Vendor :STMicroelectronics FP-ATR-SIGFOX1 3.2.0
2023-09-28 10:40:03,140 [INFO] ThirdParty:1030 - CMSIS Pack Vendor :STMicroelectronics HAL Drivers 0.0.0
2023-09-28 10:40:03,141 [INFO] ThirdParty:1030 - CMSIS Pack Vendor :STMicroelectronics MBEDTLS 2.16.2
2023-09-28 10:40:03,141 [INFO] ThirdParty:1030 - CMSIS Pack Vendor :emotas I-CUBE-CANOPEN 1.3.0
2023-09-28 10:40:03,141 [INFO] ThirdParty:1030 - CMSIS Pack Vendor :STMicroelectronics X-CUBE-FREERTOS 1.1.0
2023-09-28 10:40:03,141 [INFO] ThirdParty:1030 - CMSIS Pack Vendor :STMicroelectronics X-CUBE-TOUCHGFX 4.22.0
2023-09-28 10:40:03,141 [INFO] ThirdParty:1030 - CMSIS Pack Vendor :STMicroelectronics X-CUBE-NFC7 1.0.1
2023-09-28 10:40:03,141 [INFO] ThirdParty:1030 - CMSIS Pack Vendor :STMicroelectronics MBEDTLS 2.14.1
2023-09-28 10:40:03,141 [INFO] ThirdParty:1030 - CMSIS Pack Vendor :STMicroelectronics X-CUBE-NFC6 3.0.0
2023-09-28 10:40:03,141 [INFO] ThirdParty:1030 - CMSIS Pack Vendor :STMicroelectronics X-CUBE-EEPRMA1 4.1.0
2023-09-28 10:40:03,141 [INFO] ThirdParty:1030 - CMSIS Pack Vendor :portGmbH I-Cube-SoM-uGOAL 1.1.0
2023-09-28 10:40:03,141 [INFO] ThirdParty:1030 - CMSIS Pack Vendor :STMicroelectronics X-CUBE-ALS 1.0.1
2023-09-28 10:40:03,141 [INFO] ThirdParty:1030 - CMSIS Pack Vendor :STMicroelectronics ThreadX 1.0.0
2023-09-28 10:40:03,141 [INFO] ThirdParty:1030 - CMSIS Pack Vendor :STMicroelectronics FP-SNS-SMARTAG2 1.2.0
2023-09-28 10:40:03,141 [INFO] ThirdParty:1030 - CMSIS Pack Vendor :STMicroelectronics X-CUBE-AZRTOS-WB 1.1.0
2023-09-28 10:40:03,141 [INFO] ThirdParty:1030 - CMSIS Pack Vendor :STMicroelectronics X-CUBE-AZRTOS-WL 2.0.0
2023-09-28 10:40:03,141 [INFO] ThirdParty:1030 - CMSIS Pack Vendor :SEGGER I-CUBE-embOS 1.3.1
2023-09-28 10:40:03,141 [INFO] ThirdParty:1030 - CMSIS Pack Vendor :STMicroelectronics USB_DEVICE 1.0.0
2023-09-28 10:40:03,141 [INFO] ThirdParty:1030 - CMSIS Pack Vendor :STMicroelectronics X-CUBE-AI 8.1.0
2023-09-28 10:40:03,141 [INFO] ThirdParty:1030 - CMSIS Pack Vendor :STMicroelectronics X-CUBE-AZRTOS-L4 2.0.0
2023-09-28 10:40:03,141 [INFO] ThirdParty:1030 - CMSIS Pack Vendor :STMicroelectronics ThreadX 0.0.2
2023-09-28 10:40:03,141 [INFO] ThirdParty:1030 - CMSIS Pack Vendor :WES I-CUBE-Cesium 1.3.0
2023-09-28 10:40:03,141 [INFO] ThirdParty:1030 - CMSIS Pack Vendor :STMicroelectronics FP-ATR-ASTRA1 2.0.0
2023-09-28 10:40:03,141 [INFO] ThirdParty:1030 - CMSIS Pack Vendor :STMicroelectronics lwIP 2.1.2
2023-09-28 10:40:03,141 [INFO] ThirdParty:1030 - CMSIS Pack Vendor :STMicroelectronics X-CUBE-SFXS2LP1 4.0.0
2023-09-28 10:40:03,142 [INFO] ThirdParty:1030 - CMSIS Pack Vendor :STMicroelectronics X-CUBE-BLE2 3.3.0
2023-09-28 10:40:03,142 [INFO] ThirdParty:1030 - CMSIS Pack Vendor :STMicroelectronics PDM2PCM 3.2.0
2023-09-28 10:40:03,142 [INFO] ThirdParty:841 - exiting critical section [change project]
2023-09-28 10:40:03,287 [INFO] PinOutPanel:1499 - setPackage(No Configuration,No Configuration)
2023-09-28 10:40:03,288 [INFO] PinOutPanel:1499 - setPackage(STM32F103C8Tx,LQFP48)
2023-09-28 10:40:03,515 [INFO] UtilMem:75 - Before build in PCC Used Memory: 686139424 Bytes (1073741824)
2023-09-28 10:40:03,693 [INFO] UtilMem:75 - After build in PCC Used Memory: 727560224 Bytes (1073741824)
2023-09-28 10:40:03,704 [INFO] IPUIPlugin:80 - create IPUIPlugin
2023-09-28 10:40:03,704 [INFO] IPUIPlugin:80 - create IPUIPlugin
2023-09-28 10:40:03,704 [INFO] IPUIPlugin:80 - create IPUIPlugin
2023-09-28 10:40:03,704 [INFO] IPUIPlugin:80 - create IPUIPlugin
2023-09-28 10:40:03,704 [INFO] IPUIPlugin:80 - create IPUIPlugin
2023-09-28 10:40:03,704 [INFO] IPUIPlugin:80 - create IPUIPlugin
2023-09-28 10:40:03,704 [INFO] IPUIPlugin:80 - create IPUIPlugin
2023-09-28 10:40:03,704 [INFO] IPUIPlugin:80 - create IPUIPlugin
2023-09-28 10:40:03,705 [INFO] IPUIPlugin:80 - create IPUIPlugin
2023-09-28 10:40:03,705 [INFO] IPUIPlugin:80 - create IPUIPlugin
2023-09-28 10:40:03,705 [INFO] IPUIPlugin:80 - create IPUIPlugin
2023-09-28 10:40:03,705 [INFO] IPUIPlugin:80 - create IPUIPlugin
2023-09-28 10:40:03,705 [INFO] IPUIPlugin:80 - create IPUIPlugin
2023-09-28 10:40:03,705 [INFO] IPUIPlugin:80 - create IPUIPlugin
2023-09-28 10:40:03,705 [INFO] IPUIPlugin:80 - create IPUIPlugin
2023-09-28 10:40:03,705 [INFO] IPUIPlugin:80 - create IPUIPlugin
2023-09-28 10:40:03,705 [INFO] IPUIPlugin:80 - create IPUIPlugin
2023-09-28 10:40:03,705 [INFO] IPUIPlugin:80 - create IPUIPlugin
2023-09-28 10:40:03,705 [INFO] IPUIPlugin:80 - create IPUIPlugin
2023-09-28 10:40:03,705 [INFO] IPUIPlugin:80 - create IPUIPlugin
2023-09-28 10:40:03,705 [INFO] IPUIPlugin:80 - create IPUIPlugin
2023-09-28 10:40:03,706 [INFO] IPUIPlugin:80 - create IPUIPlugin
2023-09-28 10:40:03,706 [INFO] IPUIPlugin:80 - create IPUIPlugin
2023-09-28 10:40:03,706 [INFO] IPUIPlugin:80 - create IPUIPlugin
2023-09-28 10:40:03,706 [INFO] IPUIPlugin:80 - create IPUIPlugin
2023-09-28 10:40:03,706 [INFO] IPUIPlugin:80 - create IPUIPlugin
2023-09-28 10:40:03,706 [INFO] IPUIPlugin:80 - create IPUIPlugin
2023-09-28 10:40:03,737 [INFO] CADModel:165 - CPN selected for project levelSTM32F103C8T6
2023-09-28 10:40:03,737 [INFO] CADModel:114 - Register for checkConnection events
2023-09-28 10:40:03,790 [INFO] OpenFileManager:328 - Restore cursor
2023-09-28 10:40:38,110 [INFO] NvicIntPanel:101 - NVIC parent = com.st.microxplorer.plugins.ip.nvic.MultiNvicIntPanel[,0,0,0x0,invalid,layout=javax.swing.BoxLayout,alignmentX=0.0,alignmentY=0.0,border=,flags=9,maximumSize=,minimumSize=,preferredSize=]
2023-09-28 10:40:39,723 [INFO] NvicIntPanel:101 - NVIC parent = com.st.microxplorer.plugins.ip.nvic.MultiNvicIntPanel[,0,0,0x0,invalid,layout=javax.swing.BoxLayout,alignmentX=0.0,alignmentY=0.0,border=,flags=9,maximumSize=,minimumSize=,preferredSize=]
2023-09-28 10:40:43,115 [INFO] NvicIntPanel:101 - NVIC parent = com.st.microxplorer.plugins.ip.nvic.MultiNvicIntPanel[,0,0,0x0,invalid,layout=javax.swing.BoxLayout,alignmentX=0.0,alignmentY=0.0,border=,flags=9,maximumSize=,minimumSize=,preferredSize=]
2023-09-28 10:40:48,022 [INFO] UtilMem:75 - End SaveConfig() Used Memory: 734376936 Bytes (1073741824)
2023-09-28 10:40:48,684 [INFO] UtilMem:75 - End SaveConfig() Used Memory: 773167320 Bytes (1073741824)
2023-09-28 10:40:48,854 [INFO] BlockDiagram:2759 - set Specific Code input for plugin: NVIC
2023-09-28 10:40:48,854 [INFO] BlockDiagram:2759 - set Specific Code input for plugin: USART
2023-09-28 10:40:48,854 [INFO] BlockDiagram:2759 - set Specific Code input for plugin: TIM1_8F1
2023-09-28 10:40:48,854 [INFO] BlockDiagram:2759 - set Specific Code input for plugin: SYS
2023-09-28 10:40:48,854 [INFO] BlockDiagram:2759 - set Specific Code input for plugin: GPIO
2023-09-28 10:40:48,854 [INFO] BlockDiagram:2759 - set Specific Code input for plugin: ADC
2023-09-28 10:40:48,854 [INFO] BlockDiagram:2759 - set Specific Code input for plugin: RCC
2023-09-28 10:40:48,860 [INFO] CodeGenerator:799 - code generatio: config db path: C:\ST\STM32CubeIDE_1.13.0\STM32CubeIDE\plugins\com.st.stm32cube.common.mx_6.9.0.202307051724\\db\
2023-09-28 10:40:49,012 [INFO] CodeEngine:255 - oldGeneratedFile, C:\Users\e0162112\STM32CubeIDE\workspace_1.13.0\ARM\MXTmpFiles\license.tmp_save
2023-09-28 10:40:49,106 [INFO] CodeEngine:279 - Generated code: C:\Users\e0162112\STM32CubeIDE\workspace_1.13.0\ARM\MXTmpFiles\license.tmp
2023-09-28 10:40:49,145 [INFO] CodeEngine:255 - oldGeneratedFile, C:\Users\e0162112\STM32CubeIDE\workspace_1.13.0\ARM\Core\Src\gpio.c_save
2023-09-28 10:40:49,210 [INFO] CodeEngine:279 - Generated code: C:\Users\e0162112\STM32CubeIDE\workspace_1.13.0\ARM\Core\Src\gpio.c
2023-09-28 10:40:49,223 [INFO] CodeEngine:255 - oldGeneratedFile, C:\Users\e0162112\STM32CubeIDE\workspace_1.13.0\ARM\Core\Inc\gpio.h_save
2023-09-28 10:40:49,280 [INFO] CodeEngine:279 - Generated code: C:\Users\e0162112\STM32CubeIDE\workspace_1.13.0\ARM\Core\Inc\gpio.h
2023-09-28 10:40:49,428 [INFO] CodeEngine:255 - oldGeneratedFile, C:\Users\e0162112\STM32CubeIDE\workspace_1.13.0\ARM\Core\Src\adc.c_save
2023-09-28 10:40:49,529 [INFO] CodeEngine:279 - Generated code: C:\Users\e0162112\STM32CubeIDE\workspace_1.13.0\ARM\Core\Src\adc.c
2023-09-28 10:40:49,546 [INFO] CodeEngine:255 - oldGeneratedFile, C:\Users\e0162112\STM32CubeIDE\workspace_1.13.0\ARM\Core\Inc\adc.h_save
2023-09-28 10:40:49,612 [INFO] CodeEngine:279 - Generated code: C:\Users\e0162112\STM32CubeIDE\workspace_1.13.0\ARM\Core\Inc\adc.h
2023-09-28 10:40:49,639 [INFO] CodeEngine:255 - oldGeneratedFile, C:\Users\e0162112\STM32CubeIDE\workspace_1.13.0\ARM\Core\Src\tim.c_save
2023-09-28 10:40:49,715 [INFO] CodeEngine:279 - Generated code: C:\Users\e0162112\STM32CubeIDE\workspace_1.13.0\ARM\Core\Src\tim.c
2023-09-28 10:40:49,725 [INFO] CodeEngine:255 - oldGeneratedFile, C:\Users\e0162112\STM32CubeIDE\workspace_1.13.0\ARM\Core\Inc\tim.h_save
2023-09-28 10:40:49,782 [INFO] CodeEngine:279 - Generated code: C:\Users\e0162112\STM32CubeIDE\workspace_1.13.0\ARM\Core\Inc\tim.h
2023-09-28 10:40:49,804 [INFO] CodeEngine:255 - oldGeneratedFile, C:\Users\e0162112\STM32CubeIDE\workspace_1.13.0\ARM\Core\Src\usart.c_save
2023-09-28 10:40:49,886 [INFO] CodeEngine:279 - Generated code: C:\Users\e0162112\STM32CubeIDE\workspace_1.13.0\ARM\Core\Src\usart.c
2023-09-28 10:40:49,901 [INFO] CodeEngine:255 - oldGeneratedFile, C:\Users\e0162112\STM32CubeIDE\workspace_1.13.0\ARM\Core\Inc\usart.h_save
2023-09-28 10:40:49,960 [INFO] CodeEngine:279 - Generated code: C:\Users\e0162112\STM32CubeIDE\workspace_1.13.0\ARM\Core\Inc\usart.h
2023-09-28 10:40:49,982 [INFO] CodeEngine:255 - oldGeneratedFile, C:\Users\e0162112\STM32CubeIDE\workspace_1.13.0\ARM\Core\Src\stm32f1xx_it.c_save
2023-09-28 10:40:50,136 [INFO] CodeEngine:279 - Generated code: C:\Users\e0162112\STM32CubeIDE\workspace_1.13.0\ARM\Core\Src\stm32f1xx_it.c
2023-09-28 10:40:50,151 [INFO] CodeEngine:255 - oldGeneratedFile, C:\Users\e0162112\STM32CubeIDE\workspace_1.13.0\ARM\Core\Inc\stm32f1xx_it.h_save
2023-09-28 10:40:50,217 [INFO] CodeEngine:279 - Generated code: C:\Users\e0162112\STM32CubeIDE\workspace_1.13.0\ARM\Core\Inc\stm32f1xx_it.h
2023-09-28 10:40:50,241 [INFO] CodeEngine:255 - oldGeneratedFile, C:\Users\e0162112\STM32CubeIDE\workspace_1.13.0\ARM\Core\Src\stm32f1xx_hal_msp.c_save
2023-09-28 10:40:50,317 [INFO] CodeEngine:279 - Generated code: C:\Users\e0162112\STM32CubeIDE\workspace_1.13.0\ARM\Core\Src\stm32f1xx_hal_msp.c
2023-09-28 10:40:50,330 [INFO] CodeEngine:255 - oldGeneratedFile, C:\Users\e0162112\STM32CubeIDE\workspace_1.13.0\ARM\MXTmpFiles\system.tmp_save
2023-09-28 10:40:50,384 [INFO] CodeEngine:279 - Generated code: C:\Users\e0162112\STM32CubeIDE\workspace_1.13.0\ARM\MXTmpFiles\system.tmp
2023-09-28 10:40:50,409 [INFO] CodeEngine:311 - oldGeneratedFile, C:\Users\e0162112\STM32CubeIDE\workspace_1.13.0\ARM\Core\Inc\stm32f1xx_hal_conf.h_save
2023-09-28 10:40:50,492 [INFO] CodeEngine:335 - Generated code: C:\Users\e0162112\STM32CubeIDE\workspace_1.13.0\ARM\Core\Inc\stm32f1xx_hal_conf.h
2023-09-28 10:40:50,536 [INFO] CodeEngine:255 - oldGeneratedFile, C:\Users\e0162112\STM32CubeIDE\workspace_1.13.0\ARM\Core\Inc\main.h_save
2023-09-28 10:40:50,608 [INFO] CodeEngine:279 - Generated code: C:\Users\e0162112\STM32CubeIDE\workspace_1.13.0\ARM\Core\Inc\main.h
2023-09-28 10:40:50,623 [INFO] CodeEngine:255 - oldGeneratedFile, C:\Users\e0162112\STM32CubeIDE\workspace_1.13.0\ARM\Core\Src\main.c_save
2023-09-28 10:40:50,702 [INFO] CodeEngine:279 - Generated code: C:\Users\e0162112\STM32CubeIDE\workspace_1.13.0\ARM\Core\Src\main.c
2023-09-28 10:40:51,418 [INFO] ProjectBuilder:3064 - Time for Copy HAL[1] : 394mS.
2023-09-28 10:40:51,423 [INFO] ProjectBuilder:4404 - Project Generator version: 4.1.0
2023-09-28 10:40:51,600 [INFO] ConfigFileManager:1457 - The Die is : DIE410
2023-09-28 10:40:51,605 [INFO] ApiDbMcu:507 - Load IP Config File for FATFS
2023-09-28 10:40:51,623 [INFO] ApiDbMcu:507 - Load IP Config File for FREERTOS
2023-09-28 10:40:51,638 [INFO] ApiDbMcu:507 - Load IP Config File for USB_DEVICE
2023-09-28 10:40:53,299 [INFO] ProjectBuilder:4626 - Time for Generating toolchain IDE Files: 1876mS.
2023-09-28 10:40:53,302 [INFO] ProjectBuilder:2935 - Time for Copy CMSIS : 1mS.
2023-09-28 10:40:53,307 [INFO] ProjectBuilder:2935 - Time for Copy CMSIS : 0mS.
2023-09-28 11:05:18,464 [INFO] MainUpdater:2868 - connection check result : 10
2023-09-28 11:05:18,465 [INFO] MainUpdater:2868 - connection check result : 10
2023-09-28 11:05:18,502 [INFO] MicroXplorer:468 - Change Database Path : 
2023-09-28 11:05:18,502 [INFO] MicroXplorer:498 - Change Database Version : DB.6.0.90
2023-09-28 11:05:18,517 [WARN] ThirdParty:871 - waiting for thirdparty lock release [close project]
2023-09-28 11:05:18,517 [INFO] ThirdParty:873 - entering critical section [close project]
2023-09-28 11:05:18,517 [INFO] ThirdParty:883 - exiting critical section [close project]
2023-09-28 11:05:18,519 [INFO] PinOutPanel:1499 - setPackage(No Configuration,No Configuration)
2023-09-28 11:05:18,522 [INFO] UtilMem:75 - Begin LoadConfig() Used Memory: 781888160 Bytes (1073741824)
2023-09-28 11:05:18,524 [INFO] MicroXplorer:468 - Change Database Path : 
2023-09-28 11:05:18,524 [INFO] MicroXplorer:498 - Change Database Version : DB.6.0.90
2023-09-28 11:05:18,524 [INFO] OpenFileManager:308 - Change cursor
2023-09-28 11:05:18,540 [INFO] RulesReader:64 - Compatibility file has been processed (293 Rules)
2023-09-28 11:05:18,542 [INFO] Mcu:1946 - Initializing MCU STM32F103C(8-B)Tx STM32F103C8Tx STM32F103C8T6
2023-09-28 11:05:18,996 [INFO] Context:659 - Trying to add GPIOservice into a context  which must be forbidden
2023-09-28 11:05:19,238 [INFO] RtosManager:555 - Registered RTOS mode: class=CMSIS, group=RTOS, mode=CMSIS_V1, owner=FREERTOS
2023-09-28 11:05:19,238 [INFO] RtosManager:555 - Registered RTOS mode: class=CMSIS, group=RTOS2, mode=CMSIS_V2, owner=FREERTOS
2023-09-28 11:05:19,238 [INFO] RtosManager:555 - Registered RTOS mode: class=RTOS, group=Core, mode=CMSIS_V1, owner=FREERTOS
2023-09-28 11:05:19,238 [INFO] RtosManager:555 - Registered RTOS mode: class=RTOS, group=Core, mode=CMSIS_V2, owner=FREERTOS
2023-09-28 11:05:19,238 [WARN] ModelIntegratedComponent:184 - Missing modes for component STMicroelectronics:FreeRTOS:0.0.1:STMicroelectronics:RTOS:FreeRTOS:Core:::10.2.0:
2023-09-28 11:05:19,245 [WARN] ModelIntegratedComponent:63 - No mode defined for component null
2023-09-28 11:05:19,245 [WARN] ModelIntegratedComponent:63 - No mode defined for component null
2023-09-28 11:05:19,245 [WARN] ModelIntegratedComponent:63 - No mode defined for component null
2023-09-28 11:05:19,245 [WARN] ModelIntegratedComponent:63 - No mode defined for component null
2023-09-28 11:05:19,245 [WARN] ModelIntegratedComponent:63 - No mode defined for component null
2023-09-28 11:05:19,245 [WARN] ModelIntegratedComponent:63 - No mode defined for component null
2023-09-28 11:05:19,245 [WARN] ModelIntegratedComponent:63 - No mode defined for component null
2023-09-28 11:05:19,245 [WARN] ModelIntegratedComponent:63 - No mode defined for component null
2023-09-28 11:05:19,245 [WARN] ModelIntegratedComponent:63 - No mode defined for component null
2023-09-28 11:05:19,245 [WARN] ModelIntegratedComponent:63 - No mode defined for component null
2023-09-28 11:05:19,245 [WARN] ModelIntegratedComponent:63 - No mode defined for component null
2023-09-28 11:05:19,245 [WARN] ModelIntegratedComponent:63 - No mode defined for component null
2023-09-28 11:05:19,245 [WARN] ModelIntegratedComponent:63 - No mode defined for component null
2023-09-28 11:05:19,245 [WARN] ModelIntegratedComponent:63 - No mode defined for component null
2023-09-28 11:05:19,245 [WARN] ModelIntegratedComponent:63 - No mode defined for component null
2023-09-28 11:05:19,245 [WARN] ModelIntegratedComponent:63 - No mode defined for component null
2023-09-28 11:05:19,246 [WARN] ModelIntegratedComponent:63 - No mode defined for component null
2023-09-28 11:05:19,246 [WARN] ModelIntegratedComponent:63 - No mode defined for component null
2023-09-28 11:05:19,246 [WARN] ModelIntegratedComponent:63 - No mode defined for component null
2023-09-28 11:05:19,246 [WARN] ModelIntegratedComponent:63 - No mode defined for component null
2023-09-28 11:05:19,246 [WARN] ModelIntegratedComponent:63 - No mode defined for component null
2023-09-28 11:05:19,246 [WARN] ModelIntegratedComponent:63 - No mode defined for component null
2023-09-28 11:05:19,246 [WARN] ModelIntegratedComponent:63 - No mode defined for component null
2023-09-28 11:05:19,246 [WARN] ModelIntegratedComponent:63 - No mode defined for component null
2023-09-28 11:05:19,246 [WARN] ModelIntegratedComponent:63 - No mode defined for component null
2023-09-28 11:05:19,246 [WARN] ModelIntegratedComponent:63 - No mode defined for component null
2023-09-28 11:05:19,246 [WARN] ModelIntegratedComponent:63 - No mode defined for component null
2023-09-28 11:05:19,246 [WARN] ModelIntegratedComponent:63 - No mode defined for component null
2023-09-28 11:05:19,246 [WARN] ModelIntegratedComponent:63 - No mode defined for component null
2023-09-28 11:05:19,246 [WARN] ModelIntegratedComponent:63 - No mode defined for component null
2023-09-28 11:05:19,246 [WARN] ModelIntegratedComponent:63 - No mode defined for component null
2023-09-28 11:05:19,246 [WARN] ModelIntegratedComponent:63 - No mode defined for component null
2023-09-28 11:05:19,246 [WARN] ModelIntegratedComponent:63 - No mode defined for component null
2023-09-28 11:05:19,254 [INFO] ThirdPartyModel:298 - Start build external matchings
2023-09-28 11:05:19,615 [INFO] ThirdPartyModel:316 - End build external matchings
2023-09-28 11:05:19,620 [INFO] ImportTextPane:194 - (OptionalMessage_ERROR) IP (RCC) : Parameter (ADCFreqValue) has invalid value (36000000)
2023-09-28 11:05:19,620 [INFO] ImportTextPane:194 - (OptionalMessage_ERROR) IP (RCC) : Invalid parameter (FamilyName)
2023-09-28 11:05:19,620 [INFO] ImportTextPane:194 - (OptionalMessage_ERROR) IP (RCC) : Parameter (MCOFreq_Value) has invalid value (72000000)
2023-09-28 11:05:19,620 [INFO] ImportTextPane:194 - (OptionalMessage_ERROR) IP (RCC) : Parameter (USBFreq_Value) has invalid value (72000000)
2023-09-28 11:05:19,788 [INFO] UtilMem:75 - End LoadConfig() Used Memory: 618450744 Bytes (1073741824)
2023-09-28 11:05:19,827 [WARN] ThirdParty:833 - waiting for thirdparty lock release [change project]
2023-09-28 11:05:19,827 [INFO] ThirdParty:835 - entering critical section [change project]
2023-09-28 11:05:19,827 [INFO] ThirdParty:1030 - CMSIS Pack Vendor :STMicroelectronics X-CUBE-ISPU 1.1.0
2023-09-28 11:05:19,827 [INFO] ThirdParty:1030 - CMSIS Pack Vendor :STMicroelectronics USBPD 4.1
2023-09-28 11:05:19,827 [INFO] ThirdParty:1030 - CMSIS Pack Vendor :STMicroelectronics X-CUBE-GNSS1 6.0.0
2023-09-28 11:05:19,827 [INFO] ThirdParty:1030 - CMSIS Pack Vendor :STMicroelectronics USB_HOST 2.0.0
2023-09-28 11:05:19,827 [INFO] ThirdParty:1030 - CMSIS Pack Vendor :STMicroelectronics X-CUBE-AZRTOS-F4 1.1.0
2023-09-28 11:05:19,827 [INFO] ThirdParty:1030 - CMSIS Pack Vendor :STMicroelectronics LIBJPEG 8.0.0
2023-09-28 11:05:19,828 [INFO] ThirdParty:1030 - CMSIS Pack Vendor :wolfSSL I-CUBE-wolfSSL 5.6.3
2023-09-28 11:05:19,828 [INFO] ThirdParty:1030 - CMSIS Pack Vendor :STMicroelectronics X-CUBE-SMBUS 2.1.0
2023-09-28 11:05:19,828 [INFO] ThirdParty:1030 - CMSIS Pack Vendor :STMicroelectronics USB_DEVICE 3.0.0
2023-09-28 11:05:19,828 [INFO] ThirdParty:1030 - CMSIS Pack Vendor :STMicroelectronics X-CUBE-AZRTOS-WB 2.0.0
2023-09-28 11:05:19,828 [INFO] ThirdParty:1030 - CMSIS Pack Vendor :STMicroelectronics X-CUBE-FREERTOS 1.0.1
2023-09-28 11:05:19,828 [INFO] ThirdParty:1030 - CMSIS Pack Vendor :STMicroelectronics X-CUBE-AZRTOS-F7 1.1.0
2023-09-28 11:05:19,828 [INFO] ThirdParty:1030 - CMSIS Pack Vendor :STMicroelectronics X-CUBE-AZRTOS-L5 2.0.0
2023-09-28 11:05:19,828 [INFO] ThirdParty:1030 - CMSIS Pack Vendor :STMicroelectronics USB_DEVICE 2.0.0
2023-09-28 11:05:19,828 [INFO] ThirdParty:1030 - CMSIS Pack Vendor :STMicroelectronics X-CUBE-MEMS1 9.6.0
2023-09-28 11:05:19,828 [INFO] ThirdParty:1030 - CMSIS Pack Vendor :STMicroelectronics FP-SNS-MOTENV1 4.3.2
2023-09-28 11:05:19,828 [INFO] ThirdParty:1030 - CMSIS Pack Vendor :STMicroelectronics X-CUBE-ALGOBUILD 1.3.0
2023-09-28 11:05:19,828 [INFO] ThirdParty:1030 - CMSIS Pack Vendor :STMicroelectronics X-CUBE-BLE1 6.2.4
2023-09-28 11:05:19,828 [INFO] ThirdParty:1030 - CMSIS Pack Vendor :STMicroelectronics X-CUBE-AZRTOS-L5 1.1.0
2023-09-28 11:05:19,828 [INFO] ThirdParty:1030 - CMSIS Pack Vendor :STMicroelectronics FreeRTOS 0.0.1
2023-09-28 11:05:19,828 [INFO] ThirdParty:1030 - CMSIS Pack Vendor :STMicroelectronics X-CUBE-AZRTOS-G0 1.1.0
2023-09-28 11:05:19,828 [INFO] ThirdParty:1030 - CMSIS Pack Vendor :STMicroelectronics X-CUBE-BLEMGR 2.0.0
2023-09-28 11:05:19,828 [INFO] ThirdParty:1030 - CMSIS Pack Vendor :STMicroelectronics X-CUBE-AI 8.0.1
2023-09-28 11:05:19,828 [INFO] ThirdParty:1030 - CMSIS Pack Vendor :STMicroelectronics X-CUBE-NFC4 3.0.0
2023-09-28 11:05:19,828 [INFO] ThirdParty:1030 - CMSIS Pack Vendor :STMicroelectronics X-CUBE-SUBG2 5.0.0
2023-09-28 11:05:19,828 [INFO] ThirdParty:1030 - CMSIS Pack Vendor :STMicroelectronics STM32_WPAN 1.0.0
2023-09-28 11:05:19,828 [INFO] ThirdParty:1030 - CMSIS Pack Vendor :STMicroelectronics lwIP 2.0.3
2023-09-28 11:05:19,828 [INFO] ThirdParty:1030 - CMSIS Pack Vendor :STMicroelectronics FP-SNS-FLIGHT1 5.0.2
2023-09-28 11:05:19,828 [INFO] ThirdParty:1030 - CMSIS Pack Vendor :STMicroelectronics USB_HOST 1.0.0
2023-09-28 11:05:19,828 [INFO] ThirdParty:1030 - CMSIS Pack Vendor :STMicroelectronics X-CUBE-TOF1 3.3.1
2023-09-28 11:05:19,828 [INFO] ThirdParty:1030 - CMSIS Pack Vendor :STMicroelectronics X-CUBE-AZRTOS-G4 2.0.0
2023-09-28 11:05:19,828 [INFO] ThirdParty:1030 - CMSIS Pack Vendor :STMicroelectronics PDM2PCM 3.1.0
2023-09-28 11:05:19,828 [INFO] ThirdParty:1030 - CMSIS Pack Vendor :STMicroelectronics X-CUBE-AZRTOS-H7 3.1.0
2023-09-28 11:05:19,828 [INFO] ThirdParty:1030 - CMSIS Pack Vendor :STMicroelectronics PDM2PCM 3.3.0
2023-09-28 11:05:19,828 [INFO] ThirdParty:1030 - CMSIS Pack Vendor :STMicroelectronics X-CUBE-DISPLAY 3.0.0
2023-09-28 11:05:19,828 [INFO] ThirdParty:1030 - CMSIS Pack Vendor :STMicroelectronics X-CUBE-BLE1 7.0.0
2023-09-28 11:05:19,828 [INFO] ThirdParty:1030 - CMSIS Pack Vendor :STMicroelectronics FP-ATR-SIGFOX1 3.2.0
2023-09-28 11:05:19,828 [INFO] ThirdParty:1030 - CMSIS Pack Vendor :STMicroelectronics HAL Drivers 0.0.0
2023-09-28 11:05:19,828 [INFO] ThirdParty:1030 - CMSIS Pack Vendor :STMicroelectronics MBEDTLS 2.16.2
2023-09-28 11:05:19,828 [INFO] ThirdParty:1030 - CMSIS Pack Vendor :emotas I-CUBE-CANOPEN 1.3.0
2023-09-28 11:05:19,828 [INFO] ThirdParty:1030 - CMSIS Pack Vendor :STMicroelectronics X-CUBE-FREERTOS 1.1.0
2023-09-28 11:05:19,829 [INFO] ThirdParty:1030 - CMSIS Pack Vendor :STMicroelectronics X-CUBE-TOUCHGFX 4.22.0
2023-09-28 11:05:19,829 [INFO] ThirdParty:1030 - CMSIS Pack Vendor :STMicroelectronics X-CUBE-NFC7 1.0.1
2023-09-28 11:05:19,829 [INFO] ThirdParty:1030 - CMSIS Pack Vendor :STMicroelectronics MBEDTLS 2.14.1
2023-09-28 11:05:19,829 [INFO] ThirdParty:1030 - CMSIS Pack Vendor :STMicroelectronics X-CUBE-NFC6 3.0.0
2023-09-28 11:05:19,829 [INFO] ThirdParty:1030 - CMSIS Pack Vendor :STMicroelectronics X-CUBE-EEPRMA1 4.1.0
2023-09-28 11:05:19,829 [INFO] ThirdParty:1030 - CMSIS Pack Vendor :portGmbH I-Cube-SoM-uGOAL 1.1.0
2023-09-28 11:05:19,829 [INFO] ThirdParty:1030 - CMSIS Pack Vendor :STMicroelectronics X-CUBE-ALS 1.0.1
2023-09-28 11:05:19,829 [INFO] ThirdParty:1030 - CMSIS Pack Vendor :STMicroelectronics ThreadX 1.0.0
2023-09-28 11:05:19,829 [INFO] ThirdParty:1030 - CMSIS Pack Vendor :STMicroelectronics FP-SNS-SMARTAG2 1.2.0
2023-09-28 11:05:19,829 [INFO] ThirdParty:1030 - CMSIS Pack Vendor :STMicroelectronics X-CUBE-AZRTOS-WB 1.1.0
2023-09-28 11:05:19,829 [INFO] ThirdParty:1030 - CMSIS Pack Vendor :STMicroelectronics X-CUBE-AZRTOS-WL 2.0.0
2023-09-28 11:05:19,829 [INFO] ThirdParty:1030 - CMSIS Pack Vendor :SEGGER I-CUBE-embOS 1.3.1
2023-09-28 11:05:19,829 [INFO] ThirdParty:1030 - CMSIS Pack Vendor :STMicroelectronics USB_DEVICE 1.0.0
2023-09-28 11:05:19,829 [INFO] ThirdParty:1030 - CMSIS Pack Vendor :STMicroelectronics X-CUBE-AI 8.1.0
2023-09-28 11:05:19,829 [INFO] ThirdParty:1030 - CMSIS Pack Vendor :STMicroelectronics X-CUBE-AZRTOS-L4 2.0.0
2023-09-28 11:05:19,829 [INFO] ThirdParty:1030 - CMSIS Pack Vendor :STMicroelectronics ThreadX 0.0.2
2023-09-28 11:05:19,829 [INFO] ThirdParty:1030 - CMSIS Pack Vendor :WES I-CUBE-Cesium 1.3.0
2023-09-28 11:05:19,829 [INFO] ThirdParty:1030 - CMSIS Pack Vendor :STMicroelectronics FP-ATR-ASTRA1 2.0.0
2023-09-28 11:05:19,829 [INFO] ThirdParty:1030 - CMSIS Pack Vendor :STMicroelectronics lwIP 2.1.2
2023-09-28 11:05:19,829 [INFO] ThirdParty:1030 - CMSIS Pack Vendor :STMicroelectronics X-CUBE-SFXS2LP1 4.0.0
2023-09-28 11:05:19,829 [INFO] ThirdParty:1030 - CMSIS Pack Vendor :STMicroelectronics X-CUBE-BLE2 3.3.0
2023-09-28 11:05:19,829 [INFO] ThirdParty:1030 - CMSIS Pack Vendor :STMicroelectronics PDM2PCM 3.2.0
2023-09-28 11:05:19,829 [INFO] ThirdParty:841 - exiting critical section [change project]
2023-09-28 11:05:19,941 [INFO] PinOutPanel:1499 - setPackage(No Configuration,No Configuration)
2023-09-28 11:05:19,942 [INFO] PinOutPanel:1499 - setPackage(STM32F103C8Tx,LQFP48)
2023-09-28 11:05:20,114 [INFO] UtilMem:75 - Before build in PCC Used Memory: 640085616 Bytes (1073741824)
2023-09-28 11:05:20,315 [INFO] UtilMem:75 - After build in PCC Used Memory: 680980080 Bytes (1073741824)
2023-09-28 11:05:20,331 [INFO] IPUIPlugin:80 - create IPUIPlugin
2023-09-28 11:05:20,331 [INFO] IPUIPlugin:80 - create IPUIPlugin
2023-09-28 11:05:20,331 [INFO] IPUIPlugin:80 - create IPUIPlugin
2023-09-28 11:05:20,331 [INFO] IPUIPlugin:80 - create IPUIPlugin
2023-09-28 11:05:20,332 [INFO] IPUIPlugin:80 - create IPUIPlugin
2023-09-28 11:05:20,332 [INFO] IPUIPlugin:80 - create IPUIPlugin
2023-09-28 11:05:20,332 [INFO] IPUIPlugin:80 - create IPUIPlugin
2023-09-28 11:05:20,332 [INFO] IPUIPlugin:80 - create IPUIPlugin
2023-09-28 11:05:20,332 [INFO] IPUIPlugin:80 - create IPUIPlugin
2023-09-28 11:05:20,332 [INFO] IPUIPlugin:80 - create IPUIPlugin
2023-09-28 11:05:20,332 [INFO] IPUIPlugin:80 - create IPUIPlugin
2023-09-28 11:05:20,332 [INFO] IPUIPlugin:80 - create IPUIPlugin
2023-09-28 11:05:20,333 [INFO] IPUIPlugin:80 - create IPUIPlugin
2023-09-28 11:05:20,333 [INFO] IPUIPlugin:80 - create IPUIPlugin
2023-09-28 11:05:20,333 [INFO] IPUIPlugin:80 - create IPUIPlugin
2023-09-28 11:05:20,333 [INFO] IPUIPlugin:80 - create IPUIPlugin
2023-09-28 11:05:20,333 [INFO] IPUIPlugin:80 - create IPUIPlugin
2023-09-28 11:05:20,333 [INFO] IPUIPlugin:80 - create IPUIPlugin
2023-09-28 11:05:20,334 [INFO] IPUIPlugin:80 - create IPUIPlugin
2023-09-28 11:05:20,334 [INFO] IPUIPlugin:80 - create IPUIPlugin
2023-09-28 11:05:20,334 [INFO] IPUIPlugin:80 - create IPUIPlugin
2023-09-28 11:05:20,334 [INFO] IPUIPlugin:80 - create IPUIPlugin
2023-09-28 11:05:20,334 [INFO] IPUIPlugin:80 - create IPUIPlugin
2023-09-28 11:05:20,335 [INFO] IPUIPlugin:80 - create IPUIPlugin
2023-09-28 11:05:20,335 [INFO] IPUIPlugin:80 - create IPUIPlugin
2023-09-28 11:05:20,335 [INFO] IPUIPlugin:80 - create IPUIPlugin
2023-09-28 11:05:20,335 [INFO] IPUIPlugin:80 - create IPUIPlugin
2023-09-28 11:05:20,372 [INFO] CADModel:165 - CPN selected for project levelSTM32F103C8T6
2023-09-28 11:05:20,372 [INFO] CADModel:114 - Register for checkConnection events
2023-09-28 11:05:20,427 [INFO] OpenFileManager:328 - Restore cursor
2023-09-28 11:07:14,930 [INFO] UtilMem:75 - End SaveConfig() Used Memory: 649281120 Bytes (1073741824)
2023-09-28 11:07:15,006 [INFO] UtilMem:75 - End SaveConfig() Used Memory: 662898192 Bytes (1073741824)
