2023-07-23 16:45:04,374 [INFO] Activator:176 - 


2023-07-23 16:45:04,398 [INFO] Activator:177 - !SESSION log4j initialized
2023-07-23 16:45:14,237 [INFO] LogOutputStream:77 - [STDOUT_REDIRECT] 
2023-07-23 16:45:16,061 [INFO] ApplicationProperties:184 - Using Application install path: C:\ST\STM32CubeIDE_1.13.0\STM32CubeIDE\plugins\com.st.stm32cube.common.mx_6.9.0.202307051724
2023-07-23 16:45:16,093 [INFO] DbMcusXml:78 - Set database path to: C:\ST\STM32CubeIDE_1.13.0\STM32CubeIDE\plugins\com.st.stm32cube.common.mx_6.9.0.202307051724\\db\/mcu/
2023-07-23 16:45:16,094 [INFO] ApiDb:274 - Set plugin database path to: C:\ST\STM32CubeIDE_1.13.0\STM32CubeIDE\plugins\com.st.stm32cube.common.mx_6.9.0.202307051724\\db\/plugins/boardmanager/
2023-07-23 16:45:16,094 [WARN] ApiDb:259 - Overriding images path with different value:  => C:\ST\STM32CubeIDE_1.13.0\STM32CubeIDE\plugins\com.st.stm32cube.common.mx_6.9.0.202307051724\\db\/plugins/mcufinder/images/
2023-07-23 16:45:16,120 [INFO] ApiDb:250 - Set database path to: C:\Users\e0162112\.stmcufinder\plugins\mcufinder//mcu/
2023-07-23 16:45:16,123 [INFO] DbMcusAds:125 - Set database path to: C:\Users\e0162112\.stmcufinder\plugins\mcufinder//mcu/
2023-07-23 16:45:16,128 [INFO] CrossReferenceDbSqlite:203 - Set database path to: C:\Users\e0162112\.stmcufinder\plugins\mcufinder//mcu/cs/
2023-07-23 16:45:16,332 [INFO] RulesReader:64 - Compatibility file has been processed (293 Rules)
2023-07-23 16:45:19,717 [INFO] DbMcusXml:78 - Set database path to: C:\ST\STM32CubeIDE_1.13.0\STM32CubeIDE\plugins\com.st.stm32cube.common.mx_6.9.0.202307051724\\db\/mcu/
2023-07-23 16:45:19,717 [INFO] ApiDb:274 - Set plugin database path to: C:\ST\STM32CubeIDE_1.13.0\STM32CubeIDE\plugins\com.st.stm32cube.common.mx_6.9.0.202307051724\\db\/plugins/boardmanager/
2023-07-23 16:45:19,717 [INFO] ApiDb:261 - Set plugin images path to: C:\ST\STM32CubeIDE_1.13.0\STM32CubeIDE\plugins\com.st.stm32cube.common.mx_6.9.0.202307051724\\db\/plugins/mcufinder/images/
2023-07-23 16:45:19,718 [WARN] DbFile:41 - Overriding database path with different value: C:\Users\e0162112\.stmcufinder\plugins\mcufinder/ => C:\Users\e0162112\.stmcufinder\plugins\mcufinder
2023-07-23 16:45:19,718 [INFO] ApiDb:250 - Set database path to: C:\Users\e0162112\.stmcufinder\plugins\mcufinder//mcu/
2023-07-23 16:45:19,718 [WARN] DbFile:41 - Overriding database path with different value: C:\Users\e0162112\.stmcufinder\plugins\mcufinder/ => C:\Users\e0162112\.stmcufinder\plugins\mcufinder
2023-07-23 16:45:19,718 [INFO] DbMcusAds:125 - Set database path to: C:\Users\e0162112\.stmcufinder\plugins\mcufinder//mcu/
2023-07-23 16:45:19,718 [WARN] DbFile:41 - Overriding database path with different value: C:\Users\e0162112\.stmcufinder\plugins\mcufinder/ => C:\Users\e0162112\.stmcufinder\plugins\mcufinder
2023-07-23 16:45:19,718 [WARN] DbFile:41 - Overriding database path with different value: C:\Users\e0162112\.stmcufinder\plugins\mcufinder/ => C:\Users\e0162112\.stmcufinder\plugins\mcufinder
2023-07-23 16:45:19,718 [INFO] CrossReferenceDbSqlite:203 - Set database path to: C:\Users\e0162112\.stmcufinder\plugins\mcufinder//mcu/cs/
2023-07-23 16:45:19,832 [INFO] MainPanel:262 - HeapMemory: 268435456
2023-07-23 16:45:19,923 [INFO] DbMcusXml:78 - Set database path to: C:\ST\STM32CubeIDE_1.13.0\STM32CubeIDE\plugins\com.st.stm32cube.common.mx_6.9.0.202307051724\\db\/mcu/
2023-07-23 16:45:19,924 [INFO] ApiDb:274 - Set plugin database path to: C:\ST\STM32CubeIDE_1.13.0\STM32CubeIDE\plugins\com.st.stm32cube.common.mx_6.9.0.202307051724\\db\/plugins/boardmanager/
2023-07-23 16:45:19,924 [INFO] ApiDb:261 - Set plugin images path to: C:\ST\STM32CubeIDE_1.13.0\STM32CubeIDE\plugins\com.st.stm32cube.common.mx_6.9.0.202307051724\\db\/plugins/mcufinder/images/
2023-07-23 16:45:19,924 [WARN] DbFile:41 - Overriding database path with different value: C:\Users\e0162112\.stmcufinder\plugins\mcufinder/ => C:\Users\e0162112\.stmcufinder\plugins\mcufinder
2023-07-23 16:45:19,925 [INFO] ApiDb:250 - Set database path to: C:\Users\e0162112\.stmcufinder\plugins\mcufinder//mcu/
2023-07-23 16:45:19,925 [WARN] DbFile:41 - Overriding database path with different value: C:\Users\e0162112\.stmcufinder\plugins\mcufinder/ => C:\Users\e0162112\.stmcufinder\plugins\mcufinder
2023-07-23 16:45:19,925 [INFO] DbMcusAds:125 - Set database path to: C:\Users\e0162112\.stmcufinder\plugins\mcufinder//mcu/
2023-07-23 16:45:19,925 [WARN] DbFile:41 - Overriding database path with different value: C:\Users\e0162112\.stmcufinder\plugins\mcufinder/ => C:\Users\e0162112\.stmcufinder\plugins\mcufinder
2023-07-23 16:45:19,925 [WARN] DbFile:41 - Overriding database path with different value: C:\Users\e0162112\.stmcufinder\plugins\mcufinder/ => C:\Users\e0162112\.stmcufinder\plugins\mcufinder
2023-07-23 16:45:19,925 [INFO] CrossReferenceDbSqlite:203 - Set database path to: C:\Users\e0162112\.stmcufinder\plugins\mcufinder//mcu/cs/
2023-07-23 16:45:19,951 [INFO] ApplicationProperties:184 - Using Application install path: C:\ST\STM32CubeIDE_1.13.0\STM32CubeIDE\plugins\com.st.stm32cube.common.mx_6.9.0.202307051724
2023-07-23 16:45:19,953 [INFO] PluginManage:196 - Search for loadable plugins [exclusion list=, ]
2023-07-23 16:45:19,955 [INFO] PluginManage:310 - Check plugin analytics
2023-07-23 16:45:20,104 [INFO] AnalyticsPlugin:253 - Accepted Software Licenses: 
2023-07-23 16:45:20,105 [INFO] AnalyticsPlugin:255 - Accepted CMSIS Pack Licenses: 
2023-07-23 16:45:20,105 [INFO] AnalyticsPlugin:257 - Accepted Firmware Licenses: 
2023-07-23 16:45:20,110 [INFO] PluginManage:359 - Loaded plugin analytics (category:tool,tabindex:-1)
2023-07-23 16:45:20,111 [INFO] PluginManage:310 - Check plugin cadmodel
2023-07-23 16:45:20,118 [INFO] CADModel:105 - Init CAD model plugin
2023-07-23 16:45:20,118 [INFO] PluginManage:359 - Loaded plugin cadmodel (category:power,tabindex:5)
2023-07-23 16:45:20,119 [INFO] PluginManage:310 - Check plugin clock
2023-07-23 16:45:20,129 [INFO] PluginManage:359 - Loaded plugin clock (category:base,tabindex:2)
2023-07-23 16:45:20,129 [INFO] PluginManage:310 - Check plugin ddr
2023-07-23 16:45:20,132 [INFO] PluginManage:359 - Loaded plugin ddr (category:tool,tabindex:6)
2023-07-23 16:45:20,132 [INFO] PluginManage:310 - Check plugin filemanager
2023-07-23 16:45:20,272 [INFO] PluginManage:359 - Loaded plugin filemanager (category:base,tabindex:10)
2023-07-23 16:45:20,272 [INFO] PluginManage:310 - Check plugin ipmanager
2023-07-23 16:45:20,285 [INFO] PluginManage:359 - Loaded plugin ipmanager (category:base,tabindex:5)
2023-07-23 16:45:20,286 [INFO] PluginManage:310 - Check plugin lpbam
2023-07-23 16:45:20,295 [INFO] PluginManage:359 - Loaded plugin lpbam (category:base,tabindex:0)
2023-07-23 16:45:20,296 [INFO] PluginManage:310 - Check plugin memorymap
2023-07-23 16:45:20,312 [INFO] PluginManage:359 - Loaded plugin memorymap (category:base,tabindex:4)
2023-07-23 16:45:20,312 [INFO] PluginManage:310 - Check plugin pinoutandconfiguration
2023-07-23 16:45:20,321 [INFO] PluginManage:359 - Loaded plugin pinoutandconfiguration (category:base,tabindex:1)
2023-07-23 16:45:20,321 [INFO] PluginManage:310 - Check plugin pinoutconfig
2023-07-23 16:45:20,426 [WARN] SupportedApi:132 - Cannot load RTOS API schema: s4s-elt-must-match.1: The content of 'definitions' must match (annotation?, (simpleType | complexType)?, (unique | key | keyref)*)). A problem was found starting at: attribute.
2023-07-23 16:45:20,608 [INFO] PluginManage:359 - Loaded plugin pinoutconfig (category:base,tabindex:0)
2023-07-23 16:45:20,608 [INFO] PluginManage:310 - Check plugin power
2023-07-23 16:45:20,625 [INFO] PluginManage:359 - Loaded plugin power (category:power,tabindex:4)
2023-07-23 16:45:20,625 [INFO] PluginManage:310 - Check plugin projectmanager
2023-07-23 16:45:20,646 [INFO] PluginManage:359 - Loaded plugin projectmanager (category:projectmanager,tabindex:3)
2023-07-23 16:45:20,646 [INFO] PluginManage:310 - Check plugin thirdparty
2023-07-23 16:45:20,899 [INFO] PluginManage:359 - Loaded plugin thirdparty (category:base,tabindex:-1)
2023-07-23 16:45:20,899 [INFO] PluginManage:310 - Check plugin tools
2023-07-23 16:45:20,899 [WARN] IntegrityCheckThread:84 - waiting for thirdparty lock release [integrity check]
2023-07-23 16:45:20,900 [INFO] IntegrityCheckThread:86 - entering critical section [integrity check]
2023-07-23 16:45:20,901 [INFO] ThirdPartyUpdaterWithRetryManager:70 - Updater plugin not ready yet. [1/15]
2023-07-23 16:45:20,906 [INFO] PluginManage:359 - Loaded plugin tools (category:base,tabindex:7)
2023-07-23 16:45:20,907 [INFO] PluginManage:310 - Check plugin tutovideos
2023-07-23 16:45:21,187 [INFO] PluginManage:359 - Loaded plugin tutovideos (category:base,tabindex:-1)
2023-07-23 16:45:21,187 [INFO] PluginManage:310 - Check plugin updater
2023-07-23 16:45:21,201 [INFO] PluginManage:359 - Loaded plugin updater (category:base,tabindex:12)
2023-07-23 16:45:21,202 [INFO] PluginManage:310 - Check plugin userauth
2023-07-23 16:45:21,210 [INFO] UserAuth:113 - Init User Auth plugin
2023-07-23 16:45:21,210 [INFO] PluginManage:359 - Loaded plugin userauth (category:base,tabindex:14)
2023-07-23 16:45:21,211 [INFO] PluginManage:283 - PluginManage : Loaded plugins [17]
2023-07-23 16:45:21,560 [INFO] PinOutPanel:1499 - setPackage(No Configuration,No Configuration)
2023-07-23 16:45:21,818 [INFO] CADModel:165 - CPN selected for project level
2023-07-23 16:45:21,819 [INFO] CADModel:114 - Register for checkConnection events
2023-07-23 16:45:21,853 [INFO] IPUIPlugin:80 - create IPUIPlugin
2023-07-23 16:45:21,854 [INFO] PluginManager:220 - loadIPPluginJar : add adc
2023-07-23 16:45:21,859 [INFO] IPUIPlugin:80 - create IPUIPlugin
2023-07-23 16:45:21,860 [INFO] PluginManager:220 - loadIPPluginJar : add aes
2023-07-23 16:45:21,865 [INFO] IPUIPlugin:80 - create IPUIPlugin
2023-07-23 16:45:21,865 [INFO] PluginManager:220 - loadIPPluginJar : add can
2023-07-23 16:45:21,869 [INFO] IPUIPlugin:80 - create IPUIPlugin
2023-07-23 16:45:21,869 [INFO] PluginManager:220 - loadIPPluginJar : add comp
2023-07-23 16:45:21,875 [INFO] IPUIPlugin:80 - create IPUIPlugin
2023-07-23 16:45:21,875 [INFO] PluginManager:220 - loadIPPluginJar : add cryp
2023-07-23 16:45:21,880 [INFO] IPUIPlugin:80 - create IPUIPlugin
2023-07-23 16:45:21,881 [INFO] PluginManager:220 - loadIPPluginJar : add dfsdm
2023-07-23 16:45:21,890 [INFO] IPUIPlugin:80 - create IPUIPlugin
2023-07-23 16:45:21,891 [INFO] PluginManager:220 - loadIPPluginJar : add dma
2023-07-23 16:45:21,897 [INFO] IPUIPlugin:80 - create IPUIPlugin
2023-07-23 16:45:21,898 [INFO] PluginManager:220 - loadIPPluginJar : add dma3
2023-07-23 16:45:21,901 [INFO] IPUIPlugin:80 - create IPUIPlugin
2023-07-23 16:45:21,901 [INFO] PluginManager:220 - loadIPPluginJar : add fatfs
2023-07-23 16:45:21,909 [INFO] IPUIPlugin:80 - create IPUIPlugin
2023-07-23 16:45:21,909 [INFO] PluginManager:220 - loadIPPluginJar : add fmc
2023-07-23 16:45:21,918 [INFO] IPUIPlugin:80 - create IPUIPlugin
2023-07-23 16:45:21,919 [INFO] PluginManager:220 - loadIPPluginJar : add freertos
2023-07-23 16:45:21,922 [INFO] IPUIPlugin:80 - create IPUIPlugin
2023-07-23 16:45:21,923 [INFO] PluginManager:220 - loadIPPluginJar : add genericplugin
2023-07-23 16:45:21,926 [INFO] IPUIPlugin:80 - create IPUIPlugin
2023-07-23 16:45:21,927 [INFO] PluginManager:220 - loadIPPluginJar : add gfxmmu
2023-07-23 16:45:21,934 [INFO] IPUIPlugin:80 - create IPUIPlugin
2023-07-23 16:45:21,935 [INFO] PluginManager:220 - loadIPPluginJar : add gic
2023-07-23 16:45:21,942 [INFO] IPUIPlugin:80 - create IPUIPlugin
2023-07-23 16:45:21,942 [INFO] PluginManager:220 - loadIPPluginJar : add gpio
2023-07-23 16:45:21,948 [INFO] IPUIPlugin:80 - create IPUIPlugin
2023-07-23 16:45:21,948 [INFO] PluginManager:220 - loadIPPluginJar : add gtzc
2023-07-23 16:45:21,953 [INFO] IPUIPlugin:80 - create IPUIPlugin
2023-07-23 16:45:21,953 [INFO] PluginManager:220 - loadIPPluginJar : add hash
2023-07-23 16:45:21,958 [INFO] IPUIPlugin:80 - create IPUIPlugin
2023-07-23 16:45:21,958 [INFO] PluginManager:220 - loadIPPluginJar : add i2c
2023-07-23 16:45:21,963 [INFO] IPUIPlugin:80 - create IPUIPlugin
2023-07-23 16:45:21,963 [INFO] PluginManager:220 - loadIPPluginJar : add i2s
2023-07-23 16:45:21,969 [INFO] IPUIPlugin:80 - create IPUIPlugin
2023-07-23 16:45:21,969 [INFO] PluginManager:220 - loadIPPluginJar : add i3c
2023-07-23 16:45:21,975 [INFO] IPUIPlugin:80 - create IPUIPlugin
2023-07-23 16:45:21,976 [INFO] PluginManager:220 - loadIPPluginJar : add ipddr
2023-07-23 16:45:21,990 [INFO] IPUIPlugin:80 - create IPUIPlugin
2023-07-23 16:45:21,990 [INFO] PluginManager:220 - loadIPPluginJar : add linkedlist
2023-07-23 16:45:21,995 [INFO] IPUIPlugin:80 - create IPUIPlugin
2023-07-23 16:45:21,995 [INFO] PluginManager:220 - loadIPPluginJar : add lorawan
2023-07-23 16:45:21,999 [INFO] IPUIPlugin:80 - create IPUIPlugin
2023-07-23 16:45:21,999 [INFO] PluginManager:220 - loadIPPluginJar : add ltdc
2023-07-23 16:45:22,009 [INFO] IPUIPlugin:80 - create IPUIPlugin
2023-07-23 16:45:22,010 [INFO] PluginManager:220 - loadIPPluginJar : add mdma
2023-07-23 16:45:22,016 [INFO] IPUIPlugin:80 - create IPUIPlugin
2023-07-23 16:45:22,017 [INFO] PluginManager:220 - loadIPPluginJar : add nvic
2023-07-23 16:45:22,022 [INFO] IPUIPlugin:80 - create IPUIPlugin
2023-07-23 16:45:22,022 [INFO] PluginManager:220 - loadIPPluginJar : add opamp
2023-07-23 16:45:22,027 [INFO] IPUIPlugin:80 - create IPUIPlugin
2023-07-23 16:45:22,028 [INFO] PluginManager:220 - loadIPPluginJar : add openamp
2023-07-23 16:45:22,033 [INFO] IPUIPlugin:80 - create IPUIPlugin
2023-07-23 16:45:22,033 [INFO] PluginManager:220 - loadIPPluginJar : add pdm2pcm
2023-07-23 16:45:22,045 [INFO] IPUIPlugin:80 - create IPUIPlugin
2023-07-23 16:45:22,048 [INFO] PluginManager:220 - loadIPPluginJar : add plateformsettings
2023-07-23 16:45:22,052 [INFO] IPUIPlugin:80 - create IPUIPlugin
2023-07-23 16:45:22,052 [INFO] PluginManager:220 - loadIPPluginJar : add quadspi
2023-07-23 16:45:22,058 [INFO] IPUIPlugin:80 - create IPUIPlugin
2023-07-23 16:45:22,058 [INFO] PluginManager:220 - loadIPPluginJar : add resmgrutility
2023-07-23 16:45:22,064 [INFO] IPUIPlugin:80 - create IPUIPlugin
2023-07-23 16:45:22,064 [INFO] PluginManager:220 - loadIPPluginJar : add sai
2023-07-23 16:45:22,068 [INFO] IPUIPlugin:80 - create IPUIPlugin
2023-07-23 16:45:22,069 [INFO] PluginManager:220 - loadIPPluginJar : add spi
2023-07-23 16:45:22,078 [INFO] IPUIPlugin:80 - create IPUIPlugin
2023-07-23 16:45:22,078 [INFO] PluginManager:220 - loadIPPluginJar : add stm32_wpan
2023-07-23 16:45:22,081 [INFO] IPUIPlugin:80 - create IPUIPlugin
2023-07-23 16:45:22,082 [INFO] PluginManager:220 - loadIPPluginJar : add tim
2023-07-23 16:45:22,088 [INFO] IPUIPlugin:80 - create IPUIPlugin
2023-07-23 16:45:22,088 [INFO] PluginManager:220 - loadIPPluginJar : add touchsensing
2023-07-23 16:45:22,092 [INFO] IPUIPlugin:80 - create IPUIPlugin
2023-07-23 16:45:22,092 [INFO] PluginManager:220 - loadIPPluginJar : add tracer_emb
2023-07-23 16:45:22,096 [INFO] IPUIPlugin:80 - create IPUIPlugin
2023-07-23 16:45:22,097 [INFO] PluginManager:220 - loadIPPluginJar : add ts
2023-07-23 16:45:22,101 [INFO] IPUIPlugin:80 - create IPUIPlugin
2023-07-23 16:45:22,101 [INFO] PluginManager:220 - loadIPPluginJar : add tsc
2023-07-23 16:45:22,106 [INFO] IPUIPlugin:80 - create IPUIPlugin
2023-07-23 16:45:22,106 [INFO] PluginManager:220 - loadIPPluginJar : add ucpd
2023-07-23 16:45:22,114 [INFO] IPUIPlugin:80 - create IPUIPlugin
2023-07-23 16:45:22,114 [INFO] PluginManager:220 - loadIPPluginJar : add usart
2023-07-23 16:45:22,120 [INFO] IPUIPlugin:80 - create IPUIPlugin
2023-07-23 16:45:22,120 [INFO] PluginManager:220 - loadIPPluginJar : add usbx
2023-07-23 16:45:22,318 [INFO] CADModel:165 - CPN selected for project level
2023-07-23 16:45:22,318 [INFO] CADModel:114 - Register for checkConnection events
2023-07-23 16:45:22,318 [FATAL] Updater:308 - Updater called before beeing initialized
2023-07-23 16:45:22,319 [ERROR] CADModel:125 - Updater not yet initialized, retry later 
2023-07-23 16:45:22,526 [INFO] CADModel:165 - CPN selected for project level
2023-07-23 16:45:22,526 [INFO] CADModel:114 - Register for checkConnection events
2023-07-23 16:45:22,526 [FATAL] Updater:308 - Updater called before beeing initialized
2023-07-23 16:45:22,526 [ERROR] CADModel:125 - Updater not yet initialized, retry later 
2023-07-23 16:45:22,531 [FATAL] Updater:308 - Updater called before beeing initialized
2023-07-23 16:45:22,767 [FATAL] Updater:308 - Updater called before beeing initialized
2023-07-23 16:45:22,777 [INFO] DbMcusAds:53 - JSON generation date=Tue Mar 07 10:50:55 EET 2023 (1678179055114)
2023-07-23 16:45:22,777 [FATAL] Updater:308 - Updater called before beeing initialized
2023-07-23 16:45:22,878 [WARN] DetailPanel:346 - Failed to get advertising image, set to default
2023-07-23 16:45:23,071 [FATAL] Updater:308 - Updater called before beeing initialized
2023-07-23 16:45:23,074 [FATAL] Updater:308 - Updater called before beeing initialized
2023-07-23 16:45:23,074 [FATAL] Updater:308 - Updater called before beeing initialized
2023-07-23 16:45:23,075 [WARN] DetailPanel:346 - Failed to get advertising image, set to default
2023-07-23 16:45:23,076 [FATAL] Updater:308 - Updater called before beeing initialized
2023-07-23 16:45:23,139 [ERROR] Updater:1120 - MainUpdater not yet initialized. External WinMGr cannot be set.
2023-07-23 16:45:23,143 [INFO] Updater:1056 - Updater Version found : 6.9.0
2023-07-23 16:45:23,166 [INFO] ApplicationProperties:184 - Using Application install path: C:\ST\STM32CubeIDE_1.13.0\STM32CubeIDE\plugins\com.st.stm32cube.common.mx_6.9.0.202307051724
2023-07-23 16:45:23,679 [INFO] MainUpdater:2868 - connection check result : 10
2023-07-23 16:45:23,679 [INFO] MainUpdater:3562 - Updater definition file requires update
2023-07-23 16:45:23,681 [INFO] MainUpdater:285 - Updater Check For Update Now.
2023-07-23 16:45:23,681 [INFO] MicroXplorer:498 - Change Database Version : DB.6.0.90
2023-07-23 16:45:23,690 [INFO] McuFinderGlobals:63 - Set McuFinder mode to 2 (CubeIDE integrated)
2023-07-23 16:45:23,690 [INFO] UserAuth:179 - activating auth plugin
2023-07-23 16:45:23,693 [INFO] UserAuth:393 - Internet connection configuration mode: 1
2023-07-23 16:45:23,712 [INFO] JxBrowserEngine:151 - Initiate JxBrowser Engine with user profile folder
2023-07-23 16:45:23,870 [INFO] ServerAccessManage:473 - Download File updaters.zip
2023-07-23 16:45:23,903 [WARN] MainUpdater:1189 - Updater busy. Cannot search thirdparties
2023-07-23 16:45:23,903 [INFO] ThirdPartyUpdaterWithRetryManager:96 - Updater plugin is busy. [1/15]
2023-07-23 16:45:24,122 [INFO] FileExtend:240 - Unzip File : updaters.zip
2023-07-23 16:45:24,123 [INFO] FileExtend:255 - Standard Zip Deflate
2023-07-23 16:45:25,955 [INFO] ServerAccessManage:473 - Download File PacksControlFlags.xml
2023-07-23 16:45:26,255 [INFO] ServerAccessManage:473 - Download File cubemx.pidx
2023-07-23 16:45:26,694 [INFO] ServerAccessManage:473 - Download File STMicroelectronics.FP-ATR-ASTRA1.pdsc
2023-07-23 16:45:26,904 [WARN] MainUpdater:1189 - Updater busy. Cannot search thirdparties
2023-07-23 16:45:26,904 [INFO] ThirdPartyUpdaterWithRetryManager:96 - Updater plugin is busy. [2/15]
2023-07-23 16:45:27,457 [INFO] ServerAccessManage:473 - Download File STMicroelectronics.FP-ATR-SIGFOX1.pdsc
2023-07-23 16:45:27,755 [INFO] ServerAccessManage:473 - Download File STMicroelectronics.FP-SNS-FLIGHT1.pdsc
2023-07-23 16:45:28,316 [INFO] ServerAccessManage:473 - Download File STMicroelectronics.FP-SNS-MOTENV1.pdsc
2023-07-23 16:45:29,315 [INFO] ServerAccessManage:473 - Download File STMicroelectronics.X-CUBE-AI.pdsc
2023-07-23 16:45:29,662 [INFO] WebApp:157 - Instantiating new browser for Auth
2023-07-23 16:45:29,906 [WARN] MainUpdater:1189 - Updater busy. Cannot search thirdparties
2023-07-23 16:45:29,906 [INFO] ThirdPartyUpdaterWithRetryManager:96 - Updater plugin is busy. [3/15]
2023-07-23 16:45:30,995 [INFO] WebApp:753 - Register for checkConnection events
2023-07-23 16:45:30,995 [INFO] WebApp:390 - Apply proxy settings
2023-07-23 16:45:30,995 [INFO] WebApp:475 - Chromium requires no authentication
2023-07-23 16:45:31,008 [INFO] WebApp:418 - Direct internet connection detected
2023-07-23 16:45:31,243 [INFO] WebApp:188 - Starting web application
2023-07-23 16:45:31,243 [INFO] WebApp:520 - Web application path used C:\ST\STM32CubeIDE_1.13.0\STM32CubeIDE\plugins\com.st.stm32cube.common.mx_6.9.0.202307051724\db\plugins\mcufinder\reactClient1\index.html
2023-07-23 16:45:31,356 [INFO] ServerAccessManage:473 - Download File STMicroelectronics.X-CUBE-ALS.pdsc
2023-07-23 16:45:31,811 [INFO] ServerAccessManage:473 - Download File STMicroelectronics.X-CUBE-BLE1.pdsc
2023-07-23 16:45:32,907 [WARN] MainUpdater:1189 - Updater busy. Cannot search thirdparties
2023-07-23 16:45:32,907 [INFO] ThirdPartyUpdaterWithRetryManager:96 - Updater plugin is busy. [4/15]
2023-07-23 16:45:33,951 [ERROR] ServerAccessManage:1089 - Problem, file not found on Server
2023-07-23 16:45:34,095 [INFO] ServerAccessManage:473 - Download File STMicroelectronics.X-CUBE-BLE2.pdsc
2023-07-23 16:45:35,345 [INFO] ServerAccessManage:473 - Download File STMicroelectronics.X-CUBE-BLEMGR.pdsc
2023-07-23 16:45:35,461 [INFO] McuFinderGlobals:63 - Set McuFinder mode to 2 (CubeIDE integrated)
2023-07-23 16:45:35,908 [WARN] MainUpdater:1189 - Updater busy. Cannot search thirdparties
2023-07-23 16:45:35,908 [INFO] ThirdPartyUpdaterWithRetryManager:96 - Updater plugin is busy. [5/15]
2023-07-23 16:45:36,518 [INFO] ServerAccessManage:473 - Download File STMicroelectronics.X-CUBE-DISPLAY.pdsc
2023-07-23 16:45:37,536 [INFO] ServerAccessManage:473 - Download File STMicroelectronics.X-CUBE-EEPRMA1.pdsc
2023-07-23 16:45:37,868 [ERROR] ServerAccessManage:1089 - Problem, file not found on Server
2023-07-23 16:45:38,609 [INFO] ServerAccessManage:473 - Download File STMicroelectronics.X-CUBE-FREERTOS.pdsc
2023-07-23 16:45:38,910 [WARN] MainUpdater:1189 - Updater busy. Cannot search thirdparties
2023-07-23 16:45:38,910 [INFO] ThirdPartyUpdaterWithRetryManager:96 - Updater plugin is busy. [6/15]
2023-07-23 16:45:39,011 [INFO] ServerAccessManage:473 - Download File STMicroelectronics.X-CUBE-GNSS1.pdsc
2023-07-23 16:45:40,471 [ERROR] ServerAccessManage:1089 - Problem, file not found on Server
2023-07-23 16:45:40,698 [ERROR] ServerAccessManage:1089 - Problem, file not found on Server
2023-07-23 16:45:41,353 [ERROR] ServerAccessManage:1089 - Problem, file not found on Server
2023-07-23 16:45:41,553 [ERROR] ServerAccessManage:1089 - Problem, file not found on Server
2023-07-23 16:45:41,752 [ERROR] ServerAccessManage:1089 - Problem, file not found on Server
2023-07-23 16:45:41,911 [WARN] MainUpdater:1189 - Updater busy. Cannot search thirdparties
2023-07-23 16:45:41,911 [INFO] ThirdPartyUpdaterWithRetryManager:96 - Updater plugin is busy. [7/15]
2023-07-23 16:45:41,929 [ERROR] ServerAccessManage:1089 - Problem, file not found on Server
2023-07-23 16:45:42,071 [INFO] ServerAccessManage:473 - Download File STMicroelectronics.X-CUBE-ISPU.pdsc
2023-07-23 16:45:42,631 [INFO] ServerAccessManage:473 - Download File STMicroelectronics.X-CUBE-MEMS1.pdsc
2023-07-23 16:45:44,913 [WARN] MainUpdater:1189 - Updater busy. Cannot search thirdparties
2023-07-23 16:45:44,913 [INFO] ThirdPartyUpdaterWithRetryManager:96 - Updater plugin is busy. [8/15]
2023-07-23 16:45:46,203 [INFO] ServerAccessManage:473 - Download File STMicroelectronics.X-CUBE-NFC4.pdsc
2023-07-23 16:45:47,915 [WARN] MainUpdater:1189 - Updater busy. Cannot search thirdparties
2023-07-23 16:45:47,915 [INFO] ThirdPartyUpdaterWithRetryManager:96 - Updater plugin is busy. [9/15]
2023-07-23 16:45:48,339 [INFO] ServerAccessManage:473 - Download File STMicroelectronics.X-CUBE-NFC7.pdsc
2023-07-23 16:45:48,771 [INFO] ServerAccessManage:473 - Download File STMicroelectronics.X-CUBE-SFXS2LP1.pdsc
2023-07-23 16:45:49,871 [INFO] ServerAccessManage:473 - Download File STMicroelectronics.X-CUBE-SUBG2.pdsc
2023-07-23 16:45:50,915 [WARN] MainUpdater:1189 - Updater busy. Cannot search thirdparties
2023-07-23 16:45:50,915 [INFO] ThirdPartyUpdaterWithRetryManager:96 - Updater plugin is busy. [10/15]
2023-07-23 16:45:51,307 [INFO] ServerAccessManage:473 - Download File STMicroelectronics.X-CUBE-SMBUS.pdsc
2023-07-23 16:45:51,665 [ERROR] ServerAccessManage:1089 - Problem, file not found on Server
2023-07-23 16:45:51,799 [INFO] ServerAccessManage:473 - Download File STMicroelectronics.X-CUBE-TOF1.pdsc
2023-07-23 16:45:52,006 [ERROR] LogOutputStream:75 - [STDERR_REDIRECT] SLF4J: Failed to load class "org.slf4j.impl.StaticLoggerBinder".
2023-07-23 16:45:52,007 [ERROR] LogOutputStream:75 - [STDERR_REDIRECT] SLF4J: Defaulting to no-operation (NOP) logger implementation
2023-07-23 16:45:52,008 [ERROR] LogOutputStream:75 - [STDERR_REDIRECT] SLF4J: See http://www.slf4j.org/codes.html#StaticLoggerBinder for further details.
2023-07-23 16:45:52,938 [ERROR] ServerAccessManage:1089 - Problem, file not found on Server
2023-07-23 16:45:53,205 [INFO] ServerAccessManage:473 - Download File STMicroelectronics.X-CUBE-TOUCHGFX.pdsc
2023-07-23 16:45:53,916 [WARN] MainUpdater:1189 - Updater busy. Cannot search thirdparties
2023-07-23 16:45:53,916 [INFO] ThirdPartyUpdaterWithRetryManager:96 - Updater plugin is busy. [11/15]
2023-07-23 16:45:55,520 [INFO] MainUpdater:2868 - connection check result : 10
2023-07-23 16:45:55,836 [INFO] ServerAccessManage:473 - Download File STMicroelectronics.X-CUBE-ALGOBUILD.pdsc
2023-07-23 16:45:56,917 [WARN] MainUpdater:1189 - Updater busy. Cannot search thirdparties
2023-07-23 16:45:56,917 [INFO] ThirdPartyUpdaterWithRetryManager:96 - Updater plugin is busy. [12/15]
2023-07-23 16:45:56,957 [INFO] ServerAccessManage:473 - Download File STMicroelectronics.X-CUBE-AZRTOS-H7.pdsc
2023-07-23 16:45:58,264 [INFO] ServerAccessManage:473 - Download File STMicroelectronics.X-CUBE-AZRTOS-F4.pdsc
2023-07-23 16:45:59,278 [INFO] ServerAccessManage:473 - Download File STMicroelectronics.X-CUBE-AZRTOS-F7.pdsc
2023-07-23 16:45:59,917 [WARN] MainUpdater:1189 - Updater busy. Cannot search thirdparties
2023-07-23 16:45:59,917 [INFO] ThirdPartyUpdaterWithRetryManager:96 - Updater plugin is busy. [13/15]
2023-07-23 16:46:00,119 [INFO] ServerAccessManage:473 - Download File STMicroelectronics.X-CUBE-AZRTOS-L4.pdsc
2023-07-23 16:46:00,729 [INFO] ServerAccessManage:473 - Download File STMicroelectronics.X-CUBE-AZRTOS-L5.pdsc
2023-07-23 16:46:01,283 [INFO] ServerAccessManage:473 - Download File STMicroelectronics.X-CUBE-AZRTOS-G0.pdsc
2023-07-23 16:46:01,803 [INFO] ServerAccessManage:473 - Download File STMicroelectronics.X-CUBE-AZRTOS-G4.pdsc
2023-07-23 16:46:02,322 [INFO] ServerAccessManage:473 - Download File STMicroelectronics.X-CUBE-AZRTOS-WB.pdsc
2023-07-23 16:46:02,726 [INFO] ServerAccessManage:473 - Download File STMicroelectronics.X-CUBE-AZRTOS-WL.pdsc
2023-07-23 16:46:02,918 [WARN] MainUpdater:1189 - Updater busy. Cannot search thirdparties
2023-07-23 16:46:02,918 [INFO] ThirdPartyUpdaterWithRetryManager:96 - Updater plugin is busy. [14/15]
2023-07-23 16:46:03,855 [INFO] ServerAccessManage:473 - Download File wolfSSL.I-CUBE-wolfSSL.pdsc
2023-07-23 16:46:05,919 [WARN] MainUpdater:1189 - Updater busy. Cannot search thirdparties
2023-07-23 16:46:05,919 [INFO] ThirdPartyUpdaterWithRetryManager:96 - Updater plugin is busy. [15/15]
2023-07-23 16:46:05,919 [ERROR] IntegrityCheckThread:130 - Cannot retrieve database content from updater: error -1
2023-07-23 16:46:05,919 [INFO] ThirdParty:978 - Integrity check success = false
2023-07-23 16:46:05,919 [INFO] IntegrityCheckThread:100 - exiting critical section [integrity check]
2023-07-23 16:46:05,920 [INFO] IntegrityCheckThread:103 - End integrity checks thread
2023-07-23 16:46:08,502 [ERROR] ServerAccessManage:1089 - Problem, file not found on Server
2023-07-23 16:46:09,119 [ERROR] ServerAccessManage:1089 - Problem, file not found on Server
2023-07-23 16:46:09,625 [ERROR] ServerAccessManage:1089 - Problem, file not found on Server
2023-07-23 16:46:10,545 [ERROR] ServerAccessManage:1096 - Problem, Http access forbiden
2023-07-23 16:46:10,546 [ERROR] ServerAccessManage:651 - Problem, Http access forbiden : RoweBots.I-CUBE-UNISONRTOS.pdsc.
2023-07-23 16:46:11,060 [INFO] ServerAccessManage:473 - Download File SEGGER.I-CUBE-embOS.pdsc
2023-07-23 16:46:12,303 [INFO] ServerAccessManage:473 - Download File portGmbH.I-Cube-SoM-uGOAL.pdsc
2023-07-23 16:46:13,043 [ERROR] ServerAccessManage:1089 - Problem, file not found on Server
2023-07-23 16:46:13,112 [ERROR] ServerAccessManage:1089 - Problem, file not found on Server
2023-07-23 16:46:13,187 [ERROR] ServerAccessManage:1089 - Problem, file not found on Server
2023-07-23 16:46:13,722 [INFO] ServerAccessManage:473 - Download File emotas.I-CUBE-CANOPEN.pdsc
2023-07-23 16:46:15,034 [INFO] ServerAccessManage:473 - Download File WES.I-CUBE-Cesium.pdsc
2023-07-23 16:46:15,582 [INFO] MainUpdater:2868 - connection check result : 10
2023-07-23 16:46:15,639 [INFO] MicroXplorer:468 - Change Database Path : 
2023-07-23 16:46:15,640 [INFO] MicroXplorer:498 - Change Database Version : DB.6.0.90
2023-07-23 16:46:15,646 [WARN] ThirdParty:871 - waiting for thirdparty lock release [close project]
2023-07-23 16:46:15,646 [INFO] ThirdParty:873 - entering critical section [close project]
2023-07-23 16:46:15,647 [INFO] ThirdParty:883 - exiting critical section [close project]
2023-07-23 16:46:15,648 [INFO] PinOutPanel:1499 - setPackage(No Configuration,No Configuration)
2023-07-23 16:46:15,653 [INFO] UtilMem:75 - Begin LoadConfig() Used Memory: 203031008 Bytes (304087040)
2023-07-23 16:46:15,658 [INFO] OpenFileManager:308 - Change cursor
2023-07-23 16:46:15,673 [WARN] IntegrityCheckThread:84 - waiting for thirdparty lock release [integrity check]
2023-07-23 16:46:15,673 [INFO] IntegrityCheckThread:86 - entering critical section [integrity check]
2023-07-23 16:46:15,673 [WARN] MainUpdater:1189 - Updater busy. Cannot search thirdparties
2023-07-23 16:46:15,673 [INFO] ThirdPartyUpdaterWithRetryManager:96 - Updater plugin is busy. [1/15]
2023-07-23 16:46:17,432 [ERROR] ServerAccessManage:1089 - Problem, file not found on Server
2023-07-23 16:46:18,221 [ERROR] ServerAccessManage:1089 - Problem, file not found on Server
2023-07-23 16:46:18,291 [WARN] PackLoader:240 - Cannot read IP mode file for STMicroelectronics.FP-ATR-ASTRA1.2.0.0
2023-07-23 16:46:18,302 [WARN] PackLoader:240 - Cannot read IP mode file for STMicroelectronics.FP-ATR-SIGFOX1.3.2.0
2023-07-23 16:46:18,310 [WARN] PackLoader:240 - Cannot read IP mode file for STMicroelectronics.FP-SNS-FLIGHT1.5.0.2
2023-07-23 16:46:18,318 [WARN] PackLoader:240 - Cannot read IP mode file for STMicroelectronics.FP-SNS-MOTENV1.4.3.2
2023-07-23 16:46:18,329 [WARN] PackLoader:240 - Cannot read IP mode file for STMicroelectronics.X-CUBE-AI.8.0.1
2023-07-23 16:46:18,339 [WARN] PackLoader:240 - Cannot read IP mode file for STMicroelectronics.X-CUBE-ALS.1.0.1
2023-07-23 16:46:18,351 [WARN] PackLoader:240 - Cannot read IP mode file for STMicroelectronics.X-CUBE-BLE1.6.2.4
2023-07-23 16:46:18,360 [WARN] PackLoader:240 - Cannot read IP mode file for STMicroelectronics.X-CUBE-BLE2.3.3.0
2023-07-23 16:46:18,374 [WARN] PackLoader:240 - Cannot read IP mode file for STMicroelectronics.X-CUBE-BLEMGR.2.0.0
2023-07-23 16:46:18,391 [WARN] PackLoader:240 - Cannot read IP mode file for STMicroelectronics.X-CUBE-DISPLAY.3.0.0
2023-07-23 16:46:18,405 [WARN] PackLoader:240 - Cannot read IP mode file for STMicroelectronics.X-CUBE-EEPRMA1.4.1.0
2023-07-23 16:46:18,411 [INFO] CheckServerUpdateThread:120 - End of CheckServer Thread
2023-07-23 16:46:18,418 [WARN] PackLoader:240 - Cannot read IP mode file for STMicroelectronics.X-CUBE-FREERTOS.1.0.1
2023-07-23 16:46:18,428 [WARN] PackLoader:240 - Cannot read IP mode file for STMicroelectronics.X-CUBE-GNSS1.6.0.0
2023-07-23 16:46:18,438 [WARN] PackLoader:240 - Cannot read IP mode file for STMicroelectronics.X-CUBE-ISPU.1.1.0
2023-07-23 16:46:18,485 [WARN] PackLoader:240 - Cannot read IP mode file for STMicroelectronics.X-CUBE-MEMS1.9.6.0
2023-07-23 16:46:18,643 [WARN] PackLoader:240 - Cannot read IP mode file for STMicroelectronics.X-CUBE-NFC4.3.0.0
2023-07-23 16:46:18,652 [WARN] PackLoader:240 - Cannot read IP mode file for STMicroelectronics.X-CUBE-NFC7.1.0.1
2023-07-23 16:46:18,665 [WARN] PackLoader:240 - Cannot read IP mode file for STMicroelectronics.X-CUBE-SFXS2LP1.4.0.0
2023-07-23 16:46:18,682 [WARN] PackLoader:240 - Cannot read IP mode file for STMicroelectronics.X-CUBE-SUBG2.5.0.0
2023-07-23 16:46:18,698 [WARN] PackLoader:240 - Cannot read IP mode file for STMicroelectronics.X-CUBE-SMBUS.2.1.0
2023-07-23 16:46:18,713 [WARN] PackLoader:240 - Cannot read IP mode file for STMicroelectronics.X-CUBE-TOF1.3.3.1
2023-07-23 16:46:18,732 [WARN] PackLoader:240 - Cannot read IP mode file for STMicroelectronics.X-CUBE-TOUCHGFX.4.22.0
2023-07-23 16:46:18,742 [WARN] PackLoader:240 - Cannot read IP mode file for STMicroelectronics.X-CUBE-ALGOBUILD.1.3.0
2023-07-23 16:46:18,763 [WARN] ConditionMgr:438 - getConditionDescription Invalid condition id : UX DEVICE CLASS RTOS Condition cause : null
2023-07-23 16:46:18,764 [WARN] ConditionMgr:438 - getConditionDescription Invalid condition id : UX DEVICE CLASS RTOS Condition cause : null
2023-07-23 16:46:18,767 [WARN] PackLoader:240 - Cannot read IP mode file for STMicroelectronics.X-CUBE-AZRTOS-H7.3.1.0
2023-07-23 16:46:18,769 [WARN] ConditionMgr:1039 - genDependencies : Invalid condition id : UX DEVICE CLASS RTOS Condition cause : null
2023-07-23 16:46:18,769 [WARN] ConditionMgr:1039 - genDependencies : Invalid condition id : UX DEVICE CLASS RTOS Condition cause : null
2023-07-23 16:46:18,770 [WARN] ConditionMgr:1039 - genDependencies : Invalid condition id : UX DEVICE CLASS RTOS Condition cause : null
2023-07-23 16:46:18,771 [WARN] ConditionMgr:1039 - genDependencies : Invalid condition id : UX DEVICE CLASS RTOS Condition cause : null
2023-07-23 16:46:18,771 [WARN] ConditionMgr:1039 - genDependencies : Invalid condition id : UX DEVICE CLASS RTOS Condition cause : null
2023-07-23 16:46:18,801 [WARN] PackLoader:240 - Cannot read IP mode file for STMicroelectronics.X-CUBE-AZRTOS-F4.1.1.0
2023-07-23 16:46:18,831 [WARN] PackLoader:240 - Cannot read IP mode file for STMicroelectronics.X-CUBE-AZRTOS-F7.1.1.0
2023-07-23 16:46:18,857 [WARN] ConditionMgr:438 - getConditionDescription Invalid condition id : LAN8742 Phy interface Condition cause : null
2023-07-23 16:46:18,858 [WARN] PackLoader:240 - Cannot read IP mode file for STMicroelectronics.X-CUBE-AZRTOS-L4.2.0.0
2023-07-23 16:46:18,859 [WARN] ConditionMgr:1039 - genDependencies : Invalid condition id : LAN8742 Phy interface Condition cause : null
2023-07-23 16:46:18,859 [WARN] ConditionMgr:1039 - genDependencies : Invalid condition id : LAN8742 Phy interface Condition cause : null
2023-07-23 16:46:18,860 [WARN] ConditionMgr:1039 - genDependencies : Invalid condition id : LAN8742 Phy interface Condition cause : null
2023-07-23 16:46:18,880 [WARN] PackLoader:240 - Cannot read IP mode file for STMicroelectronics.X-CUBE-AZRTOS-L5.1.1.0
2023-07-23 16:46:18,911 [WARN] PackLoader:240 - Cannot read IP mode file for STMicroelectronics.X-CUBE-AZRTOS-G0.1.1.0
2023-07-23 16:46:18,938 [WARN] PackLoader:240 - Cannot read IP mode file for STMicroelectronics.X-CUBE-AZRTOS-G4.2.0.0
2023-07-23 16:46:18,961 [WARN] PackLoader:240 - Cannot read IP mode file for STMicroelectronics.X-CUBE-AZRTOS-WB.1.1.0
2023-07-23 16:46:18,976 [INFO] LogOutputStream:77 - [STDOUT_REDIRECT] 1 : Invalid condition id : UX_CORESTACK_Condition cause : null
2023-07-23 16:46:18,977 [INFO] LogOutputStream:77 - [STDOUT_REDIRECT] 1 : Invalid condition id : UX_CORESTACK_Condition cause : null
2023-07-23 16:46:18,978 [INFO] LogOutputStream:77 - [STDOUT_REDIRECT] 1 : Invalid condition id : UX_CORESTACK_Condition cause : null
2023-07-23 16:46:18,979 [INFO] LogOutputStream:77 - [STDOUT_REDIRECT] 1 : Invalid condition id : UX_CORESTACK_Condition cause : null
2023-07-23 16:46:18,980 [INFO] LogOutputStream:77 - [STDOUT_REDIRECT] 1 : Invalid condition id : UX_CORESTACK_Condition cause : null
2023-07-23 16:46:18,981 [ERROR] ThirdPartyApiDb:497 - Cannot delete folder C:\Users\e0162112\.stm32cubemx\plugins\thirdparty\db\STMicroelectronics: Unable to delete directory C:\Users\e0162112\.stm32cubemx\plugins\thirdparty\db\STMicroelectronics.
2023-07-23 16:46:18,983 [WARN] PackLoader:240 - Cannot read IP mode file for STMicroelectronics.X-CUBE-AZRTOS-WL.2.0.0
2023-07-23 16:46:18,989 [WARN] PackLoader:240 - Cannot read IP mode file for STMicroelectronics.X-CUBE-SMBUS.2.1.0
2023-07-23 16:46:18,994 [WARN] PackLoader:240 - Cannot read IP mode file for wolfSSL.I-CUBE-wolfSSL.5.6.3
2023-07-23 16:46:19,010 [WARN] PackLoader:240 - Cannot read IP mode file for STMicroelectronics.X-CUBE-AZRTOS-F7.1.1.0
2023-07-23 16:46:19,024 [WARN] PackLoader:240 - Cannot read IP mode file for STMicroelectronics.FP-SNS-MOTENV1.4.3.2
2023-07-23 16:46:19,033 [WARN] PackLoader:240 - Cannot read IP mode file for SEGGER.I-CUBE-embOS.1.3.1
2023-07-23 16:46:19,038 [WARN] PackLoader:240 - Cannot read IP mode file for STMicroelectronics.X-CUBE-BLE1.6.2.4
2023-07-23 16:46:19,048 [WARN] PackLoader:240 - Cannot read IP mode file for STMicroelectronics.FP-SNS-FLIGHT1.5.0.2
2023-07-23 16:46:19,061 [WARN] PackLoader:240 - Cannot read IP mode file for STMicroelectronics.X-CUBE-DISPLAY.3.0.0
2023-07-23 16:46:19,075 [WARN] PackLoader:240 - Cannot read IP mode file for emotas.I-CUBE-CANOPEN.1.3.0
2023-07-23 16:46:19,080 [WARN] PackLoader:240 - Cannot read IP mode file for portGmbH.I-Cube-SoM-uGOAL.1.1.0
2023-07-23 16:46:19,080 [WARN] PackLoader:240 - Cannot read IP mode file for STMicroelectronics.X-CUBE-TOUCHGFX.4.22.0
2023-07-23 16:46:19,085 [WARN] PackLoader:240 - Cannot read IP mode file for emotas.I-CUBE-CANOPEN.1.3.0
2023-07-23 16:46:19,087 [INFO] LogOutputStream:77 - [STDOUT_REDIRECT] 1 : Invalid condition id : UX_CORESTACK_Condition cause : null
2023-07-23 16:46:19,088 [INFO] LogOutputStream:77 - [STDOUT_REDIRECT] 1 : Invalid condition id : UX_CORESTACK_Condition cause : null
2023-07-23 16:46:19,090 [INFO] LogOutputStream:77 - [STDOUT_REDIRECT] 1 : Invalid condition id : UX_CORESTACK_Condition cause : null
2023-07-23 16:46:19,091 [INFO] LogOutputStream:77 - [STDOUT_REDIRECT] 1 : Invalid condition id : UX_CORESTACK_Condition cause : null
2023-07-23 16:46:19,092 [INFO] LogOutputStream:77 - [STDOUT_REDIRECT] 1 : Invalid condition id : UX_CORESTACK_Condition cause : null
2023-07-23 16:46:19,095 [WARN] PackLoader:240 - Cannot read IP mode file for STMicroelectronics.X-CUBE-AZRTOS-WL.2.0.0
2023-07-23 16:46:19,097 [WARN] PackLoader:240 - Cannot read IP mode file for WES.I-CUBE-Cesium.1.3.0
2023-07-23 16:46:19,097 [INFO] PopulateThirdPartyThread:66 - Ending populate Thread
2023-07-23 16:46:19,099 [INFO] ThirdParty:1030 - CMSIS Pack Vendor :STMicroelectronics X-CUBE-ISPU 1.1.0
2023-07-23 16:46:19,099 [INFO] ThirdParty:1030 - CMSIS Pack Vendor :STMicroelectronics X-CUBE-DISPLAY 3.0.0
2023-07-23 16:46:19,099 [INFO] ThirdParty:1030 - CMSIS Pack Vendor :STMicroelectronics X-CUBE-GNSS1 6.0.0
2023-07-23 16:46:19,099 [INFO] ThirdParty:1030 - CMSIS Pack Vendor :STMicroelectronics X-CUBE-AZRTOS-F4 1.1.0
2023-07-23 16:46:19,099 [INFO] ThirdParty:1030 - CMSIS Pack Vendor :STMicroelectronics FP-ATR-SIGFOX1 3.2.0
2023-07-23 16:46:19,099 [INFO] ThirdParty:1030 - CMSIS Pack Vendor :wolfSSL I-CUBE-wolfSSL 5.6.3
2023-07-23 16:46:19,099 [INFO] ThirdParty:1030 - CMSIS Pack Vendor :STMicroelectronics X-CUBE-SMBUS 2.1.0
2023-07-23 16:46:19,099 [INFO] ThirdParty:1030 - CMSIS Pack Vendor :emotas I-CUBE-CANOPEN 1.3.0
2023-07-23 16:46:19,099 [INFO] ThirdParty:1030 - CMSIS Pack Vendor :STMicroelectronics X-CUBE-FREERTOS 1.0.1
2023-07-23 16:46:19,099 [INFO] ThirdParty:1030 - CMSIS Pack Vendor :STMicroelectronics X-CUBE-NFC7 1.0.1
2023-07-23 16:46:19,099 [INFO] ThirdParty:1030 - CMSIS Pack Vendor :STMicroelectronics X-CUBE-TOUCHGFX 4.22.0
2023-07-23 16:46:19,099 [INFO] ThirdParty:1030 - CMSIS Pack Vendor :STMicroelectronics X-CUBE-AZRTOS-F7 1.1.0
2023-07-23 16:46:19,099 [INFO] ThirdParty:1030 - CMSIS Pack Vendor :STMicroelectronics X-CUBE-ALS 1.0.1
2023-07-23 16:46:19,099 [INFO] ThirdParty:1030 - CMSIS Pack Vendor :STMicroelectronics X-CUBE-EEPRMA1 4.1.0
2023-07-23 16:46:19,099 [INFO] ThirdParty:1030 - CMSIS Pack Vendor :portGmbH I-Cube-SoM-uGOAL 1.1.0
2023-07-23 16:46:19,100 [INFO] ThirdParty:1030 - CMSIS Pack Vendor :STMicroelectronics X-CUBE-MEMS1 9.6.0
2023-07-23 16:46:19,100 [INFO] ThirdParty:1030 - CMSIS Pack Vendor :STMicroelectronics X-CUBE-AZRTOS-WB 1.1.0
2023-07-23 16:46:19,100 [INFO] ThirdParty:1030 - CMSIS Pack Vendor :STMicroelectronics FP-SNS-MOTENV1 4.3.2
2023-07-23 16:46:19,100 [INFO] ThirdParty:1030 - CMSIS Pack Vendor :STMicroelectronics X-CUBE-ALGOBUILD 1.3.0
2023-07-23 16:46:19,100 [INFO] ThirdParty:1030 - CMSIS Pack Vendor :STMicroelectronics X-CUBE-AZRTOS-WL 2.0.0
2023-07-23 16:46:19,100 [INFO] ThirdParty:1030 - CMSIS Pack Vendor :SEGGER I-CUBE-embOS 1.3.1
2023-07-23 16:46:19,100 [INFO] ThirdParty:1030 - CMSIS Pack Vendor :STMicroelectronics X-CUBE-BLE1 6.2.4
2023-07-23 16:46:19,100 [INFO] ThirdParty:1030 - CMSIS Pack Vendor :STMicroelectronics X-CUBE-AZRTOS-L5 1.1.0
2023-07-23 16:46:19,100 [INFO] ThirdParty:1030 - CMSIS Pack Vendor :STMicroelectronics X-CUBE-AZRTOS-G0 1.1.0
2023-07-23 16:46:19,100 [INFO] ThirdParty:1030 - CMSIS Pack Vendor :STMicroelectronics X-CUBE-AI 8.0.1
2023-07-23 16:46:19,100 [INFO] ThirdParty:1030 - CMSIS Pack Vendor :STMicroelectronics X-CUBE-BLEMGR 2.0.0
2023-07-23 16:46:19,100 [INFO] ThirdParty:1030 - CMSIS Pack Vendor :STMicroelectronics X-CUBE-NFC4 3.0.0
2023-07-23 16:46:19,100 [INFO] ThirdParty:1030 - CMSIS Pack Vendor :STMicroelectronics X-CUBE-SUBG2 5.0.0
2023-07-23 16:46:19,100 [INFO] ThirdParty:1030 - CMSIS Pack Vendor :STMicroelectronics X-CUBE-AZRTOS-L4 2.0.0
2023-07-23 16:46:19,100 [INFO] ThirdParty:1030 - CMSIS Pack Vendor :STMicroelectronics FP-ATR-ASTRA1 2.0.0
2023-07-23 16:46:19,100 [INFO] ThirdParty:1030 - CMSIS Pack Vendor :WES I-CUBE-Cesium 1.3.0
2023-07-23 16:46:19,100 [INFO] ThirdParty:1030 - CMSIS Pack Vendor :STMicroelectronics X-CUBE-SFXS2LP1 4.0.0
2023-07-23 16:46:19,100 [INFO] ThirdParty:1030 - CMSIS Pack Vendor :STMicroelectronics FP-SNS-FLIGHT1 5.0.2
2023-07-23 16:46:19,100 [INFO] ThirdParty:1030 - CMSIS Pack Vendor :STMicroelectronics X-CUBE-BLE2 3.3.0
2023-07-23 16:46:19,101 [INFO] ThirdParty:1030 - CMSIS Pack Vendor :STMicroelectronics X-CUBE-TOF1 3.3.1
2023-07-23 16:46:19,101 [INFO] ThirdParty:1030 - CMSIS Pack Vendor :STMicroelectronics X-CUBE-AZRTOS-G4 2.0.0
2023-07-23 16:46:19,101 [INFO] ThirdParty:1030 - CMSIS Pack Vendor :STMicroelectronics X-CUBE-AZRTOS-H7 3.1.0
2023-07-23 16:46:19,101 [INFO] LoadServerUpdatesThread:373 - End of LoadServerUpdate Thread
2023-07-23 16:46:19,102 [WARN] PackLoader:240 - Cannot read IP mode file for WES.I-CUBE-Cesium.1.3.0
2023-07-23 16:46:19,112 [WARN] PackLoader:240 - Cannot read IP mode file for STMicroelectronics.X-CUBE-BLE2.3.3.0
2023-07-23 16:46:19,122 [WARN] PackLoader:240 - Cannot read IP mode file for STMicroelectronics.X-CUBE-ALGOBUILD.1.3.0
2023-07-23 16:46:19,135 [WARN] PackLoader:240 - Cannot read IP mode file for STMicroelectronics.X-CUBE-AZRTOS-G0.1.1.0
2023-07-23 16:46:19,144 [WARN] PackLoader:240 - Cannot read IP mode file for STMicroelectronics.X-CUBE-NFC4.3.0.0
2023-07-23 16:46:19,152 [WARN] PackLoader:240 - Cannot read IP mode file for STMicroelectronics.FP-ATR-SIGFOX1.3.2.0
2023-07-23 16:46:19,176 [WARN] PackLoader:240 - Cannot read IP mode file for SEGGER.I-CUBE-embOS.1.3.1
2023-07-23 16:46:19,205 [WARN] PackLoader:240 - Cannot read IP mode file for STMicroelectronics.X-CUBE-GNSS1.6.0.0
2023-07-23 16:46:19,217 [WARN] PackLoader:240 - Cannot read IP mode file for STMicroelectronics.X-CUBE-AZRTOS-F4.1.1.0
2023-07-23 16:46:19,222 [WARN] PackLoader:240 - Cannot read IP mode file for wolfSSL.I-CUBE-wolfSSL.5.6.3
2023-07-23 16:46:19,250 [WARN] PackLoader:240 - Cannot read IP mode file for STMicroelectronics.X-CUBE-MEMS1.9.6.0
2023-07-23 16:46:19,429 [WARN] PackLoader:240 - Cannot read IP mode file for STMicroelectronics.X-CUBE-BLEMGR.2.0.0
2023-07-23 16:46:19,444 [WARN] ConditionMgr:438 - getConditionDescription Invalid condition id : UX DEVICE CLASS RTOS Condition cause : null
2023-07-23 16:46:19,444 [WARN] ConditionMgr:438 - getConditionDescription Invalid condition id : UX DEVICE CLASS RTOS Condition cause : null
2023-07-23 16:46:19,447 [WARN] PackLoader:240 - Cannot read IP mode file for STMicroelectronics.X-CUBE-AZRTOS-H7.3.1.0
2023-07-23 16:46:19,447 [WARN] ConditionMgr:1039 - genDependencies : Invalid condition id : UX DEVICE CLASS RTOS Condition cause : null
2023-07-23 16:46:19,447 [WARN] ConditionMgr:1039 - genDependencies : Invalid condition id : UX DEVICE CLASS RTOS Condition cause : null
2023-07-23 16:46:19,448 [WARN] ConditionMgr:1039 - genDependencies : Invalid condition id : UX DEVICE CLASS RTOS Condition cause : null
2023-07-23 16:46:19,448 [WARN] ConditionMgr:1039 - genDependencies : Invalid condition id : UX DEVICE CLASS RTOS Condition cause : null
2023-07-23 16:46:19,449 [WARN] ConditionMgr:1039 - genDependencies : Invalid condition id : UX DEVICE CLASS RTOS Condition cause : null
2023-07-23 16:46:19,457 [WARN] PackLoader:240 - Cannot read IP mode file for STMicroelectronics.X-CUBE-NFC7.1.0.1
2023-07-23 16:46:19,465 [WARN] PackLoader:240 - Cannot read IP mode file for STMicroelectronics.X-CUBE-EEPRMA1.4.1.0
2023-07-23 16:46:19,482 [WARN] ConditionMgr:438 - getConditionDescription Invalid condition id : LAN8742 Phy interface Condition cause : null
2023-07-23 16:46:19,483 [WARN] PackLoader:240 - Cannot read IP mode file for STMicroelectronics.X-CUBE-AZRTOS-L4.2.0.0
2023-07-23 16:46:19,484 [WARN] ConditionMgr:1039 - genDependencies : Invalid condition id : LAN8742 Phy interface Condition cause : null
2023-07-23 16:46:19,484 [WARN] ConditionMgr:1039 - genDependencies : Invalid condition id : LAN8742 Phy interface Condition cause : null
2023-07-23 16:46:19,485 [WARN] ConditionMgr:1039 - genDependencies : Invalid condition id : LAN8742 Phy interface Condition cause : null
2023-07-23 16:46:19,493 [WARN] PackLoader:240 - Cannot read IP mode file for STMicroelectronics.X-CUBE-SFXS2LP1.4.0.0
2023-07-23 16:46:19,501 [WARN] PackLoader:240 - Cannot read IP mode file for STMicroelectronics.X-CUBE-ISPU.1.1.0
2023-07-23 16:46:19,510 [WARN] PackLoader:240 - Cannot read IP mode file for STMicroelectronics.X-CUBE-FREERTOS.1.0.1
2023-07-23 16:46:19,524 [WARN] PackLoader:240 - Cannot read IP mode file for STMicroelectronics.X-CUBE-AZRTOS-L5.1.1.0
2023-07-23 16:46:19,533 [WARN] PackLoader:240 - Cannot read IP mode file for STMicroelectronics.X-CUBE-AI.8.0.1
2023-07-23 16:46:19,543 [WARN] PackLoader:240 - Cannot read IP mode file for STMicroelectronics.X-CUBE-SUBG2.5.0.0
2023-07-23 16:46:19,557 [WARN] PackLoader:240 - Cannot read IP mode file for STMicroelectronics.X-CUBE-TOF1.3.3.1
2023-07-23 16:46:19,582 [WARN] PackLoader:240 - Cannot read IP mode file for STMicroelectronics.X-CUBE-AZRTOS-G4.2.0.0
2023-07-23 16:46:19,587 [WARN] PackLoader:240 - Cannot read IP mode file for portGmbH.I-Cube-SoM-uGOAL.1.1.0
2023-07-23 16:46:19,593 [WARN] PackLoader:240 - Cannot read IP mode file for STMicroelectronics.X-CUBE-ALS.1.0.1
2023-07-23 16:46:19,609 [WARN] PackLoader:240 - Cannot read IP mode file for STMicroelectronics.X-CUBE-AZRTOS-WB.1.1.0
2023-07-23 16:46:19,617 [WARN] PackLoader:240 - Cannot read IP mode file for STMicroelectronics.FP-ATR-ASTRA1.2.0.0
2023-07-23 16:46:19,617 [INFO] ThirdParty:978 - Integrity check success = true
2023-07-23 16:46:19,617 [INFO] IntegrityCheckThread:100 - exiting critical section [integrity check]
2023-07-23 16:46:19,617 [INFO] IntegrityCheckThread:103 - End integrity checks thread
2023-07-23 16:46:19,628 [INFO] Mcu:1946 - Initializing MCU STM32F103C(4-6)Tx STM32F103C6Tx STM32F103C6T6A
2023-07-23 16:46:20,332 [INFO] Context:659 - Trying to add GPIOservice into a context  which must be forbidden
2023-07-23 16:46:20,806 [INFO] RtosManager:555 - Registered RTOS mode: class=CMSIS, group=RTOS, mode=CMSIS_V1, owner=FREERTOS
2023-07-23 16:46:20,807 [INFO] RtosManager:555 - Registered RTOS mode: class=CMSIS, group=RTOS2, mode=CMSIS_V2, owner=FREERTOS
2023-07-23 16:46:20,807 [INFO] RtosManager:555 - Registered RTOS mode: class=RTOS, group=Core, mode=CMSIS_V1, owner=FREERTOS
2023-07-23 16:46:20,807 [INFO] RtosManager:555 - Registered RTOS mode: class=RTOS, group=Core, mode=CMSIS_V2, owner=FREERTOS
2023-07-23 16:46:20,807 [WARN] ModelIntegratedComponent:184 - Missing modes for component STMicroelectronics:FreeRTOS:0.0.1:STMicroelectronics:RTOS:FreeRTOS:Core:::10.2.0:
2023-07-23 16:46:20,820 [WARN] ModelIntegratedComponent:63 - No mode defined for component null
2023-07-23 16:46:20,821 [WARN] ModelIntegratedComponent:63 - No mode defined for component null
2023-07-23 16:46:20,821 [WARN] ModelIntegratedComponent:63 - No mode defined for component null
2023-07-23 16:46:20,821 [WARN] ModelIntegratedComponent:63 - No mode defined for component null
2023-07-23 16:46:20,821 [WARN] ModelIntegratedComponent:63 - No mode defined for component null
2023-07-23 16:46:20,821 [WARN] ModelIntegratedComponent:63 - No mode defined for component null
2023-07-23 16:46:20,821 [WARN] ModelIntegratedComponent:63 - No mode defined for component null
2023-07-23 16:46:20,821 [WARN] ModelIntegratedComponent:63 - No mode defined for component null
2023-07-23 16:46:20,821 [WARN] ModelIntegratedComponent:63 - No mode defined for component null
2023-07-23 16:46:20,821 [WARN] ModelIntegratedComponent:63 - No mode defined for component null
2023-07-23 16:46:20,821 [WARN] ModelIntegratedComponent:63 - No mode defined for component null
2023-07-23 16:46:20,821 [WARN] ModelIntegratedComponent:63 - No mode defined for component null
2023-07-23 16:46:20,821 [WARN] ModelIntegratedComponent:63 - No mode defined for component null
2023-07-23 16:46:20,821 [WARN] ModelIntegratedComponent:63 - No mode defined for component null
2023-07-23 16:46:20,822 [WARN] ModelIntegratedComponent:63 - No mode defined for component null
2023-07-23 16:46:20,822 [WARN] ModelIntegratedComponent:63 - No mode defined for component null
2023-07-23 16:46:20,822 [WARN] ModelIntegratedComponent:63 - No mode defined for component null
2023-07-23 16:46:20,822 [WARN] ModelIntegratedComponent:63 - No mode defined for component null
2023-07-23 16:46:20,822 [WARN] ModelIntegratedComponent:63 - No mode defined for component null
2023-07-23 16:46:20,822 [WARN] ModelIntegratedComponent:63 - No mode defined for component null
2023-07-23 16:46:20,822 [WARN] ModelIntegratedComponent:63 - No mode defined for component null
2023-07-23 16:46:20,822 [WARN] ModelIntegratedComponent:63 - No mode defined for component null
2023-07-23 16:46:20,822 [WARN] ModelIntegratedComponent:63 - No mode defined for component null
2023-07-23 16:46:20,822 [WARN] ModelIntegratedComponent:63 - No mode defined for component null
2023-07-23 16:46:20,822 [WARN] ModelIntegratedComponent:63 - No mode defined for component null
2023-07-23 16:46:20,822 [WARN] ModelIntegratedComponent:63 - No mode defined for component null
2023-07-23 16:46:20,822 [WARN] ModelIntegratedComponent:63 - No mode defined for component null
2023-07-23 16:46:20,822 [WARN] ModelIntegratedComponent:63 - No mode defined for component null
2023-07-23 16:46:20,822 [WARN] ModelIntegratedComponent:63 - No mode defined for component null
2023-07-23 16:46:20,822 [WARN] ModelIntegratedComponent:63 - No mode defined for component null
2023-07-23 16:46:20,822 [WARN] ModelIntegratedComponent:63 - No mode defined for component null
2023-07-23 16:46:20,823 [WARN] ModelIntegratedComponent:63 - No mode defined for component null
2023-07-23 16:46:20,823 [WARN] ModelIntegratedComponent:63 - No mode defined for component null
2023-07-23 16:46:20,842 [INFO] ThirdPartyModel:298 - Start build external matchings
2023-07-23 16:46:21,055 [INFO] ThirdPartyModel:316 - End build external matchings
2023-07-23 16:46:21,220 [INFO] UtilMem:75 - End LoadConfig() Used Memory: 178465120 Bytes (511705088)
2023-07-23 16:46:21,329 [INFO] ApiDb:581 - Connected to CubeFinder SQLite database (C:\Users\e0162112\.stmcufinder\plugins\mcufinder\mcu\cube-finder-db.db)
2023-07-23 16:46:21,410 [INFO] ApiDb:668 - CubeFinder database Data Model version=2.1
2023-07-23 16:46:21,411 [INFO] ApiDb:669 - CubeFinder database Configuration version=3.0.37
2023-07-23 16:46:21,411 [INFO] ApiDb:670 - CubeFinder database generation date=2023-06-26 (1687786131)
2023-07-23 16:46:21,411 [INFO] ApiDb:671 - CubeFinder database FW Pack versions=[FP-ATR-ASTRA1_V2.0.0, FP-SNS-FLIGHT1_V5.0.1, FP-SNS-MOTENV1_V4.3.1, STM32Cube_FW_C0_V1.1.0, STM32Cube_FW_F4_V1.27.1, STM32Cube_FW_F7_V1.17.0, STM32Cube_FW_G0_V1.6.1, STM32Cube_FW_G4_V1.5.1, STM32Cube_FW_H5_V0.5.1, STM32Cube_FW_H5_V1.1.0, STM32Cube_FW_H7_V1.11.0, STM32Cube_FW_L0_V1.12.2, STM32Cube_FW_L5_V1.5.0, STM32Cube_FW_U5_V1.3.0, STM32Cube_FW_U5_V1.3.0RC4, STM32Cube_FW_WBA_V1.0.0RC1, STM32Cube_FW_WBA_V1.1.0, STM32Cube_FW_WBA_V1.1.0RC1, STM32Cube_FW_WB_V1.15.0RC1, STM32Cube_FW_WB_V1.16.0, STM32Cube_FW_WB_V1.16.0RC2, STM32Cube_FW_WB_V1.17.0, STM32Cube_FW_WL_V1.3.0, X-CUBE-ALGOBUILD_V1.3.0, X-CUBE-ALS_V1.0.1, X-CUBE-AZRTOS-F4_V1.1.0, X-CUBE-AZRTOS-F7_V1.1.0, X-CUBE-AZRTOS-G0_V1.1.0, X-CUBE-AZRTOS-G4_V2.0.0, X-CUBE-AZRTOS-H7_V3.1.0, X-CUBE-AZRTOS-L4_V1.0.0, X-CUBE-AZRTOS-L4_V2.0.0, X-CUBE-AZRTOS-L5_V1.1.0, X-CUBE-AZRTOS-WB_V1.1.0, X-CUBE-AZRTOS-WL_V2.0.0, X-CUBE-BLE1_V6.2.4, X-CUBE-BLE2_V3.3.0, X-CUBE-BLEMGR_V2.0.0, X-CUBE-EEPRMA1_V4.1.0, X-CUBE-FREERTOS_V1.0.1, X-CUBE-GNSS1_V6.0.0, X-CUBE-MEMS1_V9.1.0, X-CUBE-MEMS1_V9.4.0, X-CUBE-MEMS1_V9.6.0, X-CUBE-NFC4_V3.0.0, X-CUBE-NFC7_V1.0.0, X-CUBE-SFXS2LP1_V4.0.0, X-CUBE-SUBG2_V5.0.0]
2023-07-23 16:46:23,403 [INFO] ApiDb:240 - Found 323 in-development CPN: [B-G473E-ZEST1S, B-WB1M-WPAN1, B-WL5M-SUBG1, NUCLEO-C031C6, NUCLEO-H503RB, NUCLEO-H563ZI, NUCLEO-U545RE-Q, NUCLEO-U5A5ZJ-Q, NUCLEO-WBA52CG, STEVAL-PROTEUS1, STEVAL-SMARTAG2, STEVAL-STWINBX1, STM320518-EVAL, STM32C0116-DK, STM32C011D6Y3TR, STM32C011D6Y6TR, STM32C011F4P3, STM32C011F4P6, STM32C011F4U3, STM32C011F4U6TR, STM32C011F6P3, STM32C011F6P6, STM32C011F6U3, STM32C011F6U6TR, STM32C011J4M3, STM32C011J4M6, STM32C011J6M3, STM32C011J6M6, STM32C0316-DK, STM32C031C4T3, STM32C031C4T6, STM32C031C4U3, STM32C031C4U6, STM32C031C6T3, STM32C031C6T6, STM32C031C6U3, STM32C031C6U6, STM32C031F4P3, STM32C031F4P6, STM32C031F6P3, STM32C031F6P6, STM32C031G4U3, STM32C031G4U6, STM32C031G6U3, STM32C031G6U6, STM32C031K4T3, STM32C031K4T6, STM32C031K4U3, STM32C031K4U6, STM32C031K6T3, STM32C031K6T6, STM32C031K6U3, STM32C031K6U6, STM32G071K8TXN, STM32G071K8UXN, STM32G081GBU6N, STM32G081KBT6N, STM32G081KBUXN, STM32G0B1CCT6N, STM32G0B1KCT6, STM32G0B1NEY6TR, STM32G0B1RCT6N, STM32G0C1CCT6, STM32G0C1CCT6N, STM32G0C1CCU6N, STM32G0C1CET6N, STM32G0C1CEU6N, STM32G0C1KCT6, STM32G0C1NEY6TR, STM32G0C1RCI6N, STM32G0C1RCT6N, STM32G0C1REI6N, STM32G0C1RET6N, STM32G0C1VCI6, STM32G0C1VEI6, STM32G471CCT6, STM32G471CCU6, STM32G471CET3, STM32G471CET6, STM32G471CEU3, STM32G471CEU6, STM32G471MCT6, STM32G471MET3, STM32G471MET6, STM32G471MEY6TR, STM32G471QCT6, STM32G471QET3, STM32G471RCT6, STM32G471RET3, STM32G471RET6, STM32G471VCH6, STM32G471VCI6, STM32G471VCT6, STM32G471VEH3, STM32G471VEH6, STM32G471VEI3, STM32G471VEI6, STM32G471VET3, STM32G471VET6, STM32G474CCT6, STM32H503CBT6, STM32H503CBU6, STM32H503EBY6TR, STM32H503KBU6, STM32H503RBT6, STM32H562AGI6, STM32H562AII6, STM32H562IGK6, STM32H562IGT6, STM32H562IIK6, STM32H562IIT6, STM32H562RGT6, STM32H562RGV6, STM32H562RIT6, STM32H562RIV6, STM32H562VGT6, STM32H562VIT6, STM32H562ZGT6, STM32H562ZIT6, STM32H563AGI6, STM32H563AII3Q, STM32H563AII6, STM32H563IGK6, STM32H563IGT6, STM32H563IIK3Q, STM32H563IIK6, STM32H563IIT3Q, STM32H563IIT6, STM32H563MIY3QTR, STM32H563RGT6, STM32H563RGV6, STM32H563RIT6, STM32H563RIV6, STM32H563VGT6, STM32H563VIT3Q, STM32H563VIT6, STM32H563ZGT6, STM32H563ZIT3Q, STM32H563ZIT6, STM32H573AII3Q, STM32H573AII6, STM32H573I-DK, STM32H573IIK3Q, STM32H573IIK6, STM32H573IIT3Q, STM32H573IIT6, STM32H573MIY3QTR, STM32H573RIT6, STM32H573RIV6, STM32H573VIT3Q, STM32H573VIT6, STM32H573ZIT3Q, STM32H573ZIT6, STM32L4R5QGI6STR, STM32MP131AAE3, STM32MP131AAF3, STM32MP131AAG3, STM32MP131CAE3, STM32MP131CAF3, STM32MP131CAG3, STM32MP131DAE7, STM32MP131DAF7, STM32MP131DAG7, STM32MP131FAE7, STM32MP131FAF7, STM32MP131FAG7, STM32MP133AAE3, STM32MP133AAF3, STM32MP133AAG3, STM32MP133CAE3, STM32MP133CAF3, STM32MP133CAG3, STM32MP133DAE7, STM32MP133DAF7, STM32MP133DAG7, STM32MP133FAE7, STM32MP133FAF7, STM32MP133FAG7, STM32MP135AAE3, STM32MP135AAF3, STM32MP135AAG3, STM32MP135CAE3, STM32MP135CAF3, STM32MP135CAG3, STM32MP135DAE7, STM32MP135DAF7, STM32MP135DAG7, STM32MP135F-DK, STM32MP135FAE7, STM32MP135FAF7, STM32MP135FAF7T, STM32MP135FAF7U, STM32MP135FAG7, STM32U535CBT6, STM32U535CBT6Q, STM32U535CBU6, STM32U535CBU6Q, STM32U535CCT6, STM32U535CCT6Q, STM32U535CCU6, STM32U535CCU6Q, STM32U535CET6, STM32U535CET6Q, STM32U535CEU6, STM32U535CEU6Q, STM32U535JEY6QTR, STM32U535NCY6QTR, STM32U535NEY6QTR, STM32U535RBI6, STM32U535RBI6Q, STM32U535RBT6, STM32U535RBT6Q, STM32U535RCI6, STM32U535RCI6Q, STM32U535RCT6, STM32U535RCT6Q, STM32U535REI6, STM32U535REI6Q, STM32U535RET6, STM32U535RET6Q, STM32U535VCI6, STM32U535VCI6Q, STM32U535VCT6, STM32U535VCT6Q, STM32U535VEI6, STM32U535VEI6Q, STM32U535VET6, STM32U535VET6Q, STM32U545CET6, STM32U545CET6Q, STM32U545CEU6, STM32U545CEU6Q, STM32U545JEY6QTR, STM32U545NEY6QTR, STM32U545REI6, STM32U545REI6Q, STM32U545RET6, STM32U545RET6Q, STM32U545VEI6, STM32U545VEI6Q, STM32U545VET6, STM32U545VET6Q, STM32U595AIH6, STM32U595AIH6Q, STM32U595AJH6, STM32U595AJH6Q, STM32U595QII6, STM32U595QII6Q, STM32U595QJI6, STM32U595QJI6Q, STM32U595RIT6, STM32U595RIT6Q, STM32U595RJT6, STM32U595RJT6Q, STM32U595VIT6, STM32U595VIT6Q, STM32U595VJT6, STM32U595VJT6Q, STM32U595ZIT6, STM32U595ZIT6Q, STM32U595ZIY6QTR, STM32U595ZJT6, STM32U595ZJT6Q, STM32U595ZJY6QTR, STM32U599BJY6QTR, STM32U599NIH6Q, STM32U599NJH6Q, STM32U599VIT6Q, STM32U599VJT6, STM32U599VJT6Q, STM32U599ZIT6Q, STM32U599ZIY6QTR, STM32U599ZJT6Q, STM32U599ZJY6QTR, STM32U5A5AJH6, STM32U5A5AJH6Q, STM32U5A5QJI6, STM32U5A5QJI6Q, STM32U5A5RJT6, STM32U5A5RJT6Q, STM32U5A5VJT6, STM32U5A5VJT6Q, STM32U5A5ZJT6, STM32U5A5ZJT6Q, STM32U5A5ZJY6QTR, STM32U5A9BJY6QTR, STM32U5A9J-DK, STM32U5A9NJH6Q, STM32U5A9VJT6Q, STM32U5A9ZJT6Q, STM32U5A9ZJY6QTR, STM32U5F7VIT6, STM32U5F7VIT6Q, STM32U5F7VJT6, STM32U5F7VJT6Q, STM32U5F9BJY6QTR, STM32U5F9NJH6Q, STM32U5F9VIT6Q, STM32U5F9VJT6Q, STM32U5F9ZIJ6QTR, STM32U5F9ZIT6Q, STM32U5F9ZJJ6QTR, STM32U5F9ZJT6Q, STM32U5G7VJT6, STM32U5G7VJT6Q, STM32U5G9BJY6QTR, STM32U5G9J-DK1, STM32U5G9J-DK2, STM32U5G9NJH6Q, STM32U5G9VJT6Q, STM32U5G9ZJJ6QTR, STM32U5G9ZJT6Q, STM32WB1MMCH6, STM32WBA52CEU6, STM32WBA52CEU6T, STM32WBA52CGU6, STM32WBA52CGU6T, STM32WBA52KEU6, STM32WBA52KEU6T, STM32WBA52KGU6, STM32WBA52KGU6T, STM32WL5MOCH6, STM32WL5MOCH6TR]
2023-07-23 16:46:23,407 [INFO] DbMcus:217 - Found 3848 MCUs, 3848 are supported
2023-07-23 16:46:23,408 [INFO] ApiDb:423 - Load user favorites file C:\Users\e0162112/.stm32cubeide/favorites.mcus.txt: 0 item(s)
2023-07-23 16:46:23,408 [INFO] ApiDb:427 - User favorites MCUs=[]
2023-07-23 16:46:23,408 [INFO] DbMcus:223 - Set 0 / 0 favorites MCUs
2023-07-23 16:46:23,681 [WARN] ThirdParty:833 - waiting for thirdparty lock release [change project]
2023-07-23 16:46:23,681 [INFO] ThirdParty:835 - entering critical section [change project]
2023-07-23 16:46:23,681 [INFO] ThirdParty:1030 - CMSIS Pack Vendor :STMicroelectronics X-CUBE-ISPU 1.1.0
2023-07-23 16:46:23,681 [INFO] ThirdParty:1030 - CMSIS Pack Vendor :STMicroelectronics USBPD 4.1
2023-07-23 16:46:23,681 [INFO] ThirdParty:1030 - CMSIS Pack Vendor :STMicroelectronics X-CUBE-GNSS1 6.0.0
2023-07-23 16:46:23,681 [INFO] ThirdParty:1030 - CMSIS Pack Vendor :STMicroelectronics USB_HOST 2.0.0
2023-07-23 16:46:23,682 [INFO] ThirdParty:1030 - CMSIS Pack Vendor :STMicroelectronics X-CUBE-AZRTOS-F4 1.1.0
2023-07-23 16:46:23,682 [INFO] ThirdParty:1030 - CMSIS Pack Vendor :STMicroelectronics LIBJPEG 8.0.0
2023-07-23 16:46:23,682 [INFO] ThirdParty:1030 - CMSIS Pack Vendor :wolfSSL I-CUBE-wolfSSL 5.6.3
2023-07-23 16:46:23,682 [INFO] ThirdParty:1030 - CMSIS Pack Vendor :STMicroelectronics X-CUBE-SMBUS 2.1.0
2023-07-23 16:46:23,682 [INFO] ThirdParty:1030 - CMSIS Pack Vendor :STMicroelectronics USB_DEVICE 3.0.0
2023-07-23 16:46:23,682 [INFO] ThirdParty:1030 - CMSIS Pack Vendor :STMicroelectronics X-CUBE-FREERTOS 1.0.1
2023-07-23 16:46:23,682 [INFO] ThirdParty:1030 - CMSIS Pack Vendor :STMicroelectronics X-CUBE-AZRTOS-F7 1.1.0
2023-07-23 16:46:23,682 [INFO] ThirdParty:1030 - CMSIS Pack Vendor :STMicroelectronics USB_DEVICE 2.0.0
2023-07-23 16:46:23,682 [INFO] ThirdParty:1030 - CMSIS Pack Vendor :STMicroelectronics X-CUBE-MEMS1 9.6.0
2023-07-23 16:46:23,682 [INFO] ThirdParty:1030 - CMSIS Pack Vendor :STMicroelectronics FP-SNS-MOTENV1 4.3.2
2023-07-23 16:46:23,682 [INFO] ThirdParty:1030 - CMSIS Pack Vendor :STMicroelectronics X-CUBE-ALGOBUILD 1.3.0
2023-07-23 16:46:23,682 [INFO] ThirdParty:1030 - CMSIS Pack Vendor :STMicroelectronics X-CUBE-BLE1 6.2.4
2023-07-23 16:46:23,682 [INFO] ThirdParty:1030 - CMSIS Pack Vendor :STMicroelectronics X-CUBE-AZRTOS-L5 1.1.0
2023-07-23 16:46:23,682 [INFO] ThirdParty:1030 - CMSIS Pack Vendor :STMicroelectronics FreeRTOS 0.0.1
2023-07-23 16:46:23,682 [INFO] ThirdParty:1030 - CMSIS Pack Vendor :STMicroelectronics X-CUBE-AZRTOS-G0 1.1.0
2023-07-23 16:46:23,682 [INFO] ThirdParty:1030 - CMSIS Pack Vendor :STMicroelectronics X-CUBE-BLEMGR 2.0.0
2023-07-23 16:46:23,682 [INFO] ThirdParty:1030 - CMSIS Pack Vendor :STMicroelectronics X-CUBE-AI 8.0.1
2023-07-23 16:46:23,682 [INFO] ThirdParty:1030 - CMSIS Pack Vendor :STMicroelectronics X-CUBE-NFC4 3.0.0
2023-07-23 16:46:23,682 [INFO] ThirdParty:1030 - CMSIS Pack Vendor :STMicroelectronics X-CUBE-SUBG2 5.0.0
2023-07-23 16:46:23,682 [INFO] ThirdParty:1030 - CMSIS Pack Vendor :STMicroelectronics STM32_WPAN 1.0.0
2023-07-23 16:46:23,682 [INFO] ThirdParty:1030 - CMSIS Pack Vendor :STMicroelectronics lwIP 2.0.3
2023-07-23 16:46:23,682 [INFO] ThirdParty:1030 - CMSIS Pack Vendor :STMicroelectronics FP-SNS-FLIGHT1 5.0.2
2023-07-23 16:46:23,682 [INFO] ThirdParty:1030 - CMSIS Pack Vendor :STMicroelectronics USB_HOST 1.0.0
2023-07-23 16:46:23,682 [INFO] ThirdParty:1030 - CMSIS Pack Vendor :STMicroelectronics X-CUBE-TOF1 3.3.1
2023-07-23 16:46:23,682 [INFO] ThirdParty:1030 - CMSIS Pack Vendor :STMicroelectronics X-CUBE-AZRTOS-G4 2.0.0
2023-07-23 16:46:23,682 [INFO] ThirdParty:1030 - CMSIS Pack Vendor :STMicroelectronics PDM2PCM 3.1.0
2023-07-23 16:46:23,683 [INFO] ThirdParty:1030 - CMSIS Pack Vendor :STMicroelectronics X-CUBE-AZRTOS-H7 3.1.0
2023-07-23 16:46:23,683 [INFO] ThirdParty:1030 - CMSIS Pack Vendor :STMicroelectronics PDM2PCM 3.3.0
2023-07-23 16:46:23,683 [INFO] ThirdParty:1030 - CMSIS Pack Vendor :STMicroelectronics X-CUBE-DISPLAY 3.0.0
2023-07-23 16:46:23,683 [INFO] ThirdParty:1030 - CMSIS Pack Vendor :STMicroelectronics FP-ATR-SIGFOX1 3.2.0
2023-07-23 16:46:23,683 [INFO] ThirdParty:1030 - CMSIS Pack Vendor :STMicroelectronics HAL Drivers 0.0.0
2023-07-23 16:46:23,683 [INFO] ThirdParty:1030 - CMSIS Pack Vendor :STMicroelectronics MBEDTLS 2.16.2
2023-07-23 16:46:23,683 [INFO] ThirdParty:1030 - CMSIS Pack Vendor :emotas I-CUBE-CANOPEN 1.3.0
2023-07-23 16:46:23,683 [INFO] ThirdParty:1030 - CMSIS Pack Vendor :STMicroelectronics X-CUBE-TOUCHGFX 4.22.0
2023-07-23 16:46:23,683 [INFO] ThirdParty:1030 - CMSIS Pack Vendor :STMicroelectronics X-CUBE-NFC7 1.0.1
2023-07-23 16:46:23,683 [INFO] ThirdParty:1030 - CMSIS Pack Vendor :STMicroelectronics MBEDTLS 2.14.1
2023-07-23 16:46:23,683 [INFO] ThirdParty:1030 - CMSIS Pack Vendor :STMicroelectronics X-CUBE-EEPRMA1 4.1.0
2023-07-23 16:46:23,683 [INFO] ThirdParty:1030 - CMSIS Pack Vendor :portGmbH I-Cube-SoM-uGOAL 1.1.0
2023-07-23 16:46:23,683 [INFO] ThirdParty:1030 - CMSIS Pack Vendor :STMicroelectronics X-CUBE-ALS 1.0.1
2023-07-23 16:46:23,683 [INFO] ThirdParty:1030 - CMSIS Pack Vendor :STMicroelectronics ThreadX 1.0.0
2023-07-23 16:46:23,683 [INFO] ThirdParty:1030 - CMSIS Pack Vendor :STMicroelectronics X-CUBE-AZRTOS-WB 1.1.0
2023-07-23 16:46:23,683 [INFO] ThirdParty:1030 - CMSIS Pack Vendor :STMicroelectronics X-CUBE-AZRTOS-WL 2.0.0
2023-07-23 16:46:23,683 [INFO] ThirdParty:1030 - CMSIS Pack Vendor :SEGGER I-CUBE-embOS 1.3.1
2023-07-23 16:46:23,683 [INFO] ThirdParty:1030 - CMSIS Pack Vendor :STMicroelectronics USB_DEVICE 1.0.0
2023-07-23 16:46:23,683 [INFO] ThirdParty:1030 - CMSIS Pack Vendor :STMicroelectronics X-CUBE-AZRTOS-L4 2.0.0
2023-07-23 16:46:23,683 [INFO] ThirdParty:1030 - CMSIS Pack Vendor :STMicroelectronics ThreadX 0.0.2
2023-07-23 16:46:23,683 [INFO] ThirdParty:1030 - CMSIS Pack Vendor :WES I-CUBE-Cesium 1.3.0
2023-07-23 16:46:23,683 [INFO] ThirdParty:1030 - CMSIS Pack Vendor :STMicroelectronics FP-ATR-ASTRA1 2.0.0
2023-07-23 16:46:23,683 [INFO] ThirdParty:1030 - CMSIS Pack Vendor :STMicroelectronics lwIP 2.1.2
2023-07-23 16:46:23,683 [INFO] ThirdParty:1030 - CMSIS Pack Vendor :STMicroelectronics X-CUBE-SFXS2LP1 4.0.0
2023-07-23 16:46:23,683 [INFO] ThirdParty:1030 - CMSIS Pack Vendor :STMicroelectronics X-CUBE-BLE2 3.3.0
2023-07-23 16:46:23,683 [INFO] ThirdParty:1030 - CMSIS Pack Vendor :STMicroelectronics PDM2PCM 3.2.0
2023-07-23 16:46:23,683 [INFO] ThirdParty:841 - exiting critical section [change project]
2023-07-23 16:46:23,894 [INFO] PinOutPanel:1499 - setPackage(No Configuration,No Configuration)
2023-07-23 16:46:23,896 [INFO] PinOutPanel:1499 - setPackage(STM32F103C6Tx,LQFP48)
2023-07-23 16:46:24,273 [INFO] UtilMem:75 - Before build in PCC Used Memory: 411978400 Bytes (511705088)
2023-07-23 16:46:25,062 [INFO] UtilMem:75 - After build in PCC Used Memory: 296384720 Bytes (511705088)
2023-07-23 16:46:25,086 [INFO] IPUIPlugin:80 - create IPUIPlugin
2023-07-23 16:46:25,087 [INFO] IPUIPlugin:80 - create IPUIPlugin
2023-07-23 16:46:25,087 [INFO] IPUIPlugin:80 - create IPUIPlugin
2023-07-23 16:46:25,087 [INFO] IPUIPlugin:80 - create IPUIPlugin
2023-07-23 16:46:25,087 [INFO] IPUIPlugin:80 - create IPUIPlugin
2023-07-23 16:46:25,087 [INFO] IPUIPlugin:80 - create IPUIPlugin
2023-07-23 16:46:25,088 [INFO] IPUIPlugin:80 - create IPUIPlugin
2023-07-23 16:46:25,088 [INFO] IPUIPlugin:80 - create IPUIPlugin
2023-07-23 16:46:25,088 [INFO] IPUIPlugin:80 - create IPUIPlugin
2023-07-23 16:46:25,088 [INFO] IPUIPlugin:80 - create IPUIPlugin
2023-07-23 16:46:25,089 [INFO] IPUIPlugin:80 - create IPUIPlugin
2023-07-23 16:46:25,089 [INFO] IPUIPlugin:80 - create IPUIPlugin
2023-07-23 16:46:25,089 [INFO] IPUIPlugin:80 - create IPUIPlugin
2023-07-23 16:46:25,089 [INFO] IPUIPlugin:80 - create IPUIPlugin
2023-07-23 16:46:25,089 [INFO] IPUIPlugin:80 - create IPUIPlugin
2023-07-23 16:46:25,089 [INFO] IPUIPlugin:80 - create IPUIPlugin
2023-07-23 16:46:25,089 [INFO] IPUIPlugin:80 - create IPUIPlugin
2023-07-23 16:46:25,090 [INFO] IPUIPlugin:80 - create IPUIPlugin
2023-07-23 16:46:25,090 [INFO] IPUIPlugin:80 - create IPUIPlugin
2023-07-23 16:46:25,090 [INFO] IPUIPlugin:80 - create IPUIPlugin
2023-07-23 16:46:25,090 [INFO] IPUIPlugin:80 - create IPUIPlugin
2023-07-23 16:46:25,090 [INFO] IPUIPlugin:80 - create IPUIPlugin
2023-07-23 16:46:25,090 [INFO] IPUIPlugin:80 - create IPUIPlugin
2023-07-23 16:46:25,297 [INFO] CADModel:165 - CPN selected for project levelSTM32F103C6T6A
2023-07-23 16:46:25,297 [INFO] CADModel:114 - Register for checkConnection events
2023-07-23 16:46:25,338 [INFO] OpenFileManager:328 - Restore cursor
2023-07-23 16:46:33,949 [INFO] Gpio:273 - dependency for GPIO [USART1]
2023-07-23 16:47:43,894 [INFO] NvicIntPanel:101 - NVIC parent = com.st.microxplorer.plugins.ip.nvic.MultiNvicIntPanel[,0,0,709x188,layout=javax.swing.BoxLayout,alignmentX=0.0,alignmentY=0.0,border=,flags=9,maximumSize=,minimumSize=,preferredSize=]
2023-07-23 16:49:17,888 [INFO] NvicIntPanel:101 - NVIC parent = com.st.microxplorer.plugins.ip.nvic.MultiNvicIntPanel[,0,0,709x188,layout=javax.swing.BoxLayout,alignmentX=0.0,alignmentY=0.0,border=,flags=9,maximumSize=,minimumSize=,preferredSize=]
2023-07-23 16:49:29,340 [INFO] Can:71 - Can Add PropertyChangeListener com.st.microxplorer.plugins.ip.can.Can@3f54f970
2023-07-23 16:49:33,849 [INFO] NvicIntPanel:101 - NVIC parent = com.st.microxplorer.plugins.ip.nvic.MultiNvicIntPanel[,0,0,0x0,invalid,layout=javax.swing.BoxLayout,alignmentX=0.0,alignmentY=0.0,border=,flags=9,maximumSize=,minimumSize=,preferredSize=]
2023-07-23 16:49:39,103 [INFO] NvicIntPanel:101 - NVIC parent = com.st.microxplorer.plugins.ip.nvic.MultiNvicIntPanel[,0,0,0x0,invalid,layout=javax.swing.BoxLayout,alignmentX=0.0,alignmentY=0.0,border=,flags=9,maximumSize=,minimumSize=,preferredSize=]
2023-07-23 16:49:39,154 [INFO] NvicIntPanel:101 - NVIC parent = com.st.microxplorer.plugins.ip.nvic.MultiNvicIntPanel[,0,0,0x0,invalid,layout=javax.swing.BoxLayout,alignmentX=0.0,alignmentY=0.0,border=,flags=9,maximumSize=,minimumSize=,preferredSize=]
2023-07-23 16:49:39,199 [INFO] NvicIntPanel:101 - NVIC parent = com.st.microxplorer.plugins.ip.nvic.MultiNvicIntPanel[,0,0,0x0,invalid,layout=javax.swing.BoxLayout,alignmentX=0.0,alignmentY=0.0,border=,flags=9,maximumSize=,minimumSize=,preferredSize=]
2023-07-23 16:51:27,796 [INFO] RtosManager:919 - Current active RTOS is FREERTOS [Cortex-M3NS]
2023-07-23 16:51:27,919 [INFO] ApiDbMcu:507 - Load IP Config File for FREERTOS
2023-07-23 16:51:28,096 [ERROR] RtosPanel:558 - Can not restore the selected Tab for FREERTOS(A reason can be that the tab is no more available.)
2023-07-23 16:51:28,127 [ERROR] RtosPanel:558 - Can not restore the selected Tab for FREERTOS(A reason can be that the tab is no more available.)
2023-07-23 16:51:30,676 [ERROR] RtosPanel:558 - Can not restore the selected Tab for FREERTOS(A reason can be that the tab is no more available.)
2023-07-23 16:51:30,726 [ERROR] RtosPanel:558 - Can not restore the selected Tab for FREERTOS(A reason can be that the tab is no more available.)
2023-07-23 16:51:30,810 [ERROR] RtosPanel:558 - Can not restore the selected Tab for FREERTOS(A reason can be that the tab is no more available.)
2023-07-23 16:51:40,237 [ERROR] RtosPanel:558 - Can not restore the selected Tab for FREERTOS(A reason can be that the tab is no more available.)
2023-07-23 16:51:40,268 [ERROR] RtosPanel:558 - Can not restore the selected Tab for FREERTOS(A reason can be that the tab is no more available.)
2023-07-23 16:51:40,335 [ERROR] RtosPanel:558 - Can not restore the selected Tab for FREERTOS(A reason can be that the tab is no more available.)
2023-07-23 16:51:41,274 [INFO] RtosManager:930 - There is no active RTOS [Cortex-M3NS]
2023-07-23 16:52:06,048 [INFO] DmaTabbedPanel:205 - Cannot restore the selected Tab for DMA
2023-07-23 16:52:23,518 [INFO] Gpio:273 - dependency for GPIO [USART1]
