2023-08-21 00:01:03,372 [INFO] UtilMem:75 - End SaveConfig() Used Memory: 908448784 Bytes (1073741824)
2023-08-21 00:01:08,087 [INFO] UtilMem:75 - End SaveConfig() Used Memory: 515104088 Bytes (1073741824)
2023-08-21 00:01:08,505 [INFO] BlockDiagram:2759 - set Specific Code input for plugin: NVIC
2023-08-21 00:01:08,506 [INFO] BlockDiagram:2759 - set Specific Code input for plugin: TIM1_8F1
2023-08-21 00:01:08,506 [INFO] BlockDiagram:2759 - set Specific Code input for plugin: SYS
2023-08-21 00:01:08,506 [INFO] BlockDiagram:2759 - set Specific Code input for plugin: GPIO
2023-08-21 00:01:08,506 [INFO] BlockDiagram:2759 - set Specific Code input for plugin: RCC
2023-08-21 00:01:08,510 [INFO] CodeGenerator:799 - code generatio: config db path: C:\ST\STM32CubeIDE_1.13.0\STM32CubeIDE\plugins\com.st.stm32cube.common.mx_6.9.0.202307051724\\db\
2023-08-21 00:01:08,764 [INFO] CodeEngine:255 - oldGeneratedFile, C:\Users\e0162112\STM32CubeIDE\workspace_1.13.0\ARM\MXTmpFiles\license.tmp_save
2023-08-21 00:01:09,137 [INFO] CodeEngine:279 - Generated code: C:\Users\e0162112\STM32CubeIDE\workspace_1.13.0\ARM\MXTmpFiles\license.tmp
2023-08-21 00:01:09,234 [INFO] CodeEngine:255 - oldGeneratedFile, C:\Users\e0162112\STM32CubeIDE\workspace_1.13.0\ARM\Core\Src\gpio.c_save
2023-08-21 00:01:09,366 [INFO] CodeEngine:279 - Generated code: C:\Users\e0162112\STM32CubeIDE\workspace_1.13.0\ARM\Core\Src\gpio.c
2023-08-21 00:01:09,382 [INFO] CodeEngine:255 - oldGeneratedFile, C:\Users\e0162112\STM32CubeIDE\workspace_1.13.0\ARM\Core\Inc\gpio.h_save
2023-08-21 00:01:09,459 [INFO] CodeEngine:279 - Generated code: C:\Users\e0162112\STM32CubeIDE\workspace_1.13.0\ARM\Core\Inc\gpio.h
2023-08-21 00:01:09,555 [INFO] CodeEngine:255 - oldGeneratedFile, C:\Users\e0162112\STM32CubeIDE\workspace_1.13.0\ARM\Core\Src\tim.c_save
2023-08-21 00:01:09,681 [INFO] CodeEngine:279 - Generated code: C:\Users\e0162112\STM32CubeIDE\workspace_1.13.0\ARM\Core\Src\tim.c
2023-08-21 00:01:09,698 [INFO] CodeEngine:255 - oldGeneratedFile, C:\Users\e0162112\STM32CubeIDE\workspace_1.13.0\ARM\Core\Inc\tim.h_save
2023-08-21 00:01:09,765 [INFO] CodeEngine:279 - Generated code: C:\Users\e0162112\STM32CubeIDE\workspace_1.13.0\ARM\Core\Inc\tim.h
2023-08-21 00:01:09,790 [INFO] CodeEngine:255 - oldGeneratedFile, C:\Users\e0162112\STM32CubeIDE\workspace_1.13.0\ARM\Core\Src\stm32f1xx_it.c_save
2023-08-21 00:01:09,877 [INFO] CodeEngine:279 - Generated code: C:\Users\e0162112\STM32CubeIDE\workspace_1.13.0\ARM\Core\Src\stm32f1xx_it.c
2023-08-21 00:01:09,891 [INFO] CodeEngine:255 - oldGeneratedFile, C:\Users\e0162112\STM32CubeIDE\workspace_1.13.0\ARM\Core\Inc\stm32f1xx_it.h_save
2023-08-21 00:01:09,960 [INFO] CodeEngine:279 - Generated code: C:\Users\e0162112\STM32CubeIDE\workspace_1.13.0\ARM\Core\Inc\stm32f1xx_it.h
2023-08-21 00:01:09,981 [INFO] CodeEngine:255 - oldGeneratedFile, C:\Users\e0162112\STM32CubeIDE\workspace_1.13.0\ARM\Core\Src\stm32f1xx_hal_msp.c_save
2023-08-21 00:01:10,062 [INFO] CodeEngine:279 - Generated code: C:\Users\e0162112\STM32CubeIDE\workspace_1.13.0\ARM\Core\Src\stm32f1xx_hal_msp.c
2023-08-21 00:01:10,073 [INFO] CodeEngine:255 - oldGeneratedFile, C:\Users\e0162112\STM32CubeIDE\workspace_1.13.0\ARM\MXTmpFiles\system.tmp_save
2023-08-21 00:01:10,126 [INFO] CodeEngine:279 - Generated code: C:\Users\e0162112\STM32CubeIDE\workspace_1.13.0\ARM\MXTmpFiles\system.tmp
2023-08-21 00:01:10,152 [INFO] CodeEngine:311 - oldGeneratedFile, C:\Users\e0162112\STM32CubeIDE\workspace_1.13.0\ARM\Core\Inc\stm32f1xx_hal_conf.h_save
2023-08-21 00:01:10,217 [INFO] CodeEngine:335 - Generated code: C:\Users\e0162112\STM32CubeIDE\workspace_1.13.0\ARM\Core\Inc\stm32f1xx_hal_conf.h
2023-08-21 00:01:10,260 [INFO] CodeEngine:255 - oldGeneratedFile, C:\Users\e0162112\STM32CubeIDE\workspace_1.13.0\ARM\Core\Inc\main.h_save
2023-08-21 00:01:10,349 [INFO] CodeEngine:279 - Generated code: C:\Users\e0162112\STM32CubeIDE\workspace_1.13.0\ARM\Core\Inc\main.h
2023-08-21 00:01:10,367 [INFO] CodeEngine:255 - oldGeneratedFile, C:\Users\e0162112\STM32CubeIDE\workspace_1.13.0\ARM\Core\Src\main.c_save
2023-08-21 00:01:10,471 [INFO] CodeEngine:279 - Generated code: C:\Users\e0162112\STM32CubeIDE\workspace_1.13.0\ARM\Core\Src\main.c
2023-08-21 00:01:11,140 [INFO] ProjectBuilder:3064 - Time for Copy HAL[1] : 270mS.
2023-08-21 00:01:11,146 [INFO] ProjectBuilder:4404 - Project Generator version: 4.1.0
2023-08-21 00:01:11,328 [INFO] ConfigFileManager:1457 - The Die is : DIE410
2023-08-21 00:01:11,344 [INFO] ApiDbMcu:507 - Load IP Config File for FATFS
2023-08-21 00:01:11,350 [INFO] ApiDbMcu:507 - Load IP Config File for FREERTOS
2023-08-21 00:01:11,356 [INFO] ApiDbMcu:507 - Load IP Config File for USB_DEVICE
