2023-09-19 20:20:39,935 [INFO] NvicIntPanel:101 - NVIC parent = com.st.microxplorer.plugins.ip.nvic.MultiNvicIntPanel[,0,0,0x0,invalid,layout=javax.swing.BoxLayout,alignmentX=0.0,alignmentY=0.0,border=,flags=9,maximumSize=,minimumSize=,preferredSize=]
2023-09-19 20:20:48,433 [INFO] UtilMem:75 - End SaveConfig() Used Memory: 679126248 Bytes (1073741824)
2023-09-19 20:20:52,803 [INFO] UtilMem:75 - End SaveConfig() Used Memory: 762827800 Bytes (1073741824)
2023-09-19 20:20:54,107 [INFO] BlockDiagram:2759 - set Specific Code input for plugin: NVIC
2023-09-19 20:20:54,107 [INFO] BlockDiagram:2759 - set Specific Code input for plugin: USART
2023-09-19 20:20:54,107 [INFO] BlockDiagram:2759 - set Specific Code input for plugin: TIM1_8F1
2023-09-19 20:20:54,107 [INFO] BlockDiagram:2759 - set Specific Code input for plugin: SYS
2023-09-19 20:20:54,108 [INFO] BlockDiagram:2759 - set Specific Code input for plugin: GPIO
2023-09-19 20:20:54,108 [INFO] BlockDiagram:2759 - set Specific Code input for plugin: ADC
2023-09-19 20:20:54,109 [INFO] BlockDiagram:2759 - set Specific Code input for plugin: RCC
2023-09-19 20:20:54,120 [INFO] CodeGenerator:799 - code generatio: config db path: C:\ST\STM32CubeIDE_1.13.0\STM32CubeIDE\plugins\com.st.stm32cube.common.mx_6.9.0.202307051724\\db\
2023-09-19 20:20:55,013 [INFO] CodeEngine:255 - oldGeneratedFile, C:\Users\e0162112\STM32CubeIDE\workspace_1.13.0\ARM\MXTmpFiles\license.tmp_save
2023-09-19 20:20:55,593 [INFO] CodeEngine:279 - Generated code: C:\Users\e0162112\STM32CubeIDE\workspace_1.13.0\ARM\MXTmpFiles\license.tmp
2023-09-19 20:20:55,810 [INFO] CodeEngine:255 - oldGeneratedFile, C:\Users\e0162112\STM32CubeIDE\workspace_1.13.0\ARM\Core\Src\gpio.c_save
2023-09-19 20:20:56,467 [INFO] CodeEngine:279 - Generated code: C:\Users\e0162112\STM32CubeIDE\workspace_1.13.0\ARM\Core\Src\gpio.c
2023-09-19 20:20:56,542 [INFO] CodeEngine:255 - oldGeneratedFile, C:\Users\e0162112\STM32CubeIDE\workspace_1.13.0\ARM\Core\Inc\gpio.h_save
2023-09-19 20:20:56,980 [INFO] CodeEngine:279 - Generated code: C:\Users\e0162112\STM32CubeIDE\workspace_1.13.0\ARM\Core\Inc\gpio.h
2023-09-19 20:20:57,418 [INFO] CodeEngine:255 - oldGeneratedFile, C:\Users\e0162112\STM32CubeIDE\workspace_1.13.0\ARM\Core\Src\adc.c_save
2023-09-19 20:20:58,466 [INFO] CodeEngine:279 - Generated code: C:\Users\e0162112\STM32CubeIDE\workspace_1.13.0\ARM\Core\Src\adc.c
2023-09-19 20:20:58,542 [INFO] CodeEngine:255 - oldGeneratedFile, C:\Users\e0162112\STM32CubeIDE\workspace_1.13.0\ARM\Core\Inc\adc.h_save
2023-09-19 20:20:58,965 [INFO] CodeEngine:279 - Generated code: C:\Users\e0162112\STM32CubeIDE\workspace_1.13.0\ARM\Core\Inc\adc.h
2023-09-19 20:20:59,082 [INFO] CodeEngine:255 - oldGeneratedFile, C:\Users\e0162112\STM32CubeIDE\workspace_1.13.0\ARM\Core\Src\tim.c_save
2023-09-19 20:20:59,562 [INFO] CodeEngine:279 - Generated code: C:\Users\e0162112\STM32CubeIDE\workspace_1.13.0\ARM\Core\Src\tim.c
2023-09-19 20:20:59,618 [INFO] CodeEngine:255 - oldGeneratedFile, C:\Users\e0162112\STM32CubeIDE\workspace_1.13.0\ARM\Core\Inc\tim.h_save
2023-09-19 20:21:00,104 [INFO] CodeEngine:279 - Generated code: C:\Users\e0162112\STM32CubeIDE\workspace_1.13.0\ARM\Core\Inc\tim.h
2023-09-19 20:21:00,270 [INFO] CodeEngine:255 - oldGeneratedFile, C:\Users\e0162112\STM32CubeIDE\workspace_1.13.0\ARM\Core\Src\usart.c_save
2023-09-19 20:21:00,972 [INFO] CodeEngine:279 - Generated code: C:\Users\e0162112\STM32CubeIDE\workspace_1.13.0\ARM\Core\Src\usart.c
2023-09-19 20:21:01,078 [INFO] CodeEngine:255 - oldGeneratedFile, C:\Users\e0162112\STM32CubeIDE\workspace_1.13.0\ARM\Core\Inc\usart.h_save
2023-09-19 20:21:01,640 [INFO] CodeEngine:279 - Generated code: C:\Users\e0162112\STM32CubeIDE\workspace_1.13.0\ARM\Core\Inc\usart.h
2023-09-19 20:21:01,826 [INFO] CodeEngine:255 - oldGeneratedFile, C:\Users\e0162112\STM32CubeIDE\workspace_1.13.0\ARM\Core\Src\stm32f1xx_it.c_save
2023-09-19 20:21:03,035 [INFO] CodeEngine:279 - Generated code: C:\Users\e0162112\STM32CubeIDE\workspace_1.13.0\ARM\Core\Src\stm32f1xx_it.c
2023-09-19 20:21:03,146 [INFO] CodeEngine:255 - oldGeneratedFile, C:\Users\e0162112\STM32CubeIDE\workspace_1.13.0\ARM\Core\Inc\stm32f1xx_it.h_save
2023-09-19 20:21:03,616 [INFO] CodeEngine:279 - Generated code: C:\Users\e0162112\STM32CubeIDE\workspace_1.13.0\ARM\Core\Inc\stm32f1xx_it.h
2023-09-19 20:21:03,771 [INFO] CodeEngine:255 - oldGeneratedFile, C:\Users\e0162112\STM32CubeIDE\workspace_1.13.0\ARM\Core\Src\stm32f1xx_hal_msp.c_save
2023-09-19 20:21:04,375 [INFO] CodeEngine:279 - Generated code: C:\Users\e0162112\STM32CubeIDE\workspace_1.13.0\ARM\Core\Src\stm32f1xx_hal_msp.c
2023-09-19 20:21:04,443 [INFO] CodeEngine:255 - oldGeneratedFile, C:\Users\e0162112\STM32CubeIDE\workspace_1.13.0\ARM\MXTmpFiles\system.tmp_save
2023-09-19 20:21:04,875 [INFO] CodeEngine:279 - Generated code: C:\Users\e0162112\STM32CubeIDE\workspace_1.13.0\ARM\MXTmpFiles\system.tmp
2023-09-19 20:21:05,045 [INFO] CodeEngine:311 - oldGeneratedFile, C:\Users\e0162112\STM32CubeIDE\workspace_1.13.0\ARM\Core\Inc\stm32f1xx_hal_conf.h_save
2023-09-19 20:21:05,618 [INFO] CodeEngine:335 - Generated code: C:\Users\e0162112\STM32CubeIDE\workspace_1.13.0\ARM\Core\Inc\stm32f1xx_hal_conf.h
2023-09-19 20:21:05,968 [INFO] CodeEngine:255 - oldGeneratedFile, C:\Users\e0162112\STM32CubeIDE\workspace_1.13.0\ARM\Core\Inc\main.h_save
2023-09-19 20:21:06,680 [INFO] CodeEngine:279 - Generated code: C:\Users\e0162112\STM32CubeIDE\workspace_1.13.0\ARM\Core\Inc\main.h
2023-09-19 20:21:06,774 [INFO] CodeEngine:255 - oldGeneratedFile, C:\Users\e0162112\STM32CubeIDE\workspace_1.13.0\ARM\Core\Src\main.c_save
2023-09-19 20:21:07,545 [INFO] CodeEngine:279 - Generated code: C:\Users\e0162112\STM32CubeIDE\workspace_1.13.0\ARM\Core\Src\main.c
2023-09-19 20:21:12,045 [INFO] ProjectBuilder:3064 - Time for Copy HAL[1] : 2236mS.
2023-09-19 20:21:12,082 [INFO] ProjectBuilder:4404 - Project Generator version: 4.1.0
2023-09-19 20:21:13,834 [INFO] ConfigFileManager:1457 - The Die is : DIE410
2023-09-19 20:21:24,769 [INFO] ProjectBuilder:4626 - Time for Generating toolchain IDE Files: 12686mS.
2023-09-19 20:21:24,778 [INFO] ProjectBuilder:2935 - Time for Copy CMSIS : 8mS.
2023-09-19 20:21:24,808 [INFO] ProjectBuilder:2935 - Time for Copy CMSIS : 0mS.
2023-09-19 20:24:15,935 [INFO] MainUpdater:3562 - Updater definition file requires update
2023-09-19 20:24:16,602 [INFO] ServerAccessManage:473 - Download File updaters.zip
2023-09-19 20:24:16,880 [INFO] FileExtend:240 - Unzip File : updaters.zip
2023-09-19 20:24:16,881 [INFO] FileExtend:255 - Standard Zip Deflate
2023-09-19 20:24:19,467 [INFO] ServerAccessManage:473 - Download File PacksControlFlags.xml
2023-09-19 20:24:19,658 [INFO] ServerAccessManage:473 - Download File cubemx.pidx
2023-09-19 20:24:19,752 [INFO] ThirdPartyModel:298 - Start build external matchings
2023-09-19 20:24:21,629 [INFO] CheckServerUpdateThread:120 - End of CheckServer Thread
2023-09-19 20:24:21,911 [INFO] ThirdPartyModel:316 - End build external matchings
2023-09-19 20:24:21,952 [INFO] LoadServerUpdatesThread:373 - End of LoadServerUpdate Thread
2023-09-19 20:25:22,643 [INFO] UtilMem:75 - End SaveConfig() Used Memory: 835558480 Bytes (1073741824)
2023-09-19 20:25:25,789 [INFO] UtilMem:75 - End SaveConfig() Used Memory: 914924640 Bytes (1073741824)
2023-09-19 20:25:26,731 [INFO] BlockDiagram:2759 - set Specific Code input for plugin: NVIC
2023-09-19 20:25:26,732 [INFO] BlockDiagram:2759 - set Specific Code input for plugin: USART
2023-09-19 20:25:26,732 [INFO] BlockDiagram:2759 - set Specific Code input for plugin: TIM1_8F1
2023-09-19 20:25:26,732 [INFO] BlockDiagram:2759 - set Specific Code input for plugin: SYS
2023-09-19 20:25:26,733 [INFO] BlockDiagram:2759 - set Specific Code input for plugin: GPIO
2023-09-19 20:25:26,734 [INFO] BlockDiagram:2759 - set Specific Code input for plugin: ADC
2023-09-19 20:25:26,734 [INFO] BlockDiagram:2759 - set Specific Code input for plugin: RCC
2023-09-19 20:25:26,748 [INFO] CodeGenerator:799 - code generatio: config db path: C:\ST\STM32CubeIDE_1.13.0\STM32CubeIDE\plugins\com.st.stm32cube.common.mx_6.9.0.202307051724\\db\
2023-09-19 20:25:27,245 [INFO] CodeEngine:255 - oldGeneratedFile, C:\Users\e0162112\STM32CubeIDE\workspace_1.13.0\ARM\MXTmpFiles\license.tmp_save
2023-09-19 20:25:27,572 [INFO] CodeEngine:279 - Generated code: C:\Users\e0162112\STM32CubeIDE\workspace_1.13.0\ARM\MXTmpFiles\license.tmp
2023-09-19 20:25:27,742 [INFO] CodeEngine:255 - oldGeneratedFile, C:\Users\e0162112\STM32CubeIDE\workspace_1.13.0\ARM\Core\Src\gpio.c_save
2023-09-19 20:25:28,267 [INFO] CodeEngine:279 - Generated code: C:\Users\e0162112\STM32CubeIDE\workspace_1.13.0\ARM\Core\Src\gpio.c
2023-09-19 20:25:28,340 [INFO] CodeEngine:255 - oldGeneratedFile, C:\Users\e0162112\STM32CubeIDE\workspace_1.13.0\ARM\Core\Inc\gpio.h_save
2023-09-19 20:25:28,746 [INFO] CodeEngine:279 - Generated code: C:\Users\e0162112\STM32CubeIDE\workspace_1.13.0\ARM\Core\Inc\gpio.h
2023-09-19 20:25:29,298 [INFO] CodeEngine:255 - oldGeneratedFile, C:\Users\e0162112\STM32CubeIDE\workspace_1.13.0\ARM\Core\Src\adc.c_save
2023-09-19 20:25:29,647 [INFO] CodeEngine:279 - Generated code: C:\Users\e0162112\STM32CubeIDE\workspace_1.13.0\ARM\Core\Src\adc.c
2023-09-19 20:25:29,727 [INFO] CodeEngine:255 - oldGeneratedFile, C:\Users\e0162112\STM32CubeIDE\workspace_1.13.0\ARM\Core\Inc\adc.h_save
2023-09-19 20:25:29,976 [INFO] CodeEngine:279 - Generated code: C:\Users\e0162112\STM32CubeIDE\workspace_1.13.0\ARM\Core\Inc\adc.h
2023-09-19 20:25:30,064 [INFO] CodeEngine:255 - oldGeneratedFile, C:\Users\e0162112\STM32CubeIDE\workspace_1.13.0\ARM\Core\Src\tim.c_save
2023-09-19 20:25:30,382 [INFO] CodeEngine:279 - Generated code: C:\Users\e0162112\STM32CubeIDE\workspace_1.13.0\ARM\Core\Src\tim.c
2023-09-19 20:25:30,431 [INFO] CodeEngine:255 - oldGeneratedFile, C:\Users\e0162112\STM32CubeIDE\workspace_1.13.0\ARM\Core\Inc\tim.h_save
2023-09-19 20:25:30,658 [INFO] CodeEngine:279 - Generated code: C:\Users\e0162112\STM32CubeIDE\workspace_1.13.0\ARM\Core\Inc\tim.h
2023-09-19 20:25:30,761 [INFO] CodeEngine:255 - oldGeneratedFile, C:\Users\e0162112\STM32CubeIDE\workspace_1.13.0\ARM\Core\Src\usart.c_save
2023-09-19 20:25:31,091 [INFO] CodeEngine:279 - Generated code: C:\Users\e0162112\STM32CubeIDE\workspace_1.13.0\ARM\Core\Src\usart.c
2023-09-19 20:25:31,146 [INFO] CodeEngine:255 - oldGeneratedFile, C:\Users\e0162112\STM32CubeIDE\workspace_1.13.0\ARM\Core\Inc\usart.h_save
2023-09-19 20:25:31,411 [INFO] CodeEngine:279 - Generated code: C:\Users\e0162112\STM32CubeIDE\workspace_1.13.0\ARM\Core\Inc\usart.h
2023-09-19 20:25:31,518 [INFO] CodeEngine:255 - oldGeneratedFile, C:\Users\e0162112\STM32CubeIDE\workspace_1.13.0\ARM\Core\Src\stm32f1xx_it.c_save
2023-09-19 20:25:31,844 [INFO] CodeEngine:279 - Generated code: C:\Users\e0162112\STM32CubeIDE\workspace_1.13.0\ARM\Core\Src\stm32f1xx_it.c
2023-09-19 20:25:31,896 [INFO] CodeEngine:255 - oldGeneratedFile, C:\Users\e0162112\STM32CubeIDE\workspace_1.13.0\ARM\Core\Inc\stm32f1xx_it.h_save
2023-09-19 20:25:32,145 [INFO] CodeEngine:279 - Generated code: C:\Users\e0162112\STM32CubeIDE\workspace_1.13.0\ARM\Core\Inc\stm32f1xx_it.h
2023-09-19 20:25:32,236 [INFO] CodeEngine:255 - oldGeneratedFile, C:\Users\e0162112\STM32CubeIDE\workspace_1.13.0\ARM\Core\Src\stm32f1xx_hal_msp.c_save
2023-09-19 20:25:32,692 [INFO] CodeEngine:279 - Generated code: C:\Users\e0162112\STM32CubeIDE\workspace_1.13.0\ARM\Core\Src\stm32f1xx_hal_msp.c
2023-09-19 20:25:32,728 [INFO] CodeEngine:255 - oldGeneratedFile, C:\Users\e0162112\STM32CubeIDE\workspace_1.13.0\ARM\MXTmpFiles\system.tmp_save
2023-09-19 20:25:33,042 [INFO] CodeEngine:279 - Generated code: C:\Users\e0162112\STM32CubeIDE\workspace_1.13.0\ARM\MXTmpFiles\system.tmp
2023-09-19 20:25:33,092 [INFO] CodeEngine:255 - oldGeneratedFile, C:\Users\e0162112\STM32CubeIDE\workspace_1.13.0\ARM\Core\Inc\stm32_assert.h_save
2023-09-19 20:25:33,338 [INFO] CodeEngine:279 - Generated code: C:\Users\e0162112\STM32CubeIDE\workspace_1.13.0\ARM\Core\Inc\stm32_assert.h
2023-09-19 20:25:33,421 [INFO] CodeEngine:311 - oldGeneratedFile, C:\Users\e0162112\STM32CubeIDE\workspace_1.13.0\ARM\Core\Inc\stm32f1xx_hal_conf.h_save
2023-09-19 20:25:33,706 [INFO] CodeEngine:335 - Generated code: C:\Users\e0162112\STM32CubeIDE\workspace_1.13.0\ARM\Core\Inc\stm32f1xx_hal_conf.h
2023-09-19 20:25:33,878 [INFO] CodeEngine:255 - oldGeneratedFile, C:\Users\e0162112\STM32CubeIDE\workspace_1.13.0\ARM\Core\Inc\main.h_save
2023-09-19 20:25:34,130 [INFO] CodeEngine:279 - Generated code: C:\Users\e0162112\STM32CubeIDE\workspace_1.13.0\ARM\Core\Inc\main.h
2023-09-19 20:25:34,200 [INFO] CodeEngine:255 - oldGeneratedFile, C:\Users\e0162112\STM32CubeIDE\workspace_1.13.0\ARM\Core\Src\main.c_save
2023-09-19 20:25:34,531 [INFO] CodeEngine:279 - Generated code: C:\Users\e0162112\STM32CubeIDE\workspace_1.13.0\ARM\Core\Src\main.c
2023-09-19 20:25:37,388 [INFO] ProjectBuilder:3064 - Time for Copy HAL[1] : 1409mS.
2023-09-19 20:25:37,409 [INFO] ProjectBuilder:4404 - Project Generator version: 4.1.0
2023-09-19 20:25:38,186 [INFO] ConfigFileManager:1457 - The Die is : DIE410
2023-09-19 20:25:48,058 [INFO] ProjectBuilder:4626 - Time for Generating toolchain IDE Files: 10649mS.
2023-09-19 20:25:48,068 [INFO] ProjectBuilder:2935 - Time for Copy CMSIS : 9mS.
2023-09-19 20:25:48,114 [INFO] ProjectBuilder:2935 - Time for Copy CMSIS : 0mS.
2023-09-19 20:28:07,818 [INFO] UtilMem:75 - End SaveConfig() Used Memory: 805264712 Bytes (1073741824)
2023-09-19 20:28:08,154 [INFO] UtilMem:75 - End SaveConfig() Used Memory: 818896200 Bytes (1073741824)
2023-09-19 20:28:15,291 [INFO] UtilMem:75 - End SaveConfig() Used Memory: 758788808 Bytes (1073741824)
2023-09-19 20:28:16,208 [INFO] BlockDiagram:2759 - set Specific Code input for plugin: NVIC
2023-09-19 20:28:16,209 [INFO] BlockDiagram:2759 - set Specific Code input for plugin: USART
2023-09-19 20:28:16,209 [INFO] BlockDiagram:2759 - set Specific Code input for plugin: TIM1_8F1
2023-09-19 20:28:16,209 [INFO] BlockDiagram:2759 - set Specific Code input for plugin: SYS
2023-09-19 20:28:16,210 [INFO] BlockDiagram:2759 - set Specific Code input for plugin: GPIO
2023-09-19 20:28:16,210 [INFO] BlockDiagram:2759 - set Specific Code input for plugin: ADC
2023-09-19 20:28:16,210 [INFO] BlockDiagram:2759 - set Specific Code input for plugin: RCC
2023-09-19 20:28:16,219 [INFO] CodeGenerator:799 - code generatio: config db path: C:\ST\STM32CubeIDE_1.13.0\STM32CubeIDE\plugins\com.st.stm32cube.common.mx_6.9.0.202307051724\\db\
2023-09-19 20:28:17,200 [INFO] CodeEngine:255 - oldGeneratedFile, C:\Users\e0162112\STM32CubeIDE\workspace_1.13.0\ARM\MXTmpFiles\license.tmp_save
2023-09-19 20:28:17,582 [INFO] CodeEngine:279 - Generated code: C:\Users\e0162112\STM32CubeIDE\workspace_1.13.0\ARM\MXTmpFiles\license.tmp
2023-09-19 20:28:17,727 [INFO] CodeEngine:255 - oldGeneratedFile, C:\Users\e0162112\STM32CubeIDE\workspace_1.13.0\ARM\Core\Src\gpio.c_save
2023-09-19 20:28:18,140 [INFO] CodeEngine:279 - Generated code: C:\Users\e0162112\STM32CubeIDE\workspace_1.13.0\ARM\Core\Src\gpio.c
2023-09-19 20:28:18,220 [INFO] CodeEngine:255 - oldGeneratedFile, C:\Users\e0162112\STM32CubeIDE\workspace_1.13.0\ARM\Core\Inc\gpio.h_save
2023-09-19 20:28:18,666 [INFO] CodeEngine:279 - Generated code: C:\Users\e0162112\STM32CubeIDE\workspace_1.13.0\ARM\Core\Inc\gpio.h
2023-09-19 20:28:19,153 [INFO] CodeEngine:255 - oldGeneratedFile, C:\Users\e0162112\STM32CubeIDE\workspace_1.13.0\ARM\Core\Src\adc.c_save
2023-09-19 20:28:19,708 [INFO] CodeEngine:279 - Generated code: C:\Users\e0162112\STM32CubeIDE\workspace_1.13.0\ARM\Core\Src\adc.c
2023-09-19 20:28:19,777 [INFO] CodeEngine:255 - oldGeneratedFile, C:\Users\e0162112\STM32CubeIDE\workspace_1.13.0\ARM\Core\Inc\adc.h_save
2023-09-19 20:28:20,099 [INFO] CodeEngine:279 - Generated code: C:\Users\e0162112\STM32CubeIDE\workspace_1.13.0\ARM\Core\Inc\adc.h
2023-09-19 20:28:20,189 [INFO] CodeEngine:255 - oldGeneratedFile, C:\Users\e0162112\STM32CubeIDE\workspace_1.13.0\ARM\Core\Src\tim.c_save
2023-09-19 20:28:20,554 [INFO] CodeEngine:279 - Generated code: C:\Users\e0162112\STM32CubeIDE\workspace_1.13.0\ARM\Core\Src\tim.c
2023-09-19 20:28:20,625 [INFO] CodeEngine:255 - oldGeneratedFile, C:\Users\e0162112\STM32CubeIDE\workspace_1.13.0\ARM\Core\Inc\tim.h_save
2023-09-19 20:28:20,943 [INFO] CodeEngine:279 - Generated code: C:\Users\e0162112\STM32CubeIDE\workspace_1.13.0\ARM\Core\Inc\tim.h
2023-09-19 20:28:21,098 [INFO] CodeEngine:255 - oldGeneratedFile, C:\Users\e0162112\STM32CubeIDE\workspace_1.13.0\ARM\Core\Src\usart.c_save
2023-09-19 20:28:21,831 [INFO] CodeEngine:279 - Generated code: C:\Users\e0162112\STM32CubeIDE\workspace_1.13.0\ARM\Core\Src\usart.c
2023-09-19 20:28:21,941 [INFO] CodeEngine:255 - oldGeneratedFile, C:\Users\e0162112\STM32CubeIDE\workspace_1.13.0\ARM\Core\Inc\usart.h_save
2023-09-19 20:28:22,531 [INFO] CodeEngine:279 - Generated code: C:\Users\e0162112\STM32CubeIDE\workspace_1.13.0\ARM\Core\Inc\usart.h
2023-09-19 20:28:22,707 [INFO] CodeEngine:255 - oldGeneratedFile, C:\Users\e0162112\STM32CubeIDE\workspace_1.13.0\ARM\Core\Src\stm32f1xx_it.c_save
2023-09-19 20:28:23,462 [INFO] CodeEngine:279 - Generated code: C:\Users\e0162112\STM32CubeIDE\workspace_1.13.0\ARM\Core\Src\stm32f1xx_it.c
2023-09-19 20:28:23,554 [INFO] CodeEngine:255 - oldGeneratedFile, C:\Users\e0162112\STM32CubeIDE\workspace_1.13.0\ARM\Core\Inc\stm32f1xx_it.h_save
2023-09-19 20:28:23,988 [INFO] CodeEngine:279 - Generated code: C:\Users\e0162112\STM32CubeIDE\workspace_1.13.0\ARM\Core\Inc\stm32f1xx_it.h
2023-09-19 20:28:24,113 [INFO] CodeEngine:255 - oldGeneratedFile, C:\Users\e0162112\STM32CubeIDE\workspace_1.13.0\ARM\Core\Src\stm32f1xx_hal_msp.c_save
2023-09-19 20:28:24,597 [INFO] CodeEngine:279 - Generated code: C:\Users\e0162112\STM32CubeIDE\workspace_1.13.0\ARM\Core\Src\stm32f1xx_hal_msp.c
2023-09-19 20:28:24,648 [INFO] CodeEngine:255 - oldGeneratedFile, C:\Users\e0162112\STM32CubeIDE\workspace_1.13.0\ARM\MXTmpFiles\system.tmp_save
2023-09-19 20:28:24,981 [INFO] CodeEngine:279 - Generated code: C:\Users\e0162112\STM32CubeIDE\workspace_1.13.0\ARM\MXTmpFiles\system.tmp
2023-09-19 20:28:25,112 [INFO] CodeEngine:311 - oldGeneratedFile, C:\Users\e0162112\STM32CubeIDE\workspace_1.13.0\ARM\Core\Inc\stm32f1xx_hal_conf.h_save
2023-09-19 20:28:25,501 [INFO] CodeEngine:335 - Generated code: C:\Users\e0162112\STM32CubeIDE\workspace_1.13.0\ARM\Core\Inc\stm32f1xx_hal_conf.h
2023-09-19 20:28:25,681 [INFO] CodeEngine:255 - oldGeneratedFile, C:\Users\e0162112\STM32CubeIDE\workspace_1.13.0\ARM\Core\Inc\main.h_save
2023-09-19 20:28:26,012 [INFO] CodeEngine:279 - Generated code: C:\Users\e0162112\STM32CubeIDE\workspace_1.13.0\ARM\Core\Inc\main.h
2023-09-19 20:28:26,068 [INFO] CodeEngine:255 - oldGeneratedFile, C:\Users\e0162112\STM32CubeIDE\workspace_1.13.0\ARM\Core\Src\main.c_save
2023-09-19 20:28:26,436 [INFO] CodeEngine:279 - Generated code: C:\Users\e0162112\STM32CubeIDE\workspace_1.13.0\ARM\Core\Src\main.c
2023-09-19 20:28:29,721 [INFO] ProjectBuilder:3064 - Time for Copy HAL[1] : 1707mS.
2023-09-19 20:28:29,755 [INFO] ProjectBuilder:4404 - Project Generator version: 4.1.0
2023-09-19 20:28:31,406 [INFO] ConfigFileManager:1457 - The Die is : DIE410
2023-09-19 20:28:41,185 [INFO] ProjectBuilder:4626 - Time for Generating toolchain IDE Files: 11430mS.
2023-09-19 20:28:41,190 [INFO] ProjectBuilder:2935 - Time for Copy CMSIS : 4mS.
2023-09-19 20:28:41,212 [INFO] ProjectBuilder:2935 - Time for Copy CMSIS : 0mS.
2023-09-19 21:32:18,675 [INFO] MainUpdater:2868 - connection check result : 10
2023-09-19 21:32:18,678 [INFO] McuFinderGlobals:76 - Set McuFinderConnectedMode to true
2023-09-19 21:32:19,248 [INFO] ServerAccessManage:473 - Download File mcusAds.json._tmp_
2023-09-19 21:32:19,359 [INFO] LoadUrlFilesThread:156 - End of LoadUrlFiles Thread
2023-09-19 21:32:19,789 [INFO] ServerAccessManage:473 - Download File cube-finder-db.zip
2023-09-19 21:32:36,634 [INFO] FileExtend:240 - Unzip File : cube-finder-db.zip
2023-09-19 21:32:36,634 [INFO] FileExtend:255 - Standard Zip Deflate
2023-09-19 21:32:37,434 [INFO] LoadUrlFilesThread:156 - End of LoadUrlFiles Thread
2023-09-19 21:32:37,787 [INFO] ServerAccessManage:473 - Download File crdb.zip
2023-09-19 21:32:38,370 [INFO] FileExtend:240 - Unzip File : crdb.zip
2023-09-19 21:32:38,370 [INFO] FileExtend:255 - Standard Zip Deflate
2023-09-19 21:32:38,493 [INFO] LoadUrlFilesThread:156 - End of LoadUrlFiles Thread
2023-09-19 21:32:38,688 [INFO] ServerAccessManage:473 - Download File tutoVideoDB.zip
2023-09-19 21:32:38,766 [INFO] FileExtend:240 - Unzip File : tutoVideoDB.zip
2023-09-19 21:32:38,767 [INFO] FileExtend:255 - Standard Zip Deflate
2023-09-19 21:32:38,876 [INFO] LoadUrlFilesThread:156 - End of LoadUrlFiles Thread
2023-09-19 21:32:38,880 [WARN] DbFile:41 - Overriding database path with different value: C:\Users\e0162112\.stmcufinder\plugins\mcufinder/ => C:\Users\e0162112\.stmcufinder\plugins\mcufinder
2023-09-19 21:32:39,068 [INFO] ServerAccessManage:473 - Download File api_config.json
2023-09-19 21:32:39,183 [INFO] LoadUrlFilesThread:156 - End of LoadUrlFiles Thread
2023-09-19 21:32:39,185 [INFO] DbMcusAds:53 - JSON generation date=Tue Mar 07 10:50:55 EET 2023 (1678179055335)
2023-09-19 21:32:39,196 [INFO] ApiDb:448 - Save user favorites file C:\Users\e0162112/.stm32cubeide/favorites.mcus.txt: 0 item(s)
2023-09-19 21:32:39,196 [INFO] ApiDb:452 - User favorites MCUs=[]
2023-09-19 21:32:39,219 [INFO] ApiDb:581 - Connected to CubeFinder SQLite database (C:\Users\e0162112\.stmcufinder\plugins\mcufinder\mcu\cube-finder-db.db)
2023-09-19 21:32:39,271 [INFO] ApiDb:668 - CubeFinder database Data Model version=2.1
2023-09-19 21:32:39,271 [INFO] ApiDb:669 - CubeFinder database Configuration version=3.0.37
2023-09-19 21:32:39,271 [INFO] ApiDb:670 - CubeFinder database generation date=2023-08-09 (1691586011)
2023-09-19 21:32:39,271 [INFO] ApiDb:671 - CubeFinder database FW Pack versions=[FP-ATR-ASTRA1_V2.0.0, FP-SNS-FLIGHT1_V5.0.1, FP-SNS-FLIGHT1_V5.0.2, FP-SNS-MOTENV1_V4.3.1, FP-SNS-MOTENV1_V4.3.2, STM32Cube_FW_C0_V1.1.0, STM32Cube_FW_F4_V1.27.1, STM32Cube_FW_F7_V1.17.0, STM32Cube_FW_G0_V1.6.1, STM32Cube_FW_G4_V1.5.1, STM32Cube_FW_H5_V0.5.1, STM32Cube_FW_H5_V1.1.0, STM32Cube_FW_H7_V1.11.0, STM32Cube_FW_L0_V1.12.2, STM32Cube_FW_L5_V1.5.0, STM32Cube_FW_U5_V1.3.0, STM32Cube_FW_U5_V1.3.0RC4, STM32Cube_FW_WBA_V1.0.0RC1, STM32Cube_FW_WBA_V1.1.0, STM32Cube_FW_WBA_V1.1.0RC1, STM32Cube_FW_WB_V1.15.0RC1, STM32Cube_FW_WB_V1.16.0, STM32Cube_FW_WB_V1.16.0RC2, STM32Cube_FW_WB_V1.17.0, STM32Cube_FW_WL_V1.3.0, X-CUBE-ALGOBUILD_V1.3.0, X-CUBE-ALS_V1.0.1, X-CUBE-AZRTOS-F4_V1.1.0, X-CUBE-AZRTOS-F7_V1.1.0, X-CUBE-AZRTOS-G0_V1.1.0, X-CUBE-AZRTOS-G4_V2.0.0, X-CUBE-AZRTOS-H7_V3.1.0, X-CUBE-AZRTOS-L4_V1.0.0, X-CUBE-AZRTOS-L4_V2.0.0, X-CUBE-AZRTOS-L5_V1.1.0, X-CUBE-AZRTOS-WB_V1.1.0, X-CUBE-AZRTOS-WL_V2.0.0, X-CUBE-BLE1_V7.0.0, X-CUBE-BLE2_V3.3.0, X-CUBE-BLEMGR_V2.0.0, X-CUBE-EEPRMA1_V4.1.0, X-CUBE-FREERTOS_V1.1.0, X-CUBE-GNSS1_V6.0.0, X-CUBE-MEMS1_V9.1.0, X-CUBE-MEMS1_V9.4.0, X-CUBE-MEMS1_V9.6.0, X-CUBE-NFC4_V3.0.0, X-CUBE-NFC7_V1.0.0, X-CUBE-SFXS2LP1_V4.0.0, X-CUBE-SUBG2_V5.0.0, X-CUBE-TOF1_V3.3.1]
2023-09-19 21:32:40,805 [INFO] ApiDb:240 - Found 323 in-development CPN: [B-G473E-ZEST1S, B-WB1M-WPAN1, B-WL5M-SUBG1, NUCLEO-C031C6, NUCLEO-H503RB, NUCLEO-H563ZI, NUCLEO-U545RE-Q, NUCLEO-U5A5ZJ-Q, NUCLEO-WBA52CG, STEVAL-PROTEUS1, STEVAL-SMARTAG2, STEVAL-STWINBX1, STM320518-EVAL, STM32C0116-DK, STM32C011D6Y3TR, STM32C011D6Y6TR, STM32C011F4P3, STM32C011F4P6, STM32C011F4U3, STM32C011F4U6TR, STM32C011F6P3, STM32C011F6P6, STM32C011F6U3, STM32C011F6U6TR, STM32C011J4M3, STM32C011J4M6, STM32C011J6M3, STM32C011J6M6, STM32C0316-DK, STM32C031C4T3, STM32C031C4T6, STM32C031C4U3, STM32C031C4U6, STM32C031C6T3, STM32C031C6T6, STM32C031C6U3, STM32C031C6U6, STM32C031F4P3, STM32C031F4P6, STM32C031F6P3, STM32C031F6P6, STM32C031G4U3, STM32C031G4U6, STM32C031G6U3, STM32C031G6U6, STM32C031K4T3, STM32C031K4T6, STM32C031K4U3, STM32C031K4U6, STM32C031K6T3, STM32C031K6T6, STM32C031K6U3, STM32C031K6U6, STM32G071K8TXN, STM32G071K8UXN, STM32G081GBU6N, STM32G081KBT6N, STM32G081KBUXN, STM32G0B1CCT6N, STM32G0B1KCT6, STM32G0B1NEY6TR, STM32G0B1RCT6N, STM32G0C1CCT6, STM32G0C1CCT6N, STM32G0C1CCU6N, STM32G0C1CET6N, STM32G0C1CEU6N, STM32G0C1KCT6, STM32G0C1NEY6TR, STM32G0C1RCI6N, STM32G0C1RCT6N, STM32G0C1REI6N, STM32G0C1RET6N, STM32G0C1VCI6, STM32G0C1VEI6, STM32G471CCT6, STM32G471CCU6, STM32G471CET3, STM32G471CET6, STM32G471CEU3, STM32G471CEU6, STM32G471MCT6, STM32G471MET3, STM32G471MET6, STM32G471MEY6TR, STM32G471QCT6, STM32G471QET3, STM32G471RCT6, STM32G471RET3, STM32G471RET6, STM32G471VCH6, STM32G471VCI6, STM32G471VCT6, STM32G471VEH3, STM32G471VEH6, STM32G471VEI3, STM32G471VEI6, STM32G471VET3, STM32G471VET6, STM32G474CCT6, STM32H503CBT6, STM32H503CBU6, STM32H503EBY6TR, STM32H503KBU6, STM32H503RBT6, STM32H562AGI6, STM32H562AII6, STM32H562IGK6, STM32H562IGT6, STM32H562IIK6, STM32H562IIT6, STM32H562RGT6, STM32H562RGV6, STM32H562RIT6, STM32H562RIV6, STM32H562VGT6, STM32H562VIT6, STM32H562ZGT6, STM32H562ZIT6, STM32H563AGI6, STM32H563AII3Q, STM32H563AII6, STM32H563IGK6, STM32H563IGT6, STM32H563IIK3Q, STM32H563IIK6, STM32H563IIT3Q, STM32H563IIT6, STM32H563MIY3QTR, STM32H563RGT6, STM32H563RGV6, STM32H563RIT6, STM32H563RIV6, STM32H563VGT6, STM32H563VIT3Q, STM32H563VIT6, STM32H563ZGT6, STM32H563ZIT3Q, STM32H563ZIT6, STM32H573AII3Q, STM32H573AII6, STM32H573I-DK, STM32H573IIK3Q, STM32H573IIK6, STM32H573IIT3Q, STM32H573IIT6, STM32H573MIY3QTR, STM32H573RIT6, STM32H573RIV6, STM32H573VIT3Q, STM32H573VIT6, STM32H573ZIT3Q, STM32H573ZIT6, STM32L4R5QGI6STR, STM32MP131AAE3, STM32MP131AAF3, STM32MP131AAG3, STM32MP131CAE3, STM32MP131CAF3, STM32MP131CAG3, STM32MP131DAE7, STM32MP131DAF7, STM32MP131DAG7, STM32MP131FAE7, STM32MP131FAF7, STM32MP131FAG7, STM32MP133AAE3, STM32MP133AAF3, STM32MP133AAG3, STM32MP133CAE3, STM32MP133CAF3, STM32MP133CAG3, STM32MP133DAE7, STM32MP133DAF7, STM32MP133DAG7, STM32MP133FAE7, STM32MP133FAF7, STM32MP133FAG7, STM32MP135AAE3, STM32MP135AAF3, STM32MP135AAG3, STM32MP135CAE3, STM32MP135CAF3, STM32MP135CAG3, STM32MP135DAE7, STM32MP135DAF7, STM32MP135DAG7, STM32MP135F-DK, STM32MP135FAE7, STM32MP135FAF7, STM32MP135FAF7T, STM32MP135FAF7U, STM32MP135FAG7, STM32U535CBT6, STM32U535CBT6Q, STM32U535CBU6, STM32U535CBU6Q, STM32U535CCT6, STM32U535CCT6Q, STM32U535CCU6, STM32U535CCU6Q, STM32U535CET6, STM32U535CET6Q, STM32U535CEU6, STM32U535CEU6Q, STM32U535JEY6QTR, STM32U535NCY6QTR, STM32U535NEY6QTR, STM32U535RBI6, STM32U535RBI6Q, STM32U535RBT6, STM32U535RBT6Q, STM32U535RCI6, STM32U535RCI6Q, STM32U535RCT6, STM32U535RCT6Q, STM32U535REI6, STM32U535REI6Q, STM32U535RET6, STM32U535RET6Q, STM32U535VCI6, STM32U535VCI6Q, STM32U535VCT6, STM32U535VCT6Q, STM32U535VEI6, STM32U535VEI6Q, STM32U535VET6, STM32U535VET6Q, STM32U545CET6, STM32U545CET6Q, STM32U545CEU6, STM32U545CEU6Q, STM32U545JEY6QTR, STM32U545NEY6QTR, STM32U545REI6, STM32U545REI6Q, STM32U545RET6, STM32U545RET6Q, STM32U545VEI6, STM32U545VEI6Q, STM32U545VET6, STM32U545VET6Q, STM32U595AIH6, STM32U595AIH6Q, STM32U595AJH6, STM32U595AJH6Q, STM32U595QII6, STM32U595QII6Q, STM32U595QJI6, STM32U595QJI6Q, STM32U595RIT6, STM32U595RIT6Q, STM32U595RJT6, STM32U595RJT6Q, STM32U595VIT6, STM32U595VIT6Q, STM32U595VJT6, STM32U595VJT6Q, STM32U595ZIT6, STM32U595ZIT6Q, STM32U595ZIY6QTR, STM32U595ZJT6, STM32U595ZJT6Q, STM32U595ZJY6QTR, STM32U599BJY6QTR, STM32U599NIH6Q, STM32U599NJH6Q, STM32U599VIT6Q, STM32U599VJT6, STM32U599VJT6Q, STM32U599ZIT6Q, STM32U599ZIY6QTR, STM32U599ZJT6Q, STM32U599ZJY6QTR, STM32U5A5AJH6, STM32U5A5AJH6Q, STM32U5A5QJI6, STM32U5A5QJI6Q, STM32U5A5RJT6, STM32U5A5RJT6Q, STM32U5A5VJT6, STM32U5A5VJT6Q, STM32U5A5ZJT6, STM32U5A5ZJT6Q, STM32U5A5ZJY6QTR, STM32U5A9BJY6QTR, STM32U5A9J-DK, STM32U5A9NJH6Q, STM32U5A9VJT6Q, STM32U5A9ZJT6Q, STM32U5A9ZJY6QTR, STM32U5F7VIT6, STM32U5F7VIT6Q, STM32U5F7VJT6, STM32U5F7VJT6Q, STM32U5F9BJY6QTR, STM32U5F9NJH6Q, STM32U5F9VIT6Q, STM32U5F9VJT6Q, STM32U5F9ZIJ6QTR, STM32U5F9ZIT6Q, STM32U5F9ZJJ6QTR, STM32U5F9ZJT6Q, STM32U5G7VJT6, STM32U5G7VJT6Q, STM32U5G9BJY6QTR, STM32U5G9J-DK1, STM32U5G9J-DK2, STM32U5G9NJH6Q, STM32U5G9VJT6Q, STM32U5G9ZJJ6QTR, STM32U5G9ZJT6Q, STM32WB1MMCH6, STM32WBA52CEU6, STM32WBA52CEU6T, STM32WBA52CGU6, STM32WBA52CGU6T, STM32WBA52KEU6, STM32WBA52KEU6T, STM32WBA52KGU6, STM32WBA52KGU6T, STM32WL5MOCH6, STM32WL5MOCH6TR]
2023-09-19 21:32:40,808 [INFO] DbMcus:217 - Found 3848 MCUs, 3848 are supported
2023-09-19 21:32:40,809 [INFO] ApiDb:423 - Load user favorites file C:\Users\e0162112/.stm32cubeide/favorites.mcus.txt: 0 item(s)
2023-09-19 21:32:40,809 [INFO] ApiDb:427 - User favorites MCUs=[]
2023-09-19 21:32:40,809 [INFO] DbMcus:223 - Set 0 / 0 favorites MCUs
2023-09-19 21:32:40,995 [INFO] LoadUrlFilesThread:185 - End of LoadServerUrlFiles without Thread
2023-09-19 21:32:40,996 [INFO] TargetSelectorAdapter:259 - Refresh data is successful
2023-09-19 21:32:41,001 [INFO] ApiDb:668 - CubeFinder database Data Model version=2.1
2023-09-19 21:32:41,002 [INFO] ApiDb:669 - CubeFinder database Configuration version=3.0.37
2023-09-19 21:32:41,002 [INFO] ApiDb:670 - CubeFinder database generation date=2023-08-09 (1691586011)
2023-09-19 21:32:41,002 [INFO] ApiDb:671 - CubeFinder database FW Pack versions=[FP-ATR-ASTRA1_V2.0.0, FP-SNS-FLIGHT1_V5.0.1, FP-SNS-FLIGHT1_V5.0.2, FP-SNS-MOTENV1_V4.3.1, FP-SNS-MOTENV1_V4.3.2, STM32Cube_FW_C0_V1.1.0, STM32Cube_FW_F4_V1.27.1, STM32Cube_FW_F7_V1.17.0, STM32Cube_FW_G0_V1.6.1, STM32Cube_FW_G4_V1.5.1, STM32Cube_FW_H5_V0.5.1, STM32Cube_FW_H5_V1.1.0, STM32Cube_FW_H7_V1.11.0, STM32Cube_FW_L0_V1.12.2, STM32Cube_FW_L5_V1.5.0, STM32Cube_FW_U5_V1.3.0, STM32Cube_FW_U5_V1.3.0RC4, STM32Cube_FW_WBA_V1.0.0RC1, STM32Cube_FW_WBA_V1.1.0, STM32Cube_FW_WBA_V1.1.0RC1, STM32Cube_FW_WB_V1.15.0RC1, STM32Cube_FW_WB_V1.16.0, STM32Cube_FW_WB_V1.16.0RC2, STM32Cube_FW_WB_V1.17.0, STM32Cube_FW_WL_V1.3.0, X-CUBE-ALGOBUILD_V1.3.0, X-CUBE-ALS_V1.0.1, X-CUBE-AZRTOS-F4_V1.1.0, X-CUBE-AZRTOS-F7_V1.1.0, X-CUBE-AZRTOS-G0_V1.1.0, X-CUBE-AZRTOS-G4_V2.0.0, X-CUBE-AZRTOS-H7_V3.1.0, X-CUBE-AZRTOS-L4_V1.0.0, X-CUBE-AZRTOS-L4_V2.0.0, X-CUBE-AZRTOS-L5_V1.1.0, X-CUBE-AZRTOS-WB_V1.1.0, X-CUBE-AZRTOS-WL_V2.0.0, X-CUBE-BLE1_V7.0.0, X-CUBE-BLE2_V3.3.0, X-CUBE-BLEMGR_V2.0.0, X-CUBE-EEPRMA1_V4.1.0, X-CUBE-FREERTOS_V1.1.0, X-CUBE-GNSS1_V6.0.0, X-CUBE-MEMS1_V9.1.0, X-CUBE-MEMS1_V9.4.0, X-CUBE-MEMS1_V9.6.0, X-CUBE-NFC4_V3.0.0, X-CUBE-NFC7_V1.0.0, X-CUBE-SFXS2LP1_V4.0.0, X-CUBE-SUBG2_V5.0.0, X-CUBE-TOF1_V3.3.1]
2023-09-19 21:32:41,051 [INFO] DbBoardsSqlite:226 - include board P-NUCLEO-WB55-NUCLEO as a kit item of type 'Nucleo-64'
2023-09-19 21:32:41,052 [INFO] DbBoardsSqlite:226 - include board P-NUCLEO-WB55-USBDONGLE as a kit item of type 'Nucleo USB Dongle'
2023-09-19 21:32:41,052 [INFO] DbBoardsSqlite:226 - include board STEVAL-IDP005V1 as a kit item of type 'Evaluation Board'
2023-09-19 21:32:41,052 [INFO] DbBoardsSqlite:226 - include board STEVAL-IDP005V2 as a kit item of type 'Evaluation Board'
2023-09-19 21:32:41,091 [INFO] ApiDb:240 - Found 323 in-development CPN: [B-G473E-ZEST1S, B-WB1M-WPAN1, B-WL5M-SUBG1, NUCLEO-C031C6, NUCLEO-H503RB, NUCLEO-H563ZI, NUCLEO-U545RE-Q, NUCLEO-U5A5ZJ-Q, NUCLEO-WBA52CG, STEVAL-PROTEUS1, STEVAL-SMARTAG2, STEVAL-STWINBX1, STM320518-EVAL, STM32C0116-DK, STM32C011D6Y3TR, STM32C011D6Y6TR, STM32C011F4P3, STM32C011F4P6, STM32C011F4U3, STM32C011F4U6TR, STM32C011F6P3, STM32C011F6P6, STM32C011F6U3, STM32C011F6U6TR, STM32C011J4M3, STM32C011J4M6, STM32C011J6M3, STM32C011J6M6, STM32C0316-DK, STM32C031C4T3, STM32C031C4T6, STM32C031C4U3, STM32C031C4U6, STM32C031C6T3, STM32C031C6T6, STM32C031C6U3, STM32C031C6U6, STM32C031F4P3, STM32C031F4P6, STM32C031F6P3, STM32C031F6P6, STM32C031G4U3, STM32C031G4U6, STM32C031G6U3, STM32C031G6U6, STM32C031K4T3, STM32C031K4T6, STM32C031K4U3, STM32C031K4U6, STM32C031K6T3, STM32C031K6T6, STM32C031K6U3, STM32C031K6U6, STM32G071K8TXN, STM32G071K8UXN, STM32G081GBU6N, STM32G081KBT6N, STM32G081KBUXN, STM32G0B1CCT6N, STM32G0B1KCT6, STM32G0B1NEY6TR, STM32G0B1RCT6N, STM32G0C1CCT6, STM32G0C1CCT6N, STM32G0C1CCU6N, STM32G0C1CET6N, STM32G0C1CEU6N, STM32G0C1KCT6, STM32G0C1NEY6TR, STM32G0C1RCI6N, STM32G0C1RCT6N, STM32G0C1REI6N, STM32G0C1RET6N, STM32G0C1VCI6, STM32G0C1VEI6, STM32G471CCT6, STM32G471CCU6, STM32G471CET3, STM32G471CET6, STM32G471CEU3, STM32G471CEU6, STM32G471MCT6, STM32G471MET3, STM32G471MET6, STM32G471MEY6TR, STM32G471QCT6, STM32G471QET3, STM32G471RCT6, STM32G471RET3, STM32G471RET6, STM32G471VCH6, STM32G471VCI6, STM32G471VCT6, STM32G471VEH3, STM32G471VEH6, STM32G471VEI3, STM32G471VEI6, STM32G471VET3, STM32G471VET6, STM32G474CCT6, STM32H503CBT6, STM32H503CBU6, STM32H503EBY6TR, STM32H503KBU6, STM32H503RBT6, STM32H562AGI6, STM32H562AII6, STM32H562IGK6, STM32H562IGT6, STM32H562IIK6, STM32H562IIT6, STM32H562RGT6, STM32H562RGV6, STM32H562RIT6, STM32H562RIV6, STM32H562VGT6, STM32H562VIT6, STM32H562ZGT6, STM32H562ZIT6, STM32H563AGI6, STM32H563AII3Q, STM32H563AII6, STM32H563IGK6, STM32H563IGT6, STM32H563IIK3Q, STM32H563IIK6, STM32H563IIT3Q, STM32H563IIT6, STM32H563MIY3QTR, STM32H563RGT6, STM32H563RGV6, STM32H563RIT6, STM32H563RIV6, STM32H563VGT6, STM32H563VIT3Q, STM32H563VIT6, STM32H563ZGT6, STM32H563ZIT3Q, STM32H563ZIT6, STM32H573AII3Q, STM32H573AII6, STM32H573I-DK, STM32H573IIK3Q, STM32H573IIK6, STM32H573IIT3Q, STM32H573IIT6, STM32H573MIY3QTR, STM32H573RIT6, STM32H573RIV6, STM32H573VIT3Q, STM32H573VIT6, STM32H573ZIT3Q, STM32H573ZIT6, STM32L4R5QGI6STR, STM32MP131AAE3, STM32MP131AAF3, STM32MP131AAG3, STM32MP131CAE3, STM32MP131CAF3, STM32MP131CAG3, STM32MP131DAE7, STM32MP131DAF7, STM32MP131DAG7, STM32MP131FAE7, STM32MP131FAF7, STM32MP131FAG7, STM32MP133AAE3, STM32MP133AAF3, STM32MP133AAG3, STM32MP133CAE3, STM32MP133CAF3, STM32MP133CAG3, STM32MP133DAE7, STM32MP133DAF7, STM32MP133DAG7, STM32MP133FAE7, STM32MP133FAF7, STM32MP133FAG7, STM32MP135AAE3, STM32MP135AAF3, STM32MP135AAG3, STM32MP135CAE3, STM32MP135CAF3, STM32MP135CAG3, STM32MP135DAE7, STM32MP135DAF7, STM32MP135DAG7, STM32MP135F-DK, STM32MP135FAE7, STM32MP135FAF7, STM32MP135FAF7T, STM32MP135FAF7U, STM32MP135FAG7, STM32U535CBT6, STM32U535CBT6Q, STM32U535CBU6, STM32U535CBU6Q, STM32U535CCT6, STM32U535CCT6Q, STM32U535CCU6, STM32U535CCU6Q, STM32U535CET6, STM32U535CET6Q, STM32U535CEU6, STM32U535CEU6Q, STM32U535JEY6QTR, STM32U535NCY6QTR, STM32U535NEY6QTR, STM32U535RBI6, STM32U535RBI6Q, STM32U535RBT6, STM32U535RBT6Q, STM32U535RCI6, STM32U535RCI6Q, STM32U535RCT6, STM32U535RCT6Q, STM32U535REI6, STM32U535REI6Q, STM32U535RET6, STM32U535RET6Q, STM32U535VCI6, STM32U535VCI6Q, STM32U535VCT6, STM32U535VCT6Q, STM32U535VEI6, STM32U535VEI6Q, STM32U535VET6, STM32U535VET6Q, STM32U545CET6, STM32U545CET6Q, STM32U545CEU6, STM32U545CEU6Q, STM32U545JEY6QTR, STM32U545NEY6QTR, STM32U545REI6, STM32U545REI6Q, STM32U545RET6, STM32U545RET6Q, STM32U545VEI6, STM32U545VEI6Q, STM32U545VET6, STM32U545VET6Q, STM32U595AIH6, STM32U595AIH6Q, STM32U595AJH6, STM32U595AJH6Q, STM32U595QII6, STM32U595QII6Q, STM32U595QJI6, STM32U595QJI6Q, STM32U595RIT6, STM32U595RIT6Q, STM32U595RJT6, STM32U595RJT6Q, STM32U595VIT6, STM32U595VIT6Q, STM32U595VJT6, STM32U595VJT6Q, STM32U595ZIT6, STM32U595ZIT6Q, STM32U595ZIY6QTR, STM32U595ZJT6, STM32U595ZJT6Q, STM32U595ZJY6QTR, STM32U599BJY6QTR, STM32U599NIH6Q, STM32U599NJH6Q, STM32U599VIT6Q, STM32U599VJT6, STM32U599VJT6Q, STM32U599ZIT6Q, STM32U599ZIY6QTR, STM32U599ZJT6Q, STM32U599ZJY6QTR, STM32U5A5AJH6, STM32U5A5AJH6Q, STM32U5A5QJI6, STM32U5A5QJI6Q, STM32U5A5RJT6, STM32U5A5RJT6Q, STM32U5A5VJT6, STM32U5A5VJT6Q, STM32U5A5ZJT6, STM32U5A5ZJT6Q, STM32U5A5ZJY6QTR, STM32U5A9BJY6QTR, STM32U5A9J-DK, STM32U5A9NJH6Q, STM32U5A9VJT6Q, STM32U5A9ZJT6Q, STM32U5A9ZJY6QTR, STM32U5F7VIT6, STM32U5F7VIT6Q, STM32U5F7VJT6, STM32U5F7VJT6Q, STM32U5F9BJY6QTR, STM32U5F9NJH6Q, STM32U5F9VIT6Q, STM32U5F9VJT6Q, STM32U5F9ZIJ6QTR, STM32U5F9ZIT6Q, STM32U5F9ZJJ6QTR, STM32U5F9ZJT6Q, STM32U5G7VJT6, STM32U5G7VJT6Q, STM32U5G9BJY6QTR, STM32U5G9J-DK1, STM32U5G9J-DK2, STM32U5G9NJH6Q, STM32U5G9VJT6Q, STM32U5G9ZJJ6QTR, STM32U5G9ZJT6Q, STM32WB1MMCH6, STM32WBA52CEU6, STM32WBA52CEU6T, STM32WBA52CGU6, STM32WBA52CGU6T, STM32WBA52KEU6, STM32WBA52KEU6T, STM32WBA52KGU6, STM32WBA52KGU6T, STM32WL5MOCH6, STM32WL5MOCH6TR]
2023-09-19 21:32:41,208 [INFO] BoardInfo:880 - No configuration file found for board P-NUCLEO-WB55
2023-09-19 21:32:41,209 [INFO] DbBoards:157 - Kit is not supported: P-NUCLEO-WB55
2023-09-19 21:32:41,213 [INFO] BoardInfo:880 - No configuration file found for board STEVAL-BFA001V1B
2023-09-19 21:32:41,213 [INFO] DbBoards:157 - Kit is not supported: STEVAL-BFA001V1B
2023-09-19 21:32:41,214 [INFO] BoardInfo:880 - No configuration file found for board STEVAL-BFA001V2B
2023-09-19 21:32:41,214 [INFO] DbBoards:157 - Kit is not supported: STEVAL-BFA001V2B
2023-09-19 21:32:41,318 [INFO] DbBoards:161 - Found 190 boards, 187 are supported
2023-09-19 21:32:41,321 [INFO] ApiDb:423 - Load user favorites file C:\Users\e0162112/.stm32cubeide/favorites.boards.txt: 0 item(s)
2023-09-19 21:32:41,321 [INFO] ApiDb:427 - User favorites Boards=[]
2023-09-19 21:32:41,321 [INFO] DbBoards:190 - Set 0 / 0 favorites Boards
2023-09-19 21:32:41,325 [INFO] ApiDb:668 - CubeFinder database Data Model version=2.1
2023-09-19 21:32:41,325 [INFO] ApiDb:669 - CubeFinder database Configuration version=3.0.37
2023-09-19 21:32:41,325 [INFO] ApiDb:670 - CubeFinder database generation date=2023-08-09 (1691586011)
2023-09-19 21:32:41,325 [INFO] ApiDb:671 - CubeFinder database FW Pack versions=[FP-ATR-ASTRA1_V2.0.0, FP-SNS-FLIGHT1_V5.0.1, FP-SNS-FLIGHT1_V5.0.2, FP-SNS-MOTENV1_V4.3.1, FP-SNS-MOTENV1_V4.3.2, STM32Cube_FW_C0_V1.1.0, STM32Cube_FW_F4_V1.27.1, STM32Cube_FW_F7_V1.17.0, STM32Cube_FW_G0_V1.6.1, STM32Cube_FW_G4_V1.5.1, STM32Cube_FW_H5_V0.5.1, STM32Cube_FW_H5_V1.1.0, STM32Cube_FW_H7_V1.11.0, STM32Cube_FW_L0_V1.12.2, STM32Cube_FW_L5_V1.5.0, STM32Cube_FW_U5_V1.3.0, STM32Cube_FW_U5_V1.3.0RC4, STM32Cube_FW_WBA_V1.0.0RC1, STM32Cube_FW_WBA_V1.1.0, STM32Cube_FW_WBA_V1.1.0RC1, STM32Cube_FW_WB_V1.15.0RC1, STM32Cube_FW_WB_V1.16.0, STM32Cube_FW_WB_V1.16.0RC2, STM32Cube_FW_WB_V1.17.0, STM32Cube_FW_WL_V1.3.0, X-CUBE-ALGOBUILD_V1.3.0, X-CUBE-ALS_V1.0.1, X-CUBE-AZRTOS-F4_V1.1.0, X-CUBE-AZRTOS-F7_V1.1.0, X-CUBE-AZRTOS-G0_V1.1.0, X-CUBE-AZRTOS-G4_V2.0.0, X-CUBE-AZRTOS-H7_V3.1.0, X-CUBE-AZRTOS-L4_V1.0.0, X-CUBE-AZRTOS-L4_V2.0.0, X-CUBE-AZRTOS-L5_V1.1.0, X-CUBE-AZRTOS-WB_V1.1.0, X-CUBE-AZRTOS-WL_V2.0.0, X-CUBE-BLE1_V7.0.0, X-CUBE-BLE2_V3.3.0, X-CUBE-BLEMGR_V2.0.0, X-CUBE-EEPRMA1_V4.1.0, X-CUBE-FREERTOS_V1.1.0, X-CUBE-GNSS1_V6.0.0, X-CUBE-MEMS1_V9.1.0, X-CUBE-MEMS1_V9.4.0, X-CUBE-MEMS1_V9.6.0, X-CUBE-NFC4_V3.0.0, X-CUBE-NFC7_V1.0.0, X-CUBE-SFXS2LP1_V4.0.0, X-CUBE-SUBG2_V5.0.0, X-CUBE-TOF1_V3.3.1]
2023-09-19 21:32:41,919 [INFO] DbExamplesSqlite:395 - Ignored 27 examples not supported by CubeIDE
2023-09-19 21:32:41,919 [INFO] DbExamplesSqlite:396 - Found 7231 examples active
2023-09-19 21:32:41,919 [INFO] DbExamplesSqlite:397 - Found 677 examples obsolete
2023-09-19 21:32:41,919 [INFO] DbExamplesSqlite:398 - Found 0 examples under development
2023-09-19 21:32:41,919 [INFO] DbExamplesSqlite:399 - Found 74 examples not building
2023-09-19 21:32:41,921 [INFO] DbExamples:125 - Found 7278 examples
2023-09-19 21:32:41,934 [INFO] DbExamples:222 - Found 92 boards with related examples
2023-09-19 21:32:41,935 [INFO] DbExamples:235 - Found 78 MCUs with related examples
2023-09-19 21:32:41,962 [INFO] ApiDb:423 - Load user favorites file C:\Users\e0162112/.stm32cubeide/favorites.examples.txt: 0 item(s)
2023-09-19 21:32:41,962 [INFO] ApiDb:427 - User favorites Examples=[]
2023-09-19 21:32:41,962 [INFO] DbExamples:250 - Set 0 / 0 favorites Examples
2023-09-19 21:32:42,113 [INFO] McuFinderGlobals:76 - Set McuFinderConnectedMode to true
2023-09-19 21:32:42,124 [INFO] MultiScanPanel:200 - Auto-refresh data requested => check proxy status ongoing
2023-09-19 21:32:42,128 [INFO] FinderPluginLoader:95 - Searching for filters in installed packs
2023-09-19 21:32:43,649 [INFO] LoadUrlFilesThread:185 - End of LoadServerUrlFiles without Thread
2023-09-19 21:32:43,659 [INFO] DetailPanel:341 - Set advertising image to C:/Users/e0162112/STM32Cube/Repository/\en.prom-stm32h5-mcu-finder.jpg
2023-09-19 21:40:16,962 [INFO] MainUpdater:2868 - connection check result : 10
2023-09-19 21:40:16,962 [INFO] MainUpdater:2868 - connection check result : 10
2023-09-19 21:40:17,012 [INFO] MicroXplorer:468 - Change Database Path : 
2023-09-19 21:40:17,012 [INFO] MicroXplorer:498 - Change Database Version : DB.6.0.90
2023-09-19 21:40:17,034 [WARN] ThirdParty:871 - waiting for thirdparty lock release [close project]
2023-09-19 21:40:17,034 [INFO] ThirdParty:873 - entering critical section [close project]
2023-09-19 21:40:17,035 [INFO] ThirdParty:883 - exiting critical section [close project]
2023-09-19 21:40:17,037 [INFO] PinOutPanel:1499 - setPackage(No Configuration,No Configuration)
2023-09-19 21:40:17,040 [INFO] UtilMem:75 - Begin LoadConfig() Used Memory: 705375280 Bytes (1073741824)
2023-09-19 21:40:17,041 [INFO] MicroXplorer:468 - Change Database Path : 
2023-09-19 21:40:17,042 [INFO] MicroXplorer:498 - Change Database Version : DB.6.0.90
2023-09-19 21:40:17,042 [INFO] OpenFileManager:308 - Change cursor
2023-09-19 21:40:17,060 [INFO] RulesReader:64 - Compatibility file has been processed (293 Rules)
2023-09-19 21:40:17,130 [INFO] Mcu:1946 - Initializing MCU STM32F103C8Tx STM32F103C8Tx STM32F103C8T6
2023-09-19 21:40:17,562 [INFO] Context:659 - Trying to add GPIOservice into a context  which must be forbidden
2023-09-19 21:40:17,699 [INFO] ImportTextPane:194 - (OptionalMessage_ERROR) Unable to find key (Mcu.ThirdPartyNb) in loaded IOC file
2023-09-19 21:40:17,699 [INFO] ImportTextPane:194 - (OptionalMessage_ERROR) Unable to find key (Mcu.PinsNb) in loaded IOC file
2023-09-19 21:40:17,699 [INFO] ImportTextPane:194 - (OptionalMessage_ERROR) Unable to find key (Mcu.IPNb) in loaded IOC file
2023-09-19 21:40:17,841 [INFO] RtosManager:555 - Registered RTOS mode: class=CMSIS, group=RTOS, mode=CMSIS_V1, owner=FREERTOS
2023-09-19 21:40:17,842 [INFO] RtosManager:555 - Registered RTOS mode: class=CMSIS, group=RTOS2, mode=CMSIS_V2, owner=FREERTOS
2023-09-19 21:40:17,842 [INFO] RtosManager:555 - Registered RTOS mode: class=RTOS, group=Core, mode=CMSIS_V1, owner=FREERTOS
2023-09-19 21:40:17,842 [INFO] RtosManager:555 - Registered RTOS mode: class=RTOS, group=Core, mode=CMSIS_V2, owner=FREERTOS
2023-09-19 21:40:17,842 [WARN] ModelIntegratedComponent:184 - Missing modes for component STMicroelectronics:FreeRTOS:0.0.1:STMicroelectronics:RTOS:FreeRTOS:Core:::10.2.0:
2023-09-19 21:40:17,854 [WARN] ModelIntegratedComponent:63 - No mode defined for component null
2023-09-19 21:40:17,854 [WARN] ModelIntegratedComponent:63 - No mode defined for component null
2023-09-19 21:40:17,854 [WARN] ModelIntegratedComponent:63 - No mode defined for component null
2023-09-19 21:40:17,854 [WARN] ModelIntegratedComponent:63 - No mode defined for component null
2023-09-19 21:40:17,854 [WARN] ModelIntegratedComponent:63 - No mode defined for component null
2023-09-19 21:40:17,854 [WARN] ModelIntegratedComponent:63 - No mode defined for component null
2023-09-19 21:40:17,854 [WARN] ModelIntegratedComponent:63 - No mode defined for component null
2023-09-19 21:40:17,854 [WARN] ModelIntegratedComponent:63 - No mode defined for component null
2023-09-19 21:40:17,854 [WARN] ModelIntegratedComponent:63 - No mode defined for component null
2023-09-19 21:40:17,854 [WARN] ModelIntegratedComponent:63 - No mode defined for component null
2023-09-19 21:40:17,854 [WARN] ModelIntegratedComponent:63 - No mode defined for component null
2023-09-19 21:40:17,854 [WARN] ModelIntegratedComponent:63 - No mode defined for component null
2023-09-19 21:40:17,854 [WARN] ModelIntegratedComponent:63 - No mode defined for component null
2023-09-19 21:40:17,855 [WARN] ModelIntegratedComponent:63 - No mode defined for component null
2023-09-19 21:40:17,855 [WARN] ModelIntegratedComponent:63 - No mode defined for component null
2023-09-19 21:40:17,855 [WARN] ModelIntegratedComponent:63 - No mode defined for component null
2023-09-19 21:40:17,855 [WARN] ModelIntegratedComponent:63 - No mode defined for component null
2023-09-19 21:40:17,855 [WARN] ModelIntegratedComponent:63 - No mode defined for component null
2023-09-19 21:40:17,855 [WARN] ModelIntegratedComponent:63 - No mode defined for component null
2023-09-19 21:40:17,855 [WARN] ModelIntegratedComponent:63 - No mode defined for component null
2023-09-19 21:40:17,855 [WARN] ModelIntegratedComponent:63 - No mode defined for component null
2023-09-19 21:40:17,855 [WARN] ModelIntegratedComponent:63 - No mode defined for component null
2023-09-19 21:40:17,855 [WARN] ModelIntegratedComponent:63 - No mode defined for component null
2023-09-19 21:40:17,855 [WARN] ModelIntegratedComponent:63 - No mode defined for component null
2023-09-19 21:40:17,855 [WARN] ModelIntegratedComponent:63 - No mode defined for component null
2023-09-19 21:40:17,855 [WARN] ModelIntegratedComponent:63 - No mode defined for component null
2023-09-19 21:40:17,855 [WARN] ModelIntegratedComponent:63 - No mode defined for component null
2023-09-19 21:40:17,855 [WARN] ModelIntegratedComponent:63 - No mode defined for component null
2023-09-19 21:40:17,855 [WARN] ModelIntegratedComponent:63 - No mode defined for component null
2023-09-19 21:40:17,855 [WARN] ModelIntegratedComponent:63 - No mode defined for component null
2023-09-19 21:40:17,855 [WARN] ModelIntegratedComponent:63 - No mode defined for component null
2023-09-19 21:40:17,855 [WARN] ModelIntegratedComponent:63 - No mode defined for component null
2023-09-19 21:40:17,855 [WARN] ModelIntegratedComponent:63 - No mode defined for component null
2023-09-19 21:40:17,864 [INFO] ThirdPartyModel:298 - Start build external matchings
2023-09-19 21:40:18,202 [INFO] ThirdPartyModel:316 - End build external matchings
2023-09-19 21:40:18,359 [INFO] UtilMem:75 - End LoadConfig() Used Memory: 807038976 Bytes (1073741824)
2023-09-19 21:40:18,387 [WARN] ThirdParty:833 - waiting for thirdparty lock release [change project]
2023-09-19 21:40:18,387 [INFO] ThirdParty:835 - entering critical section [change project]
2023-09-19 21:40:18,387 [INFO] ThirdParty:1030 - CMSIS Pack Vendor :STMicroelectronics X-CUBE-ISPU 1.1.0
2023-09-19 21:40:18,387 [INFO] ThirdParty:1030 - CMSIS Pack Vendor :STMicroelectronics USBPD 4.1
2023-09-19 21:40:18,387 [INFO] ThirdParty:1030 - CMSIS Pack Vendor :STMicroelectronics X-CUBE-GNSS1 6.0.0
2023-09-19 21:40:18,387 [INFO] ThirdParty:1030 - CMSIS Pack Vendor :STMicroelectronics USB_HOST 2.0.0
2023-09-19 21:40:18,387 [INFO] ThirdParty:1030 - CMSIS Pack Vendor :STMicroelectronics X-CUBE-AZRTOS-F4 1.1.0
2023-09-19 21:40:18,387 [INFO] ThirdParty:1030 - CMSIS Pack Vendor :STMicroelectronics LIBJPEG 8.0.0
2023-09-19 21:40:18,387 [INFO] ThirdParty:1030 - CMSIS Pack Vendor :wolfSSL I-CUBE-wolfSSL 5.6.3
2023-09-19 21:40:18,387 [INFO] ThirdParty:1030 - CMSIS Pack Vendor :STMicroelectronics X-CUBE-SMBUS 2.1.0
2023-09-19 21:40:18,387 [INFO] ThirdParty:1030 - CMSIS Pack Vendor :STMicroelectronics USB_DEVICE 3.0.0
2023-09-19 21:40:18,387 [INFO] ThirdParty:1030 - CMSIS Pack Vendor :STMicroelectronics X-CUBE-AZRTOS-WB 2.0.0
2023-09-19 21:40:18,387 [INFO] ThirdParty:1030 - CMSIS Pack Vendor :STMicroelectronics X-CUBE-FREERTOS 1.0.1
2023-09-19 21:40:18,387 [INFO] ThirdParty:1030 - CMSIS Pack Vendor :STMicroelectronics X-CUBE-AZRTOS-F7 1.1.0
2023-09-19 21:40:18,387 [INFO] ThirdParty:1030 - CMSIS Pack Vendor :STMicroelectronics X-CUBE-AZRTOS-L5 2.0.0
2023-09-19 21:40:18,387 [INFO] ThirdParty:1030 - CMSIS Pack Vendor :STMicroelectronics USB_DEVICE 2.0.0
2023-09-19 21:40:18,387 [INFO] ThirdParty:1030 - CMSIS Pack Vendor :STMicroelectronics X-CUBE-MEMS1 9.6.0
2023-09-19 21:40:18,387 [INFO] ThirdParty:1030 - CMSIS Pack Vendor :STMicroelectronics FP-SNS-MOTENV1 4.3.2
2023-09-19 21:40:18,387 [INFO] ThirdParty:1030 - CMSIS Pack Vendor :STMicroelectronics X-CUBE-ALGOBUILD 1.3.0
2023-09-19 21:40:18,387 [INFO] ThirdParty:1030 - CMSIS Pack Vendor :STMicroelectronics X-CUBE-BLE1 6.2.4
2023-09-19 21:40:18,387 [INFO] ThirdParty:1030 - CMSIS Pack Vendor :STMicroelectronics X-CUBE-AZRTOS-L5 1.1.0
2023-09-19 21:40:18,387 [INFO] ThirdParty:1030 - CMSIS Pack Vendor :STMicroelectronics FreeRTOS 0.0.1
2023-09-19 21:40:18,387 [INFO] ThirdParty:1030 - CMSIS Pack Vendor :STMicroelectronics X-CUBE-AZRTOS-G0 1.1.0
2023-09-19 21:40:18,387 [INFO] ThirdParty:1030 - CMSIS Pack Vendor :STMicroelectronics X-CUBE-BLEMGR 2.0.0
2023-09-19 21:40:18,387 [INFO] ThirdParty:1030 - CMSIS Pack Vendor :STMicroelectronics X-CUBE-AI 8.0.1
2023-09-19 21:40:18,387 [INFO] ThirdParty:1030 - CMSIS Pack Vendor :STMicroelectronics X-CUBE-NFC4 3.0.0
2023-09-19 21:40:18,387 [INFO] ThirdParty:1030 - CMSIS Pack Vendor :STMicroelectronics X-CUBE-SUBG2 5.0.0
2023-09-19 21:40:18,387 [INFO] ThirdParty:1030 - CMSIS Pack Vendor :STMicroelectronics STM32_WPAN 1.0.0
2023-09-19 21:40:18,387 [INFO] ThirdParty:1030 - CMSIS Pack Vendor :STMicroelectronics lwIP 2.0.3
2023-09-19 21:40:18,387 [INFO] ThirdParty:1030 - CMSIS Pack Vendor :STMicroelectronics FP-SNS-FLIGHT1 5.0.2
2023-09-19 21:40:18,387 [INFO] ThirdParty:1030 - CMSIS Pack Vendor :STMicroelectronics USB_HOST 1.0.0
2023-09-19 21:40:18,387 [INFO] ThirdParty:1030 - CMSIS Pack Vendor :STMicroelectronics X-CUBE-TOF1 3.3.1
2023-09-19 21:40:18,387 [INFO] ThirdParty:1030 - CMSIS Pack Vendor :STMicroelectronics X-CUBE-AZRTOS-G4 2.0.0
2023-09-19 21:40:18,387 [INFO] ThirdParty:1030 - CMSIS Pack Vendor :STMicroelectronics PDM2PCM 3.1.0
2023-09-19 21:40:18,387 [INFO] ThirdParty:1030 - CMSIS Pack Vendor :STMicroelectronics X-CUBE-AZRTOS-H7 3.1.0
2023-09-19 21:40:18,387 [INFO] ThirdParty:1030 - CMSIS Pack Vendor :STMicroelectronics PDM2PCM 3.3.0
2023-09-19 21:40:18,388 [INFO] ThirdParty:1030 - CMSIS Pack Vendor :STMicroelectronics X-CUBE-DISPLAY 3.0.0
2023-09-19 21:40:18,388 [INFO] ThirdParty:1030 - CMSIS Pack Vendor :STMicroelectronics X-CUBE-BLE1 7.0.0
2023-09-19 21:40:18,388 [INFO] ThirdParty:1030 - CMSIS Pack Vendor :STMicroelectronics FP-ATR-SIGFOX1 3.2.0
2023-09-19 21:40:18,388 [INFO] ThirdParty:1030 - CMSIS Pack Vendor :STMicroelectronics HAL Drivers 0.0.0
2023-09-19 21:40:18,388 [INFO] ThirdParty:1030 - CMSIS Pack Vendor :STMicroelectronics MBEDTLS 2.16.2
2023-09-19 21:40:18,388 [INFO] ThirdParty:1030 - CMSIS Pack Vendor :emotas I-CUBE-CANOPEN 1.3.0
2023-09-19 21:40:18,388 [INFO] ThirdParty:1030 - CMSIS Pack Vendor :STMicroelectronics X-CUBE-FREERTOS 1.1.0
2023-09-19 21:40:18,388 [INFO] ThirdParty:1030 - CMSIS Pack Vendor :STMicroelectronics X-CUBE-TOUCHGFX 4.22.0
2023-09-19 21:40:18,388 [INFO] ThirdParty:1030 - CMSIS Pack Vendor :STMicroelectronics X-CUBE-NFC7 1.0.1
2023-09-19 21:40:18,388 [INFO] ThirdParty:1030 - CMSIS Pack Vendor :STMicroelectronics MBEDTLS 2.14.1
2023-09-19 21:40:18,388 [INFO] ThirdParty:1030 - CMSIS Pack Vendor :STMicroelectronics X-CUBE-NFC6 3.0.0
2023-09-19 21:40:18,388 [INFO] ThirdParty:1030 - CMSIS Pack Vendor :STMicroelectronics X-CUBE-EEPRMA1 4.1.0
2023-09-19 21:40:18,388 [INFO] ThirdParty:1030 - CMSIS Pack Vendor :portGmbH I-Cube-SoM-uGOAL 1.1.0
2023-09-19 21:40:18,388 [INFO] ThirdParty:1030 - CMSIS Pack Vendor :STMicroelectronics X-CUBE-ALS 1.0.1
2023-09-19 21:40:18,388 [INFO] ThirdParty:1030 - CMSIS Pack Vendor :STMicroelectronics ThreadX 1.0.0
2023-09-19 21:40:18,388 [INFO] ThirdParty:1030 - CMSIS Pack Vendor :STMicroelectronics FP-SNS-SMARTAG2 1.2.0
2023-09-19 21:40:18,388 [INFO] ThirdParty:1030 - CMSIS Pack Vendor :STMicroelectronics X-CUBE-AZRTOS-WB 1.1.0
2023-09-19 21:40:18,388 [INFO] ThirdParty:1030 - CMSIS Pack Vendor :STMicroelectronics X-CUBE-AZRTOS-WL 2.0.0
2023-09-19 21:40:18,388 [INFO] ThirdParty:1030 - CMSIS Pack Vendor :SEGGER I-CUBE-embOS 1.3.1
2023-09-19 21:40:18,388 [INFO] ThirdParty:1030 - CMSIS Pack Vendor :STMicroelectronics USB_DEVICE 1.0.0
2023-09-19 21:40:18,388 [INFO] ThirdParty:1030 - CMSIS Pack Vendor :STMicroelectronics X-CUBE-AI 8.1.0
2023-09-19 21:40:18,388 [INFO] ThirdParty:1030 - CMSIS Pack Vendor :STMicroelectronics X-CUBE-AZRTOS-L4 2.0.0
2023-09-19 21:40:18,388 [INFO] ThirdParty:1030 - CMSIS Pack Vendor :STMicroelectronics ThreadX 0.0.2
2023-09-19 21:40:18,388 [INFO] ThirdParty:1030 - CMSIS Pack Vendor :WES I-CUBE-Cesium 1.3.0
2023-09-19 21:40:18,388 [INFO] ThirdParty:1030 - CMSIS Pack Vendor :STMicroelectronics FP-ATR-ASTRA1 2.0.0
2023-09-19 21:40:18,388 [INFO] ThirdParty:1030 - CMSIS Pack Vendor :STMicroelectronics lwIP 2.1.2
2023-09-19 21:40:18,388 [INFO] ThirdParty:1030 - CMSIS Pack Vendor :STMicroelectronics X-CUBE-SFXS2LP1 4.0.0
2023-09-19 21:40:18,388 [INFO] ThirdParty:1030 - CMSIS Pack Vendor :STMicroelectronics X-CUBE-BLE2 3.3.0
2023-09-19 21:40:18,388 [INFO] ThirdParty:1030 - CMSIS Pack Vendor :STMicroelectronics PDM2PCM 3.2.0
2023-09-19 21:40:18,388 [INFO] ThirdParty:841 - exiting critical section [change project]
2023-09-19 21:40:18,476 [INFO] PinOutPanel:1499 - setPackage(No Configuration,No Configuration)
2023-09-19 21:40:18,478 [INFO] PinOutPanel:1499 - setPackage(STM32F103C8Tx,LQFP48)
2023-09-19 21:40:18,601 [INFO] UtilMem:75 - Before build in PCC Used Memory: 889019576 Bytes (1073741824)
2023-09-19 21:40:18,799 [INFO] UtilMem:75 - After build in PCC Used Memory: 676594064 Bytes (1073741824)
2023-09-19 21:40:18,809 [INFO] IPUIPlugin:80 - create IPUIPlugin
2023-09-19 21:40:18,810 [INFO] IPUIPlugin:80 - create IPUIPlugin
2023-09-19 21:40:18,810 [INFO] IPUIPlugin:80 - create IPUIPlugin
2023-09-19 21:40:18,810 [INFO] IPUIPlugin:80 - create IPUIPlugin
2023-09-19 21:40:18,810 [INFO] IPUIPlugin:80 - create IPUIPlugin
2023-09-19 21:40:18,810 [INFO] IPUIPlugin:80 - create IPUIPlugin
2023-09-19 21:40:18,810 [INFO] IPUIPlugin:80 - create IPUIPlugin
2023-09-19 21:40:18,810 [INFO] IPUIPlugin:80 - create IPUIPlugin
2023-09-19 21:40:18,810 [INFO] IPUIPlugin:80 - create IPUIPlugin
2023-09-19 21:40:18,810 [INFO] IPUIPlugin:80 - create IPUIPlugin
2023-09-19 21:40:18,810 [INFO] IPUIPlugin:80 - create IPUIPlugin
2023-09-19 21:40:18,810 [INFO] IPUIPlugin:80 - create IPUIPlugin
2023-09-19 21:40:18,810 [INFO] IPUIPlugin:80 - create IPUIPlugin
2023-09-19 21:40:18,810 [INFO] IPUIPlugin:80 - create IPUIPlugin
2023-09-19 21:40:18,811 [INFO] IPUIPlugin:80 - create IPUIPlugin
2023-09-19 21:40:18,811 [INFO] IPUIPlugin:80 - create IPUIPlugin
2023-09-19 21:40:18,811 [INFO] IPUIPlugin:80 - create IPUIPlugin
2023-09-19 21:40:18,811 [INFO] IPUIPlugin:80 - create IPUIPlugin
2023-09-19 21:40:18,811 [INFO] IPUIPlugin:80 - create IPUIPlugin
2023-09-19 21:40:18,811 [INFO] IPUIPlugin:80 - create IPUIPlugin
2023-09-19 21:40:18,811 [INFO] IPUIPlugin:80 - create IPUIPlugin
2023-09-19 21:40:18,811 [INFO] IPUIPlugin:80 - create IPUIPlugin
2023-09-19 21:40:18,811 [INFO] IPUIPlugin:80 - create IPUIPlugin
2023-09-19 21:40:18,811 [INFO] IPUIPlugin:80 - create IPUIPlugin
2023-09-19 21:40:18,812 [INFO] IPUIPlugin:80 - create IPUIPlugin
2023-09-19 21:40:18,812 [INFO] IPUIPlugin:80 - create IPUIPlugin
2023-09-19 21:40:18,812 [INFO] IPUIPlugin:80 - create IPUIPlugin
2023-09-19 21:40:18,824 [INFO] CADModel:165 - CPN selected for project levelSTM32F103C8T6
2023-09-19 21:40:18,824 [INFO] CADModel:114 - Register for checkConnection events
2023-09-19 21:40:18,874 [INFO] OpenFileManager:328 - Restore cursor
2023-09-19 21:40:19,153 [INFO] UtilMem:75 - End SaveConfig() Used Memory: 678982872 Bytes (1073741824)
2023-09-19 21:40:19,195 [INFO] UtilMem:75 - End SaveConfig() Used Memory: 690517208 Bytes (1073741824)
2023-09-19 21:40:19,353 [INFO] BlockDiagram:2759 - set Specific Code input for plugin: NVIC
2023-09-19 21:40:19,354 [INFO] BlockDiagram:2759 - set Specific Code input for plugin: RCC
2023-09-19 21:40:19,357 [INFO] CodeGenerator:799 - code generatio: config db path: C:\ST\STM32CubeIDE_1.13.0\STM32CubeIDE\plugins\com.st.stm32cube.common.mx_6.9.0.202307051724\\db\
2023-09-19 21:40:19,471 [INFO] CodeEngine:255 - oldGeneratedFile, C:\Users\e0162112\STM32CubeIDE\workspace_1.13.0\Bootloader\MXTmpFiles\license.tmp_save
2023-09-19 21:40:19,562 [INFO] CodeEngine:279 - Generated code: C:\Users\e0162112\STM32CubeIDE\workspace_1.13.0\Bootloader\MXTmpFiles\license.tmp
2023-09-19 21:40:19,582 [INFO] CodeEngine:255 - oldGeneratedFile, C:\Users\e0162112\STM32CubeIDE\workspace_1.13.0\Bootloader\Core\Src\stm32f1xx_it.c_save
2023-09-19 21:40:19,726 [INFO] CodeEngine:279 - Generated code: C:\Users\e0162112\STM32CubeIDE\workspace_1.13.0\Bootloader\Core\Src\stm32f1xx_it.c
2023-09-19 21:40:19,739 [INFO] CodeEngine:255 - oldGeneratedFile, C:\Users\e0162112\STM32CubeIDE\workspace_1.13.0\Bootloader\Core\Inc\stm32f1xx_it.h_save
2023-09-19 21:40:19,805 [INFO] CodeEngine:279 - Generated code: C:\Users\e0162112\STM32CubeIDE\workspace_1.13.0\Bootloader\Core\Inc\stm32f1xx_it.h
2023-09-19 21:40:19,848 [INFO] CodeEngine:255 - oldGeneratedFile, C:\Users\e0162112\STM32CubeIDE\workspace_1.13.0\Bootloader\Core\Src\stm32f1xx_hal_msp.c_save
2023-09-19 21:40:19,981 [INFO] CodeEngine:279 - Generated code: C:\Users\e0162112\STM32CubeIDE\workspace_1.13.0\Bootloader\Core\Src\stm32f1xx_hal_msp.c
2023-09-19 21:40:19,990 [INFO] CodeEngine:255 - oldGeneratedFile, C:\Users\e0162112\STM32CubeIDE\workspace_1.13.0\Bootloader\MXTmpFiles\system.tmp_save
2023-09-19 21:40:20,046 [INFO] CodeEngine:279 - Generated code: C:\Users\e0162112\STM32CubeIDE\workspace_1.13.0\Bootloader\MXTmpFiles\system.tmp
2023-09-19 21:40:20,063 [INFO] CodeEngine:311 - oldGeneratedFile, C:\Users\e0162112\STM32CubeIDE\workspace_1.13.0\Bootloader\Core\Inc\stm32f1xx_hal_conf.h_save
2023-09-19 21:40:20,143 [INFO] CodeEngine:335 - Generated code: C:\Users\e0162112\STM32CubeIDE\workspace_1.13.0\Bootloader\Core\Inc\stm32f1xx_hal_conf.h
2023-09-19 21:40:20,175 [INFO] CodeEngine:255 - oldGeneratedFile, C:\Users\e0162112\STM32CubeIDE\workspace_1.13.0\Bootloader\Core\Inc\main.h_save
2023-09-19 21:40:20,248 [INFO] CodeEngine:279 - Generated code: C:\Users\e0162112\STM32CubeIDE\workspace_1.13.0\Bootloader\Core\Inc\main.h
2023-09-19 21:40:20,258 [INFO] CodeEngine:255 - oldGeneratedFile, C:\Users\e0162112\STM32CubeIDE\workspace_1.13.0\Bootloader\Core\Src\main.c_save
2023-09-19 21:40:20,338 [INFO] CodeEngine:279 - Generated code: C:\Users\e0162112\STM32CubeIDE\workspace_1.13.0\Bootloader\Core\Src\main.c
2023-09-19 21:40:20,932 [INFO] ProjectBuilder:3064 - Time for Copy HAL[1] : 279mS.
2023-09-19 21:40:20,939 [INFO] ProjectBuilder:4404 - Project Generator version: 4.1.0
2023-09-19 21:40:21,154 [INFO] ConfigFileManager:1457 - The Die is : DIE410
2023-09-19 21:40:21,156 [INFO] ApiDbMcu:507 - Load IP Config File for FATFS
2023-09-19 21:40:21,160 [INFO] ApiDbMcu:507 - Load IP Config File for FREERTOS
2023-09-19 21:40:21,164 [INFO] ApiDbMcu:507 - Load IP Config File for USB_DEVICE
2023-09-19 21:40:25,128 [INFO] ProjectBuilder:4626 - Time for Generating toolchain IDE Files: 4188mS.
2023-09-19 21:40:25,130 [INFO] ProjectBuilder:2935 - Time for Copy CMSIS : 2mS.
2023-09-19 21:40:25,134 [INFO] ProjectBuilder:2935 - Time for Copy CMSIS : 0mS.
2023-09-19 21:40:26,162 [INFO] McuFinderGlobals:76 - Set McuFinderConnectedMode to true
2023-09-19 21:40:26,171 [INFO] ApiDb:448 - Save user favorites file C:\Users\e0162112/.stm32cubeide/favorites.mcus.txt: 0 item(s)
2023-09-19 21:40:26,171 [INFO] ApiDb:452 - User favorites MCUs=[]
2023-09-19 21:40:40,941 [INFO] MainUpdater:2868 - connection check result : 10
2023-09-19 21:40:40,941 [INFO] MainUpdater:2868 - connection check result : 10
2023-09-19 21:40:41,288 [INFO] MicroXplorer:468 - Change Database Path : 
2023-09-19 21:40:41,288 [INFO] MicroXplorer:498 - Change Database Version : DB.6.0.90
2023-09-19 21:40:41,301 [WARN] ThirdParty:871 - waiting for thirdparty lock release [close project]
2023-09-19 21:40:41,301 [INFO] ThirdParty:873 - entering critical section [close project]
2023-09-19 21:40:41,301 [INFO] ThirdParty:883 - exiting critical section [close project]
2023-09-19 21:40:41,302 [INFO] PinOutPanel:1499 - setPackage(No Configuration,No Configuration)
2023-09-19 21:40:41,303 [INFO] UtilMem:75 - Begin LoadConfig() Used Memory: 598016552 Bytes (1073741824)
2023-09-19 21:40:41,304 [INFO] MicroXplorer:468 - Change Database Path : 
2023-09-19 21:40:41,304 [INFO] MicroXplorer:498 - Change Database Version : DB.6.0.90
2023-09-19 21:40:41,304 [INFO] OpenFileManager:308 - Change cursor
2023-09-19 21:40:41,317 [INFO] RulesReader:64 - Compatibility file has been processed (293 Rules)
2023-09-19 21:40:41,320 [INFO] Mcu:1946 - Initializing MCU STM32F103C(8-B)Tx STM32F103C8Tx STM32F103C8T6
2023-09-19 21:40:41,711 [INFO] Context:659 - Trying to add GPIOservice into a context  which must be forbidden
2023-09-19 21:40:41,918 [INFO] RtosManager:555 - Registered RTOS mode: class=CMSIS, group=RTOS, mode=CMSIS_V1, owner=FREERTOS
2023-09-19 21:40:41,918 [INFO] RtosManager:555 - Registered RTOS mode: class=CMSIS, group=RTOS2, mode=CMSIS_V2, owner=FREERTOS
2023-09-19 21:40:41,918 [INFO] RtosManager:555 - Registered RTOS mode: class=RTOS, group=Core, mode=CMSIS_V1, owner=FREERTOS
2023-09-19 21:40:41,918 [INFO] RtosManager:555 - Registered RTOS mode: class=RTOS, group=Core, mode=CMSIS_V2, owner=FREERTOS
2023-09-19 21:40:41,918 [WARN] ModelIntegratedComponent:184 - Missing modes for component STMicroelectronics:FreeRTOS:0.0.1:STMicroelectronics:RTOS:FreeRTOS:Core:::10.2.0:
2023-09-19 21:40:41,929 [WARN] ModelIntegratedComponent:63 - No mode defined for component null
2023-09-19 21:40:41,929 [WARN] ModelIntegratedComponent:63 - No mode defined for component null
2023-09-19 21:40:41,930 [WARN] ModelIntegratedComponent:63 - No mode defined for component null
2023-09-19 21:40:41,930 [WARN] ModelIntegratedComponent:63 - No mode defined for component null
2023-09-19 21:40:41,930 [WARN] ModelIntegratedComponent:63 - No mode defined for component null
2023-09-19 21:40:41,930 [WARN] ModelIntegratedComponent:63 - No mode defined for component null
2023-09-19 21:40:41,930 [WARN] ModelIntegratedComponent:63 - No mode defined for component null
2023-09-19 21:40:41,930 [WARN] ModelIntegratedComponent:63 - No mode defined for component null
2023-09-19 21:40:41,930 [WARN] ModelIntegratedComponent:63 - No mode defined for component null
2023-09-19 21:40:41,930 [WARN] ModelIntegratedComponent:63 - No mode defined for component null
2023-09-19 21:40:41,930 [WARN] ModelIntegratedComponent:63 - No mode defined for component null
2023-09-19 21:40:41,930 [WARN] ModelIntegratedComponent:63 - No mode defined for component null
2023-09-19 21:40:41,930 [WARN] ModelIntegratedComponent:63 - No mode defined for component null
2023-09-19 21:40:41,930 [WARN] ModelIntegratedComponent:63 - No mode defined for component null
2023-09-19 21:40:41,930 [WARN] ModelIntegratedComponent:63 - No mode defined for component null
2023-09-19 21:40:41,930 [WARN] ModelIntegratedComponent:63 - No mode defined for component null
2023-09-19 21:40:41,930 [WARN] ModelIntegratedComponent:63 - No mode defined for component null
2023-09-19 21:40:41,930 [WARN] ModelIntegratedComponent:63 - No mode defined for component null
2023-09-19 21:40:41,930 [WARN] ModelIntegratedComponent:63 - No mode defined for component null
2023-09-19 21:40:41,930 [WARN] ModelIntegratedComponent:63 - No mode defined for component null
2023-09-19 21:40:41,930 [WARN] ModelIntegratedComponent:63 - No mode defined for component null
2023-09-19 21:40:41,930 [WARN] ModelIntegratedComponent:63 - No mode defined for component null
2023-09-19 21:40:41,930 [WARN] ModelIntegratedComponent:63 - No mode defined for component null
2023-09-19 21:40:41,930 [WARN] ModelIntegratedComponent:63 - No mode defined for component null
2023-09-19 21:40:41,930 [WARN] ModelIntegratedComponent:63 - No mode defined for component null
2023-09-19 21:40:41,930 [WARN] ModelIntegratedComponent:63 - No mode defined for component null
2023-09-19 21:40:41,930 [WARN] ModelIntegratedComponent:63 - No mode defined for component null
2023-09-19 21:40:41,930 [WARN] ModelIntegratedComponent:63 - No mode defined for component null
2023-09-19 21:40:41,931 [WARN] ModelIntegratedComponent:63 - No mode defined for component null
2023-09-19 21:40:41,931 [WARN] ModelIntegratedComponent:63 - No mode defined for component null
2023-09-19 21:40:41,931 [WARN] ModelIntegratedComponent:63 - No mode defined for component null
2023-09-19 21:40:41,931 [WARN] ModelIntegratedComponent:63 - No mode defined for component null
2023-09-19 21:40:41,931 [WARN] ModelIntegratedComponent:63 - No mode defined for component null
2023-09-19 21:40:41,940 [INFO] ThirdPartyModel:298 - Start build external matchings
2023-09-19 21:40:42,245 [INFO] ThirdPartyModel:316 - End build external matchings
2023-09-19 21:40:42,250 [INFO] ImportTextPane:194 - (OptionalMessage_ERROR) IP (RCC) : Invalid parameter (FamilyName)
2023-09-19 21:40:42,250 [INFO] ImportTextPane:194 - (OptionalMessage_ERROR) IP (RCC) : Parameter (MCOFreq_Value) has invalid value (72000000)
2023-09-19 21:40:42,250 [INFO] ImportTextPane:194 - (OptionalMessage_ERROR) IP (RCC) : Parameter (USBFreq_Value) has invalid value (72000000)
2023-09-19 21:40:42,399 [INFO] UtilMem:75 - End LoadConfig() Used Memory: 727998104 Bytes (1073741824)
2023-09-19 21:40:42,467 [WARN] ThirdParty:833 - waiting for thirdparty lock release [change project]
2023-09-19 21:40:42,467 [INFO] ThirdParty:835 - entering critical section [change project]
2023-09-19 21:40:42,467 [INFO] ThirdParty:1030 - CMSIS Pack Vendor :STMicroelectronics X-CUBE-ISPU 1.1.0
2023-09-19 21:40:42,467 [INFO] ThirdParty:1030 - CMSIS Pack Vendor :STMicroelectronics USBPD 4.1
2023-09-19 21:40:42,467 [INFO] ThirdParty:1030 - CMSIS Pack Vendor :STMicroelectronics X-CUBE-GNSS1 6.0.0
2023-09-19 21:40:42,467 [INFO] ThirdParty:1030 - CMSIS Pack Vendor :STMicroelectronics USB_HOST 2.0.0
2023-09-19 21:40:42,467 [INFO] ThirdParty:1030 - CMSIS Pack Vendor :STMicroelectronics X-CUBE-AZRTOS-F4 1.1.0
2023-09-19 21:40:42,467 [INFO] ThirdParty:1030 - CMSIS Pack Vendor :STMicroelectronics LIBJPEG 8.0.0
2023-09-19 21:40:42,467 [INFO] ThirdParty:1030 - CMSIS Pack Vendor :wolfSSL I-CUBE-wolfSSL 5.6.3
2023-09-19 21:40:42,467 [INFO] ThirdParty:1030 - CMSIS Pack Vendor :STMicroelectronics X-CUBE-SMBUS 2.1.0
2023-09-19 21:40:42,467 [INFO] ThirdParty:1030 - CMSIS Pack Vendor :STMicroelectronics USB_DEVICE 3.0.0
2023-09-19 21:40:42,467 [INFO] ThirdParty:1030 - CMSIS Pack Vendor :STMicroelectronics X-CUBE-AZRTOS-WB 2.0.0
2023-09-19 21:40:42,467 [INFO] ThirdParty:1030 - CMSIS Pack Vendor :STMicroelectronics X-CUBE-FREERTOS 1.0.1
2023-09-19 21:40:42,467 [INFO] ThirdParty:1030 - CMSIS Pack Vendor :STMicroelectronics X-CUBE-AZRTOS-F7 1.1.0
2023-09-19 21:40:42,467 [INFO] ThirdParty:1030 - CMSIS Pack Vendor :STMicroelectronics X-CUBE-AZRTOS-L5 2.0.0
2023-09-19 21:40:42,467 [INFO] ThirdParty:1030 - CMSIS Pack Vendor :STMicroelectronics USB_DEVICE 2.0.0
2023-09-19 21:40:42,467 [INFO] ThirdParty:1030 - CMSIS Pack Vendor :STMicroelectronics X-CUBE-MEMS1 9.6.0
2023-09-19 21:40:42,467 [INFO] ThirdParty:1030 - CMSIS Pack Vendor :STMicroelectronics FP-SNS-MOTENV1 4.3.2
2023-09-19 21:40:42,467 [INFO] ThirdParty:1030 - CMSIS Pack Vendor :STMicroelectronics X-CUBE-ALGOBUILD 1.3.0
2023-09-19 21:40:42,467 [INFO] ThirdParty:1030 - CMSIS Pack Vendor :STMicroelectronics X-CUBE-BLE1 6.2.4
2023-09-19 21:40:42,467 [INFO] ThirdParty:1030 - CMSIS Pack Vendor :STMicroelectronics X-CUBE-AZRTOS-L5 1.1.0
2023-09-19 21:40:42,467 [INFO] ThirdParty:1030 - CMSIS Pack Vendor :STMicroelectronics FreeRTOS 0.0.1
2023-09-19 21:40:42,467 [INFO] ThirdParty:1030 - CMSIS Pack Vendor :STMicroelectronics X-CUBE-AZRTOS-G0 1.1.0
2023-09-19 21:40:42,467 [INFO] ThirdParty:1030 - CMSIS Pack Vendor :STMicroelectronics X-CUBE-BLEMGR 2.0.0
2023-09-19 21:40:42,467 [INFO] ThirdParty:1030 - CMSIS Pack Vendor :STMicroelectronics X-CUBE-AI 8.0.1
2023-09-19 21:40:42,467 [INFO] ThirdParty:1030 - CMSIS Pack Vendor :STMicroelectronics X-CUBE-NFC4 3.0.0
2023-09-19 21:40:42,467 [INFO] ThirdParty:1030 - CMSIS Pack Vendor :STMicroelectronics X-CUBE-SUBG2 5.0.0
2023-09-19 21:40:42,467 [INFO] ThirdParty:1030 - CMSIS Pack Vendor :STMicroelectronics STM32_WPAN 1.0.0
2023-09-19 21:40:42,467 [INFO] ThirdParty:1030 - CMSIS Pack Vendor :STMicroelectronics lwIP 2.0.3
2023-09-19 21:40:42,467 [INFO] ThirdParty:1030 - CMSIS Pack Vendor :STMicroelectronics FP-SNS-FLIGHT1 5.0.2
2023-09-19 21:40:42,467 [INFO] ThirdParty:1030 - CMSIS Pack Vendor :STMicroelectronics USB_HOST 1.0.0
2023-09-19 21:40:42,467 [INFO] ThirdParty:1030 - CMSIS Pack Vendor :STMicroelectronics X-CUBE-TOF1 3.3.1
2023-09-19 21:40:42,467 [INFO] ThirdParty:1030 - CMSIS Pack Vendor :STMicroelectronics X-CUBE-AZRTOS-G4 2.0.0
2023-09-19 21:40:42,467 [INFO] ThirdParty:1030 - CMSIS Pack Vendor :STMicroelectronics PDM2PCM 3.1.0
2023-09-19 21:40:42,467 [INFO] ThirdParty:1030 - CMSIS Pack Vendor :STMicroelectronics X-CUBE-AZRTOS-H7 3.1.0
2023-09-19 21:40:42,467 [INFO] ThirdParty:1030 - CMSIS Pack Vendor :STMicroelectronics PDM2PCM 3.3.0
2023-09-19 21:40:42,467 [INFO] ThirdParty:1030 - CMSIS Pack Vendor :STMicroelectronics X-CUBE-DISPLAY 3.0.0
2023-09-19 21:40:42,467 [INFO] ThirdParty:1030 - CMSIS Pack Vendor :STMicroelectronics X-CUBE-BLE1 7.0.0
2023-09-19 21:40:42,467 [INFO] ThirdParty:1030 - CMSIS Pack Vendor :STMicroelectronics FP-ATR-SIGFOX1 3.2.0
2023-09-19 21:40:42,467 [INFO] ThirdParty:1030 - CMSIS Pack Vendor :STMicroelectronics HAL Drivers 0.0.0
2023-09-19 21:40:42,468 [INFO] ThirdParty:1030 - CMSIS Pack Vendor :STMicroelectronics MBEDTLS 2.16.2
2023-09-19 21:40:42,468 [INFO] ThirdParty:1030 - CMSIS Pack Vendor :emotas I-CUBE-CANOPEN 1.3.0
2023-09-19 21:40:42,468 [INFO] ThirdParty:1030 - CMSIS Pack Vendor :STMicroelectronics X-CUBE-FREERTOS 1.1.0
2023-09-19 21:40:42,468 [INFO] ThirdParty:1030 - CMSIS Pack Vendor :STMicroelectronics X-CUBE-TOUCHGFX 4.22.0
2023-09-19 21:40:42,468 [INFO] ThirdParty:1030 - CMSIS Pack Vendor :STMicroelectronics X-CUBE-NFC7 1.0.1
2023-09-19 21:40:42,468 [INFO] ThirdParty:1030 - CMSIS Pack Vendor :STMicroelectronics MBEDTLS 2.14.1
2023-09-19 21:40:42,468 [INFO] ThirdParty:1030 - CMSIS Pack Vendor :STMicroelectronics X-CUBE-NFC6 3.0.0
2023-09-19 21:40:42,468 [INFO] ThirdParty:1030 - CMSIS Pack Vendor :STMicroelectronics X-CUBE-EEPRMA1 4.1.0
2023-09-19 21:40:42,468 [INFO] ThirdParty:1030 - CMSIS Pack Vendor :portGmbH I-Cube-SoM-uGOAL 1.1.0
2023-09-19 21:40:42,468 [INFO] ThirdParty:1030 - CMSIS Pack Vendor :STMicroelectronics X-CUBE-ALS 1.0.1
2023-09-19 21:40:42,468 [INFO] ThirdParty:1030 - CMSIS Pack Vendor :STMicroelectronics ThreadX 1.0.0
2023-09-19 21:40:42,468 [INFO] ThirdParty:1030 - CMSIS Pack Vendor :STMicroelectronics FP-SNS-SMARTAG2 1.2.0
2023-09-19 21:40:42,468 [INFO] ThirdParty:1030 - CMSIS Pack Vendor :STMicroelectronics X-CUBE-AZRTOS-WB 1.1.0
2023-09-19 21:40:42,468 [INFO] ThirdParty:1030 - CMSIS Pack Vendor :STMicroelectronics X-CUBE-AZRTOS-WL 2.0.0
2023-09-19 21:40:42,468 [INFO] ThirdParty:1030 - CMSIS Pack Vendor :SEGGER I-CUBE-embOS 1.3.1
2023-09-19 21:40:42,468 [INFO] ThirdParty:1030 - CMSIS Pack Vendor :STMicroelectronics USB_DEVICE 1.0.0
2023-09-19 21:40:42,468 [INFO] ThirdParty:1030 - CMSIS Pack Vendor :STMicroelectronics X-CUBE-AI 8.1.0
2023-09-19 21:40:42,468 [INFO] ThirdParty:1030 - CMSIS Pack Vendor :STMicroelectronics X-CUBE-AZRTOS-L4 2.0.0
2023-09-19 21:40:42,468 [INFO] ThirdParty:1030 - CMSIS Pack Vendor :STMicroelectronics ThreadX 0.0.2
2023-09-19 21:40:42,468 [INFO] ThirdParty:1030 - CMSIS Pack Vendor :WES I-CUBE-Cesium 1.3.0
2023-09-19 21:40:42,468 [INFO] ThirdParty:1030 - CMSIS Pack Vendor :STMicroelectronics FP-ATR-ASTRA1 2.0.0
2023-09-19 21:40:42,468 [INFO] ThirdParty:1030 - CMSIS Pack Vendor :STMicroelectronics lwIP 2.1.2
2023-09-19 21:40:42,468 [INFO] ThirdParty:1030 - CMSIS Pack Vendor :STMicroelectronics X-CUBE-SFXS2LP1 4.0.0
2023-09-19 21:40:42,468 [INFO] ThirdParty:1030 - CMSIS Pack Vendor :STMicroelectronics X-CUBE-BLE2 3.3.0
2023-09-19 21:40:42,468 [INFO] ThirdParty:1030 - CMSIS Pack Vendor :STMicroelectronics PDM2PCM 3.2.0
2023-09-19 21:40:42,468 [INFO] ThirdParty:841 - exiting critical section [change project]
2023-09-19 21:40:42,517 [INFO] PinOutPanel:1499 - setPackage(No Configuration,No Configuration)
2023-09-19 21:40:42,518 [INFO] PinOutPanel:1499 - setPackage(STM32F103C8Tx,LQFP48)
2023-09-19 21:40:42,633 [INFO] UtilMem:75 - Before build in PCC Used Memory: 841808424 Bytes (1073741824)
2023-09-19 21:40:42,834 [INFO] UtilMem:75 - After build in PCC Used Memory: 602410880 Bytes (1073741824)
2023-09-19 21:40:42,845 [INFO] IPUIPlugin:80 - create IPUIPlugin
2023-09-19 21:40:42,845 [INFO] IPUIPlugin:80 - create IPUIPlugin
2023-09-19 21:40:42,845 [INFO] IPUIPlugin:80 - create IPUIPlugin
2023-09-19 21:40:42,846 [INFO] IPUIPlugin:80 - create IPUIPlugin
2023-09-19 21:40:42,846 [INFO] IPUIPlugin:80 - create IPUIPlugin
2023-09-19 21:40:42,846 [INFO] IPUIPlugin:80 - create IPUIPlugin
2023-09-19 21:40:42,846 [INFO] IPUIPlugin:80 - create IPUIPlugin
2023-09-19 21:40:42,846 [INFO] IPUIPlugin:80 - create IPUIPlugin
2023-09-19 21:40:42,846 [INFO] IPUIPlugin:80 - create IPUIPlugin
2023-09-19 21:40:42,846 [INFO] IPUIPlugin:80 - create IPUIPlugin
2023-09-19 21:40:42,846 [INFO] IPUIPlugin:80 - create IPUIPlugin
2023-09-19 21:40:42,846 [INFO] IPUIPlugin:80 - create IPUIPlugin
2023-09-19 21:40:42,846 [INFO] IPUIPlugin:80 - create IPUIPlugin
2023-09-19 21:40:42,846 [INFO] IPUIPlugin:80 - create IPUIPlugin
2023-09-19 21:40:42,846 [INFO] IPUIPlugin:80 - create IPUIPlugin
2023-09-19 21:40:42,846 [INFO] IPUIPlugin:80 - create IPUIPlugin
2023-09-19 21:40:42,846 [INFO] IPUIPlugin:80 - create IPUIPlugin
2023-09-19 21:40:42,847 [INFO] IPUIPlugin:80 - create IPUIPlugin
2023-09-19 21:40:42,847 [INFO] IPUIPlugin:80 - create IPUIPlugin
2023-09-19 21:40:42,847 [INFO] IPUIPlugin:80 - create IPUIPlugin
2023-09-19 21:40:42,847 [INFO] IPUIPlugin:80 - create IPUIPlugin
2023-09-19 21:40:42,847 [INFO] IPUIPlugin:80 - create IPUIPlugin
2023-09-19 21:40:42,848 [INFO] IPUIPlugin:80 - create IPUIPlugin
2023-09-19 21:40:42,848 [INFO] IPUIPlugin:80 - create IPUIPlugin
2023-09-19 21:40:42,848 [INFO] IPUIPlugin:80 - create IPUIPlugin
2023-09-19 21:40:42,848 [INFO] IPUIPlugin:80 - create IPUIPlugin
2023-09-19 21:40:42,849 [INFO] IPUIPlugin:80 - create IPUIPlugin
2023-09-19 21:40:42,889 [INFO] CADModel:165 - CPN selected for project levelSTM32F103C8T6
2023-09-19 21:40:42,889 [INFO] CADModel:114 - Register for checkConnection events
2023-09-19 21:40:42,957 [INFO] OpenFileManager:328 - Restore cursor
2023-09-19 21:40:42,963 [INFO] ApiDb:581 - Connected to CubeFinder SQLite database (C:\Users\e0162112\.stmcufinder\plugins\mcufinder\mcu\cube-finder-db.db)
2023-09-19 21:40:56,092 [INFO] MainUpdater:2868 - connection check result : 10
2023-09-19 21:40:56,092 [INFO] MainUpdater:2868 - connection check result : 10
2023-09-19 21:40:56,133 [INFO] MicroXplorer:468 - Change Database Path : 
2023-09-19 21:40:56,133 [INFO] MicroXplorer:498 - Change Database Version : DB.6.0.90
2023-09-19 21:40:56,148 [WARN] ThirdParty:871 - waiting for thirdparty lock release [close project]
2023-09-19 21:40:56,149 [INFO] ThirdParty:873 - entering critical section [close project]
2023-09-19 21:40:56,149 [INFO] ThirdParty:883 - exiting critical section [close project]
2023-09-19 21:40:56,149 [INFO] PinOutPanel:1499 - setPackage(No Configuration,No Configuration)
2023-09-19 21:40:56,152 [INFO] UtilMem:75 - Begin LoadConfig() Used Memory: 795524472 Bytes (1073741824)
2023-09-19 21:40:56,153 [INFO] MicroXplorer:468 - Change Database Path : 
2023-09-19 21:40:56,153 [INFO] MicroXplorer:498 - Change Database Version : DB.6.0.90
2023-09-19 21:40:56,153 [INFO] OpenFileManager:308 - Change cursor
2023-09-19 21:40:56,163 [INFO] Mcu:1946 - Initializing MCU STM32F103C(8-B)Tx STM32F103C8Tx STM32F103C8T6
2023-09-19 21:40:56,709 [INFO] Context:659 - Trying to add GPIOservice into a context  which must be forbidden
2023-09-19 21:40:56,956 [INFO] RtosManager:555 - Registered RTOS mode: class=CMSIS, group=RTOS, mode=CMSIS_V1, owner=FREERTOS
2023-09-19 21:40:56,956 [INFO] RtosManager:555 - Registered RTOS mode: class=CMSIS, group=RTOS2, mode=CMSIS_V2, owner=FREERTOS
2023-09-19 21:40:56,956 [INFO] RtosManager:555 - Registered RTOS mode: class=RTOS, group=Core, mode=CMSIS_V1, owner=FREERTOS
2023-09-19 21:40:56,956 [INFO] RtosManager:555 - Registered RTOS mode: class=RTOS, group=Core, mode=CMSIS_V2, owner=FREERTOS
2023-09-19 21:40:56,956 [WARN] ModelIntegratedComponent:184 - Missing modes for component STMicroelectronics:FreeRTOS:0.0.1:STMicroelectronics:RTOS:FreeRTOS:Core:::10.2.0:
2023-09-19 21:40:56,961 [WARN] ModelIntegratedComponent:63 - No mode defined for component null
2023-09-19 21:40:56,961 [WARN] ModelIntegratedComponent:63 - No mode defined for component null
2023-09-19 21:40:56,961 [WARN] ModelIntegratedComponent:63 - No mode defined for component null
2023-09-19 21:40:56,961 [WARN] ModelIntegratedComponent:63 - No mode defined for component null
2023-09-19 21:40:56,961 [WARN] ModelIntegratedComponent:63 - No mode defined for component null
2023-09-19 21:40:56,961 [WARN] ModelIntegratedComponent:63 - No mode defined for component null
2023-09-19 21:40:56,961 [WARN] ModelIntegratedComponent:63 - No mode defined for component null
2023-09-19 21:40:56,961 [WARN] ModelIntegratedComponent:63 - No mode defined for component null
2023-09-19 21:40:56,961 [WARN] ModelIntegratedComponent:63 - No mode defined for component null
2023-09-19 21:40:56,961 [WARN] ModelIntegratedComponent:63 - No mode defined for component null
2023-09-19 21:40:56,961 [WARN] ModelIntegratedComponent:63 - No mode defined for component null
2023-09-19 21:40:56,962 [WARN] ModelIntegratedComponent:63 - No mode defined for component null
2023-09-19 21:40:56,962 [WARN] ModelIntegratedComponent:63 - No mode defined for component null
2023-09-19 21:40:56,962 [WARN] ModelIntegratedComponent:63 - No mode defined for component null
2023-09-19 21:40:56,962 [WARN] ModelIntegratedComponent:63 - No mode defined for component null
2023-09-19 21:40:56,962 [WARN] ModelIntegratedComponent:63 - No mode defined for component null
2023-09-19 21:40:56,962 [WARN] ModelIntegratedComponent:63 - No mode defined for component null
2023-09-19 21:40:56,962 [WARN] ModelIntegratedComponent:63 - No mode defined for component null
2023-09-19 21:40:56,962 [WARN] ModelIntegratedComponent:63 - No mode defined for component null
2023-09-19 21:40:56,962 [WARN] ModelIntegratedComponent:63 - No mode defined for component null
2023-09-19 21:40:56,962 [WARN] ModelIntegratedComponent:63 - No mode defined for component null
2023-09-19 21:40:56,962 [WARN] ModelIntegratedComponent:63 - No mode defined for component null
2023-09-19 21:40:56,962 [WARN] ModelIntegratedComponent:63 - No mode defined for component null
2023-09-19 21:40:56,962 [WARN] ModelIntegratedComponent:63 - No mode defined for component null
2023-09-19 21:40:56,962 [WARN] ModelIntegratedComponent:63 - No mode defined for component null
2023-09-19 21:40:56,962 [WARN] ModelIntegratedComponent:63 - No mode defined for component null
2023-09-19 21:40:56,962 [WARN] ModelIntegratedComponent:63 - No mode defined for component null
2023-09-19 21:40:56,962 [WARN] ModelIntegratedComponent:63 - No mode defined for component null
2023-09-19 21:40:56,962 [WARN] ModelIntegratedComponent:63 - No mode defined for component null
2023-09-19 21:40:56,962 [WARN] ModelIntegratedComponent:63 - No mode defined for component null
2023-09-19 21:40:56,962 [WARN] ModelIntegratedComponent:63 - No mode defined for component null
2023-09-19 21:40:56,962 [WARN] ModelIntegratedComponent:63 - No mode defined for component null
2023-09-19 21:40:56,962 [WARN] ModelIntegratedComponent:63 - No mode defined for component null
2023-09-19 21:40:56,968 [INFO] ThirdPartyModel:298 - Start build external matchings
2023-09-19 21:40:57,230 [INFO] ThirdPartyModel:316 - End build external matchings
2023-09-19 21:40:57,367 [INFO] UtilMem:75 - End LoadConfig() Used Memory: 878984336 Bytes (1073741824)
2023-09-19 21:40:57,414 [WARN] ThirdParty:833 - waiting for thirdparty lock release [change project]
2023-09-19 21:40:57,414 [INFO] ThirdParty:835 - entering critical section [change project]
2023-09-19 21:40:57,414 [INFO] ThirdParty:1030 - CMSIS Pack Vendor :STMicroelectronics X-CUBE-ISPU 1.1.0
2023-09-19 21:40:57,414 [INFO] ThirdParty:1030 - CMSIS Pack Vendor :STMicroelectronics USBPD 4.1
2023-09-19 21:40:57,414 [INFO] ThirdParty:1030 - CMSIS Pack Vendor :STMicroelectronics X-CUBE-GNSS1 6.0.0
2023-09-19 21:40:57,414 [INFO] ThirdParty:1030 - CMSIS Pack Vendor :STMicroelectronics USB_HOST 2.0.0
2023-09-19 21:40:57,414 [INFO] ThirdParty:1030 - CMSIS Pack Vendor :STMicroelectronics X-CUBE-AZRTOS-F4 1.1.0
2023-09-19 21:40:57,414 [INFO] ThirdParty:1030 - CMSIS Pack Vendor :STMicroelectronics LIBJPEG 8.0.0
2023-09-19 21:40:57,414 [INFO] ThirdParty:1030 - CMSIS Pack Vendor :wolfSSL I-CUBE-wolfSSL 5.6.3
2023-09-19 21:40:57,414 [INFO] ThirdParty:1030 - CMSIS Pack Vendor :STMicroelectronics X-CUBE-SMBUS 2.1.0
2023-09-19 21:40:57,414 [INFO] ThirdParty:1030 - CMSIS Pack Vendor :STMicroelectronics USB_DEVICE 3.0.0
2023-09-19 21:40:57,414 [INFO] ThirdParty:1030 - CMSIS Pack Vendor :STMicroelectronics X-CUBE-AZRTOS-WB 2.0.0
2023-09-19 21:40:57,414 [INFO] ThirdParty:1030 - CMSIS Pack Vendor :STMicroelectronics X-CUBE-FREERTOS 1.0.1
2023-09-19 21:40:57,414 [INFO] ThirdParty:1030 - CMSIS Pack Vendor :STMicroelectronics X-CUBE-AZRTOS-F7 1.1.0
2023-09-19 21:40:57,414 [INFO] ThirdParty:1030 - CMSIS Pack Vendor :STMicroelectronics X-CUBE-AZRTOS-L5 2.0.0
2023-09-19 21:40:57,414 [INFO] ThirdParty:1030 - CMSIS Pack Vendor :STMicroelectronics USB_DEVICE 2.0.0
2023-09-19 21:40:57,414 [INFO] ThirdParty:1030 - CMSIS Pack Vendor :STMicroelectronics X-CUBE-MEMS1 9.6.0
2023-09-19 21:40:57,414 [INFO] ThirdParty:1030 - CMSIS Pack Vendor :STMicroelectronics FP-SNS-MOTENV1 4.3.2
2023-09-19 21:40:57,414 [INFO] ThirdParty:1030 - CMSIS Pack Vendor :STMicroelectronics X-CUBE-ALGOBUILD 1.3.0
2023-09-19 21:40:57,414 [INFO] ThirdParty:1030 - CMSIS Pack Vendor :STMicroelectronics X-CUBE-BLE1 6.2.4
2023-09-19 21:40:57,414 [INFO] ThirdParty:1030 - CMSIS Pack Vendor :STMicroelectronics X-CUBE-AZRTOS-L5 1.1.0
2023-09-19 21:40:57,414 [INFO] ThirdParty:1030 - CMSIS Pack Vendor :STMicroelectronics FreeRTOS 0.0.1
2023-09-19 21:40:57,414 [INFO] ThirdParty:1030 - CMSIS Pack Vendor :STMicroelectronics X-CUBE-AZRTOS-G0 1.1.0
2023-09-19 21:40:57,414 [INFO] ThirdParty:1030 - CMSIS Pack Vendor :STMicroelectronics X-CUBE-BLEMGR 2.0.0
2023-09-19 21:40:57,414 [INFO] ThirdParty:1030 - CMSIS Pack Vendor :STMicroelectronics X-CUBE-AI 8.0.1
2023-09-19 21:40:57,414 [INFO] ThirdParty:1030 - CMSIS Pack Vendor :STMicroelectronics X-CUBE-NFC4 3.0.0
2023-09-19 21:40:57,414 [INFO] ThirdParty:1030 - CMSIS Pack Vendor :STMicroelectronics X-CUBE-SUBG2 5.0.0
2023-09-19 21:40:57,414 [INFO] ThirdParty:1030 - CMSIS Pack Vendor :STMicroelectronics STM32_WPAN 1.0.0
2023-09-19 21:40:57,414 [INFO] ThirdParty:1030 - CMSIS Pack Vendor :STMicroelectronics lwIP 2.0.3
2023-09-19 21:40:57,414 [INFO] ThirdParty:1030 - CMSIS Pack Vendor :STMicroelectronics FP-SNS-FLIGHT1 5.0.2
2023-09-19 21:40:57,414 [INFO] ThirdParty:1030 - CMSIS Pack Vendor :STMicroelectronics USB_HOST 1.0.0
2023-09-19 21:40:57,414 [INFO] ThirdParty:1030 - CMSIS Pack Vendor :STMicroelectronics X-CUBE-TOF1 3.3.1
2023-09-19 21:40:57,414 [INFO] ThirdParty:1030 - CMSIS Pack Vendor :STMicroelectronics X-CUBE-AZRTOS-G4 2.0.0
2023-09-19 21:40:57,414 [INFO] ThirdParty:1030 - CMSIS Pack Vendor :STMicroelectronics PDM2PCM 3.1.0
2023-09-19 21:40:57,414 [INFO] ThirdParty:1030 - CMSIS Pack Vendor :STMicroelectronics X-CUBE-AZRTOS-H7 3.1.0
2023-09-19 21:40:57,414 [INFO] ThirdParty:1030 - CMSIS Pack Vendor :STMicroelectronics PDM2PCM 3.3.0
2023-09-19 21:40:57,414 [INFO] ThirdParty:1030 - CMSIS Pack Vendor :STMicroelectronics X-CUBE-DISPLAY 3.0.0
2023-09-19 21:40:57,414 [INFO] ThirdParty:1030 - CMSIS Pack Vendor :STMicroelectronics X-CUBE-BLE1 7.0.0
2023-09-19 21:40:57,414 [INFO] ThirdParty:1030 - CMSIS Pack Vendor :STMicroelectronics FP-ATR-SIGFOX1 3.2.0
2023-09-19 21:40:57,415 [INFO] ThirdParty:1030 - CMSIS Pack Vendor :STMicroelectronics HAL Drivers 0.0.0
2023-09-19 21:40:57,415 [INFO] ThirdParty:1030 - CMSIS Pack Vendor :STMicroelectronics MBEDTLS 2.16.2
2023-09-19 21:40:57,415 [INFO] ThirdParty:1030 - CMSIS Pack Vendor :emotas I-CUBE-CANOPEN 1.3.0
2023-09-19 21:40:57,415 [INFO] ThirdParty:1030 - CMSIS Pack Vendor :STMicroelectronics X-CUBE-FREERTOS 1.1.0
2023-09-19 21:40:57,415 [INFO] ThirdParty:1030 - CMSIS Pack Vendor :STMicroelectronics X-CUBE-TOUCHGFX 4.22.0
2023-09-19 21:40:57,415 [INFO] ThirdParty:1030 - CMSIS Pack Vendor :STMicroelectronics X-CUBE-NFC7 1.0.1
2023-09-19 21:40:57,415 [INFO] ThirdParty:1030 - CMSIS Pack Vendor :STMicroelectronics MBEDTLS 2.14.1
2023-09-19 21:40:57,415 [INFO] ThirdParty:1030 - CMSIS Pack Vendor :STMicroelectronics X-CUBE-NFC6 3.0.0
2023-09-19 21:40:57,415 [INFO] ThirdParty:1030 - CMSIS Pack Vendor :STMicroelectronics X-CUBE-EEPRMA1 4.1.0
2023-09-19 21:40:57,415 [INFO] ThirdParty:1030 - CMSIS Pack Vendor :portGmbH I-Cube-SoM-uGOAL 1.1.0
2023-09-19 21:40:57,415 [INFO] ThirdParty:1030 - CMSIS Pack Vendor :STMicroelectronics X-CUBE-ALS 1.0.1
2023-09-19 21:40:57,415 [INFO] ThirdParty:1030 - CMSIS Pack Vendor :STMicroelectronics ThreadX 1.0.0
2023-09-19 21:40:57,415 [INFO] ThirdParty:1030 - CMSIS Pack Vendor :STMicroelectronics FP-SNS-SMARTAG2 1.2.0
2023-09-19 21:40:57,415 [INFO] ThirdParty:1030 - CMSIS Pack Vendor :STMicroelectronics X-CUBE-AZRTOS-WB 1.1.0
2023-09-19 21:40:57,415 [INFO] ThirdParty:1030 - CMSIS Pack Vendor :STMicroelectronics X-CUBE-AZRTOS-WL 2.0.0
2023-09-19 21:40:57,415 [INFO] ThirdParty:1030 - CMSIS Pack Vendor :SEGGER I-CUBE-embOS 1.3.1
2023-09-19 21:40:57,415 [INFO] ThirdParty:1030 - CMSIS Pack Vendor :STMicroelectronics USB_DEVICE 1.0.0
2023-09-19 21:40:57,415 [INFO] ThirdParty:1030 - CMSIS Pack Vendor :STMicroelectronics X-CUBE-AI 8.1.0
2023-09-19 21:40:57,415 [INFO] ThirdParty:1030 - CMSIS Pack Vendor :STMicroelectronics X-CUBE-AZRTOS-L4 2.0.0
2023-09-19 21:40:57,415 [INFO] ThirdParty:1030 - CMSIS Pack Vendor :STMicroelectronics ThreadX 0.0.2
2023-09-19 21:40:57,415 [INFO] ThirdParty:1030 - CMSIS Pack Vendor :WES I-CUBE-Cesium 1.3.0
2023-09-19 21:40:57,415 [INFO] ThirdParty:1030 - CMSIS Pack Vendor :STMicroelectronics FP-ATR-ASTRA1 2.0.0
2023-09-19 21:40:57,415 [INFO] ThirdParty:1030 - CMSIS Pack Vendor :STMicroelectronics lwIP 2.1.2
2023-09-19 21:40:57,416 [INFO] ThirdParty:1030 - CMSIS Pack Vendor :STMicroelectronics X-CUBE-SFXS2LP1 4.0.0
2023-09-19 21:40:57,416 [INFO] ThirdParty:1030 - CMSIS Pack Vendor :STMicroelectronics X-CUBE-BLE2 3.3.0
2023-09-19 21:40:57,416 [INFO] ThirdParty:1030 - CMSIS Pack Vendor :STMicroelectronics PDM2PCM 3.2.0
2023-09-19 21:40:57,416 [INFO] ThirdParty:841 - exiting critical section [change project]
2023-09-19 21:40:57,475 [INFO] PinOutPanel:1499 - setPackage(No Configuration,No Configuration)
2023-09-19 21:40:57,475 [INFO] PinOutPanel:1499 - setPackage(STM32F103C8Tx,LQFP48)
2023-09-19 21:40:57,611 [INFO] UtilMem:75 - Before build in PCC Used Memory: 603170144 Bytes (1073741824)
2023-09-19 21:40:57,809 [INFO] UtilMem:75 - After build in PCC Used Memory: 644590944 Bytes (1073741824)
2023-09-19 21:40:57,825 [INFO] IPUIPlugin:80 - create IPUIPlugin
2023-09-19 21:40:57,825 [INFO] IPUIPlugin:80 - create IPUIPlugin
2023-09-19 21:40:57,825 [INFO] IPUIPlugin:80 - create IPUIPlugin
2023-09-19 21:40:57,826 [INFO] IPUIPlugin:80 - create IPUIPlugin
2023-09-19 21:40:57,826 [INFO] IPUIPlugin:80 - create IPUIPlugin
2023-09-19 21:40:57,826 [INFO] IPUIPlugin:80 - create IPUIPlugin
2023-09-19 21:40:57,826 [INFO] IPUIPlugin:80 - create IPUIPlugin
2023-09-19 21:40:57,826 [INFO] IPUIPlugin:80 - create IPUIPlugin
2023-09-19 21:40:57,826 [INFO] IPUIPlugin:80 - create IPUIPlugin
2023-09-19 21:40:57,826 [INFO] IPUIPlugin:80 - create IPUIPlugin
2023-09-19 21:40:57,826 [INFO] IPUIPlugin:80 - create IPUIPlugin
2023-09-19 21:40:57,826 [INFO] IPUIPlugin:80 - create IPUIPlugin
2023-09-19 21:40:57,827 [INFO] IPUIPlugin:80 - create IPUIPlugin
2023-09-19 21:40:57,827 [INFO] IPUIPlugin:80 - create IPUIPlugin
2023-09-19 21:40:57,827 [INFO] IPUIPlugin:80 - create IPUIPlugin
2023-09-19 21:40:57,827 [INFO] IPUIPlugin:80 - create IPUIPlugin
2023-09-19 21:40:57,828 [INFO] IPUIPlugin:80 - create IPUIPlugin
2023-09-19 21:40:57,828 [INFO] IPUIPlugin:80 - create IPUIPlugin
2023-09-19 21:40:57,828 [INFO] IPUIPlugin:80 - create IPUIPlugin
2023-09-19 21:40:57,828 [INFO] IPUIPlugin:80 - create IPUIPlugin
2023-09-19 21:40:57,829 [INFO] IPUIPlugin:80 - create IPUIPlugin
2023-09-19 21:40:57,829 [INFO] IPUIPlugin:80 - create IPUIPlugin
2023-09-19 21:40:57,829 [INFO] IPUIPlugin:80 - create IPUIPlugin
2023-09-19 21:40:57,829 [INFO] IPUIPlugin:80 - create IPUIPlugin
2023-09-19 21:40:57,830 [INFO] IPUIPlugin:80 - create IPUIPlugin
2023-09-19 21:40:57,830 [INFO] IPUIPlugin:80 - create IPUIPlugin
2023-09-19 21:40:57,830 [INFO] IPUIPlugin:80 - create IPUIPlugin
2023-09-19 21:40:57,847 [INFO] CADModel:165 - CPN selected for project levelSTM32F103C8T6
2023-09-19 21:40:57,847 [INFO] CADModel:114 - Register for checkConnection events
2023-09-19 21:40:57,902 [INFO] OpenFileManager:328 - Restore cursor
2023-09-19 21:41:31,695 [INFO] NvicIntPanel:101 - NVIC parent = com.st.microxplorer.plugins.ip.nvic.MultiNvicIntPanel[,0,0,450x165,layout=javax.swing.BoxLayout,alignmentX=0.0,alignmentY=0.0,border=,flags=9,maximumSize=,minimumSize=,preferredSize=]
2023-09-19 21:43:37,125 [INFO] NvicIntPanel:101 - NVIC parent = com.st.microxplorer.plugins.ip.nvic.MultiNvicIntPanel[,0,0,0x0,invalid,layout=javax.swing.BoxLayout,alignmentX=0.0,alignmentY=0.0,border=,flags=9,maximumSize=,minimumSize=,preferredSize=]
2023-09-19 21:43:47,722 [INFO] NvicIntPanel:101 - NVIC parent = com.st.microxplorer.plugins.ip.nvic.MultiNvicIntPanel[,0,0,0x0,invalid,layout=javax.swing.BoxLayout,alignmentX=0.0,alignmentY=0.0,border=,flags=9,maximumSize=,minimumSize=,preferredSize=]
2023-09-19 21:43:55,741 [INFO] UtilMem:75 - End SaveConfig() Used Memory: 880727288 Bytes (1073741824)
2023-09-19 21:43:56,353 [INFO] UtilMem:75 - End SaveConfig() Used Memory: 918194720 Bytes (1073741824)
2023-09-19 21:43:56,554 [INFO] BlockDiagram:2759 - set Specific Code input for plugin: NVIC
2023-09-19 21:43:56,555 [INFO] BlockDiagram:2759 - set Specific Code input for plugin: USART
2023-09-19 21:43:56,555 [INFO] BlockDiagram:2759 - set Specific Code input for plugin: SYS
2023-09-19 21:43:56,555 [INFO] BlockDiagram:2759 - set Specific Code input for plugin: GPIO
2023-09-19 21:43:56,555 [INFO] BlockDiagram:2759 - set Specific Code input for plugin: RCC
2023-09-19 21:43:56,560 [INFO] CodeGenerator:799 - code generatio: config db path: C:\ST\STM32CubeIDE_1.13.0\STM32CubeIDE\plugins\com.st.stm32cube.common.mx_6.9.0.202307051724\\db\
2023-09-19 21:43:56,688 [INFO] CodeEngine:255 - oldGeneratedFile, C:\Users\e0162112\STM32CubeIDE\workspace_1.13.0\Bootloader\MXTmpFiles\license.tmp_save
2023-09-19 21:43:56,760 [INFO] CodeEngine:279 - Generated code: C:\Users\e0162112\STM32CubeIDE\workspace_1.13.0\Bootloader\MXTmpFiles\license.tmp
2023-09-19 21:43:56,803 [INFO] CodeEngine:255 - oldGeneratedFile, C:\Users\e0162112\STM32CubeIDE\workspace_1.13.0\Bootloader\MXTmpFiles\gpio.tmp_save
2023-09-19 21:43:56,882 [INFO] CodeEngine:279 - Generated code: C:\Users\e0162112\STM32CubeIDE\workspace_1.13.0\Bootloader\MXTmpFiles\gpio.tmp
2023-09-19 21:43:56,931 [INFO] CodeEngine:255 - oldGeneratedFile, C:\Users\e0162112\STM32CubeIDE\workspace_1.13.0\Bootloader\Core\Src\stm32f1xx_it.c_save
2023-09-19 21:43:57,108 [INFO] CodeEngine:279 - Generated code: C:\Users\e0162112\STM32CubeIDE\workspace_1.13.0\Bootloader\Core\Src\stm32f1xx_it.c
2023-09-19 21:43:57,123 [INFO] CodeEngine:255 - oldGeneratedFile, C:\Users\e0162112\STM32CubeIDE\workspace_1.13.0\Bootloader\Core\Inc\stm32f1xx_it.h_save
2023-09-19 21:43:57,185 [INFO] CodeEngine:279 - Generated code: C:\Users\e0162112\STM32CubeIDE\workspace_1.13.0\Bootloader\Core\Inc\stm32f1xx_it.h
2023-09-19 21:43:57,209 [INFO] CodeEngine:255 - oldGeneratedFile, C:\Users\e0162112\STM32CubeIDE\workspace_1.13.0\Bootloader\Core\Src\stm32f1xx_hal_msp.c_save
2023-09-19 21:43:57,306 [INFO] CodeEngine:279 - Generated code: C:\Users\e0162112\STM32CubeIDE\workspace_1.13.0\Bootloader\Core\Src\stm32f1xx_hal_msp.c
2023-09-19 21:43:57,317 [INFO] CodeEngine:255 - oldGeneratedFile, C:\Users\e0162112\STM32CubeIDE\workspace_1.13.0\Bootloader\MXTmpFiles\system.tmp_save
2023-09-19 21:43:57,373 [INFO] CodeEngine:279 - Generated code: C:\Users\e0162112\STM32CubeIDE\workspace_1.13.0\Bootloader\MXTmpFiles\system.tmp
2023-09-19 21:43:57,398 [INFO] CodeEngine:311 - oldGeneratedFile, C:\Users\e0162112\STM32CubeIDE\workspace_1.13.0\Bootloader\Core\Inc\stm32f1xx_hal_conf.h_save
2023-09-19 21:43:57,469 [INFO] CodeEngine:335 - Generated code: C:\Users\e0162112\STM32CubeIDE\workspace_1.13.0\Bootloader\Core\Inc\stm32f1xx_hal_conf.h
2023-09-19 21:43:57,522 [INFO] CodeEngine:255 - oldGeneratedFile, C:\Users\e0162112\STM32CubeIDE\workspace_1.13.0\Bootloader\Core\Inc\main.h_save
2023-09-19 21:43:57,593 [INFO] CodeEngine:279 - Generated code: C:\Users\e0162112\STM32CubeIDE\workspace_1.13.0\Bootloader\Core\Inc\main.h
2023-09-19 21:43:57,611 [INFO] CodeEngine:255 - oldGeneratedFile, C:\Users\e0162112\STM32CubeIDE\workspace_1.13.0\Bootloader\Core\Src\main.c_save
2023-09-19 21:43:57,718 [INFO] CodeEngine:279 - Generated code: C:\Users\e0162112\STM32CubeIDE\workspace_1.13.0\Bootloader\Core\Src\main.c
2023-09-19 21:43:58,411 [INFO] ProjectBuilder:3064 - Time for Copy HAL[1] : 336mS.
2023-09-19 21:43:58,433 [INFO] ProjectBuilder:4404 - Project Generator version: 4.1.0
2023-09-19 21:43:58,650 [INFO] ConfigFileManager:1457 - The Die is : DIE410
2023-09-19 21:43:58,652 [INFO] ApiDbMcu:507 - Load IP Config File for FATFS
2023-09-19 21:43:58,656 [INFO] ApiDbMcu:507 - Load IP Config File for FREERTOS
2023-09-19 21:43:58,660 [INFO] ApiDbMcu:507 - Load IP Config File for USB_DEVICE
2023-09-19 21:44:00,134 [INFO] ProjectBuilder:4626 - Time for Generating toolchain IDE Files: 1701mS.
2023-09-19 21:44:00,137 [INFO] ProjectBuilder:2935 - Time for Copy CMSIS : 2mS.
2023-09-19 21:44:00,146 [INFO] ProjectBuilder:2935 - Time for Copy CMSIS : 0mS.
