2023-08-26 13:17:07,322 [INFO] Activator:176 - 


2023-08-26 13:17:07,329 [INFO] Activator:177 - !SESSION log4j initialized
2023-08-26 13:17:11,178 [INFO] LogOutputStream:77 - [STDOUT_REDIRECT] 
2023-08-26 13:17:11,512 [ERROR] ConfigurationRetriever:142 - IOException on connection: PKIX path building failed: sun.security.provider.certpath.SunCertPathBuilderException: unable to find valid certification path to requested target
2023-08-26 13:17:11,529 [ERROR] ConfigurationRetriever:142 - IOException on connection: PKIX path building failed: sun.security.provider.certpath.SunCertPathBuilderException: unable to find valid certification path to requested target
2023-08-26 13:17:11,545 [ERROR] ConfigurationRetriever:142 - IOException on connection: PKIX path building failed: sun.security.provider.certpath.SunCertPathBuilderException: unable to find valid certification path to requested target
2023-08-26 13:17:12,475 [INFO] ApplicationProperties:184 - Using Application install path: C:\ST\STM32CubeIDE_1.13.0\STM32CubeIDE\plugins\com.st.stm32cube.common.mx_6.9.0.202307051724
2023-08-26 13:17:12,494 [INFO] DbMcusXml:78 - Set database path to: C:\ST\STM32CubeIDE_1.13.0\STM32CubeIDE\plugins\com.st.stm32cube.common.mx_6.9.0.202307051724\\db\/mcu/
2023-08-26 13:17:12,495 [INFO] ApiDb:274 - Set plugin database path to: C:\ST\STM32CubeIDE_1.13.0\STM32CubeIDE\plugins\com.st.stm32cube.common.mx_6.9.0.202307051724\\db\/plugins/boardmanager/
2023-08-26 13:17:12,495 [WARN] ApiDb:259 - Overriding images path with different value:  => C:\ST\STM32CubeIDE_1.13.0\STM32CubeIDE\plugins\com.st.stm32cube.common.mx_6.9.0.202307051724\\db\/plugins/mcufinder/images/
2023-08-26 13:17:12,507 [INFO] ApiDb:250 - Set database path to: C:\Users\e0162112\.stmcufinder\plugins\mcufinder//mcu/
2023-08-26 13:17:12,509 [INFO] DbMcusAds:125 - Set database path to: C:\Users\e0162112\.stmcufinder\plugins\mcufinder//mcu/
2023-08-26 13:17:12,513 [INFO] CrossReferenceDbSqlite:203 - Set database path to: C:\Users\e0162112\.stmcufinder\plugins\mcufinder//mcu/cs/
2023-08-26 13:17:12,597 [INFO] RulesReader:64 - Compatibility file has been processed (293 Rules)
2023-08-26 13:17:12,693 [INFO] DbMcusXml:78 - Set database path to: C:\ST\STM32CubeIDE_1.13.0\STM32CubeIDE\plugins\com.st.stm32cube.common.mx_6.9.0.202307051724\\db\/mcu/
2023-08-26 13:17:12,693 [INFO] ApiDb:274 - Set plugin database path to: C:\ST\STM32CubeIDE_1.13.0\STM32CubeIDE\plugins\com.st.stm32cube.common.mx_6.9.0.202307051724\\db\/plugins/boardmanager/
2023-08-26 13:17:12,693 [INFO] ApiDb:261 - Set plugin images path to: C:\ST\STM32CubeIDE_1.13.0\STM32CubeIDE\plugins\com.st.stm32cube.common.mx_6.9.0.202307051724\\db\/plugins/mcufinder/images/
2023-08-26 13:17:12,694 [WARN] DbFile:41 - Overriding database path with different value: C:\Users\e0162112\.stmcufinder\plugins\mcufinder/ => C:\Users\e0162112\.stmcufinder\plugins\mcufinder
2023-08-26 13:17:12,694 [INFO] ApiDb:250 - Set database path to: C:\Users\e0162112\.stmcufinder\plugins\mcufinder//mcu/
2023-08-26 13:17:12,694 [WARN] DbFile:41 - Overriding database path with different value: C:\Users\e0162112\.stmcufinder\plugins\mcufinder/ => C:\Users\e0162112\.stmcufinder\plugins\mcufinder
2023-08-26 13:17:12,694 [INFO] DbMcusAds:125 - Set database path to: C:\Users\e0162112\.stmcufinder\plugins\mcufinder//mcu/
2023-08-26 13:17:12,694 [WARN] DbFile:41 - Overriding database path with different value: C:\Users\e0162112\.stmcufinder\plugins\mcufinder/ => C:\Users\e0162112\.stmcufinder\plugins\mcufinder
2023-08-26 13:17:12,694 [WARN] DbFile:41 - Overriding database path with different value: C:\Users\e0162112\.stmcufinder\plugins\mcufinder/ => C:\Users\e0162112\.stmcufinder\plugins\mcufinder
2023-08-26 13:17:12,710 [INFO] CrossReferenceDbSqlite:203 - Set database path to: C:\Users\e0162112\.stmcufinder\plugins\mcufinder//mcu/cs/
2023-08-26 13:17:12,793 [INFO] MainPanel:262 - HeapMemory: 268435456
2023-08-26 13:17:12,871 [INFO] DbMcusXml:78 - Set database path to: C:\ST\STM32CubeIDE_1.13.0\STM32CubeIDE\plugins\com.st.stm32cube.common.mx_6.9.0.202307051724\\db\/mcu/
2023-08-26 13:17:12,871 [INFO] ApiDb:274 - Set plugin database path to: C:\ST\STM32CubeIDE_1.13.0\STM32CubeIDE\plugins\com.st.stm32cube.common.mx_6.9.0.202307051724\\db\/plugins/boardmanager/
2023-08-26 13:17:12,871 [INFO] ApiDb:261 - Set plugin images path to: C:\ST\STM32CubeIDE_1.13.0\STM32CubeIDE\plugins\com.st.stm32cube.common.mx_6.9.0.202307051724\\db\/plugins/mcufinder/images/
2023-08-26 13:17:12,872 [WARN] DbFile:41 - Overriding database path with different value: C:\Users\e0162112\.stmcufinder\plugins\mcufinder/ => C:\Users\e0162112\.stmcufinder\plugins\mcufinder
2023-08-26 13:17:12,872 [INFO] ApiDb:250 - Set database path to: C:\Users\e0162112\.stmcufinder\plugins\mcufinder//mcu/
2023-08-26 13:17:12,872 [WARN] DbFile:41 - Overriding database path with different value: C:\Users\e0162112\.stmcufinder\plugins\mcufinder/ => C:\Users\e0162112\.stmcufinder\plugins\mcufinder
2023-08-26 13:17:12,872 [INFO] DbMcusAds:125 - Set database path to: C:\Users\e0162112\.stmcufinder\plugins\mcufinder//mcu/
2023-08-26 13:17:12,872 [WARN] DbFile:41 - Overriding database path with different value: C:\Users\e0162112\.stmcufinder\plugins\mcufinder/ => C:\Users\e0162112\.stmcufinder\plugins\mcufinder
2023-08-26 13:17:12,872 [WARN] DbFile:41 - Overriding database path with different value: C:\Users\e0162112\.stmcufinder\plugins\mcufinder/ => C:\Users\e0162112\.stmcufinder\plugins\mcufinder
2023-08-26 13:17:12,874 [INFO] CrossReferenceDbSqlite:203 - Set database path to: C:\Users\e0162112\.stmcufinder\plugins\mcufinder//mcu/cs/
2023-08-26 13:17:12,896 [INFO] ApplicationProperties:184 - Using Application install path: C:\ST\STM32CubeIDE_1.13.0\STM32CubeIDE\plugins\com.st.stm32cube.common.mx_6.9.0.202307051724
2023-08-26 13:17:12,897 [INFO] PluginManage:196 - Search for loadable plugins [exclusion list=, ]
2023-08-26 13:17:12,899 [INFO] PluginManage:310 - Check plugin analytics
2023-08-26 13:17:13,017 [INFO] AnalyticsPlugin:253 - Accepted Software Licenses: 
2023-08-26 13:17:13,017 [INFO] AnalyticsPlugin:255 - Accepted CMSIS Pack Licenses: 
2023-08-26 13:17:13,017 [INFO] AnalyticsPlugin:257 - Accepted Firmware Licenses: 
2023-08-26 13:17:13,020 [INFO] PluginManage:359 - Loaded plugin analytics (category:tool,tabindex:-1)
2023-08-26 13:17:13,020 [INFO] PluginManage:310 - Check plugin cadmodel
2023-08-26 13:17:13,025 [ERROR] ConfigurationRetriever:142 - IOException on connection: PKIX path building failed: sun.security.provider.certpath.SunCertPathBuilderException: unable to find valid certification path to requested target
2023-08-26 13:17:13,025 [INFO] CADModel:105 - Init CAD model plugin
2023-08-26 13:17:13,026 [INFO] PluginManage:359 - Loaded plugin cadmodel (category:power,tabindex:5)
2023-08-26 13:17:13,026 [INFO] PluginManage:310 - Check plugin clock
2023-08-26 13:17:13,034 [ERROR] ConfigurationRetriever:142 - IOException on connection: PKIX path building failed: sun.security.provider.certpath.SunCertPathBuilderException: unable to find valid certification path to requested target
2023-08-26 13:17:13,035 [INFO] PluginManage:359 - Loaded plugin clock (category:base,tabindex:2)
2023-08-26 13:17:13,036 [INFO] PluginManage:310 - Check plugin ddr
2023-08-26 13:17:13,038 [INFO] PluginManage:359 - Loaded plugin ddr (category:tool,tabindex:6)
2023-08-26 13:17:13,038 [INFO] PluginManage:310 - Check plugin filemanager
2023-08-26 13:17:13,044 [ERROR] ConfigurationRetriever:142 - IOException on connection: PKIX path building failed: sun.security.provider.certpath.SunCertPathBuilderException: unable to find valid certification path to requested target
2023-08-26 13:17:13,145 [INFO] PluginManage:359 - Loaded plugin filemanager (category:base,tabindex:10)
2023-08-26 13:17:13,145 [INFO] PluginManage:310 - Check plugin ipmanager
2023-08-26 13:17:13,156 [INFO] PluginManage:359 - Loaded plugin ipmanager (category:base,tabindex:5)
2023-08-26 13:17:13,156 [INFO] PluginManage:310 - Check plugin lpbam
2023-08-26 13:17:13,165 [INFO] PluginManage:359 - Loaded plugin lpbam (category:base,tabindex:0)
2023-08-26 13:17:13,166 [INFO] PluginManage:310 - Check plugin memorymap
2023-08-26 13:17:13,183 [INFO] PluginManage:359 - Loaded plugin memorymap (category:base,tabindex:4)
2023-08-26 13:17:13,183 [INFO] PluginManage:310 - Check plugin pinoutandconfiguration
2023-08-26 13:17:13,191 [INFO] PluginManage:359 - Loaded plugin pinoutandconfiguration (category:base,tabindex:1)
2023-08-26 13:17:13,191 [INFO] PluginManage:310 - Check plugin pinoutconfig
2023-08-26 13:17:13,279 [WARN] SupportedApi:132 - Cannot load RTOS API schema: s4s-elt-must-match.1: The content of 'definitions' must match (annotation?, (simpleType | complexType)?, (unique | key | keyref)*)). A problem was found starting at: attribute.
2023-08-26 13:17:13,472 [INFO] PluginManage:359 - Loaded plugin pinoutconfig (category:base,tabindex:0)
2023-08-26 13:17:13,472 [INFO] PluginManage:310 - Check plugin power
2023-08-26 13:17:13,483 [INFO] PluginManage:359 - Loaded plugin power (category:power,tabindex:4)
2023-08-26 13:17:13,484 [INFO] PluginManage:310 - Check plugin projectmanager
2023-08-26 13:17:13,499 [INFO] PluginManage:359 - Loaded plugin projectmanager (category:projectmanager,tabindex:3)
2023-08-26 13:17:13,499 [INFO] PluginManage:310 - Check plugin thirdparty
2023-08-26 13:17:13,626 [INFO] PluginManage:359 - Loaded plugin thirdparty (category:base,tabindex:-1)
2023-08-26 13:17:13,626 [WARN] IntegrityCheckThread:84 - waiting for thirdparty lock release [integrity check]
2023-08-26 13:17:13,627 [INFO] PluginManage:310 - Check plugin tools
2023-08-26 13:17:13,627 [INFO] IntegrityCheckThread:86 - entering critical section [integrity check]
2023-08-26 13:17:13,627 [INFO] ThirdPartyUpdaterWithRetryManager:70 - Updater plugin not ready yet. [1/15]
2023-08-26 13:17:13,631 [INFO] PluginManage:359 - Loaded plugin tools (category:base,tabindex:7)
2023-08-26 13:17:13,632 [INFO] PluginManage:310 - Check plugin tutovideos
2023-08-26 13:17:13,806 [INFO] PluginManage:359 - Loaded plugin tutovideos (category:base,tabindex:-1)
2023-08-26 13:17:13,806 [INFO] PluginManage:310 - Check plugin updater
2023-08-26 13:17:13,816 [INFO] PluginManage:359 - Loaded plugin updater (category:base,tabindex:12)
2023-08-26 13:17:13,816 [INFO] PluginManage:310 - Check plugin userauth
2023-08-26 13:17:13,821 [INFO] UserAuth:113 - Init User Auth plugin
2023-08-26 13:17:13,821 [INFO] PluginManage:359 - Loaded plugin userauth (category:base,tabindex:14)
2023-08-26 13:17:13,821 [INFO] PluginManage:283 - PluginManage : Loaded plugins [17]
2023-08-26 13:17:14,093 [INFO] PinOutPanel:1499 - setPackage(No Configuration,No Configuration)
2023-08-26 13:17:14,257 [INFO] CADModel:165 - CPN selected for project level
2023-08-26 13:17:14,257 [INFO] CADModel:114 - Register for checkConnection events
2023-08-26 13:17:14,278 [INFO] IPUIPlugin:80 - create IPUIPlugin
2023-08-26 13:17:14,278 [INFO] PluginManager:220 - loadIPPluginJar : add adc
2023-08-26 13:17:14,281 [INFO] IPUIPlugin:80 - create IPUIPlugin
2023-08-26 13:17:14,281 [INFO] PluginManager:220 - loadIPPluginJar : add aes
2023-08-26 13:17:14,284 [INFO] IPUIPlugin:80 - create IPUIPlugin
2023-08-26 13:17:14,284 [INFO] PluginManager:220 - loadIPPluginJar : add can
2023-08-26 13:17:14,286 [INFO] IPUIPlugin:80 - create IPUIPlugin
2023-08-26 13:17:14,287 [INFO] PluginManager:220 - loadIPPluginJar : add comp
2023-08-26 13:17:14,289 [INFO] IPUIPlugin:80 - create IPUIPlugin
2023-08-26 13:17:14,289 [INFO] PluginManager:220 - loadIPPluginJar : add cryp
2023-08-26 13:17:14,292 [INFO] IPUIPlugin:80 - create IPUIPlugin
2023-08-26 13:17:14,292 [INFO] PluginManager:220 - loadIPPluginJar : add dfsdm
2023-08-26 13:17:14,298 [INFO] IPUIPlugin:80 - create IPUIPlugin
2023-08-26 13:17:14,299 [INFO] PluginManager:220 - loadIPPluginJar : add dma
2023-08-26 13:17:14,301 [INFO] IPUIPlugin:80 - create IPUIPlugin
2023-08-26 13:17:14,302 [INFO] PluginManager:220 - loadIPPluginJar : add dma3
2023-08-26 13:17:14,303 [INFO] IPUIPlugin:80 - create IPUIPlugin
2023-08-26 13:17:14,303 [INFO] PluginManager:220 - loadIPPluginJar : add fatfs
2023-08-26 13:17:14,307 [INFO] IPUIPlugin:80 - create IPUIPlugin
2023-08-26 13:17:14,308 [INFO] PluginManager:220 - loadIPPluginJar : add fmc
2023-08-26 13:17:14,314 [INFO] IPUIPlugin:80 - create IPUIPlugin
2023-08-26 13:17:14,314 [INFO] PluginManager:220 - loadIPPluginJar : add freertos
2023-08-26 13:17:14,316 [INFO] IPUIPlugin:80 - create IPUIPlugin
2023-08-26 13:17:14,317 [INFO] PluginManager:220 - loadIPPluginJar : add genericplugin
2023-08-26 13:17:14,319 [INFO] IPUIPlugin:80 - create IPUIPlugin
2023-08-26 13:17:14,319 [INFO] PluginManager:220 - loadIPPluginJar : add gfxmmu
2023-08-26 13:17:14,323 [INFO] IPUIPlugin:80 - create IPUIPlugin
2023-08-26 13:17:14,323 [INFO] PluginManager:220 - loadIPPluginJar : add gic
2023-08-26 13:17:14,336 [INFO] IPUIPlugin:80 - create IPUIPlugin
2023-08-26 13:17:14,336 [INFO] PluginManager:220 - loadIPPluginJar : add gpio
2023-08-26 13:17:14,340 [INFO] IPUIPlugin:80 - create IPUIPlugin
2023-08-26 13:17:14,340 [INFO] PluginManager:220 - loadIPPluginJar : add gtzc
2023-08-26 13:17:14,342 [INFO] IPUIPlugin:80 - create IPUIPlugin
2023-08-26 13:17:14,342 [INFO] PluginManager:220 - loadIPPluginJar : add hash
2023-08-26 13:17:14,344 [INFO] IPUIPlugin:80 - create IPUIPlugin
2023-08-26 13:17:14,345 [INFO] PluginManager:220 - loadIPPluginJar : add i2c
2023-08-26 13:17:14,348 [INFO] IPUIPlugin:80 - create IPUIPlugin
2023-08-26 13:17:14,348 [INFO] PluginManager:220 - loadIPPluginJar : add i2s
2023-08-26 13:17:14,351 [INFO] IPUIPlugin:80 - create IPUIPlugin
2023-08-26 13:17:14,351 [INFO] PluginManager:220 - loadIPPluginJar : add i3c
2023-08-26 13:17:14,356 [INFO] IPUIPlugin:80 - create IPUIPlugin
2023-08-26 13:17:14,356 [INFO] PluginManager:220 - loadIPPluginJar : add ipddr
2023-08-26 13:17:14,365 [INFO] IPUIPlugin:80 - create IPUIPlugin
2023-08-26 13:17:14,365 [INFO] PluginManager:220 - loadIPPluginJar : add linkedlist
2023-08-26 13:17:14,368 [INFO] IPUIPlugin:80 - create IPUIPlugin
2023-08-26 13:17:14,368 [INFO] PluginManager:220 - loadIPPluginJar : add lorawan
2023-08-26 13:17:14,370 [INFO] IPUIPlugin:80 - create IPUIPlugin
2023-08-26 13:17:14,370 [INFO] PluginManager:220 - loadIPPluginJar : add ltdc
2023-08-26 13:17:14,377 [INFO] IPUIPlugin:80 - create IPUIPlugin
2023-08-26 13:17:14,377 [INFO] PluginManager:220 - loadIPPluginJar : add mdma
2023-08-26 13:17:14,382 [INFO] IPUIPlugin:80 - create IPUIPlugin
2023-08-26 13:17:14,382 [INFO] PluginManager:220 - loadIPPluginJar : add nvic
2023-08-26 13:17:14,386 [INFO] IPUIPlugin:80 - create IPUIPlugin
2023-08-26 13:17:14,386 [INFO] PluginManager:220 - loadIPPluginJar : add opamp
2023-08-26 13:17:14,389 [INFO] IPUIPlugin:80 - create IPUIPlugin
2023-08-26 13:17:14,390 [INFO] PluginManager:220 - loadIPPluginJar : add openamp
2023-08-26 13:17:14,393 [INFO] IPUIPlugin:80 - create IPUIPlugin
2023-08-26 13:17:14,393 [INFO] PluginManager:220 - loadIPPluginJar : add pdm2pcm
2023-08-26 13:17:14,401 [INFO] IPUIPlugin:80 - create IPUIPlugin
2023-08-26 13:17:14,403 [INFO] PluginManager:220 - loadIPPluginJar : add plateformsettings
2023-08-26 13:17:14,405 [INFO] IPUIPlugin:80 - create IPUIPlugin
2023-08-26 13:17:14,405 [INFO] PluginManager:220 - loadIPPluginJar : add quadspi
2023-08-26 13:17:14,409 [INFO] IPUIPlugin:80 - create IPUIPlugin
2023-08-26 13:17:14,409 [INFO] PluginManager:220 - loadIPPluginJar : add resmgrutility
2023-08-26 13:17:14,415 [INFO] IPUIPlugin:80 - create IPUIPlugin
2023-08-26 13:17:14,415 [INFO] PluginManager:220 - loadIPPluginJar : add sai
2023-08-26 13:17:14,422 [INFO] IPUIPlugin:80 - create IPUIPlugin
2023-08-26 13:17:14,423 [INFO] PluginManager:220 - loadIPPluginJar : add spi
2023-08-26 13:17:14,427 [INFO] IPUIPlugin:80 - create IPUIPlugin
2023-08-26 13:17:14,427 [INFO] PluginManager:220 - loadIPPluginJar : add stm32_wpan
2023-08-26 13:17:14,430 [INFO] IPUIPlugin:80 - create IPUIPlugin
2023-08-26 13:17:14,430 [INFO] PluginManager:220 - loadIPPluginJar : add tim
2023-08-26 13:17:14,436 [INFO] IPUIPlugin:80 - create IPUIPlugin
2023-08-26 13:17:14,436 [INFO] PluginManager:220 - loadIPPluginJar : add touchsensing
2023-08-26 13:17:14,438 [INFO] IPUIPlugin:80 - create IPUIPlugin
2023-08-26 13:17:14,438 [INFO] PluginManager:220 - loadIPPluginJar : add tracer_emb
2023-08-26 13:17:14,440 [INFO] IPUIPlugin:80 - create IPUIPlugin
2023-08-26 13:17:14,440 [INFO] PluginManager:220 - loadIPPluginJar : add ts
2023-08-26 13:17:14,442 [INFO] IPUIPlugin:80 - create IPUIPlugin
2023-08-26 13:17:14,442 [INFO] PluginManager:220 - loadIPPluginJar : add tsc
2023-08-26 13:17:14,444 [INFO] IPUIPlugin:80 - create IPUIPlugin
2023-08-26 13:17:14,444 [INFO] PluginManager:220 - loadIPPluginJar : add ucpd
2023-08-26 13:17:14,446 [INFO] IPUIPlugin:80 - create IPUIPlugin
2023-08-26 13:17:14,447 [INFO] PluginManager:220 - loadIPPluginJar : add usart
2023-08-26 13:17:14,452 [INFO] IPUIPlugin:80 - create IPUIPlugin
2023-08-26 13:17:14,452 [INFO] PluginManager:220 - loadIPPluginJar : add usbx
2023-08-26 13:17:14,588 [INFO] CADModel:165 - CPN selected for project level
2023-08-26 13:17:14,589 [INFO] CADModel:114 - Register for checkConnection events
2023-08-26 13:17:14,589 [FATAL] Updater:308 - Updater called before beeing initialized
2023-08-26 13:17:14,589 [ERROR] CADModel:125 - Updater not yet initialized, retry later 
2023-08-26 13:17:14,794 [INFO] CADModel:165 - CPN selected for project level
2023-08-26 13:17:14,794 [INFO] CADModel:114 - Register for checkConnection events
2023-08-26 13:17:14,794 [FATAL] Updater:308 - Updater called before beeing initialized
2023-08-26 13:17:14,794 [ERROR] CADModel:125 - Updater not yet initialized, retry later 
2023-08-26 13:17:14,802 [FATAL] Updater:308 - Updater called before beeing initialized
2023-08-26 13:17:14,918 [FATAL] Updater:308 - Updater called before beeing initialized
2023-08-26 13:17:14,924 [INFO] DbMcusAds:53 - JSON generation date=Tue Mar 07 10:50:55 EET 2023 (1678179055114)
2023-08-26 13:17:14,924 [FATAL] Updater:308 - Updater called before beeing initialized
2023-08-26 13:17:14,958 [WARN] DetailPanel:346 - Failed to get advertising image, set to default
2023-08-26 13:17:15,058 [FATAL] Updater:308 - Updater called before beeing initialized
2023-08-26 13:17:15,060 [FATAL] Updater:308 - Updater called before beeing initialized
2023-08-26 13:17:15,060 [FATAL] Updater:308 - Updater called before beeing initialized
2023-08-26 13:17:15,060 [WARN] DetailPanel:346 - Failed to get advertising image, set to default
2023-08-26 13:17:15,061 [FATAL] Updater:308 - Updater called before beeing initialized
2023-08-26 13:17:15,121 [ERROR] Updater:1120 - MainUpdater not yet initialized. External WinMGr cannot be set.
2023-08-26 13:17:15,123 [INFO] Updater:1056 - Updater Version found : 6.9.0
2023-08-26 13:17:15,153 [INFO] ApplicationProperties:184 - Using Application install path: C:\ST\STM32CubeIDE_1.13.0\STM32CubeIDE\plugins\com.st.stm32cube.common.mx_6.9.0.202307051724
2023-08-26 13:17:15,272 [ERROR] ServerAccessManage:1172 - Problem during Server Connection :  IO error PKIX path building failed: sun.security.provider.certpath.SunCertPathBuilderException: unable to find valid certification path to requested target
2023-08-26 13:17:15,279 [INFO] MainUpdater:2868 - connection check result : 22
2023-08-26 13:17:15,280 [INFO] MainUpdater:285 - Updater Check For Update Now.
2023-08-26 13:17:15,281 [INFO] MicroXplorer:498 - Change Database Version : DB.6.0.90
2023-08-26 13:17:15,289 [INFO] McuFinderGlobals:63 - Set McuFinder mode to 2 (CubeIDE integrated)
2023-08-26 13:17:15,289 [INFO] UserAuth:179 - activating auth plugin
2023-08-26 13:17:15,292 [INFO] UserAuth:393 - Internet connection configuration mode: 2
2023-08-26 13:17:15,530 [INFO] CheckServerUpdateThread:120 - End of CheckServer Thread
2023-08-26 13:17:16,828 [WARN] PackLoader:240 - Cannot read IP mode file for STMicroelectronics.X-CUBE-SMBUS.2.1.0
2023-08-26 13:17:16,861 [WARN] PackLoader:240 - Cannot read IP mode file for STMicroelectronics.X-CUBE-AZRTOS-F7.1.1.0
2023-08-26 13:17:16,877 [WARN] PackLoader:240 - Cannot read IP mode file for STMicroelectronics.FP-SNS-MOTENV1.4.3.2
2023-08-26 13:17:16,890 [WARN] PackLoader:240 - Cannot read IP mode file for STMicroelectronics.X-CUBE-BLE1.6.2.4
2023-08-26 13:17:16,898 [WARN] PackLoader:240 - Cannot read IP mode file for STMicroelectronics.FP-SNS-FLIGHT1.5.0.2
2023-08-26 13:17:16,911 [WARN] PackLoader:240 - Cannot read IP mode file for STMicroelectronics.X-CUBE-DISPLAY.3.0.0
2023-08-26 13:17:16,926 [WARN] PackLoader:240 - Cannot read IP mode file for STMicroelectronics.X-CUBE-BLE1.7.0.0
2023-08-26 13:17:16,939 [WARN] PackLoader:240 - Cannot read IP mode file for emotas.I-CUBE-CANOPEN.1.3.0
2023-08-26 13:17:16,946 [WARN] PackLoader:240 - Cannot read IP mode file for STMicroelectronics.X-CUBE-TOUCHGFX.4.22.0
2023-08-26 13:17:16,956 [INFO] LogOutputStream:77 - [STDOUT_REDIRECT] 1 : Invalid condition id : UX_CORESTACK_Condition cause : null
2023-08-26 13:17:16,957 [INFO] LogOutputStream:77 - [STDOUT_REDIRECT] 1 : Invalid condition id : UX_CORESTACK_Condition cause : null
2023-08-26 13:17:16,957 [INFO] LogOutputStream:77 - [STDOUT_REDIRECT] 1 : Invalid condition id : UX_CORESTACK_Condition cause : null
2023-08-26 13:17:16,958 [INFO] LogOutputStream:77 - [STDOUT_REDIRECT] 1 : Invalid condition id : UX_CORESTACK_Condition cause : null
2023-08-26 13:17:16,959 [INFO] LogOutputStream:77 - [STDOUT_REDIRECT] 1 : Invalid condition id : UX_CORESTACK_Condition cause : null
2023-08-26 13:17:16,963 [WARN] PackLoader:240 - Cannot read IP mode file for STMicroelectronics.X-CUBE-AZRTOS-WL.2.0.0
2023-08-26 13:17:16,976 [WARN] PackLoader:240 - Cannot read IP mode file for WES.I-CUBE-Cesium.1.3.0
2023-08-26 13:17:16,985 [WARN] PackLoader:240 - Cannot read IP mode file for STMicroelectronics.X-CUBE-BLE2.3.3.0
2023-08-26 13:17:16,996 [WARN] PackLoader:240 - Cannot read IP mode file for STMicroelectronics.X-CUBE-ALGOBUILD.1.3.0
2023-08-26 13:17:17,018 [WARN] PackLoader:240 - Cannot read IP mode file for STMicroelectronics.X-CUBE-AZRTOS-G0.1.1.0
2023-08-26 13:17:17,032 [WARN] PackLoader:240 - Cannot read IP mode file for STMicroelectronics.X-CUBE-NFC4.3.0.0
2023-08-26 13:17:17,045 [WARN] PackLoader:240 - Cannot read IP mode file for STMicroelectronics.FP-ATR-SIGFOX1.3.2.0
2023-08-26 13:17:17,087 [WARN] PackLoader:240 - Cannot read IP mode file for SEGGER.I-CUBE-embOS.1.3.1
2023-08-26 13:17:17,137 [WARN] PackLoader:240 - Cannot read IP mode file for STMicroelectronics.X-CUBE-GNSS1.6.0.0
2023-08-26 13:17:17,158 [WARN] PackLoader:240 - Cannot read IP mode file for STMicroelectronics.X-CUBE-AZRTOS-F4.1.1.0
2023-08-26 13:17:17,171 [WARN] PackLoader:240 - Cannot read IP mode file for wolfSSL.I-CUBE-wolfSSL.5.6.3
2023-08-26 13:17:17,204 [WARN] PackLoader:240 - Cannot read IP mode file for STMicroelectronics.X-CUBE-AZRTOS-L5.2.0.0
2023-08-26 13:17:17,246 [WARN] PackLoader:240 - Cannot read IP mode file for STMicroelectronics.X-CUBE-MEMS1.9.6.0
2023-08-26 13:17:17,461 [WARN] PackLoader:240 - Cannot read IP mode file for STMicroelectronics.X-CUBE-BLEMGR.2.0.0
2023-08-26 13:17:17,490 [WARN] ConditionMgr:438 - getConditionDescription Invalid condition id : UX DEVICE CLASS RTOS Condition cause : null
2023-08-26 13:17:17,491 [WARN] ConditionMgr:438 - getConditionDescription Invalid condition id : UX DEVICE CLASS RTOS Condition cause : null
2023-08-26 13:17:17,494 [WARN] PackLoader:240 - Cannot read IP mode file for STMicroelectronics.X-CUBE-AZRTOS-H7.3.1.0
2023-08-26 13:17:17,495 [WARN] ConditionMgr:1039 - genDependencies : Invalid condition id : UX DEVICE CLASS RTOS Condition cause : null
2023-08-26 13:17:17,496 [WARN] ConditionMgr:1039 - genDependencies : Invalid condition id : UX DEVICE CLASS RTOS Condition cause : null
2023-08-26 13:17:17,496 [WARN] ConditionMgr:1039 - genDependencies : Invalid condition id : UX DEVICE CLASS RTOS Condition cause : null
2023-08-26 13:17:17,497 [WARN] ConditionMgr:1039 - genDependencies : Invalid condition id : UX DEVICE CLASS RTOS Condition cause : null
2023-08-26 13:17:17,497 [WARN] ConditionMgr:1039 - genDependencies : Invalid condition id : UX DEVICE CLASS RTOS Condition cause : null
2023-08-26 13:17:17,513 [WARN] PackLoader:240 - Cannot read IP mode file for STMicroelectronics.X-CUBE-NFC7.1.0.1
2023-08-26 13:17:17,525 [WARN] PackLoader:240 - Cannot read IP mode file for STMicroelectronics.X-CUBE-EEPRMA1.4.1.0
2023-08-26 13:17:17,545 [WARN] PackLoader:240 - Cannot read IP mode file for STMicroelectronics.X-CUBE-AI.8.1.0
2023-08-26 13:17:17,568 [WARN] ConditionMgr:438 - getConditionDescription Invalid condition id : LAN8742 Phy interface Condition cause : null
2023-08-26 13:17:17,569 [WARN] PackLoader:240 - Cannot read IP mode file for STMicroelectronics.X-CUBE-AZRTOS-L4.2.0.0
2023-08-26 13:17:17,570 [WARN] ConditionMgr:1039 - genDependencies : Invalid condition id : LAN8742 Phy interface Condition cause : null
2023-08-26 13:17:17,571 [WARN] ConditionMgr:1039 - genDependencies : Invalid condition id : LAN8742 Phy interface Condition cause : null
2023-08-26 13:17:17,571 [WARN] ConditionMgr:1039 - genDependencies : Invalid condition id : LAN8742 Phy interface Condition cause : null
2023-08-26 13:17:17,588 [WARN] PackLoader:240 - Cannot read IP mode file for STMicroelectronics.X-CUBE-SFXS2LP1.4.0.0
2023-08-26 13:17:17,599 [WARN] PackLoader:240 - Cannot read IP mode file for STMicroelectronics.X-CUBE-ISPU.1.1.0
2023-08-26 13:17:17,613 [WARN] ConditionMgr:438 - getConditionDescription Invalid condition id : UX DEVICE CLASS RTOS Condition cause : null
2023-08-26 13:17:17,614 [WARN] ConditionMgr:438 - getConditionDescription Invalid condition id : UX DEVICE CLASS RTOS Condition cause : null
2023-08-26 13:17:17,616 [WARN] PackLoader:240 - Cannot read IP mode file for STMicroelectronics.X-CUBE-AZRTOS-WB.2.0.0
2023-08-26 13:17:17,616 [WARN] ConditionMgr:1039 - genDependencies : Invalid condition id : UX DEVICE CLASS RTOS Condition cause : null
2023-08-26 13:17:17,617 [WARN] ConditionMgr:1039 - genDependencies : Invalid condition id : UX DEVICE CLASS RTOS Condition cause : null
2023-08-26 13:17:17,617 [WARN] ConditionMgr:1039 - genDependencies : Invalid condition id : UX DEVICE CLASS RTOS Condition cause : null
2023-08-26 13:17:17,617 [WARN] ConditionMgr:1039 - genDependencies : Invalid condition id : UX DEVICE CLASS RTOS Condition cause : null
2023-08-26 13:17:17,618 [WARN] ConditionMgr:1039 - genDependencies : Invalid condition id : UX DEVICE CLASS RTOS Condition cause : null
2023-08-26 13:17:17,628 [WARN] PackLoader:240 - Cannot read IP mode file for STMicroelectronics.X-CUBE-FREERTOS.1.0.1
2023-08-26 13:17:17,644 [WARN] PackLoader:240 - Cannot read IP mode file for STMicroelectronics.X-CUBE-AZRTOS-L5.1.1.0
2023-08-26 13:17:17,651 [WARN] PackLoader:240 - Cannot read IP mode file for STMicroelectronics.X-CUBE-AI.8.0.1
2023-08-26 13:17:17,664 [WARN] PackLoader:240 - Cannot read IP mode file for STMicroelectronics.X-CUBE-SUBG2.5.0.0
2023-08-26 13:17:17,679 [WARN] PackLoader:240 - Cannot read IP mode file for STMicroelectronics.X-CUBE-TOF1.3.3.1
2023-08-26 13:17:17,699 [WARN] PackLoader:240 - Cannot read IP mode file for STMicroelectronics.X-CUBE-AZRTOS-G4.2.0.0
2023-08-26 13:17:17,714 [WARN] PackLoader:240 - Cannot read IP mode file for portGmbH.I-Cube-SoM-uGOAL.1.1.0
2023-08-26 13:17:17,723 [WARN] PackLoader:240 - Cannot read IP mode file for STMicroelectronics.X-CUBE-ALS.1.0.1
2023-08-26 13:17:17,737 [WARN] PackLoader:240 - Cannot read IP mode file for STMicroelectronics.X-CUBE-AZRTOS-WB.1.1.0
2023-08-26 13:17:17,749 [WARN] PackLoader:240 - Cannot read IP mode file for STMicroelectronics.FP-ATR-ASTRA1.2.0.0
2023-08-26 13:17:17,751 [INFO] ThirdParty:978 - Integrity check success = true
2023-08-26 13:17:17,751 [INFO] IntegrityCheckThread:100 - exiting critical section [integrity check]
2023-08-26 13:17:17,751 [INFO] IntegrityCheckThread:103 - End integrity checks thread
2023-08-26 13:17:35,897 [ERROR] LogOutputStream:75 - [STDERR_REDIRECT] SLF4J: Failed to load class "org.slf4j.impl.StaticLoggerBinder".
2023-08-26 13:17:35,897 [ERROR] LogOutputStream:75 - [STDERR_REDIRECT] SLF4J: Defaulting to no-operation (NOP) logger implementation
2023-08-26 13:17:35,898 [ERROR] LogOutputStream:75 - [STDERR_REDIRECT] SLF4J: See http://www.slf4j.org/codes.html#StaticLoggerBinder for further details.
2023-08-26 13:21:57,826 [INFO] McuFinderGlobals:63 - Set McuFinder mode to 2 (CubeIDE integrated)
2023-08-26 13:21:57,852 [ERROR] ServerAccessManage:1172 - Problem during Server Connection :  IO error PKIX path building failed: sun.security.provider.certpath.SunCertPathBuilderException: unable to find valid certification path to requested target
2023-08-26 13:21:57,856 [INFO] MainUpdater:2868 - connection check result : 22
2023-08-26 13:21:57,873 [ERROR] ServerAccessManage:1172 - Problem during Server Connection :  IO error PKIX path building failed: sun.security.provider.certpath.SunCertPathBuilderException: unable to find valid certification path to requested target
2023-08-26 13:21:57,875 [INFO] MainUpdater:2868 - connection check result : 22
2023-08-26 13:22:03,859 [INFO] MicroXplorer:468 - Change Database Path : 
2023-08-26 13:22:03,859 [INFO] MicroXplorer:498 - Change Database Version : DB.6.0.90
2023-08-26 13:22:03,863 [WARN] ThirdParty:871 - waiting for thirdparty lock release [close project]
2023-08-26 13:22:03,863 [INFO] ThirdParty:873 - entering critical section [close project]
2023-08-26 13:22:03,863 [INFO] ThirdParty:883 - exiting critical section [close project]
2023-08-26 13:22:03,865 [INFO] PinOutPanel:1499 - setPackage(No Configuration,No Configuration)
2023-08-26 13:22:03,874 [INFO] UtilMem:75 - Begin LoadConfig() Used Memory: 143423512 Bytes (268435456)
2023-08-26 13:22:03,876 [INFO] MicroXplorer:468 - Change Database Path : 
2023-08-26 13:22:03,876 [INFO] MicroXplorer:498 - Change Database Version : DB.6.0.90
2023-08-26 13:22:03,876 [INFO] OpenFileManager:308 - Change cursor
2023-08-26 13:22:03,904 [INFO] Mcu:1946 - Initializing MCU STM32F103C(8-B)Tx STM32F103C8Tx STM32F103C8T6
2023-08-26 13:22:04,633 [INFO] Context:659 - Trying to add GPIOservice into a context  which must be forbidden
2023-08-26 13:22:04,988 [INFO] RtosManager:555 - Registered RTOS mode: class=CMSIS, group=RTOS, mode=CMSIS_V1, owner=FREERTOS
2023-08-26 13:22:04,988 [INFO] RtosManager:555 - Registered RTOS mode: class=CMSIS, group=RTOS2, mode=CMSIS_V2, owner=FREERTOS
2023-08-26 13:22:04,988 [INFO] RtosManager:555 - Registered RTOS mode: class=RTOS, group=Core, mode=CMSIS_V1, owner=FREERTOS
2023-08-26 13:22:04,988 [INFO] RtosManager:555 - Registered RTOS mode: class=RTOS, group=Core, mode=CMSIS_V2, owner=FREERTOS
2023-08-26 13:22:04,989 [WARN] ModelIntegratedComponent:184 - Missing modes for component STMicroelectronics:FreeRTOS:0.0.1:STMicroelectronics:RTOS:FreeRTOS:Core:::10.2.0:
2023-08-26 13:22:04,998 [WARN] ModelIntegratedComponent:63 - No mode defined for component null
2023-08-26 13:22:04,998 [WARN] ModelIntegratedComponent:63 - No mode defined for component null
2023-08-26 13:22:04,998 [WARN] ModelIntegratedComponent:63 - No mode defined for component null
2023-08-26 13:22:04,998 [WARN] ModelIntegratedComponent:63 - No mode defined for component null
2023-08-26 13:22:04,998 [WARN] ModelIntegratedComponent:63 - No mode defined for component null
2023-08-26 13:22:04,998 [WARN] ModelIntegratedComponent:63 - No mode defined for component null
2023-08-26 13:22:04,998 [WARN] ModelIntegratedComponent:63 - No mode defined for component null
2023-08-26 13:22:04,999 [WARN] ModelIntegratedComponent:63 - No mode defined for component null
2023-08-26 13:22:04,999 [WARN] ModelIntegratedComponent:63 - No mode defined for component null
2023-08-26 13:22:04,999 [WARN] ModelIntegratedComponent:63 - No mode defined for component null
2023-08-26 13:22:04,999 [WARN] ModelIntegratedComponent:63 - No mode defined for component null
2023-08-26 13:22:04,999 [WARN] ModelIntegratedComponent:63 - No mode defined for component null
2023-08-26 13:22:04,999 [WARN] ModelIntegratedComponent:63 - No mode defined for component null
2023-08-26 13:22:04,999 [WARN] ModelIntegratedComponent:63 - No mode defined for component null
2023-08-26 13:22:04,999 [WARN] ModelIntegratedComponent:63 - No mode defined for component null
2023-08-26 13:22:04,999 [WARN] ModelIntegratedComponent:63 - No mode defined for component null
2023-08-26 13:22:04,999 [WARN] ModelIntegratedComponent:63 - No mode defined for component null
2023-08-26 13:22:04,999 [WARN] ModelIntegratedComponent:63 - No mode defined for component null
2023-08-26 13:22:04,999 [WARN] ModelIntegratedComponent:63 - No mode defined for component null
2023-08-26 13:22:04,999 [WARN] ModelIntegratedComponent:63 - No mode defined for component null
2023-08-26 13:22:04,999 [WARN] ModelIntegratedComponent:63 - No mode defined for component null
2023-08-26 13:22:04,999 [WARN] ModelIntegratedComponent:63 - No mode defined for component null
2023-08-26 13:22:04,999 [WARN] ModelIntegratedComponent:63 - No mode defined for component null
2023-08-26 13:22:04,999 [WARN] ModelIntegratedComponent:63 - No mode defined for component null
2023-08-26 13:22:04,999 [WARN] ModelIntegratedComponent:63 - No mode defined for component null
2023-08-26 13:22:04,999 [WARN] ModelIntegratedComponent:63 - No mode defined for component null
2023-08-26 13:22:04,999 [WARN] ModelIntegratedComponent:63 - No mode defined for component null
2023-08-26 13:22:04,999 [WARN] ModelIntegratedComponent:63 - No mode defined for component null
2023-08-26 13:22:04,999 [WARN] ModelIntegratedComponent:63 - No mode defined for component null
2023-08-26 13:22:04,999 [WARN] ModelIntegratedComponent:63 - No mode defined for component null
2023-08-26 13:22:04,999 [WARN] ModelIntegratedComponent:63 - No mode defined for component null
2023-08-26 13:22:04,999 [WARN] ModelIntegratedComponent:63 - No mode defined for component null
2023-08-26 13:22:05,000 [WARN] ModelIntegratedComponent:63 - No mode defined for component null
2023-08-26 13:22:05,015 [INFO] ThirdPartyModel:298 - Start build external matchings
2023-08-26 13:22:05,261 [INFO] ThirdPartyModel:316 - End build external matchings
2023-08-26 13:22:05,272 [INFO] ImportTextPane:194 - (OptionalMessage_ERROR) IP (RCC) : Parameter (ADCFreqValue) has invalid value (36000000)
2023-08-26 13:22:05,272 [INFO] ImportTextPane:194 - (OptionalMessage_ERROR) IP (RCC) : Invalid parameter (FamilyName)
2023-08-26 13:22:05,273 [INFO] ImportTextPane:194 - (OptionalMessage_ERROR) IP (RCC) : Parameter (MCOFreq_Value) has invalid value (72000000)
2023-08-26 13:22:05,273 [INFO] ImportTextPane:194 - (OptionalMessage_ERROR) IP (RCC) : Parameter (USBFreq_Value) has invalid value (72000000)
2023-08-26 13:22:05,441 [INFO] UtilMem:75 - End LoadConfig() Used Memory: 148028456 Bytes (403701760)
2023-08-26 13:22:05,561 [INFO] ApiDb:581 - Connected to CubeFinder SQLite database (C:\Users\e0162112\.stmcufinder\plugins\mcufinder\mcu\cube-finder-db.db)
2023-08-26 13:22:05,634 [INFO] ApiDb:668 - CubeFinder database Data Model version=2.1
2023-08-26 13:22:05,634 [INFO] ApiDb:669 - CubeFinder database Configuration version=3.0.37
2023-08-26 13:22:05,635 [INFO] ApiDb:670 - CubeFinder database generation date=2023-08-09 (1691586011)
2023-08-26 13:22:05,635 [INFO] ApiDb:671 - CubeFinder database FW Pack versions=[FP-ATR-ASTRA1_V2.0.0, FP-SNS-FLIGHT1_V5.0.1, FP-SNS-FLIGHT1_V5.0.2, FP-SNS-MOTENV1_V4.3.1, FP-SNS-MOTENV1_V4.3.2, STM32Cube_FW_C0_V1.1.0, STM32Cube_FW_F4_V1.27.1, STM32Cube_FW_F7_V1.17.0, STM32Cube_FW_G0_V1.6.1, STM32Cube_FW_G4_V1.5.1, STM32Cube_FW_H5_V0.5.1, STM32Cube_FW_H5_V1.1.0, STM32Cube_FW_H7_V1.11.0, STM32Cube_FW_L0_V1.12.2, STM32Cube_FW_L5_V1.5.0, STM32Cube_FW_U5_V1.3.0, STM32Cube_FW_U5_V1.3.0RC4, STM32Cube_FW_WBA_V1.0.0RC1, STM32Cube_FW_WBA_V1.1.0, STM32Cube_FW_WBA_V1.1.0RC1, STM32Cube_FW_WB_V1.15.0RC1, STM32Cube_FW_WB_V1.16.0, STM32Cube_FW_WB_V1.16.0RC2, STM32Cube_FW_WB_V1.17.0, STM32Cube_FW_WL_V1.3.0, X-CUBE-ALGOBUILD_V1.3.0, X-CUBE-ALS_V1.0.1, X-CUBE-AZRTOS-F4_V1.1.0, X-CUBE-AZRTOS-F7_V1.1.0, X-CUBE-AZRTOS-G0_V1.1.0, X-CUBE-AZRTOS-G4_V2.0.0, X-CUBE-AZRTOS-H7_V3.1.0, X-CUBE-AZRTOS-L4_V1.0.0, X-CUBE-AZRTOS-L4_V2.0.0, X-CUBE-AZRTOS-L5_V1.1.0, X-CUBE-AZRTOS-WB_V1.1.0, X-CUBE-AZRTOS-WL_V2.0.0, X-CUBE-BLE1_V7.0.0, X-CUBE-BLE2_V3.3.0, X-CUBE-BLEMGR_V2.0.0, X-CUBE-EEPRMA1_V4.1.0, X-CUBE-FREERTOS_V1.1.0, X-CUBE-GNSS1_V6.0.0, X-CUBE-MEMS1_V9.1.0, X-CUBE-MEMS1_V9.4.0, X-CUBE-MEMS1_V9.6.0, X-CUBE-NFC4_V3.0.0, X-CUBE-NFC7_V1.0.0, X-CUBE-SFXS2LP1_V4.0.0, X-CUBE-SUBG2_V5.0.0, X-CUBE-TOF1_V3.3.1]
2023-08-26 13:22:07,465 [INFO] ApiDb:240 - Found 323 in-development CPN: [B-G473E-ZEST1S, B-WB1M-WPAN1, B-WL5M-SUBG1, NUCLEO-C031C6, NUCLEO-H503RB, NUCLEO-H563ZI, NUCLEO-U545RE-Q, NUCLEO-U5A5ZJ-Q, NUCLEO-WBA52CG, STEVAL-PROTEUS1, STEVAL-SMARTAG2, STEVAL-STWINBX1, STM320518-EVAL, STM32C0116-DK, STM32C011D6Y3TR, STM32C011D6Y6TR, STM32C011F4P3, STM32C011F4P6, STM32C011F4U3, STM32C011F4U6TR, STM32C011F6P3, STM32C011F6P6, STM32C011F6U3, STM32C011F6U6TR, STM32C011J4M3, STM32C011J4M6, STM32C011J6M3, STM32C011J6M6, STM32C0316-DK, STM32C031C4T3, STM32C031C4T6, STM32C031C4U3, STM32C031C4U6, STM32C031C6T3, STM32C031C6T6, STM32C031C6U3, STM32C031C6U6, STM32C031F4P3, STM32C031F4P6, STM32C031F6P3, STM32C031F6P6, STM32C031G4U3, STM32C031G4U6, STM32C031G6U3, STM32C031G6U6, STM32C031K4T3, STM32C031K4T6, STM32C031K4U3, STM32C031K4U6, STM32C031K6T3, STM32C031K6T6, STM32C031K6U3, STM32C031K6U6, STM32G071K8TXN, STM32G071K8UXN, STM32G081GBU6N, STM32G081KBT6N, STM32G081KBUXN, STM32G0B1CCT6N, STM32G0B1KCT6, STM32G0B1NEY6TR, STM32G0B1RCT6N, STM32G0C1CCT6, STM32G0C1CCT6N, STM32G0C1CCU6N, STM32G0C1CET6N, STM32G0C1CEU6N, STM32G0C1KCT6, STM32G0C1NEY6TR, STM32G0C1RCI6N, STM32G0C1RCT6N, STM32G0C1REI6N, STM32G0C1RET6N, STM32G0C1VCI6, STM32G0C1VEI6, STM32G471CCT6, STM32G471CCU6, STM32G471CET3, STM32G471CET6, STM32G471CEU3, STM32G471CEU6, STM32G471MCT6, STM32G471MET3, STM32G471MET6, STM32G471MEY6TR, STM32G471QCT6, STM32G471QET3, STM32G471RCT6, STM32G471RET3, STM32G471RET6, STM32G471VCH6, STM32G471VCI6, STM32G471VCT6, STM32G471VEH3, STM32G471VEH6, STM32G471VEI3, STM32G471VEI6, STM32G471VET3, STM32G471VET6, STM32G474CCT6, STM32H503CBT6, STM32H503CBU6, STM32H503EBY6TR, STM32H503KBU6, STM32H503RBT6, STM32H562AGI6, STM32H562AII6, STM32H562IGK6, STM32H562IGT6, STM32H562IIK6, STM32H562IIT6, STM32H562RGT6, STM32H562RGV6, STM32H562RIT6, STM32H562RIV6, STM32H562VGT6, STM32H562VIT6, STM32H562ZGT6, STM32H562ZIT6, STM32H563AGI6, STM32H563AII3Q, STM32H563AII6, STM32H563IGK6, STM32H563IGT6, STM32H563IIK3Q, STM32H563IIK6, STM32H563IIT3Q, STM32H563IIT6, STM32H563MIY3QTR, STM32H563RGT6, STM32H563RGV6, STM32H563RIT6, STM32H563RIV6, STM32H563VGT6, STM32H563VIT3Q, STM32H563VIT6, STM32H563ZGT6, STM32H563ZIT3Q, STM32H563ZIT6, STM32H573AII3Q, STM32H573AII6, STM32H573I-DK, STM32H573IIK3Q, STM32H573IIK6, STM32H573IIT3Q, STM32H573IIT6, STM32H573MIY3QTR, STM32H573RIT6, STM32H573RIV6, STM32H573VIT3Q, STM32H573VIT6, STM32H573ZIT3Q, STM32H573ZIT6, STM32L4R5QGI6STR, STM32MP131AAE3, STM32MP131AAF3, STM32MP131AAG3, STM32MP131CAE3, STM32MP131CAF3, STM32MP131CAG3, STM32MP131DAE7, STM32MP131DAF7, STM32MP131DAG7, STM32MP131FAE7, STM32MP131FAF7, STM32MP131FAG7, STM32MP133AAE3, STM32MP133AAF3, STM32MP133AAG3, STM32MP133CAE3, STM32MP133CAF3, STM32MP133CAG3, STM32MP133DAE7, STM32MP133DAF7, STM32MP133DAG7, STM32MP133FAE7, STM32MP133FAF7, STM32MP133FAG7, STM32MP135AAE3, STM32MP135AAF3, STM32MP135AAG3, STM32MP135CAE3, STM32MP135CAF3, STM32MP135CAG3, STM32MP135DAE7, STM32MP135DAF7, STM32MP135DAG7, STM32MP135F-DK, STM32MP135FAE7, STM32MP135FAF7, STM32MP135FAF7T, STM32MP135FAF7U, STM32MP135FAG7, STM32U535CBT6, STM32U535CBT6Q, STM32U535CBU6, STM32U535CBU6Q, STM32U535CCT6, STM32U535CCT6Q, STM32U535CCU6, STM32U535CCU6Q, STM32U535CET6, STM32U535CET6Q, STM32U535CEU6, STM32U535CEU6Q, STM32U535JEY6QTR, STM32U535NCY6QTR, STM32U535NEY6QTR, STM32U535RBI6, STM32U535RBI6Q, STM32U535RBT6, STM32U535RBT6Q, STM32U535RCI6, STM32U535RCI6Q, STM32U535RCT6, STM32U535RCT6Q, STM32U535REI6, STM32U535REI6Q, STM32U535RET6, STM32U535RET6Q, STM32U535VCI6, STM32U535VCI6Q, STM32U535VCT6, STM32U535VCT6Q, STM32U535VEI6, STM32U535VEI6Q, STM32U535VET6, STM32U535VET6Q, STM32U545CET6, STM32U545CET6Q, STM32U545CEU6, STM32U545CEU6Q, STM32U545JEY6QTR, STM32U545NEY6QTR, STM32U545REI6, STM32U545REI6Q, STM32U545RET6, STM32U545RET6Q, STM32U545VEI6, STM32U545VEI6Q, STM32U545VET6, STM32U545VET6Q, STM32U595AIH6, STM32U595AIH6Q, STM32U595AJH6, STM32U595AJH6Q, STM32U595QII6, STM32U595QII6Q, STM32U595QJI6, STM32U595QJI6Q, STM32U595RIT6, STM32U595RIT6Q, STM32U595RJT6, STM32U595RJT6Q, STM32U595VIT6, STM32U595VIT6Q, STM32U595VJT6, STM32U595VJT6Q, STM32U595ZIT6, STM32U595ZIT6Q, STM32U595ZIY6QTR, STM32U595ZJT6, STM32U595ZJT6Q, STM32U595ZJY6QTR, STM32U599BJY6QTR, STM32U599NIH6Q, STM32U599NJH6Q, STM32U599VIT6Q, STM32U599VJT6, STM32U599VJT6Q, STM32U599ZIT6Q, STM32U599ZIY6QTR, STM32U599ZJT6Q, STM32U599ZJY6QTR, STM32U5A5AJH6, STM32U5A5AJH6Q, STM32U5A5QJI6, STM32U5A5QJI6Q, STM32U5A5RJT6, STM32U5A5RJT6Q, STM32U5A5VJT6, STM32U5A5VJT6Q, STM32U5A5ZJT6, STM32U5A5ZJT6Q, STM32U5A5ZJY6QTR, STM32U5A9BJY6QTR, STM32U5A9J-DK, STM32U5A9NJH6Q, STM32U5A9VJT6Q, STM32U5A9ZJT6Q, STM32U5A9ZJY6QTR, STM32U5F7VIT6, STM32U5F7VIT6Q, STM32U5F7VJT6, STM32U5F7VJT6Q, STM32U5F9BJY6QTR, STM32U5F9NJH6Q, STM32U5F9VIT6Q, STM32U5F9VJT6Q, STM32U5F9ZIJ6QTR, STM32U5F9ZIT6Q, STM32U5F9ZJJ6QTR, STM32U5F9ZJT6Q, STM32U5G7VJT6, STM32U5G7VJT6Q, STM32U5G9BJY6QTR, STM32U5G9J-DK1, STM32U5G9J-DK2, STM32U5G9NJH6Q, STM32U5G9VJT6Q, STM32U5G9ZJJ6QTR, STM32U5G9ZJT6Q, STM32WB1MMCH6, STM32WBA52CEU6, STM32WBA52CEU6T, STM32WBA52CGU6, STM32WBA52CGU6T, STM32WBA52KEU6, STM32WBA52KEU6T, STM32WBA52KGU6, STM32WBA52KGU6T, STM32WL5MOCH6, STM32WL5MOCH6TR]
2023-08-26 13:22:07,470 [INFO] DbMcus:217 - Found 3848 MCUs, 3848 are supported
2023-08-26 13:22:07,471 [INFO] ApiDb:423 - Load user favorites file C:\Users\e0162112/.stm32cubeide/favorites.mcus.txt: 0 item(s)
2023-08-26 13:22:07,471 [INFO] ApiDb:427 - User favorites MCUs=[]
2023-08-26 13:22:07,471 [INFO] DbMcus:223 - Set 0 / 0 favorites MCUs
2023-08-26 13:22:07,753 [WARN] ThirdParty:833 - waiting for thirdparty lock release [change project]
2023-08-26 13:22:07,753 [INFO] ThirdParty:835 - entering critical section [change project]
2023-08-26 13:22:07,753 [INFO] ThirdParty:1030 - CMSIS Pack Vendor :STMicroelectronics X-CUBE-ISPU 1.1.0
2023-08-26 13:22:07,753 [INFO] ThirdParty:1030 - CMSIS Pack Vendor :STMicroelectronics USBPD 4.1
2023-08-26 13:22:07,753 [INFO] ThirdParty:1030 - CMSIS Pack Vendor :STMicroelectronics X-CUBE-GNSS1 6.0.0
2023-08-26 13:22:07,753 [INFO] ThirdParty:1030 - CMSIS Pack Vendor :STMicroelectronics USB_HOST 2.0.0
2023-08-26 13:22:07,753 [INFO] ThirdParty:1030 - CMSIS Pack Vendor :STMicroelectronics X-CUBE-AZRTOS-F4 1.1.0
2023-08-26 13:22:07,753 [INFO] ThirdParty:1030 - CMSIS Pack Vendor :STMicroelectronics LIBJPEG 8.0.0
2023-08-26 13:22:07,753 [INFO] ThirdParty:1030 - CMSIS Pack Vendor :wolfSSL I-CUBE-wolfSSL 5.6.3
2023-08-26 13:22:07,753 [INFO] ThirdParty:1030 - CMSIS Pack Vendor :STMicroelectronics X-CUBE-SMBUS 2.1.0
2023-08-26 13:22:07,753 [INFO] ThirdParty:1030 - CMSIS Pack Vendor :STMicroelectronics USB_DEVICE 3.0.0
2023-08-26 13:22:07,753 [INFO] ThirdParty:1030 - CMSIS Pack Vendor :STMicroelectronics X-CUBE-AZRTOS-WB 2.0.0
2023-08-26 13:22:07,753 [INFO] ThirdParty:1030 - CMSIS Pack Vendor :STMicroelectronics X-CUBE-FREERTOS 1.0.1
2023-08-26 13:22:07,753 [INFO] ThirdParty:1030 - CMSIS Pack Vendor :STMicroelectronics X-CUBE-AZRTOS-F7 1.1.0
2023-08-26 13:22:07,753 [INFO] ThirdParty:1030 - CMSIS Pack Vendor :STMicroelectronics X-CUBE-AZRTOS-L5 2.0.0
2023-08-26 13:22:07,753 [INFO] ThirdParty:1030 - CMSIS Pack Vendor :STMicroelectronics USB_DEVICE 2.0.0
2023-08-26 13:22:07,753 [INFO] ThirdParty:1030 - CMSIS Pack Vendor :STMicroelectronics X-CUBE-MEMS1 9.6.0
2023-08-26 13:22:07,753 [INFO] ThirdParty:1030 - CMSIS Pack Vendor :STMicroelectronics FP-SNS-MOTENV1 4.3.2
2023-08-26 13:22:07,754 [INFO] ThirdParty:1030 - CMSIS Pack Vendor :STMicroelectronics X-CUBE-ALGOBUILD 1.3.0
2023-08-26 13:22:07,754 [INFO] ThirdParty:1030 - CMSIS Pack Vendor :STMicroelectronics X-CUBE-BLE1 6.2.4
2023-08-26 13:22:07,754 [INFO] ThirdParty:1030 - CMSIS Pack Vendor :STMicroelectronics X-CUBE-AZRTOS-L5 1.1.0
2023-08-26 13:22:07,754 [INFO] ThirdParty:1030 - CMSIS Pack Vendor :STMicroelectronics FreeRTOS 0.0.1
2023-08-26 13:22:07,754 [INFO] ThirdParty:1030 - CMSIS Pack Vendor :STMicroelectronics X-CUBE-AZRTOS-G0 1.1.0
2023-08-26 13:22:07,754 [INFO] ThirdParty:1030 - CMSIS Pack Vendor :STMicroelectronics X-CUBE-BLEMGR 2.0.0
2023-08-26 13:22:07,754 [INFO] ThirdParty:1030 - CMSIS Pack Vendor :STMicroelectronics X-CUBE-AI 8.0.1
2023-08-26 13:22:07,754 [INFO] ThirdParty:1030 - CMSIS Pack Vendor :STMicroelectronics X-CUBE-NFC4 3.0.0
2023-08-26 13:22:07,754 [INFO] ThirdParty:1030 - CMSIS Pack Vendor :STMicroelectronics X-CUBE-SUBG2 5.0.0
2023-08-26 13:22:07,754 [INFO] ThirdParty:1030 - CMSIS Pack Vendor :STMicroelectronics STM32_WPAN 1.0.0
2023-08-26 13:22:07,754 [INFO] ThirdParty:1030 - CMSIS Pack Vendor :STMicroelectronics lwIP 2.0.3
2023-08-26 13:22:07,754 [INFO] ThirdParty:1030 - CMSIS Pack Vendor :STMicroelectronics FP-SNS-FLIGHT1 5.0.2
2023-08-26 13:22:07,754 [INFO] ThirdParty:1030 - CMSIS Pack Vendor :STMicroelectronics USB_HOST 1.0.0
2023-08-26 13:22:07,754 [INFO] ThirdParty:1030 - CMSIS Pack Vendor :STMicroelectronics X-CUBE-TOF1 3.3.1
2023-08-26 13:22:07,754 [INFO] ThirdParty:1030 - CMSIS Pack Vendor :STMicroelectronics X-CUBE-AZRTOS-G4 2.0.0
2023-08-26 13:22:07,754 [INFO] ThirdParty:1030 - CMSIS Pack Vendor :STMicroelectronics PDM2PCM 3.1.0
2023-08-26 13:22:07,754 [INFO] ThirdParty:1030 - CMSIS Pack Vendor :STMicroelectronics X-CUBE-AZRTOS-H7 3.1.0
2023-08-26 13:22:07,754 [INFO] ThirdParty:1030 - CMSIS Pack Vendor :STMicroelectronics PDM2PCM 3.3.0
2023-08-26 13:22:07,754 [INFO] ThirdParty:1030 - CMSIS Pack Vendor :STMicroelectronics X-CUBE-DISPLAY 3.0.0
2023-08-26 13:22:07,754 [INFO] ThirdParty:1030 - CMSIS Pack Vendor :STMicroelectronics X-CUBE-BLE1 7.0.0
2023-08-26 13:22:07,754 [INFO] ThirdParty:1030 - CMSIS Pack Vendor :STMicroelectronics FP-ATR-SIGFOX1 3.2.0
2023-08-26 13:22:07,754 [INFO] ThirdParty:1030 - CMSIS Pack Vendor :STMicroelectronics HAL Drivers 0.0.0
2023-08-26 13:22:07,754 [INFO] ThirdParty:1030 - CMSIS Pack Vendor :STMicroelectronics MBEDTLS 2.16.2
2023-08-26 13:22:07,754 [INFO] ThirdParty:1030 - CMSIS Pack Vendor :emotas I-CUBE-CANOPEN 1.3.0
2023-08-26 13:22:07,754 [INFO] ThirdParty:1030 - CMSIS Pack Vendor :STMicroelectronics X-CUBE-TOUCHGFX 4.22.0
2023-08-26 13:22:07,754 [INFO] ThirdParty:1030 - CMSIS Pack Vendor :STMicroelectronics X-CUBE-NFC7 1.0.1
2023-08-26 13:22:07,754 [INFO] ThirdParty:1030 - CMSIS Pack Vendor :STMicroelectronics MBEDTLS 2.14.1
2023-08-26 13:22:07,754 [INFO] ThirdParty:1030 - CMSIS Pack Vendor :STMicroelectronics X-CUBE-EEPRMA1 4.1.0
2023-08-26 13:22:07,754 [INFO] ThirdParty:1030 - CMSIS Pack Vendor :portGmbH I-Cube-SoM-uGOAL 1.1.0
2023-08-26 13:22:07,754 [INFO] ThirdParty:1030 - CMSIS Pack Vendor :STMicroelectronics X-CUBE-ALS 1.0.1
2023-08-26 13:22:07,754 [INFO] ThirdParty:1030 - CMSIS Pack Vendor :STMicroelectronics ThreadX 1.0.0
2023-08-26 13:22:07,755 [INFO] ThirdParty:1030 - CMSIS Pack Vendor :STMicroelectronics X-CUBE-AZRTOS-WB 1.1.0
2023-08-26 13:22:07,755 [INFO] ThirdParty:1030 - CMSIS Pack Vendor :STMicroelectronics X-CUBE-AZRTOS-WL 2.0.0
2023-08-26 13:22:07,755 [INFO] ThirdParty:1030 - CMSIS Pack Vendor :SEGGER I-CUBE-embOS 1.3.1
2023-08-26 13:22:07,755 [INFO] ThirdParty:1030 - CMSIS Pack Vendor :STMicroelectronics USB_DEVICE 1.0.0
2023-08-26 13:22:07,755 [INFO] ThirdParty:1030 - CMSIS Pack Vendor :STMicroelectronics X-CUBE-AI 8.1.0
2023-08-26 13:22:07,755 [INFO] ThirdParty:1030 - CMSIS Pack Vendor :STMicroelectronics X-CUBE-AZRTOS-L4 2.0.0
2023-08-26 13:22:07,755 [INFO] ThirdParty:1030 - CMSIS Pack Vendor :STMicroelectronics ThreadX 0.0.2
2023-08-26 13:22:07,755 [INFO] ThirdParty:1030 - CMSIS Pack Vendor :WES I-CUBE-Cesium 1.3.0
2023-08-26 13:22:07,755 [INFO] ThirdParty:1030 - CMSIS Pack Vendor :STMicroelectronics FP-ATR-ASTRA1 2.0.0
2023-08-26 13:22:07,755 [INFO] ThirdParty:1030 - CMSIS Pack Vendor :STMicroelectronics lwIP 2.1.2
2023-08-26 13:22:07,755 [INFO] ThirdParty:1030 - CMSIS Pack Vendor :STMicroelectronics X-CUBE-SFXS2LP1 4.0.0
2023-08-26 13:22:07,755 [INFO] ThirdParty:1030 - CMSIS Pack Vendor :STMicroelectronics X-CUBE-BLE2 3.3.0
2023-08-26 13:22:07,755 [INFO] ThirdParty:1030 - CMSIS Pack Vendor :STMicroelectronics PDM2PCM 3.2.0
2023-08-26 13:22:07,755 [INFO] ThirdParty:841 - exiting critical section [change project]
2023-08-26 13:22:08,000 [INFO] PinOutPanel:1499 - setPackage(No Configuration,No Configuration)
2023-08-26 13:22:08,002 [INFO] PinOutPanel:1499 - setPackage(STM32F103C8Tx,LQFP48)
2023-08-26 13:22:08,424 [INFO] UtilMem:75 - Before build in PCC Used Memory: 203011968 Bytes (403701760)
2023-08-26 13:22:09,175 [INFO] UtilMem:75 - After build in PCC Used Memory: 310157664 Bytes (403701760)
2023-08-26 13:22:09,202 [INFO] IPUIPlugin:80 - create IPUIPlugin
2023-08-26 13:22:09,202 [INFO] IPUIPlugin:80 - create IPUIPlugin
2023-08-26 13:22:09,202 [INFO] IPUIPlugin:80 - create IPUIPlugin
2023-08-26 13:22:09,202 [INFO] IPUIPlugin:80 - create IPUIPlugin
2023-08-26 13:22:09,202 [INFO] IPUIPlugin:80 - create IPUIPlugin
2023-08-26 13:22:09,203 [INFO] IPUIPlugin:80 - create IPUIPlugin
2023-08-26 13:22:09,203 [INFO] IPUIPlugin:80 - create IPUIPlugin
2023-08-26 13:22:09,203 [INFO] IPUIPlugin:80 - create IPUIPlugin
2023-08-26 13:22:09,203 [INFO] IPUIPlugin:80 - create IPUIPlugin
2023-08-26 13:22:09,203 [INFO] IPUIPlugin:80 - create IPUIPlugin
2023-08-26 13:22:09,203 [INFO] IPUIPlugin:80 - create IPUIPlugin
2023-08-26 13:22:09,203 [INFO] IPUIPlugin:80 - create IPUIPlugin
2023-08-26 13:22:09,203 [INFO] IPUIPlugin:80 - create IPUIPlugin
2023-08-26 13:22:09,204 [INFO] IPUIPlugin:80 - create IPUIPlugin
2023-08-26 13:22:09,204 [INFO] IPUIPlugin:80 - create IPUIPlugin
2023-08-26 13:22:09,204 [INFO] IPUIPlugin:80 - create IPUIPlugin
2023-08-26 13:22:09,204 [INFO] IPUIPlugin:80 - create IPUIPlugin
2023-08-26 13:22:09,205 [INFO] IPUIPlugin:80 - create IPUIPlugin
2023-08-26 13:22:09,205 [INFO] IPUIPlugin:80 - create IPUIPlugin
2023-08-26 13:22:09,205 [INFO] IPUIPlugin:80 - create IPUIPlugin
2023-08-26 13:22:09,205 [INFO] IPUIPlugin:80 - create IPUIPlugin
2023-08-26 13:22:09,205 [INFO] IPUIPlugin:80 - create IPUIPlugin
2023-08-26 13:22:09,205 [INFO] IPUIPlugin:80 - create IPUIPlugin
2023-08-26 13:22:09,205 [INFO] IPUIPlugin:80 - create IPUIPlugin
2023-08-26 13:22:09,206 [INFO] IPUIPlugin:80 - create IPUIPlugin
2023-08-26 13:22:09,206 [INFO] IPUIPlugin:80 - create IPUIPlugin
2023-08-26 13:22:09,206 [INFO] IPUIPlugin:80 - create IPUIPlugin
2023-08-26 13:22:09,419 [INFO] CADModel:165 - CPN selected for project levelSTM32F103C8T6
2023-08-26 13:22:09,419 [INFO] CADModel:114 - Register for checkConnection events
2023-08-26 13:22:09,457 [INFO] OpenFileManager:328 - Restore cursor
2023-08-26 13:22:26,666 [INFO] NvicIntPanel:101 - NVIC parent = com.st.microxplorer.plugins.ip.nvic.MultiNvicIntPanel[,0,0,0x0,invalid,layout=javax.swing.BoxLayout,alignmentX=0.0,alignmentY=0.0,border=,flags=9,maximumSize=,minimumSize=,preferredSize=]
2023-08-26 15:15:48,934 [INFO] Gpio:273 - dependency for GPIO [RCC, SYS]
2023-08-26 15:17:21,935 [INFO] UtilMem:75 - End SaveConfig() Used Memory: 187442576 Bytes (403701760)
2023-08-26 15:17:58,485 [INFO] UtilMem:75 - End SaveConfig() Used Memory: 218055856 Bytes (430964736)
2023-08-26 15:17:58,903 [INFO] BlockDiagram:2759 - set Specific Code input for plugin: NVIC
2023-08-26 15:17:58,904 [INFO] BlockDiagram:2759 - set Specific Code input for plugin: TIM1_8F1
2023-08-26 15:17:58,904 [INFO] BlockDiagram:2759 - set Specific Code input for plugin: SYS
2023-08-26 15:17:58,904 [INFO] BlockDiagram:2759 - set Specific Code input for plugin: GPIO
2023-08-26 15:17:58,904 [INFO] BlockDiagram:2759 - set Specific Code input for plugin: RCC
2023-08-26 15:17:58,911 [INFO] CodeGenerator:799 - code generatio: config db path: C:\ST\STM32CubeIDE_1.13.0\STM32CubeIDE\plugins\com.st.stm32cube.common.mx_6.9.0.202307051724\\db\
2023-08-26 15:17:59,158 [INFO] CodeEngine:255 - oldGeneratedFile, C:\Users\e0162112\STM32CubeIDE\workspace_1.13.0\ARM\MXTmpFiles\license.tmp_save
2023-08-26 15:17:59,499 [INFO] CodeEngine:279 - Generated code: C:\Users\e0162112\STM32CubeIDE\workspace_1.13.0\ARM\MXTmpFiles\license.tmp
2023-08-26 15:17:59,616 [INFO] CodeEngine:255 - oldGeneratedFile, C:\Users\e0162112\STM32CubeIDE\workspace_1.13.0\ARM\Core\Src\gpio.c_save
2023-08-26 15:17:59,737 [INFO] CodeEngine:279 - Generated code: C:\Users\e0162112\STM32CubeIDE\workspace_1.13.0\ARM\Core\Src\gpio.c
2023-08-26 15:17:59,758 [INFO] CodeEngine:255 - oldGeneratedFile, C:\Users\e0162112\STM32CubeIDE\workspace_1.13.0\ARM\Core\Inc\gpio.h_save
2023-08-26 15:17:59,835 [INFO] CodeEngine:279 - Generated code: C:\Users\e0162112\STM32CubeIDE\workspace_1.13.0\ARM\Core\Inc\gpio.h
2023-08-26 15:17:59,945 [INFO] CodeEngine:255 - oldGeneratedFile, C:\Users\e0162112\STM32CubeIDE\workspace_1.13.0\ARM\Core\Src\tim.c_save
2023-08-26 15:18:00,093 [INFO] CodeEngine:279 - Generated code: C:\Users\e0162112\STM32CubeIDE\workspace_1.13.0\ARM\Core\Src\tim.c
2023-08-26 15:18:00,112 [INFO] CodeEngine:255 - oldGeneratedFile, C:\Users\e0162112\STM32CubeIDE\workspace_1.13.0\ARM\Core\Inc\tim.h_save
2023-08-26 15:18:00,198 [INFO] CodeEngine:279 - Generated code: C:\Users\e0162112\STM32CubeIDE\workspace_1.13.0\ARM\Core\Inc\tim.h
2023-08-26 15:18:00,233 [INFO] CodeEngine:255 - oldGeneratedFile, C:\Users\e0162112\STM32CubeIDE\workspace_1.13.0\ARM\Core\Src\stm32f1xx_it.c_save
2023-08-26 15:18:00,376 [INFO] CodeEngine:279 - Generated code: C:\Users\e0162112\STM32CubeIDE\workspace_1.13.0\ARM\Core\Src\stm32f1xx_it.c
2023-08-26 15:18:00,399 [INFO] CodeEngine:255 - oldGeneratedFile, C:\Users\e0162112\STM32CubeIDE\workspace_1.13.0\ARM\Core\Inc\stm32f1xx_it.h_save
2023-08-26 15:18:00,525 [INFO] CodeEngine:279 - Generated code: C:\Users\e0162112\STM32CubeIDE\workspace_1.13.0\ARM\Core\Inc\stm32f1xx_it.h
2023-08-26 15:18:00,571 [INFO] CodeEngine:255 - oldGeneratedFile, C:\Users\e0162112\STM32CubeIDE\workspace_1.13.0\ARM\Core\Src\stm32f1xx_hal_msp.c_save
2023-08-26 15:18:00,694 [INFO] CodeEngine:279 - Generated code: C:\Users\e0162112\STM32CubeIDE\workspace_1.13.0\ARM\Core\Src\stm32f1xx_hal_msp.c
2023-08-26 15:18:00,710 [INFO] CodeEngine:255 - oldGeneratedFile, C:\Users\e0162112\STM32CubeIDE\workspace_1.13.0\ARM\MXTmpFiles\system.tmp_save
2023-08-26 15:18:00,788 [INFO] CodeEngine:279 - Generated code: C:\Users\e0162112\STM32CubeIDE\workspace_1.13.0\ARM\MXTmpFiles\system.tmp
2023-08-26 15:18:00,820 [INFO] CodeEngine:311 - oldGeneratedFile, C:\Users\e0162112\STM32CubeIDE\workspace_1.13.0\ARM\Core\Inc\stm32f1xx_hal_conf.h_save
2023-08-26 15:18:00,926 [INFO] CodeEngine:335 - Generated code: C:\Users\e0162112\STM32CubeIDE\workspace_1.13.0\ARM\Core\Inc\stm32f1xx_hal_conf.h
2023-08-26 15:18:00,998 [INFO] CodeEngine:255 - oldGeneratedFile, C:\Users\e0162112\STM32CubeIDE\workspace_1.13.0\ARM\Core\Inc\main.h_save
2023-08-26 15:18:01,151 [INFO] CodeEngine:279 - Generated code: C:\Users\e0162112\STM32CubeIDE\workspace_1.13.0\ARM\Core\Inc\main.h
2023-08-26 15:18:01,179 [INFO] CodeEngine:255 - oldGeneratedFile, C:\Users\e0162112\STM32CubeIDE\workspace_1.13.0\ARM\Core\Src\main.c_save
2023-08-26 15:18:01,344 [INFO] CodeEngine:279 - Generated code: C:\Users\e0162112\STM32CubeIDE\workspace_1.13.0\ARM\Core\Src\main.c
2023-08-26 15:18:02,314 [INFO] ProjectBuilder:3064 - Time for Copy HAL[1] : 399mS.
2023-08-26 15:18:02,321 [INFO] ProjectBuilder:4404 - Project Generator version: 4.1.0
2023-08-26 15:18:02,542 [INFO] ConfigFileManager:1457 - The Die is : DIE410
2023-08-26 15:18:02,557 [INFO] ApiDbMcu:507 - Load IP Config File for FATFS
2023-08-26 15:18:02,562 [INFO] ApiDbMcu:507 - Load IP Config File for FREERTOS
2023-08-26 15:18:02,568 [INFO] ApiDbMcu:507 - Load IP Config File for USB_DEVICE
2023-08-26 15:18:03,255 [INFO] LogOutputStream:77 - [STDOUT_REDIRECT] 
2023-08-26 15:18:04,921 [INFO] ProjectBuilder:4626 - Time for Generating toolchain IDE Files: 2600mS.
2023-08-26 15:18:04,924 [INFO] ProjectBuilder:2935 - Time for Copy CMSIS : 2mS.
2023-08-26 15:18:04,931 [INFO] ProjectBuilder:2935 - Time for Copy CMSIS : 1mS.
2023-08-26 15:45:44,322 [INFO] MainUpdater:2868 - connection check result : 10
2023-08-26 15:45:44,322 [INFO] MainUpdater:2868 - connection check result : 10
2023-08-26 15:45:44,368 [INFO] MicroXplorer:468 - Change Database Path : 
2023-08-26 15:45:44,368 [INFO] MicroXplorer:498 - Change Database Version : DB.6.0.90
2023-08-26 15:45:44,405 [WARN] ThirdParty:871 - waiting for thirdparty lock release [close project]
2023-08-26 15:45:44,405 [INFO] ThirdParty:873 - entering critical section [close project]
2023-08-26 15:45:44,405 [INFO] ThirdParty:883 - exiting critical section [close project]
2023-08-26 15:45:44,407 [INFO] PinOutPanel:1499 - setPackage(No Configuration,No Configuration)
2023-08-26 15:45:44,417 [INFO] UtilMem:75 - Begin LoadConfig() Used Memory: 444225488 Bytes (786432000)
2023-08-26 15:45:44,419 [INFO] MicroXplorer:468 - Change Database Path : 
2023-08-26 15:45:44,419 [INFO] MicroXplorer:498 - Change Database Version : DB.6.0.90
2023-08-26 15:45:44,419 [INFO] OpenFileManager:308 - Change cursor
2023-08-26 15:45:44,441 [INFO] RulesReader:64 - Compatibility file has been processed (293 Rules)
2023-08-26 15:45:44,446 [INFO] Mcu:1946 - Initializing MCU STM32F103C(8-B)Tx STM32F103C8Tx STM32F103C8T6
2023-08-26 15:45:44,972 [INFO] Context:659 - Trying to add GPIOservice into a context  which must be forbidden
2023-08-26 15:45:45,231 [INFO] RtosManager:555 - Registered RTOS mode: class=CMSIS, group=RTOS, mode=CMSIS_V1, owner=FREERTOS
2023-08-26 15:45:45,231 [INFO] RtosManager:555 - Registered RTOS mode: class=CMSIS, group=RTOS2, mode=CMSIS_V2, owner=FREERTOS
2023-08-26 15:45:45,231 [INFO] RtosManager:555 - Registered RTOS mode: class=RTOS, group=Core, mode=CMSIS_V1, owner=FREERTOS
2023-08-26 15:45:45,231 [INFO] RtosManager:555 - Registered RTOS mode: class=RTOS, group=Core, mode=CMSIS_V2, owner=FREERTOS
2023-08-26 15:45:45,231 [WARN] ModelIntegratedComponent:184 - Missing modes for component STMicroelectronics:FreeRTOS:0.0.1:STMicroelectronics:RTOS:FreeRTOS:Core:::10.2.0:
2023-08-26 15:45:45,237 [WARN] ModelIntegratedComponent:63 - No mode defined for component null
2023-08-26 15:45:45,237 [WARN] ModelIntegratedComponent:63 - No mode defined for component null
2023-08-26 15:45:45,237 [WARN] ModelIntegratedComponent:63 - No mode defined for component null
2023-08-26 15:45:45,237 [WARN] ModelIntegratedComponent:63 - No mode defined for component null
2023-08-26 15:45:45,237 [WARN] ModelIntegratedComponent:63 - No mode defined for component null
2023-08-26 15:45:45,237 [WARN] ModelIntegratedComponent:63 - No mode defined for component null
2023-08-26 15:45:45,237 [WARN] ModelIntegratedComponent:63 - No mode defined for component null
2023-08-26 15:45:45,237 [WARN] ModelIntegratedComponent:63 - No mode defined for component null
2023-08-26 15:45:45,237 [WARN] ModelIntegratedComponent:63 - No mode defined for component null
2023-08-26 15:45:45,237 [WARN] ModelIntegratedComponent:63 - No mode defined for component null
2023-08-26 15:45:45,237 [WARN] ModelIntegratedComponent:63 - No mode defined for component null
2023-08-26 15:45:45,237 [WARN] ModelIntegratedComponent:63 - No mode defined for component null
2023-08-26 15:45:45,237 [WARN] ModelIntegratedComponent:63 - No mode defined for component null
2023-08-26 15:45:45,237 [WARN] ModelIntegratedComponent:63 - No mode defined for component null
2023-08-26 15:45:45,237 [WARN] ModelIntegratedComponent:63 - No mode defined for component null
2023-08-26 15:45:45,237 [WARN] ModelIntegratedComponent:63 - No mode defined for component null
2023-08-26 15:45:45,237 [WARN] ModelIntegratedComponent:63 - No mode defined for component null
2023-08-26 15:45:45,237 [WARN] ModelIntegratedComponent:63 - No mode defined for component null
2023-08-26 15:45:45,237 [WARN] ModelIntegratedComponent:63 - No mode defined for component null
2023-08-26 15:45:45,237 [WARN] ModelIntegratedComponent:63 - No mode defined for component null
2023-08-26 15:45:45,238 [WARN] ModelIntegratedComponent:63 - No mode defined for component null
2023-08-26 15:45:45,238 [WARN] ModelIntegratedComponent:63 - No mode defined for component null
2023-08-26 15:45:45,238 [WARN] ModelIntegratedComponent:63 - No mode defined for component null
2023-08-26 15:45:45,238 [WARN] ModelIntegratedComponent:63 - No mode defined for component null
2023-08-26 15:45:45,238 [WARN] ModelIntegratedComponent:63 - No mode defined for component null
2023-08-26 15:45:45,238 [WARN] ModelIntegratedComponent:63 - No mode defined for component null
2023-08-26 15:45:45,238 [WARN] ModelIntegratedComponent:63 - No mode defined for component null
2023-08-26 15:45:45,238 [WARN] ModelIntegratedComponent:63 - No mode defined for component null
2023-08-26 15:45:45,238 [WARN] ModelIntegratedComponent:63 - No mode defined for component null
2023-08-26 15:45:45,238 [WARN] ModelIntegratedComponent:63 - No mode defined for component null
2023-08-26 15:45:45,238 [WARN] ModelIntegratedComponent:63 - No mode defined for component null
2023-08-26 15:45:45,239 [WARN] ModelIntegratedComponent:63 - No mode defined for component null
2023-08-26 15:45:45,239 [WARN] ModelIntegratedComponent:63 - No mode defined for component null
2023-08-26 15:45:45,248 [INFO] ThirdPartyModel:298 - Start build external matchings
2023-08-26 15:45:45,491 [INFO] ThirdPartyModel:316 - End build external matchings
2023-08-26 15:45:45,497 [INFO] ImportTextPane:194 - (OptionalMessage_ERROR) IP (RCC) : Parameter (ADCFreqValue) has invalid value (36000000)
2023-08-26 15:45:45,497 [INFO] ImportTextPane:194 - (OptionalMessage_ERROR) IP (RCC) : Invalid parameter (FamilyName)
2023-08-26 15:45:45,497 [INFO] ImportTextPane:194 - (OptionalMessage_ERROR) IP (RCC) : Parameter (MCOFreq_Value) has invalid value (72000000)
2023-08-26 15:45:45,497 [INFO] ImportTextPane:194 - (OptionalMessage_ERROR) IP (RCC) : Parameter (USBFreq_Value) has invalid value (72000000)
2023-08-26 15:45:45,622 [INFO] UtilMem:75 - End LoadConfig() Used Memory: 439768336 Bytes (786432000)
2023-08-26 15:45:45,663 [WARN] ThirdParty:833 - waiting for thirdparty lock release [change project]
2023-08-26 15:45:45,663 [INFO] ThirdParty:835 - entering critical section [change project]
2023-08-26 15:45:45,663 [INFO] ThirdParty:1030 - CMSIS Pack Vendor :STMicroelectronics X-CUBE-ISPU 1.1.0
2023-08-26 15:45:45,663 [INFO] ThirdParty:1030 - CMSIS Pack Vendor :STMicroelectronics USBPD 4.1
2023-08-26 15:45:45,663 [INFO] ThirdParty:1030 - CMSIS Pack Vendor :STMicroelectronics X-CUBE-GNSS1 6.0.0
2023-08-26 15:45:45,663 [INFO] ThirdParty:1030 - CMSIS Pack Vendor :STMicroelectronics USB_HOST 2.0.0
2023-08-26 15:45:45,663 [INFO] ThirdParty:1030 - CMSIS Pack Vendor :STMicroelectronics X-CUBE-AZRTOS-F4 1.1.0
2023-08-26 15:45:45,663 [INFO] ThirdParty:1030 - CMSIS Pack Vendor :STMicroelectronics LIBJPEG 8.0.0
2023-08-26 15:45:45,663 [INFO] ThirdParty:1030 - CMSIS Pack Vendor :wolfSSL I-CUBE-wolfSSL 5.6.3
2023-08-26 15:45:45,663 [INFO] ThirdParty:1030 - CMSIS Pack Vendor :STMicroelectronics X-CUBE-SMBUS 2.1.0
2023-08-26 15:45:45,663 [INFO] ThirdParty:1030 - CMSIS Pack Vendor :STMicroelectronics USB_DEVICE 3.0.0
2023-08-26 15:45:45,663 [INFO] ThirdParty:1030 - CMSIS Pack Vendor :STMicroelectronics X-CUBE-AZRTOS-WB 2.0.0
2023-08-26 15:45:45,663 [INFO] ThirdParty:1030 - CMSIS Pack Vendor :STMicroelectronics X-CUBE-FREERTOS 1.0.1
2023-08-26 15:45:45,663 [INFO] ThirdParty:1030 - CMSIS Pack Vendor :STMicroelectronics X-CUBE-AZRTOS-F7 1.1.0
2023-08-26 15:45:45,663 [INFO] ThirdParty:1030 - CMSIS Pack Vendor :STMicroelectronics X-CUBE-AZRTOS-L5 2.0.0
2023-08-26 15:45:45,663 [INFO] ThirdParty:1030 - CMSIS Pack Vendor :STMicroelectronics USB_DEVICE 2.0.0
2023-08-26 15:45:45,663 [INFO] ThirdParty:1030 - CMSIS Pack Vendor :STMicroelectronics X-CUBE-MEMS1 9.6.0
2023-08-26 15:45:45,663 [INFO] ThirdParty:1030 - CMSIS Pack Vendor :STMicroelectronics FP-SNS-MOTENV1 4.3.2
2023-08-26 15:45:45,663 [INFO] ThirdParty:1030 - CMSIS Pack Vendor :STMicroelectronics X-CUBE-ALGOBUILD 1.3.0
2023-08-26 15:45:45,663 [INFO] ThirdParty:1030 - CMSIS Pack Vendor :STMicroelectronics X-CUBE-BLE1 6.2.4
2023-08-26 15:45:45,663 [INFO] ThirdParty:1030 - CMSIS Pack Vendor :STMicroelectronics X-CUBE-AZRTOS-L5 1.1.0
2023-08-26 15:45:45,663 [INFO] ThirdParty:1030 - CMSIS Pack Vendor :STMicroelectronics FreeRTOS 0.0.1
2023-08-26 15:45:45,663 [INFO] ThirdParty:1030 - CMSIS Pack Vendor :STMicroelectronics X-CUBE-AZRTOS-G0 1.1.0
2023-08-26 15:45:45,663 [INFO] ThirdParty:1030 - CMSIS Pack Vendor :STMicroelectronics X-CUBE-BLEMGR 2.0.0
2023-08-26 15:45:45,663 [INFO] ThirdParty:1030 - CMSIS Pack Vendor :STMicroelectronics X-CUBE-AI 8.0.1
2023-08-26 15:45:45,664 [INFO] ThirdParty:1030 - CMSIS Pack Vendor :STMicroelectronics X-CUBE-NFC4 3.0.0
2023-08-26 15:45:45,664 [INFO] ThirdParty:1030 - CMSIS Pack Vendor :STMicroelectronics X-CUBE-SUBG2 5.0.0
2023-08-26 15:45:45,664 [INFO] ThirdParty:1030 - CMSIS Pack Vendor :STMicroelectronics STM32_WPAN 1.0.0
2023-08-26 15:45:45,664 [INFO] ThirdParty:1030 - CMSIS Pack Vendor :STMicroelectronics lwIP 2.0.3
2023-08-26 15:45:45,664 [INFO] ThirdParty:1030 - CMSIS Pack Vendor :STMicroelectronics FP-SNS-FLIGHT1 5.0.2
2023-08-26 15:45:45,664 [INFO] ThirdParty:1030 - CMSIS Pack Vendor :STMicroelectronics USB_HOST 1.0.0
2023-08-26 15:45:45,664 [INFO] ThirdParty:1030 - CMSIS Pack Vendor :STMicroelectronics X-CUBE-TOF1 3.3.1
2023-08-26 15:45:45,664 [INFO] ThirdParty:1030 - CMSIS Pack Vendor :STMicroelectronics X-CUBE-AZRTOS-G4 2.0.0
2023-08-26 15:45:45,664 [INFO] ThirdParty:1030 - CMSIS Pack Vendor :STMicroelectronics PDM2PCM 3.1.0
2023-08-26 15:45:45,664 [INFO] ThirdParty:1030 - CMSIS Pack Vendor :STMicroelectronics X-CUBE-AZRTOS-H7 3.1.0
2023-08-26 15:45:45,664 [INFO] ThirdParty:1030 - CMSIS Pack Vendor :STMicroelectronics PDM2PCM 3.3.0
2023-08-26 15:45:45,664 [INFO] ThirdParty:1030 - CMSIS Pack Vendor :STMicroelectronics X-CUBE-DISPLAY 3.0.0
2023-08-26 15:45:45,664 [INFO] ThirdParty:1030 - CMSIS Pack Vendor :STMicroelectronics X-CUBE-BLE1 7.0.0
2023-08-26 15:45:45,664 [INFO] ThirdParty:1030 - CMSIS Pack Vendor :STMicroelectronics FP-ATR-SIGFOX1 3.2.0
2023-08-26 15:45:45,664 [INFO] ThirdParty:1030 - CMSIS Pack Vendor :STMicroelectronics HAL Drivers 0.0.0
2023-08-26 15:45:45,664 [INFO] ThirdParty:1030 - CMSIS Pack Vendor :STMicroelectronics MBEDTLS 2.16.2
2023-08-26 15:45:45,664 [INFO] ThirdParty:1030 - CMSIS Pack Vendor :emotas I-CUBE-CANOPEN 1.3.0
2023-08-26 15:45:45,664 [INFO] ThirdParty:1030 - CMSIS Pack Vendor :STMicroelectronics X-CUBE-TOUCHGFX 4.22.0
2023-08-26 15:45:45,664 [INFO] ThirdParty:1030 - CMSIS Pack Vendor :STMicroelectronics X-CUBE-NFC7 1.0.1
2023-08-26 15:45:45,664 [INFO] ThirdParty:1030 - CMSIS Pack Vendor :STMicroelectronics MBEDTLS 2.14.1
2023-08-26 15:45:45,664 [INFO] ThirdParty:1030 - CMSIS Pack Vendor :STMicroelectronics X-CUBE-EEPRMA1 4.1.0
2023-08-26 15:45:45,664 [INFO] ThirdParty:1030 - CMSIS Pack Vendor :portGmbH I-Cube-SoM-uGOAL 1.1.0
2023-08-26 15:45:45,664 [INFO] ThirdParty:1030 - CMSIS Pack Vendor :STMicroelectronics X-CUBE-ALS 1.0.1
2023-08-26 15:45:45,664 [INFO] ThirdParty:1030 - CMSIS Pack Vendor :STMicroelectronics ThreadX 1.0.0
2023-08-26 15:45:45,664 [INFO] ThirdParty:1030 - CMSIS Pack Vendor :STMicroelectronics X-CUBE-AZRTOS-WB 1.1.0
2023-08-26 15:45:45,664 [INFO] ThirdParty:1030 - CMSIS Pack Vendor :STMicroelectronics X-CUBE-AZRTOS-WL 2.0.0
2023-08-26 15:45:45,664 [INFO] ThirdParty:1030 - CMSIS Pack Vendor :SEGGER I-CUBE-embOS 1.3.1
2023-08-26 15:45:45,664 [INFO] ThirdParty:1030 - CMSIS Pack Vendor :STMicroelectronics USB_DEVICE 1.0.0
2023-08-26 15:45:45,664 [INFO] ThirdParty:1030 - CMSIS Pack Vendor :STMicroelectronics X-CUBE-AI 8.1.0
2023-08-26 15:45:45,664 [INFO] ThirdParty:1030 - CMSIS Pack Vendor :STMicroelectronics X-CUBE-AZRTOS-L4 2.0.0
2023-08-26 15:45:45,664 [INFO] ThirdParty:1030 - CMSIS Pack Vendor :STMicroelectronics ThreadX 0.0.2
2023-08-26 15:45:45,664 [INFO] ThirdParty:1030 - CMSIS Pack Vendor :WES I-CUBE-Cesium 1.3.0
2023-08-26 15:45:45,664 [INFO] ThirdParty:1030 - CMSIS Pack Vendor :STMicroelectronics FP-ATR-ASTRA1 2.0.0
2023-08-26 15:45:45,664 [INFO] ThirdParty:1030 - CMSIS Pack Vendor :STMicroelectronics lwIP 2.1.2
2023-08-26 15:45:45,665 [INFO] ThirdParty:1030 - CMSIS Pack Vendor :STMicroelectronics X-CUBE-SFXS2LP1 4.0.0
2023-08-26 15:45:45,665 [INFO] ThirdParty:1030 - CMSIS Pack Vendor :STMicroelectronics X-CUBE-BLE2 3.3.0
2023-08-26 15:45:45,665 [INFO] ThirdParty:1030 - CMSIS Pack Vendor :STMicroelectronics PDM2PCM 3.2.0
2023-08-26 15:45:45,665 [INFO] ThirdParty:841 - exiting critical section [change project]
2023-08-26 15:45:45,747 [INFO] PinOutPanel:1499 - setPackage(No Configuration,No Configuration)
2023-08-26 15:45:45,749 [INFO] PinOutPanel:1499 - setPackage(STM32F103C8Tx,LQFP48)
2023-08-26 15:45:45,998 [INFO] UtilMem:75 - Before build in PCC Used Memory: 288241752 Bytes (786432000)
2023-08-26 15:45:46,282 [INFO] UtilMem:75 - After build in PCC Used Memory: 329662568 Bytes (786432000)
2023-08-26 15:45:46,302 [INFO] IPUIPlugin:80 - create IPUIPlugin
2023-08-26 15:45:46,303 [INFO] IPUIPlugin:80 - create IPUIPlugin
2023-08-26 15:45:46,303 [INFO] IPUIPlugin:80 - create IPUIPlugin
2023-08-26 15:45:46,303 [INFO] IPUIPlugin:80 - create IPUIPlugin
2023-08-26 15:45:46,303 [INFO] IPUIPlugin:80 - create IPUIPlugin
2023-08-26 15:45:46,303 [INFO] IPUIPlugin:80 - create IPUIPlugin
2023-08-26 15:45:46,303 [INFO] IPUIPlugin:80 - create IPUIPlugin
2023-08-26 15:45:46,303 [INFO] IPUIPlugin:80 - create IPUIPlugin
2023-08-26 15:45:46,304 [INFO] IPUIPlugin:80 - create IPUIPlugin
2023-08-26 15:45:46,304 [INFO] IPUIPlugin:80 - create IPUIPlugin
2023-08-26 15:45:46,304 [INFO] IPUIPlugin:80 - create IPUIPlugin
2023-08-26 15:45:46,304 [INFO] IPUIPlugin:80 - create IPUIPlugin
2023-08-26 15:45:46,304 [INFO] IPUIPlugin:80 - create IPUIPlugin
2023-08-26 15:45:46,304 [INFO] IPUIPlugin:80 - create IPUIPlugin
2023-08-26 15:45:46,305 [INFO] IPUIPlugin:80 - create IPUIPlugin
2023-08-26 15:45:46,305 [INFO] IPUIPlugin:80 - create IPUIPlugin
2023-08-26 15:45:46,305 [INFO] IPUIPlugin:80 - create IPUIPlugin
2023-08-26 15:45:46,305 [INFO] IPUIPlugin:80 - create IPUIPlugin
2023-08-26 15:45:46,305 [INFO] IPUIPlugin:80 - create IPUIPlugin
2023-08-26 15:45:46,306 [INFO] IPUIPlugin:80 - create IPUIPlugin
2023-08-26 15:45:46,306 [INFO] IPUIPlugin:80 - create IPUIPlugin
2023-08-26 15:45:46,306 [INFO] IPUIPlugin:80 - create IPUIPlugin
2023-08-26 15:45:46,306 [INFO] IPUIPlugin:80 - create IPUIPlugin
2023-08-26 15:45:46,307 [INFO] IPUIPlugin:80 - create IPUIPlugin
2023-08-26 15:45:46,307 [INFO] IPUIPlugin:80 - create IPUIPlugin
2023-08-26 15:45:46,307 [INFO] IPUIPlugin:80 - create IPUIPlugin
2023-08-26 15:45:46,307 [INFO] IPUIPlugin:80 - create IPUIPlugin
2023-08-26 15:45:46,334 [INFO] CADModel:165 - CPN selected for project levelSTM32F103C8T6
2023-08-26 15:45:46,334 [INFO] CADModel:114 - Register for checkConnection events
2023-08-26 15:45:46,390 [INFO] OpenFileManager:328 - Restore cursor
2023-08-26 15:49:15,998 [INFO] UtilMem:75 - End SaveConfig() Used Memory: 446375064 Bytes (829423616)
2023-08-26 15:49:20,344 [INFO] UtilMem:75 - End SaveConfig() Used Memory: 544418968 Bytes (829423616)
2023-08-26 15:49:20,520 [INFO] BlockDiagram:2759 - set Specific Code input for plugin: NVIC
2023-08-26 15:49:20,521 [INFO] BlockDiagram:2759 - set Specific Code input for plugin: TIM1_8F1
2023-08-26 15:49:20,521 [INFO] BlockDiagram:2759 - set Specific Code input for plugin: SYS
2023-08-26 15:49:20,521 [INFO] BlockDiagram:2759 - set Specific Code input for plugin: GPIO
2023-08-26 15:49:20,521 [INFO] BlockDiagram:2759 - set Specific Code input for plugin: RCC
2023-08-26 15:49:20,525 [INFO] CodeGenerator:799 - code generatio: config db path: C:\ST\STM32CubeIDE_1.13.0\STM32CubeIDE\plugins\com.st.stm32cube.common.mx_6.9.0.202307051724\\db\
2023-08-26 15:49:20,668 [INFO] CodeEngine:255 - oldGeneratedFile, C:\Users\e0162112\STM32CubeIDE\workspace_1.13.0\ARM\MXTmpFiles\license.tmp_save
2023-08-26 15:49:20,772 [INFO] CodeEngine:279 - Generated code: C:\Users\e0162112\STM32CubeIDE\workspace_1.13.0\ARM\MXTmpFiles\license.tmp
2023-08-26 15:49:20,814 [INFO] CodeEngine:255 - oldGeneratedFile, C:\Users\e0162112\STM32CubeIDE\workspace_1.13.0\ARM\Core\Src\gpio.c_save
2023-08-26 15:49:20,922 [INFO] CodeEngine:279 - Generated code: C:\Users\e0162112\STM32CubeIDE\workspace_1.13.0\ARM\Core\Src\gpio.c
2023-08-26 15:49:20,939 [INFO] CodeEngine:255 - oldGeneratedFile, C:\Users\e0162112\STM32CubeIDE\workspace_1.13.0\ARM\Core\Inc\gpio.h_save
2023-08-26 15:49:21,007 [INFO] CodeEngine:279 - Generated code: C:\Users\e0162112\STM32CubeIDE\workspace_1.13.0\ARM\Core\Inc\gpio.h
2023-08-26 15:49:21,071 [INFO] CodeEngine:255 - oldGeneratedFile, C:\Users\e0162112\STM32CubeIDE\workspace_1.13.0\ARM\Core\Src\tim.c_save
2023-08-26 15:49:21,170 [INFO] CodeEngine:279 - Generated code: C:\Users\e0162112\STM32CubeIDE\workspace_1.13.0\ARM\Core\Src\tim.c
2023-08-26 15:49:21,188 [INFO] CodeEngine:255 - oldGeneratedFile, C:\Users\e0162112\STM32CubeIDE\workspace_1.13.0\ARM\Core\Inc\tim.h_save
2023-08-26 15:49:21,255 [INFO] CodeEngine:279 - Generated code: C:\Users\e0162112\STM32CubeIDE\workspace_1.13.0\ARM\Core\Inc\tim.h
2023-08-26 15:49:21,279 [INFO] CodeEngine:255 - oldGeneratedFile, C:\Users\e0162112\STM32CubeIDE\workspace_1.13.0\ARM\Core\Src\stm32f1xx_it.c_save
2023-08-26 15:49:21,403 [INFO] CodeEngine:279 - Generated code: C:\Users\e0162112\STM32CubeIDE\workspace_1.13.0\ARM\Core\Src\stm32f1xx_it.c
2023-08-26 15:49:21,420 [INFO] CodeEngine:255 - oldGeneratedFile, C:\Users\e0162112\STM32CubeIDE\workspace_1.13.0\ARM\Core\Inc\stm32f1xx_it.h_save
2023-08-26 15:49:21,506 [INFO] CodeEngine:279 - Generated code: C:\Users\e0162112\STM32CubeIDE\workspace_1.13.0\ARM\Core\Inc\stm32f1xx_it.h
2023-08-26 15:49:21,543 [INFO] CodeEngine:255 - oldGeneratedFile, C:\Users\e0162112\STM32CubeIDE\workspace_1.13.0\ARM\Core\Src\stm32f1xx_hal_msp.c_save
2023-08-26 15:49:21,668 [INFO] CodeEngine:279 - Generated code: C:\Users\e0162112\STM32CubeIDE\workspace_1.13.0\ARM\Core\Src\stm32f1xx_hal_msp.c
2023-08-26 15:49:21,690 [INFO] CodeEngine:255 - oldGeneratedFile, C:\Users\e0162112\STM32CubeIDE\workspace_1.13.0\ARM\MXTmpFiles\system.tmp_save
2023-08-26 15:49:21,786 [INFO] CodeEngine:279 - Generated code: C:\Users\e0162112\STM32CubeIDE\workspace_1.13.0\ARM\MXTmpFiles\system.tmp
2023-08-26 15:49:21,817 [INFO] CodeEngine:311 - oldGeneratedFile, C:\Users\e0162112\STM32CubeIDE\workspace_1.13.0\ARM\Core\Inc\stm32f1xx_hal_conf.h_save
2023-08-26 15:49:21,922 [INFO] CodeEngine:335 - Generated code: C:\Users\e0162112\STM32CubeIDE\workspace_1.13.0\ARM\Core\Inc\stm32f1xx_hal_conf.h
2023-08-26 15:49:21,981 [INFO] CodeEngine:255 - oldGeneratedFile, C:\Users\e0162112\STM32CubeIDE\workspace_1.13.0\ARM\Core\Inc\main.h_save
2023-08-26 15:49:22,099 [INFO] CodeEngine:279 - Generated code: C:\Users\e0162112\STM32CubeIDE\workspace_1.13.0\ARM\Core\Inc\main.h
2023-08-26 15:49:22,123 [INFO] CodeEngine:255 - oldGeneratedFile, C:\Users\e0162112\STM32CubeIDE\workspace_1.13.0\ARM\Core\Src\main.c_save
2023-08-26 15:49:22,240 [INFO] CodeEngine:279 - Generated code: C:\Users\e0162112\STM32CubeIDE\workspace_1.13.0\ARM\Core\Src\main.c
2023-08-26 15:49:22,912 [INFO] ProjectBuilder:3064 - Time for Copy HAL[1] : 267mS.
2023-08-26 15:49:22,917 [INFO] ProjectBuilder:4404 - Project Generator version: 4.1.0
2023-08-26 15:49:23,040 [INFO] ConfigFileManager:1457 - The Die is : DIE410
2023-08-26 15:49:23,044 [INFO] ApiDbMcu:507 - Load IP Config File for FATFS
2023-08-26 15:49:23,047 [INFO] ApiDbMcu:507 - Load IP Config File for FREERTOS
2023-08-26 15:49:23,052 [INFO] ApiDbMcu:507 - Load IP Config File for USB_DEVICE
2023-08-26 15:49:25,319 [INFO] ProjectBuilder:4626 - Time for Generating toolchain IDE Files: 2402mS.
2023-08-26 15:49:25,325 [INFO] ProjectBuilder:2935 - Time for Copy CMSIS : 4mS.
2023-08-26 15:49:25,329 [INFO] ProjectBuilder:2935 - Time for Copy CMSIS : 0mS.
2023-08-26 16:03:08,716 [INFO] Gpio:273 - dependency for GPIO [RCC, SYS]
2023-08-26 16:04:02,887 [INFO] UtilMem:75 - End SaveConfig() Used Memory: 547487856 Bytes (880803840)
2023-08-26 16:04:03,415 [INFO] UtilMem:75 - End SaveConfig() Used Memory: 587528320 Bytes (880803840)
2023-08-26 16:04:03,562 [INFO] BlockDiagram:2759 - set Specific Code input for plugin: NVIC
2023-08-26 16:04:03,562 [INFO] BlockDiagram:2759 - set Specific Code input for plugin: TIM1_8F1
2023-08-26 16:04:03,562 [INFO] BlockDiagram:2759 - set Specific Code input for plugin: SYS
2023-08-26 16:04:03,562 [INFO] BlockDiagram:2759 - set Specific Code input for plugin: GPIO
2023-08-26 16:04:03,562 [INFO] BlockDiagram:2759 - set Specific Code input for plugin: RCC
2023-08-26 16:04:03,566 [INFO] CodeGenerator:799 - code generatio: config db path: C:\ST\STM32CubeIDE_1.13.0\STM32CubeIDE\plugins\com.st.stm32cube.common.mx_6.9.0.202307051724\\db\
2023-08-26 16:04:03,733 [INFO] CodeEngine:255 - oldGeneratedFile, C:\Users\e0162112\STM32CubeIDE\workspace_1.13.0\ARM\MXTmpFiles\license.tmp_save
2023-08-26 16:04:03,808 [INFO] CodeEngine:279 - Generated code: C:\Users\e0162112\STM32CubeIDE\workspace_1.13.0\ARM\MXTmpFiles\license.tmp
2023-08-26 16:04:03,836 [INFO] CodeEngine:255 - oldGeneratedFile, C:\Users\e0162112\STM32CubeIDE\workspace_1.13.0\ARM\Core\Src\gpio.c_save
2023-08-26 16:04:03,907 [INFO] CodeEngine:279 - Generated code: C:\Users\e0162112\STM32CubeIDE\workspace_1.13.0\ARM\Core\Src\gpio.c
2023-08-26 16:04:03,923 [INFO] CodeEngine:255 - oldGeneratedFile, C:\Users\e0162112\STM32CubeIDE\workspace_1.13.0\ARM\Core\Inc\gpio.h_save
2023-08-26 16:04:03,992 [INFO] CodeEngine:279 - Generated code: C:\Users\e0162112\STM32CubeIDE\workspace_1.13.0\ARM\Core\Inc\gpio.h
2023-08-26 16:04:04,084 [INFO] CodeEngine:255 - oldGeneratedFile, C:\Users\e0162112\STM32CubeIDE\workspace_1.13.0\ARM\Core\Src\tim.c_save
2023-08-26 16:04:04,241 [INFO] CodeEngine:279 - Generated code: C:\Users\e0162112\STM32CubeIDE\workspace_1.13.0\ARM\Core\Src\tim.c
2023-08-26 16:04:04,261 [INFO] CodeEngine:255 - oldGeneratedFile, C:\Users\e0162112\STM32CubeIDE\workspace_1.13.0\ARM\Core\Inc\tim.h_save
2023-08-26 16:04:04,364 [INFO] CodeEngine:279 - Generated code: C:\Users\e0162112\STM32CubeIDE\workspace_1.13.0\ARM\Core\Inc\tim.h
2023-08-26 16:04:04,400 [INFO] CodeEngine:255 - oldGeneratedFile, C:\Users\e0162112\STM32CubeIDE\workspace_1.13.0\ARM\Core\Src\stm32f1xx_it.c_save
2023-08-26 16:04:04,559 [INFO] CodeEngine:279 - Generated code: C:\Users\e0162112\STM32CubeIDE\workspace_1.13.0\ARM\Core\Src\stm32f1xx_it.c
2023-08-26 16:04:04,577 [INFO] CodeEngine:255 - oldGeneratedFile, C:\Users\e0162112\STM32CubeIDE\workspace_1.13.0\ARM\Core\Inc\stm32f1xx_it.h_save
2023-08-26 16:04:04,652 [INFO] CodeEngine:279 - Generated code: C:\Users\e0162112\STM32CubeIDE\workspace_1.13.0\ARM\Core\Inc\stm32f1xx_it.h
2023-08-26 16:04:04,679 [INFO] CodeEngine:255 - oldGeneratedFile, C:\Users\e0162112\STM32CubeIDE\workspace_1.13.0\ARM\Core\Src\stm32f1xx_hal_msp.c_save
2023-08-26 16:04:04,753 [INFO] CodeEngine:279 - Generated code: C:\Users\e0162112\STM32CubeIDE\workspace_1.13.0\ARM\Core\Src\stm32f1xx_hal_msp.c
2023-08-26 16:04:04,760 [INFO] CodeEngine:255 - oldGeneratedFile, C:\Users\e0162112\STM32CubeIDE\workspace_1.13.0\ARM\MXTmpFiles\system.tmp_save
2023-08-26 16:04:04,809 [INFO] CodeEngine:279 - Generated code: C:\Users\e0162112\STM32CubeIDE\workspace_1.13.0\ARM\MXTmpFiles\system.tmp
2023-08-26 16:04:04,827 [INFO] CodeEngine:311 - oldGeneratedFile, C:\Users\e0162112\STM32CubeIDE\workspace_1.13.0\ARM\Core\Inc\stm32f1xx_hal_conf.h_save
2023-08-26 16:04:04,883 [INFO] CodeEngine:335 - Generated code: C:\Users\e0162112\STM32CubeIDE\workspace_1.13.0\ARM\Core\Inc\stm32f1xx_hal_conf.h
2023-08-26 16:04:04,915 [INFO] CodeEngine:255 - oldGeneratedFile, C:\Users\e0162112\STM32CubeIDE\workspace_1.13.0\ARM\Core\Inc\main.h_save
2023-08-26 16:04:05,051 [INFO] CodeEngine:279 - Generated code: C:\Users\e0162112\STM32CubeIDE\workspace_1.13.0\ARM\Core\Inc\main.h
2023-08-26 16:04:05,068 [INFO] CodeEngine:255 - oldGeneratedFile, C:\Users\e0162112\STM32CubeIDE\workspace_1.13.0\ARM\Core\Src\main.c_save
2023-08-26 16:04:05,149 [INFO] CodeEngine:279 - Generated code: C:\Users\e0162112\STM32CubeIDE\workspace_1.13.0\ARM\Core\Src\main.c
2023-08-26 16:04:05,654 [INFO] ProjectBuilder:3064 - Time for Copy HAL[1] : 224mS.
2023-08-26 16:04:05,659 [INFO] ProjectBuilder:4404 - Project Generator version: 4.1.0
2023-08-26 16:04:05,785 [INFO] ConfigFileManager:1457 - The Die is : DIE410
2023-08-26 16:04:07,274 [INFO] ProjectBuilder:4626 - Time for Generating toolchain IDE Files: 1614mS.
2023-08-26 16:04:07,275 [INFO] ProjectBuilder:2935 - Time for Copy CMSIS : 1mS.
2023-08-26 16:04:07,281 [INFO] ProjectBuilder:2935 - Time for Copy CMSIS : 0mS.
2023-08-26 16:09:59,212 [INFO] UtilMem:75 - End SaveConfig() Used Memory: 388701376 Bytes (817889280)
2023-08-26 16:09:59,778 [INFO] UtilMem:75 - End SaveConfig() Used Memory: 428884976 Bytes (817889280)
2023-08-26 16:09:59,907 [INFO] BlockDiagram:2759 - set Specific Code input for plugin: NVIC
2023-08-26 16:09:59,907 [INFO] BlockDiagram:2759 - set Specific Code input for plugin: TIM1_8F1
2023-08-26 16:09:59,907 [INFO] BlockDiagram:2759 - set Specific Code input for plugin: SYS
2023-08-26 16:09:59,908 [INFO] BlockDiagram:2759 - set Specific Code input for plugin: GPIO
2023-08-26 16:09:59,908 [INFO] BlockDiagram:2759 - set Specific Code input for plugin: RCC
2023-08-26 16:09:59,911 [INFO] CodeGenerator:799 - code generatio: config db path: C:\ST\STM32CubeIDE_1.13.0\STM32CubeIDE\plugins\com.st.stm32cube.common.mx_6.9.0.202307051724\\db\
2023-08-26 16:10:00,005 [INFO] CodeEngine:255 - oldGeneratedFile, C:\Users\e0162112\STM32CubeIDE\workspace_1.13.0\ARM\MXTmpFiles\license.tmp_save
2023-08-26 16:10:00,066 [INFO] CodeEngine:279 - Generated code: C:\Users\e0162112\STM32CubeIDE\workspace_1.13.0\ARM\MXTmpFiles\license.tmp
2023-08-26 16:10:00,096 [INFO] CodeEngine:255 - oldGeneratedFile, C:\Users\e0162112\STM32CubeIDE\workspace_1.13.0\ARM\Core\Src\gpio.c_save
2023-08-26 16:10:00,169 [INFO] CodeEngine:279 - Generated code: C:\Users\e0162112\STM32CubeIDE\workspace_1.13.0\ARM\Core\Src\gpio.c
2023-08-26 16:10:00,184 [INFO] CodeEngine:255 - oldGeneratedFile, C:\Users\e0162112\STM32CubeIDE\workspace_1.13.0\ARM\Core\Inc\gpio.h_save
2023-08-26 16:10:00,256 [INFO] CodeEngine:279 - Generated code: C:\Users\e0162112\STM32CubeIDE\workspace_1.13.0\ARM\Core\Inc\gpio.h
2023-08-26 16:10:00,326 [INFO] CodeEngine:255 - oldGeneratedFile, C:\Users\e0162112\STM32CubeIDE\workspace_1.13.0\ARM\Core\Src\tim.c_save
2023-08-26 16:10:00,446 [INFO] CodeEngine:279 - Generated code: C:\Users\e0162112\STM32CubeIDE\workspace_1.13.0\ARM\Core\Src\tim.c
2023-08-26 16:10:00,468 [INFO] CodeEngine:255 - oldGeneratedFile, C:\Users\e0162112\STM32CubeIDE\workspace_1.13.0\ARM\Core\Inc\tim.h_save
2023-08-26 16:10:00,558 [INFO] CodeEngine:279 - Generated code: C:\Users\e0162112\STM32CubeIDE\workspace_1.13.0\ARM\Core\Inc\tim.h
2023-08-26 16:10:00,592 [INFO] CodeEngine:255 - oldGeneratedFile, C:\Users\e0162112\STM32CubeIDE\workspace_1.13.0\ARM\Core\Src\stm32f1xx_it.c_save
2023-08-26 16:10:00,703 [INFO] CodeEngine:279 - Generated code: C:\Users\e0162112\STM32CubeIDE\workspace_1.13.0\ARM\Core\Src\stm32f1xx_it.c
2023-08-26 16:10:00,728 [INFO] CodeEngine:255 - oldGeneratedFile, C:\Users\e0162112\STM32CubeIDE\workspace_1.13.0\ARM\Core\Inc\stm32f1xx_it.h_save
2023-08-26 16:10:00,817 [INFO] CodeEngine:279 - Generated code: C:\Users\e0162112\STM32CubeIDE\workspace_1.13.0\ARM\Core\Inc\stm32f1xx_it.h
2023-08-26 16:10:00,845 [INFO] CodeEngine:255 - oldGeneratedFile, C:\Users\e0162112\STM32CubeIDE\workspace_1.13.0\ARM\Core\Src\stm32f1xx_hal_msp.c_save
2023-08-26 16:10:01,008 [INFO] CodeEngine:279 - Generated code: C:\Users\e0162112\STM32CubeIDE\workspace_1.13.0\ARM\Core\Src\stm32f1xx_hal_msp.c
2023-08-26 16:10:01,020 [INFO] CodeEngine:255 - oldGeneratedFile, C:\Users\e0162112\STM32CubeIDE\workspace_1.13.0\ARM\MXTmpFiles\system.tmp_save
2023-08-26 16:10:01,081 [INFO] CodeEngine:279 - Generated code: C:\Users\e0162112\STM32CubeIDE\workspace_1.13.0\ARM\MXTmpFiles\system.tmp
2023-08-26 16:10:01,106 [INFO] CodeEngine:311 - oldGeneratedFile, C:\Users\e0162112\STM32CubeIDE\workspace_1.13.0\ARM\Core\Inc\stm32f1xx_hal_conf.h_save
2023-08-26 16:10:01,166 [INFO] CodeEngine:335 - Generated code: C:\Users\e0162112\STM32CubeIDE\workspace_1.13.0\ARM\Core\Inc\stm32f1xx_hal_conf.h
2023-08-26 16:10:01,199 [INFO] CodeEngine:255 - oldGeneratedFile, C:\Users\e0162112\STM32CubeIDE\workspace_1.13.0\ARM\Core\Inc\main.h_save
2023-08-26 16:10:01,255 [INFO] CodeEngine:279 - Generated code: C:\Users\e0162112\STM32CubeIDE\workspace_1.13.0\ARM\Core\Inc\main.h
2023-08-26 16:10:01,266 [INFO] CodeEngine:255 - oldGeneratedFile, C:\Users\e0162112\STM32CubeIDE\workspace_1.13.0\ARM\Core\Src\main.c_save
2023-08-26 16:10:01,344 [INFO] CodeEngine:279 - Generated code: C:\Users\e0162112\STM32CubeIDE\workspace_1.13.0\ARM\Core\Src\main.c
2023-08-26 16:10:01,847 [INFO] ProjectBuilder:3064 - Time for Copy HAL[1] : 214mS.
2023-08-26 16:10:01,850 [INFO] ProjectBuilder:4404 - Project Generator version: 4.1.0
2023-08-26 16:10:01,967 [INFO] ConfigFileManager:1457 - The Die is : DIE410
2023-08-26 16:10:03,637 [INFO] ProjectBuilder:4626 - Time for Generating toolchain IDE Files: 1786mS.
2023-08-26 16:10:03,638 [INFO] ProjectBuilder:2935 - Time for Copy CMSIS : 1mS.
2023-08-26 16:10:03,642 [INFO] ProjectBuilder:2935 - Time for Copy CMSIS : 0mS.
2023-08-26 16:11:40,924 [INFO] Gpio:273 - dependency for GPIO [RCC, SYS]
2023-08-26 16:11:53,684 [INFO] UtilMem:75 - End SaveConfig() Used Memory: 631208456 Bytes (904921088)
2023-08-26 16:11:56,950 [INFO] UtilMem:75 - End SaveConfig() Used Memory: 680198304 Bytes (904921088)
2023-08-26 16:11:57,480 [INFO] UtilMem:75 - End SaveConfig() Used Memory: 719053872 Bytes (904921088)
2023-08-26 16:11:57,668 [INFO] BlockDiagram:2759 - set Specific Code input for plugin: NVIC
2023-08-26 16:11:57,668 [INFO] BlockDiagram:2759 - set Specific Code input for plugin: TIM1_8F1
2023-08-26 16:11:57,668 [INFO] BlockDiagram:2759 - set Specific Code input for plugin: SYS
2023-08-26 16:11:57,668 [INFO] BlockDiagram:2759 - set Specific Code input for plugin: GPIO
2023-08-26 16:11:57,668 [INFO] BlockDiagram:2759 - set Specific Code input for plugin: RCC
2023-08-26 16:11:57,671 [INFO] CodeGenerator:799 - code generatio: config db path: C:\ST\STM32CubeIDE_1.13.0\STM32CubeIDE\plugins\com.st.stm32cube.common.mx_6.9.0.202307051724\\db\
2023-08-26 16:11:57,804 [INFO] CodeEngine:255 - oldGeneratedFile, C:\Users\e0162112\STM32CubeIDE\workspace_1.13.0\ARM\MXTmpFiles\license.tmp_save
2023-08-26 16:11:57,863 [INFO] CodeEngine:279 - Generated code: C:\Users\e0162112\STM32CubeIDE\workspace_1.13.0\ARM\MXTmpFiles\license.tmp
2023-08-26 16:11:57,893 [INFO] CodeEngine:255 - oldGeneratedFile, C:\Users\e0162112\STM32CubeIDE\workspace_1.13.0\ARM\Core\Src\gpio.c_save
2023-08-26 16:11:57,959 [INFO] CodeEngine:279 - Generated code: C:\Users\e0162112\STM32CubeIDE\workspace_1.13.0\ARM\Core\Src\gpio.c
2023-08-26 16:11:57,972 [INFO] CodeEngine:255 - oldGeneratedFile, C:\Users\e0162112\STM32CubeIDE\workspace_1.13.0\ARM\Core\Inc\gpio.h_save
2023-08-26 16:11:58,037 [INFO] CodeEngine:279 - Generated code: C:\Users\e0162112\STM32CubeIDE\workspace_1.13.0\ARM\Core\Inc\gpio.h
2023-08-26 16:11:58,105 [INFO] CodeEngine:255 - oldGeneratedFile, C:\Users\e0162112\STM32CubeIDE\workspace_1.13.0\ARM\Core\Src\tim.c_save
2023-08-26 16:11:58,215 [INFO] CodeEngine:279 - Generated code: C:\Users\e0162112\STM32CubeIDE\workspace_1.13.0\ARM\Core\Src\tim.c
2023-08-26 16:11:58,234 [INFO] CodeEngine:255 - oldGeneratedFile, C:\Users\e0162112\STM32CubeIDE\workspace_1.13.0\ARM\Core\Inc\tim.h_save
2023-08-26 16:11:58,348 [INFO] CodeEngine:279 - Generated code: C:\Users\e0162112\STM32CubeIDE\workspace_1.13.0\ARM\Core\Inc\tim.h
2023-08-26 16:11:58,402 [INFO] CodeEngine:255 - oldGeneratedFile, C:\Users\e0162112\STM32CubeIDE\workspace_1.13.0\ARM\Core\Src\stm32f1xx_it.c_save
2023-08-26 16:11:58,500 [INFO] CodeEngine:279 - Generated code: C:\Users\e0162112\STM32CubeIDE\workspace_1.13.0\ARM\Core\Src\stm32f1xx_it.c
2023-08-26 16:11:58,515 [INFO] CodeEngine:255 - oldGeneratedFile, C:\Users\e0162112\STM32CubeIDE\workspace_1.13.0\ARM\Core\Inc\stm32f1xx_it.h_save
2023-08-26 16:11:58,575 [INFO] CodeEngine:279 - Generated code: C:\Users\e0162112\STM32CubeIDE\workspace_1.13.0\ARM\Core\Inc\stm32f1xx_it.h
2023-08-26 16:11:58,609 [INFO] CodeEngine:255 - oldGeneratedFile, C:\Users\e0162112\STM32CubeIDE\workspace_1.13.0\ARM\Core\Src\stm32f1xx_hal_msp.c_save
2023-08-26 16:11:58,693 [INFO] CodeEngine:279 - Generated code: C:\Users\e0162112\STM32CubeIDE\workspace_1.13.0\ARM\Core\Src\stm32f1xx_hal_msp.c
2023-08-26 16:11:58,702 [INFO] CodeEngine:255 - oldGeneratedFile, C:\Users\e0162112\STM32CubeIDE\workspace_1.13.0\ARM\MXTmpFiles\system.tmp_save
2023-08-26 16:11:58,757 [INFO] CodeEngine:279 - Generated code: C:\Users\e0162112\STM32CubeIDE\workspace_1.13.0\ARM\MXTmpFiles\system.tmp
2023-08-26 16:11:58,784 [INFO] CodeEngine:311 - oldGeneratedFile, C:\Users\e0162112\STM32CubeIDE\workspace_1.13.0\ARM\Core\Inc\stm32f1xx_hal_conf.h_save
2023-08-26 16:11:58,843 [INFO] CodeEngine:335 - Generated code: C:\Users\e0162112\STM32CubeIDE\workspace_1.13.0\ARM\Core\Inc\stm32f1xx_hal_conf.h
2023-08-26 16:11:58,871 [INFO] CodeEngine:255 - oldGeneratedFile, C:\Users\e0162112\STM32CubeIDE\workspace_1.13.0\ARM\Core\Inc\main.h_save
2023-08-26 16:11:58,927 [INFO] CodeEngine:279 - Generated code: C:\Users\e0162112\STM32CubeIDE\workspace_1.13.0\ARM\Core\Inc\main.h
2023-08-26 16:11:58,937 [INFO] CodeEngine:255 - oldGeneratedFile, C:\Users\e0162112\STM32CubeIDE\workspace_1.13.0\ARM\Core\Src\main.c_save
2023-08-26 16:11:59,013 [INFO] CodeEngine:279 - Generated code: C:\Users\e0162112\STM32CubeIDE\workspace_1.13.0\ARM\Core\Src\main.c
2023-08-26 16:11:59,443 [INFO] ProjectBuilder:3064 - Time for Copy HAL[1] : 221mS.
2023-08-26 16:11:59,447 [INFO] ProjectBuilder:4404 - Project Generator version: 4.1.0
2023-08-26 16:11:59,714 [INFO] ConfigFileManager:1457 - The Die is : DIE410
2023-08-26 16:12:01,327 [INFO] ProjectBuilder:4626 - Time for Generating toolchain IDE Files: 1880mS.
2023-08-26 16:12:01,329 [INFO] ProjectBuilder:2935 - Time for Copy CMSIS : 1mS.
2023-08-26 16:12:01,332 [INFO] ProjectBuilder:2935 - Time for Copy CMSIS : 0mS.
2023-08-26 16:14:31,471 [INFO] NvicIntPanel:101 - NVIC parent = com.st.microxplorer.plugins.ip.nvic.MultiNvicIntPanel[,0,0,0x0,invalid,layout=javax.swing.BoxLayout,alignmentX=0.0,alignmentY=0.0,border=,flags=9,maximumSize=,minimumSize=,preferredSize=]
2023-08-26 16:14:47,586 [INFO] Gpio:273 - dependency for GPIO [RCC, SYS]
2023-08-26 16:15:13,174 [INFO] NvicIntPanel:101 - NVIC parent = com.st.microxplorer.plugins.ip.nvic.MultiNvicIntPanel[,0,0,473x266,layout=javax.swing.BoxLayout,alignmentX=0.0,alignmentY=0.0,border=,flags=9,maximumSize=,minimumSize=,preferredSize=]
2023-08-26 19:20:33,722 [INFO] NvicIntPanel:101 - NVIC parent = com.st.microxplorer.plugins.ip.nvic.MultiNvicIntPanel[,0,0,473x285,layout=javax.swing.BoxLayout,alignmentX=0.0,alignmentY=0.0,border=,flags=9,maximumSize=,minimumSize=,preferredSize=]
2023-08-26 19:20:37,369 [INFO] NvicIntPanel:101 - NVIC parent = com.st.microxplorer.plugins.ip.nvic.MultiNvicIntPanel[,0,0,0x0,invalid,layout=javax.swing.BoxLayout,alignmentX=0.0,alignmentY=0.0,border=,flags=9,maximumSize=,minimumSize=,preferredSize=]
2023-08-26 19:21:14,001 [INFO] NvicIntPanel:101 - NVIC parent = com.st.microxplorer.plugins.ip.nvic.MultiNvicIntPanel[,0,0,473x285,layout=javax.swing.BoxLayout,alignmentX=0.0,alignmentY=0.0,border=,flags=9,maximumSize=,minimumSize=,preferredSize=]
